01885404983
0914619
1367485513
244753440
315Team
5long
903853013
96boards-tb-96aiot
aalin
aaraney
ab
abartholet
Abdul2401
aboSamoor
acdha
adamv
AGhost-7
aguestfrog
ajb042487
ajbonner
ajmarin8168
ajpz
ak5k
aleks-sidorenko
alexey-chernikov
alexforsale
alexpaulzor
altokarev
amahmod
amaslov86
ambitus
ambv
amiel
amoblin
andersjanmyr
andrewemcdonald
andyh
anguslees
anoopkcn
antlechrist
antmar
anushka020697
aostruszka
apechimp
apinstein
apod
archlinuxarm
ArchOSX
arcus-smart-home
arekinath
ArinUCLL
Arisena
arjuncr
ArloL
ArneJansen2805
ArneVandeBemdt
arno
Arshiamidos
artnez
aruntr8
Aryailia
Asd11178
astier
astlinux-project
astrails
atgreen
athas
attuska
atuld8
audy
austinthresher
azeey
aziz
AzusaOS
backalor
bader
bakie
bart9h
bboozzoo
bbusemeyer
bbyars
bcat
bcmyers
beathyate
BelgianNoise
beltzma
bender647
benf
benjamin
benknoble
bganne
bhipple
Biggybi
Bilkash
binaryphile
Bizarro181
bjeanes
blackwinter
blankoworld
blt04
bmdavll
bodkan
booch
bookest
boshkin
bovt
bowtoes
BrettRasmussen
brev
brianjlandau
brisk022
broesler
brothers
brunogirome
brutalgg
brynary
bsandrow
bsl
btatnall
buildroot
c-sky
c00kiemon5ter
cactus
cahirwpz
cardmagic
caridy
caristat
carlobar
carlosantoniodasilva
caustic-tux
chakra-project
charlesvardeman
charnley
chenne69163
chibucks
ChoHyoungSeo
chojuku
chris-kuhr
chrismaul
christian-oudard
cm16161
codesnik
coffeejunk
cola-zero
colbell
cometsong
commaniakorea
comotion
companygardener
con-f-use
conorwsullivan
conradoboeira
correa
CraigCottingham
cristim
cryptotronix
crystalfontz
cskeeters
CTSC
CuriousSingularity
cvpcs
CyanogenMod
cypher
daetery
dahanbn
danielimperial
DanteCornet
darbyfrey
darkiop
dav-iot
davekeogh
daveyeu
davidbalbert
daviur
dbanshee
dbcaturra
dboucken
dbradf
dcraven
dcwalker
decklin
demsey
derfenix
devopsacademy
devosnw
dgriffi3
digitalpeer
djorborn
dkgnim
dockhippie
dolph
dominickng
Domon
doomicon
doon
doot
doozan
doy
drewm1980
drewolson
drmohundro
dscho
dteoh
duvallee
dysbulic
easwy
ebeigarts
eddie
eko2291
elig0n
elminster7
emgag
emmett1
enaeseth
endu
eremite
espencer
eugene-eeo
evanthegrayt
evaryont
eviljoe
eXP10iT6
Falkor
fanch
fanitriastowo
faun
fedesilva
felixonmars
fest3er
findango
Firehed
fjallarefur
Fles
Flo2908
flooose
fnl
foobacca
foutrelis
frandibar
fredjo
freeasabeer
freshtonic
frugalware
fudanchii
fuermobai
fukusaka
Funkmyster
funtoo
furkantokac
fxposter
gabebw
gabrielpedepera
gaikodachi
galexy
GArik
gcw0
geantbrun
geemus
geetarista
genuine-linux
gino-git
gitetsu
GlebShalabotov-r0624867
glevand
godane
googlebleh
goubew
grange
grawity
greenymcgee
grippen
gtorrico
gvaughn
gwarf
hackndev
HaleTom
hallison
Halosbsp
hamaco
harishknockknock
has207
hdeshev
henning-schild-work
henrik
heptadecagram
hermannloose
hernamesbarbara
hjking
hoaibang07
hodgesds
home-assistant
horia-delicoti
hseag
HTCicek
hthiery
hugohenrique
HugoNikanor
iangreenleaf
ibvk
ihebchagra
IIJ-NetBSD
imaiproxy
inna1995k
ipazarbasi
ir413
ironstar-io
issuu
Itamiko
itspriddle
iuriizhesson
ivankra
j4y
jacobrask
jakalope
jakewendt
jaquim
jarrodldavis
jasoncodes
jasonRzp
javins
jaymcgavren
jbertran
jc
jcherven
jdavidagudelo
jdegges
jdehnert
jdek
jdkoftinoff
jeforster
JEG2
jellycn
jensp
jez
jferris
jfgomez86
jg43b
jgdavey
JiDai
jiejieTop
jimorie
jimpick
jkocherhans
jkoelndorfer
jldbasa
jlogsdon
JNRowe-retired
jocodx
jodell
joelagnel
john-aj
johndpope
Joker-code
joshuaclayton
joshuamorse
josue0175
jpalardy
jpostel
jqmp
jrabbit
jredville
jrottenberg
jrouly
jschaf
jsimpson
jszakmeister
juhagman
Julia-Melgare
justinwang98
jvinding
jvortmann
jwhitmire
kaiec
kakunbsc
kalaiselvim
kalgynirae
kangkai1902
kansetsu7
karkuku27
karlbates
kascote
kasperRutten
kef
keith-rollin
KennethWhite
kergoth
Kernel-Team
kevinji
kevinkjt2000
Kevlar
killer-killua
kinmax
kitofr
klange
klausf
knopki
ko-han
kpumuk
kraj
KristinaTarasM
kristoferjoseph
ksalman
ksc-devmgr
ktz
KubaO
KumaresanPftec
kuttor
KyleAMathews
kylexlau
kyu-suke
latentflip
lboulard
leblancfg
Lee0394
lethalbit
levelUP215
lfdebrux
lgastako
lguard
lholden
li1258413153
LightningCreations
likhatov
LineageOS
linzilv
liuer21
ljcooke
LLop12365
lmeijvogel
lockheedmartian
lparry
lsdr
lsoksane
lucashungaro
luciang
Lucky-Choice
ludwig
lukaszkorecki
lukerandall
luolingyun666
macro
madelfio
majiang31312
majnemer
majutsushi
Maldus512
manu-
marceloalcocer
marcuswyatt
Martix
marvinpinto
MassimoLauria
matchey
MatejNikl
mathworks
mattczech
matthew-brett
matthewfallshaw
mattmc3
matttproud
maxkoshel
mbarnett
McLavish
mdwrigh2
meichangliang
Mektub
menguk
MesihK
mgzme
michaelbarton
michaeljones
MikereDD
mikl
mileszs
milseman
mina86
misabiko
mitchellh
MiyooCFW
mkhl
mkyt
mlanting
mm-kk-aa
mm53bar
mmanley
mmngreco
mogelbrod
mojavelinux
mrbig033
mrrooijen
mschout
mssx86
msysgit
mtmiller
mturquette
mvj3
myabc
nachof
nbigaouette
nbrendler
ne0z
nesono
netallyopensource
NetBSD
netsamir
neutrino-hd
nex3
ngs
NickBeauson-r0255890
nieber
NielsDelanghe
nikita-r
Nitori-
NixOS
noreflection
now
nowells
nrocy
nursetiti
nzjrs
obaltzer
olealgoritme
olifante
ooxi
opahi133
openbsd
OpenELEC
OpenFIXenigma2
openSUSE
orestis
ornicar
osantana
oscenter
otaviof
otto-dev
owncloud-docker
oxapentane
oylz
paasim
pablete
padwasabimasala
paldier
pascalt
patrickdeyoreo
paulrosania
pbogut
pcewing
pcmantz
pd
pdixon
peaslaker
pedwo
peterbraden
philadams
philb
philn
Philosoft
pierreglaser
Pieter-JanVanDerSchueren-r0465971
pigfoot
pigmonkey
pioto
pix
pkqk
pkufranky
plskeggs
pmaciocia
ppeszko
prey
primemars
primusr
programmablereya
protonesso
prusa3d
punytan
PureArtistry
pureza
pyamsoft
qtoggle
qubidt
qzhang1535
r0661011
rachelober
radoslawc
raifer
railsbob
rakihm
ram5542
raphaelUfscar
Raphx
ravsimar-sodhi
rbonvall
REBELinBLUE
Reisvmr
releax-pkgs
remiprev
richsurgenor
RMerl
rmr
roadhouse
robe-zhang
robinedwards
RobinFierensUcll
roblillack
rochefort
rogerwelin
RomainGailleton
roman
ronakg
ronixos
rony-yeung
russell
ryancox
ryankanno
s4y
sajcho
Sam-Bahadur
SametHalili
samuel-walsh-red
samuelfite
samuelpordeus
sandello
SanderVanderlinden
sartak
savoirfairelinux
schakalsynthetc
schenkmi
scivi
scottellis
scttl
sealag
sebnow
sempuki
sergiodj
sferik
ShaigroRB
shantigilbert
shapeshed
sharplet
shatter
shenie
shinn3946
shinzui
shmuga
shspring
shvenkat
ShyanJMC
sibel
sifbuilder
silexinsight
silicom-ltd
simos
sinojelly
sirech
sitiariyani
Sixtease
sjbach
skingrapher
SliTaz-official
smee
soon0009
sorin-ionescu
spacekookie
spacemonkeydelivers
spindi
SqTER-PL
sriprasanna
srobo-legacy
srobo
Stark-Wan
statius
stefmichiels
stesh
stevenringo
stschake
stve
SultanSGillani
sumanmukherjee03
sumitdude11
sunteya
superjudge
suryaraghul1
swordhui
szastupov
t6d
tangledhelix
tarmiste
tarohi24
tartansandal
TauPan
taylanpince
taylormayfield
tdowg1
tdrl
techbelly
teedang19
temap
temoto
TERRIFYINGWAVES
tessercat
tevaughan
Texou
thdwlsgus0
TheBeehive
theevocater
Thinstation
ThomasAdam
throughnothing
thsutton
TiboDeClercq
timbertson
TiynGER
tjwallace
tmck-code
tobytripp
toddyamakawa
tom10110887
tomohiro
TomRegan
tonneal
toy
trapd00r
trevorhorst
trevorlangston
trey
trini
tristandunn
tristanharris
troth
tsukkee
TummanapallyAnuraag
tupton
tux03
tvirolai
uhulinux
ujihisa
ulidtko
univention
urbanautomaton
uZer
v3l0c1r4pt0r
vemek
vigsterkr
vijaydev
vivien
vlapan
volodymyrhuti
voyeg3r
vpetkov
vukk
vyorkin
WAGO
walf443
walimis
walm
wangyongcan
Wangzongcan
watchful-cluckets
webiapoky
wierton
willhui
willian
willnorris
wjxrc
woodsts
wsdias
x351167317
XANi
xdavidliu
xdg-gang
xlloss
xsymxydy
xuannuan
xulong-2002
yasuomi106
yaychris
ycd666
yossioo
yoyodynelabs
ysegorov
yyqng
zackdever
Zaryob
zhang0314
zhangchaomeng
zorp
zorro
zorrobyte
ZwodahS
