/Users/john/Desktop/i/files/00changelog.1.i
/Users/john/Desktop/i/files/00changelog.10.i
/Users/john/Desktop/i/files/00changelog.12.i
/Users/john/Desktop/i/files/00changelog.14.i
/Users/john/Desktop/i/files/00changelog.17.i
/Users/john/Desktop/i/files/00changelog.19.i
/Users/john/Desktop/i/files/00changelog.21.i
/Users/john/Desktop/i/files/00changelog.24.i
/Users/john/Desktop/i/files/00changelog.26.i
/Users/john/Desktop/i/files/00changelog.4.i
/Users/john/Desktop/i/files/00changelog.6.i
/Users/john/Desktop/i/files/00changelog.8.i
/Users/john/Desktop/i/files/00changelog.i
/Users/john/Desktop/i/files/00manifest.1.i
/Users/john/Desktop/i/files/00manifest.10.i
/Users/john/Desktop/i/files/00manifest.11.i
/Users/john/Desktop/i/files/00manifest.2.i
/Users/john/Desktop/i/files/00manifest.3.i
/Users/john/Desktop/i/files/00manifest.4.i
/Users/john/Desktop/i/files/00manifest.5.i
/Users/john/Desktop/i/files/00manifest.6.i
/Users/john/Desktop/i/files/00manifest.7.i
/Users/john/Desktop/i/files/00manifest.8.i
/Users/john/Desktop/i/files/00manifest.9.i
/Users/john/Desktop/i/files/00manifest.i
/Users/john/Desktop/i/files/01__basicrewrite.c.i
/Users/john/Desktop/i/files/11393556.index.i
/Users/john/Desktop/i/files/1231501565.index.i
/Users/john/Desktop/i/files/1274176269.index.i
/Users/john/Desktop/i/files/130571837.index.i
/Users/john/Desktop/i/files/1321445256.index.i
/Users/john/Desktop/i/files/1533489870.index.i
/Users/john/Desktop/i/files/1620863459.index.i
/Users/john/Desktop/i/files/1983653782.index.i
/Users/john/Desktop/i/files/20100710221036__devise__create__users.rb.i
/Users/john/Desktop/i/files/20100710221135__add__sessions__table.rb.i
/Users/john/Desktop/i/files/20100710221329__create__roles.rb.i
/Users/john/Desktop/i/files/20100710221449__default__roles.rb.i
/Users/john/Desktop/i/files/20100710222714__add__username__to__users.rb.i
/Users/john/Desktop/i/files/20100710222925__add__role__id__to__users.rb.i
/Users/john/Desktop/i/files/20100711081458__create__characters.rb.i
/Users/john/Desktop/i/files/20100711083642__create__career__paths.rb.i
/Users/john/Desktop/i/files/20100711111110__default__career__paths.rb.i
/Users/john/Desktop/i/files/20100711112257__add__stats__to__characters.rb.i
/Users/john/Desktop/i/files/20100712063530__create__origin__paths.rb.i
/Users/john/Desktop/i/files/20100712063603__create__origin__path__stages.rb.i
/Users/john/Desktop/i/files/20100712063950__default__origin__path__stages.rb.i
/Users/john/Desktop/i/files/20100712064459__default__origin__paths.rb.i
/Users/john/Desktop/i/files/20100713215954__create__origin__relations.rb.i
/Users/john/Desktop/i/files/20100717075703__create__home__worlds.rb.i
/Users/john/Desktop/i/files/20100717075842__create__lure__of__the__voids.rb.i
/Users/john/Desktop/i/files/20100717075924__create__birthrights.rb.i
/Users/john/Desktop/i/files/20100717080027__create__trials__and__travails.rb.i
/Users/john/Desktop/i/files/20100717080112__create__motivations.rb.i
/Users/john/Desktop/i/files/20100717080151__create__careers.rb.i
/Users/john/Desktop/i/files/20100717080930__add__home__world__to__characters.rb.i
/Users/john/Desktop/i/files/20100717081025__add__birthright__to__characters.rb.i
/Users/john/Desktop/i/files/20100717081055__add__lure__of__the__void__to__characters.rb.i
/Users/john/Desktop/i/files/20100717081124__add__motivation__to__characters.rb.i
/Users/john/Desktop/i/files/20100717081159__add__trials__and__travails__to__characters.rb.i
/Users/john/Desktop/i/files/20100717081246__add__career__to__characters.rb.i
/Users/john/Desktop/i/files/20100719064626__default__home__worlds.rb.i
/Users/john/Desktop/i/files/20100719065245__default__birthrights.rb.i
/Users/john/Desktop/i/files/20100719065532__default__lure__of__the__voids.rb.i
/Users/john/Desktop/i/files/20100720064900__default__trials__and__travails.rb.i
/Users/john/Desktop/i/files/20100720065445__default__motivations.rb.i
/Users/john/Desktop/i/files/20100720065756__default__careers.rb.i
/Users/john/Desktop/i/files/20100724084716__add__gender__to__characters.rb.i
/Users/john/Desktop/i/files/2433523700.index.i
/Users/john/Desktop/i/files/2853804615.index.i
/Users/john/Desktop/i/files/3334209484.index.i
/Users/john/Desktop/i/files/404.html.i
/Users/john/Desktop/i/files/422.html.i
/Users/john/Desktop/i/files/500.html.i
/Users/john/Desktop/i/files/626545979.index.i
/Users/john/Desktop/i/files/756362349.index.i
/Users/john/Desktop/i/files/888118919.index.i
/Users/john/Desktop/i/files/____init____.py.1.i
/Users/john/Desktop/i/files/____init____.py.2.i
/Users/john/Desktop/i/files/____init____.py.3.i
/Users/john/Desktop/i/files/____init____.py.7.i
/Users/john/Desktop/i/files/____init____.py.8.i
/Users/john/Desktop/i/files/____init____.py.i
/Users/john/Desktop/i/files/__attributes__step.erb.i
/Users/john/Desktop/i/files/__form\ (copy).html.erb.i
/Users/john/Desktop/i/files/__form.html.erb.1.i
/Users/john/Desktop/i/files/__form.html.erb.10.i
/Users/john/Desktop/i/files/__form.html.erb.2.i
/Users/john/Desktop/i/files/__form.html.erb.3.i
/Users/john/Desktop/i/files/__form.html.erb.4.i
/Users/john/Desktop/i/files/__form.html.erb.5.i
/Users/john/Desktop/i/files/__form.html.erb.6.i
/Users/john/Desktop/i/files/__form.html.erb.7.i
/Users/john/Desktop/i/files/__form.html.erb.8.i
/Users/john/Desktop/i/files/__form.html.erb.9.i
/Users/john/Desktop/i/files/__form.html.erb.i
/Users/john/Desktop/i/files/__links.erb.i
/Users/john/Desktop/i/files/__origins__step.erb.i
/Users/john/Desktop/i/files/_a_law_chat_codec.cs.i
/Users/john/Desktop/i/files/_a_s_t_management.cpp.1.i
/Users/john/Desktop/i/files/_a_s_t_management.cpp.i
/Users/john/Desktop/i/files/_acm_chat_codec.cs.i
/Users/john/Desktop/i/files/_acm_driver_details_form._designer.cs.i
/Users/john/Desktop/i/files/_acm_driver_details_form.cs.i
/Users/john/Desktop/i/files/_acm_driver_details_form.resx.i
/Users/john/Desktop/i/files/_acm_driver_tests.cs.1.i
/Users/john/Desktop/i/files/_acm_driver_tests.cs.i
/Users/john/Desktop/i/files/_acm_form._designer.cs.i
/Users/john/Desktop/i/files/_acm_form.cs.i
/Users/john/Desktop/i/files/_acm_form.resx.i
/Users/john/Desktop/i/files/_acm_format_details.cs.i
/Users/john/Desktop/i/files/_acm_format_enum_flags.cs.i
/Users/john/Desktop/i/files/_acm_format_suggest_flags.cs.i
/Users/john/Desktop/i/files/_acm_format_tag.cs.i
/Users/john/Desktop/i/files/_acm_format_tag_details.cs.i
/Users/john/Desktop/i/files/_acm_interop.cs.i
/Users/john/Desktop/i/files/_acm_panel._designer.cs.1.i
/Users/john/Desktop/i/files/_acm_panel._designer.cs.i
/Users/john/Desktop/i/files/_acm_panel.cs.1.i
/Users/john/Desktop/i/files/_acm_panel.cs.i
/Users/john/Desktop/i/files/_acm_panel.resx.1.i
/Users/john/Desktop/i/files/_acm_panel.resx.i
/Users/john/Desktop/i/files/_acm_stream_convert_flags.cs.i
/Users/john/Desktop/i/files/_acm_stream_header.cs.i
/Users/john/Desktop/i/files/_acm_stream_header_status_flags.cs.i
/Users/john/Desktop/i/files/_acm_stream_header_struct.cs.i
/Users/john/Desktop/i/files/_acm_stream_open_flags.cs.i
/Users/john/Desktop/i/files/_acm_stream_size_flags.cs.i
/Users/john/Desktop/i/files/_add_d_v_d_view$1.class.1.i
/Users/john/Desktop/i/files/_add_d_v_d_view$1.class.i
/Users/john/Desktop/i/files/_add_d_v_d_view$1.class.zip.1.i
/Users/john/Desktop/i/files/_add_d_v_d_view$1.class.zip.i
/Users/john/Desktop/i/files/_add_d_v_d_view$2.class.1.i
/Users/john/Desktop/i/files/_add_d_v_d_view$2.class.i
/Users/john/Desktop/i/files/_add_d_v_d_view.class.1.i
/Users/john/Desktop/i/files/_add_d_v_d_view.class.i
/Users/john/Desktop/i/files/_add_d_v_d_view.java.1.i
/Users/john/Desktop/i/files/_add_d_v_d_view.java.i
/Users/john/Desktop/i/files/_add_d_v_d_view.java~7e.1.i
/Users/john/Desktop/i/files/_add_d_v_d_view.java~7e.i
/Users/john/Desktop/i/files/_add_rent_view$1.class.i
/Users/john/Desktop/i/files/_add_rent_view$2.class.i
/Users/john/Desktop/i/files/_add_rent_view.class.i
/Users/john/Desktop/i/files/_add_rent_view.java.i
/Users/john/Desktop/i/files/_address.java.1.i
/Users/john/Desktop/i/files/_address.java.i
/Users/john/Desktop/i/files/_adpcm_wave_format.cs.i
/Users/john/Desktop/i/files/_adpcm_wave_format_tests.cs.i
/Users/john/Desktop/i/files/_adsr_sample_provider.cs.i
/Users/john/Desktop/i/files/_aiff_file_reader.cs.i
/Users/john/Desktop/i/files/_aiff_file_writer.cs.i
/Users/john/Desktop/i/files/_aiff_input_file_plugin.cs.i
/Users/john/Desktop/i/files/_aiff_reader_tests.cs.i
/Users/john/Desktop/i/files/_aliasing_manager.cpp.1.i
/Users/john/Desktop/i/files/_aliasing_manager.cpp.i
/Users/john/Desktop/i/files/_all_tests.html.1.i
/Users/john/Desktop/i/files/_all_tests.html.i
/Users/john/Desktop/i/files/_all_tests.java.1.i
/Users/john/Desktop/i/files/_all_tests.java.i
/Users/john/Desktop/i/files/_app.xaml.1.i
/Users/john/Desktop/i/files/_app.xaml.cs.1.i
/Users/john/Desktop/i/files/_app.xaml.cs.i
/Users/john/Desktop/i/files/_app.xaml.i
/Users/john/Desktop/i/files/_asiakas.class.i
/Users/john/Desktop/i/files/_asiakas.java.i
/Users/john/Desktop/i/files/_asio_audio_available_event_args.cs.i
/Users/john/Desktop/i/files/_asio_direct_panel._designer.cs.1.i
/Users/john/Desktop/i/files/_asio_direct_panel._designer.cs.i
/Users/john/Desktop/i/files/_asio_direct_panel.cs.1.i
/Users/john/Desktop/i/files/_asio_direct_panel.cs.i
/Users/john/Desktop/i/files/_asio_direct_panel.resx.1.i
/Users/john/Desktop/i/files/_asio_direct_panel.resx.i
/Users/john/Desktop/i/files/_asio_out.cs.i
/Users/john/Desktop/i/files/_asio_out_plugin.cs.i
/Users/john/Desktop/i/files/_asio_out_settings_panel._designer.cs.i
/Users/john/Desktop/i/files/_asio_out_settings_panel.cs.i
/Users/john/Desktop/i/files/_asio_out_settings_panel.resx.i
/Users/john/Desktop/i/files/_asio_recording_panel._designer.cs.i
/Users/john/Desktop/i/files/_asio_recording_panel.cs.i
/Users/john/Desktop/i/files/_asio_recording_panel.resx.i
/Users/john/Desktop/i/files/_assembly_info.cs.1.i
/Users/john/Desktop/i/files/_assembly_info.cs.2.i
/Users/john/Desktop/i/files/_assembly_info.cs.3.i
/Users/john/Desktop/i/files/_assembly_info.cs.i
/Users/john/Desktop/i/files/_audio_capture.cs.1.i
/Users/john/Desktop/i/files/_audio_capture.cs.i
/Users/john/Desktop/i/files/_audio_client_tests.cs.1.i
/Users/john/Desktop/i/files/_audio_client_tests.cs.i
/Users/john/Desktop/i/files/_audio_file_reader.cs.i
/Users/john/Desktop/i/files/_audio_graph.cs.1.i
/Users/john/Desktop/i/files/_audio_graph.cs.i
/Users/john/Desktop/i/files/_audio_playback.cs.1.i
/Users/john/Desktop/i/files/_audio_playback.cs.i
/Users/john/Desktop/i/files/_audio_playback_demo.cs.i
/Users/john/Desktop/i/files/_audio_playback_demo_plugin.cs.i
/Users/john/Desktop/i/files/_audio_playback_demo_view.xaml.1.i
/Users/john/Desktop/i/files/_audio_playback_demo_view.xaml.cs.1.i
/Users/john/Desktop/i/files/_audio_playback_demo_view.xaml.cs.i
/Users/john/Desktop/i/files/_audio_playback_demo_view.xaml.i
/Users/john/Desktop/i/files/_audio_playback_form._designer.cs.i
/Users/john/Desktop/i/files/_audio_playback_form.cs.i
/Users/john/Desktop/i/files/_audio_playback_form.resx.i
/Users/john/Desktop/i/files/_audio_playback_panel._designer.cs.1.i
/Users/john/Desktop/i/files/_audio_playback_panel._designer.cs.i
/Users/john/Desktop/i/files/_audio_playback_panel.cs.1.i
/Users/john/Desktop/i/files/_audio_playback_panel.cs.i
/Users/john/Desktop/i/files/_audio_playback_panel.resx.1.i
/Users/john/Desktop/i/files/_audio_playback_panel.resx.i
/Users/john/Desktop/i/files/_audio_playback_panel_plugin.cs.i
/Users/john/Desktop/i/files/_audio_playback_view_model.cs.i
/Users/john/Desktop/i/files/_back.png.i
/Users/john/Desktop/i/files/_block_align_reduction_stream.cs.i
/Users/john/Desktop/i/files/_block_aligned_wave_stream.cs.i
/Users/john/Desktop/i/files/_block_alignment_reduction_stream_tests.cs.i
/Users/john/Desktop/i/files/_brand.html.1.i
/Users/john/Desktop/i/files/_brand.html.i
/Users/john/Desktop/i/files/_brand.java.i
/Users/john/Desktop/i/files/_buffered_wave_provider.cs.i
/Users/john/Desktop/i/files/_buffered_wave_provider_tests.cs.i
/Users/john/Desktop/i/files/_byte_encoding_tests.cs.i
/Users/john/Desktop/i/files/_c_make_c_compiler.cmake.i
/Users/john/Desktop/i/files/_c_make_c_compiler_id.c.i
/Users/john/Desktop/i/files/_c_make_c_x_x_compiler.cmake.i
/Users/john/Desktop/i/files/_c_make_cache.txt.i
/Users/john/Desktop/i/files/_c_make_determine_compiler_a_b_i___c.bin.i
/Users/john/Desktop/i/files/_c_make_determine_compiler_a_b_i___c_x_x.bin.i
/Users/john/Desktop/i/files/_c_make_output.log.i
/Users/john/Desktop/i/files/_c_make_system.cmake.i
/Users/john/Desktop/i/files/_categorized_product._id.html.1.i
/Users/john/Desktop/i/files/_categorized_product._id.html.i
/Users/john/Desktop/i/files/_categorized_product.html.1.i
/Users/john/Desktop/i/files/_categorized_product.html.i
/Users/john/Desktop/i/files/_categorized_product.java.i
/Users/john/Desktop/i/files/_category.html.1.i
/Users/john/Desktop/i/files/_category.html.i
/Users/john/Desktop/i/files/_category.java.i
/Users/john/Desktop/i/files/_chunk_identifier_tests.cs.i
/Users/john/Desktop/i/files/_circular_buffer_tests.cs.i
/Users/john/Desktop/i/files/_composite_validator.html.1.i
/Users/john/Desktop/i/files/_composite_validator.html.i
/Users/john/Desktop/i/files/_composite_validator.java.1.i
/Users/john/Desktop/i/files/_composite_validator.java.i
/Users/john/Desktop/i/files/_const_ptr_search_c_f_g_visitor.cpp.i
/Users/john/Desktop/i/files/_contact_info.html.i
/Users/john/Desktop/i/files/_contact_info.java.1.i
/Users/john/Desktop/i/files/_contact_info.java.i
/Users/john/Desktop/i/files/_control_panel.xaml.cs.i
/Users/john/Desktop/i/files/_control_panel.xaml.i
/Users/john/Desktop/i/files/_control_panel_view_model.cs.i
/Users/john/Desktop/i/files/_country.html.i
/Users/john/Desktop/i/files/_country.java.1.i
/Users/john/Desktop/i/files/_country.java.i
/Users/john/Desktop/i/files/_cue_list.cs.i
/Users/john/Desktop/i/files/_cue_wave_file_reader.cs.i
/Users/john/Desktop/i/files/_cue_wave_file_writer.cs.i
/Users/john/Desktop/i/files/_currency.html.1.i
/Users/john/Desktop/i/files/_currency.html.i
/Users/john/Desktop/i/files/_currency.java.i
/Users/john/Desktop/i/files/_d_v_d.class.i
/Users/john/Desktop/i/files/_d_v_d.java.i
/Users/john/Desktop/i/files/_d_v_d_info_view$1.class.1.i
/Users/john/Desktop/i/files/_d_v_d_info_view$1.class.i
/Users/john/Desktop/i/files/_d_v_d_info_view.class.1.i
/Users/john/Desktop/i/files/_d_v_d_info_view.class.i
/Users/john/Desktop/i/files/_d_v_d_info_view.java.1.i
/Users/john/Desktop/i/files/_d_v_d_info_view.java.bak.i
/Users/john/Desktop/i/files/_d_v_d_info_view.java.i
/Users/john/Desktop/i/files/_d_v_d_info_view.java~7e.1.i
/Users/john/Desktop/i/files/_d_v_d_info_view.java~7e.i
/Users/john/Desktop/i/files/_delegate_command.cs.1.i
/Users/john/Desktop/i/files/_delegate_command.cs.i
/Users/john/Desktop/i/files/_dimension_type.html.i
/Users/john/Desktop/i/files/_dimension_type.java.i
/Users/john/Desktop/i/files/_dimensions.html.1.i
/Users/john/Desktop/i/files/_dimensions.html.i
/Users/john/Desktop/i/files/_dimensions.java.i
/Users/john/Desktop/i/files/_direct_sound_out.cs.i
/Users/john/Desktop/i/files/_direct_sound_out_plugin.cs.i
/Users/john/Desktop/i/files/_direct_sound_out_settings_panel._designer.cs.i
/Users/john/Desktop/i/files/_direct_sound_out_settings_panel.cs.i
/Users/john/Desktop/i/files/_direct_sound_tests.cs.i
/Users/john/Desktop/i/files/_dmo_mp3_frame_decompressor_tests.cs.i
/Users/john/Desktop/i/files/_dmo_tests.cs.1.i
/Users/john/Desktop/i/files/_dmo_tests.cs.i
/Users/john/Desktop/i/files/_drum_kit.cs.i
/Users/john/Desktop/i/files/_drum_machine_demo_plugin.cs.i
/Users/john/Desktop/i/files/_drum_machine_demo_view.xaml.cs.i
/Users/john/Desktop/i/files/_drum_machine_demo_view.xaml.i
/Users/john/Desktop/i/files/_drum_machine_demo_view_model.cs.i
/Users/john/Desktop/i/files/_drum_pattern.cs.i
/Users/john/Desktop/i/files/_drum_pattern_editor.xaml.cs.i
/Users/john/Desktop/i/files/_drum_pattern_editor.xaml.i
/Users/john/Desktop/i/files/_drum_pattern_sample_provider.cs.i
/Users/john/Desktop/i/files/_dummy_info.java.i
/Users/john/Desktop/i/files/_e_c_naming_strategy.html.1.i
/Users/john/Desktop/i/files/_e_c_naming_strategy.html.i
/Users/john/Desktop/i/files/_e_c_naming_strategy.java.i
/Users/john/Desktop/i/files/_email_address.html.i
/Users/john/Desktop/i/files/_email_address.java.1.i
/Users/john/Desktop/i/files/_email_address.java.i
/Users/john/Desktop/i/files/_enum_mft_demo.cs.i
/Users/john/Desktop/i/files/_enum_mft_view.xaml.cs.i
/Users/john/Desktop/i/files/_enum_mft_view.xaml.i
/Users/john/Desktop/i/files/_enum_mft_view_model.cs.i
/Users/john/Desktop/i/files/_equalization_demo_plugin.cs.i
/Users/john/Desktop/i/files/_equalization_demo_view.xaml.cs.i
/Users/john/Desktop/i/files/_equalization_demo_view.xaml.i
/Users/john/Desktop/i/files/_equalization_demo_view_model.cs.i
/Users/john/Desktop/i/files/_equalizer.cs.i
/Users/john/Desktop/i/files/_equalizer_band.cs.i
/Users/john/Desktop/i/files/_fade_in_out_panel._designer.cs.i
/Users/john/Desktop/i/files/_fade_in_out_panel.cs.i
/Users/john/Desktop/i/files/_fade_in_out_panel.resx.i
/Users/john/Desktop/i/files/_fade_in_out_plugin.cs.i
/Users/john/Desktop/i/files/_fade_in_out_sample_provider.cs.i
/Users/john/Desktop/i/files/_fade_in_out_sample_provider_tests.cs.i
/Users/john/Desktop/i/files/_forward.png.i
/Users/john/Desktop/i/files/_g722_chat_codec.cs.i
/Users/john/Desktop/i/files/_gemfile.i
/Users/john/Desktop/i/files/_generator_panel._designer.cs.i
/Users/john/Desktop/i/files/_generator_panel.cs.i
/Users/john/Desktop/i/files/_generator_panel.resx.i
/Users/john/Desktop/i/files/_generator_plug_in.cs.i
/Users/john/Desktop/i/files/_generic_d_a_o.html.1.i
/Users/john/Desktop/i/files/_generic_d_a_o.html.i
/Users/john/Desktop/i/files/_generic_d_a_o.java.1.i
/Users/john/Desktop/i/files/_generic_d_a_o.java.i
/Users/john/Desktop/i/files/_generic_d_a_o_impl.html.1.i
/Users/john/Desktop/i/files/_generic_d_a_o_impl.html.i
/Users/john/Desktop/i/files/_generic_d_a_o_impl.java.i
/Users/john/Desktop/i/files/_gsm610_chat_codec.cs.i
/Users/john/Desktop/i/files/_gsm610_wave_format.cs.i
/Users/john/Desktop/i/files/_gsm_encode_test.cs.i
/Users/john/Desktop/i/files/_home_controller.java.i
/Users/john/Desktop/i/files/_i_input_file_format_plugin.cs.i
/Users/john/Desktop/i/files/_i_module.cs.i
/Users/john/Desktop/i/files/_i_n_audio_demo_plugin.cs.i
/Users/john/Desktop/i/files/_i_network_chat_codec.cs.i
/Users/john/Desktop/i/files/_i_output_device_plugin.cs.i
/Users/john/Desktop/i/files/_i_sample_chunk_converter.cs.i
/Users/john/Desktop/i/files/_i_sample_notifier.cs.i
/Users/john/Desktop/i/files/_i_sample_provider.cs.i
/Users/john/Desktop/i/files/_i_visualization_plugin.cs.i
/Users/john/Desktop/i/files/_i_wave_buffer.cs.i
/Users/john/Desktop/i/files/_i_wave_form_renderer.cs.i
/Users/john/Desktop/i/files/_i_wave_in.cs.i
/Users/john/Desktop/i/files/_i_wave_player.cs.i
/Users/john/Desktop/i/files/_i_wave_provider.cs.i
/Users/john/Desktop/i/files/_i_wave_provider_float.cs.i
/Users/john/Desktop/i/files/_ignore_dispose_stream.cs.i
/Users/john/Desktop/i/files/_ima_adpcm_wave_format.cs.i
/Users/john/Desktop/i/files/_image_upload_exception.html.1.i
/Users/john/Desktop/i/files/_image_upload_exception.html.i
/Users/john/Desktop/i/files/_image_upload_exception.java.i
/Users/john/Desktop/i/files/_images._designer.cs.i
/Users/john/Desktop/i/files/_images.resx.i
/Users/john/Desktop/i/files/_l_i_c_e_n_s_e.1.i
/Users/john/Desktop/i/files/_l_i_c_e_n_s_e.i
/Users/john/Desktop/i/files/_logging_aspect.html.1.i
/Users/john/Desktop/i/files/_logging_aspect.html.i
/Users/john/Desktop/i/files/_logging_aspect.java.i
/Users/john/Desktop/i/files/_logo.png.i
/Users/john/Desktop/i/files/_loop.png.i
/Users/john/Desktop/i/files/_loop_stream.cs.i
/Users/john/Desktop/i/files/_m_a_n_i_f_e_s_t._m_f.i
/Users/john/Desktop/i/files/_m_a_n_i_f_e_s_t.in.i
/Users/john/Desktop/i/files/_m_m_device_enumerator_tests.cs.1.i
/Users/john/Desktop/i/files/_m_m_device_enumerator_tests.cs.i
/Users/john/Desktop/i/files/_m_p3_streaming_form._designer.cs.i
/Users/john/Desktop/i/files/_m_p3_streaming_form.cs.i
/Users/john/Desktop/i/files/_m_p3_streaming_form.resx.i
/Users/john/Desktop/i/files/_m_p3_streaming_panel._designer.cs.1.i
/Users/john/Desktop/i/files/_m_p3_streaming_panel._designer.cs.i
/Users/john/Desktop/i/files/_m_p3_streaming_panel.cs.1.i
/Users/john/Desktop/i/files/_m_p3_streaming_panel.cs.i
/Users/john/Desktop/i/files/_m_p3_streaming_panel.resx.1.i
/Users/john/Desktop/i/files/_m_p3_streaming_panel.resx.i
/Users/john/Desktop/i/files/_m_s_build._community._tasks.dll.i
/Users/john/Desktop/i/files/_m_s_build._community._tasks.targets.i
/Users/john/Desktop/i/files/_main_form._designer.cs.i
/Users/john/Desktop/i/files/_main_form.cs.i
/Users/john/Desktop/i/files/_main_page.xaml.cs.i
/Users/john/Desktop/i/files/_main_page.xaml.i
/Users/john/Desktop/i/files/_main_page_view_model.cs.i
/Users/john/Desktop/i/files/_main_view$1.class.1.i
/Users/john/Desktop/i/files/_main_view$1.class.i
/Users/john/Desktop/i/files/_main_view.class.1.i
/Users/john/Desktop/i/files/_main_view.class.i
/Users/john/Desktop/i/files/_main_view.java.1.i
/Users/john/Desktop/i/files/_main_view.java.bak.i
/Users/john/Desktop/i/files/_main_view.java.i
/Users/john/Desktop/i/files/_main_view.java~7e.1.i
/Users/john/Desktop/i/files/_main_view.java~7e.i
/Users/john/Desktop/i/files/_main_window.xaml.cs.i
/Users/john/Desktop/i/files/_main_window.xaml.i
/Users/john/Desktop/i/files/_main_window_view_model.cs.i
/Users/john/Desktop/i/files/_makefile.1.i
/Users/john/Desktop/i/files/_makefile.2.i
/Users/john/Desktop/i/files/_makefile.3.i
/Users/john/Desktop/i/files/_makefile.4.i
/Users/john/Desktop/i/files/_makefile.5.i
/Users/john/Desktop/i/files/_makefile.i
/Users/john/Desktop/i/files/_makefile~7e.i
/Users/john/Desktop/i/files/_manufacturers.cs.i
/Users/john/Desktop/i/files/_media_element_out.cs.i
/Users/john/Desktop/i/files/_media_foundation_demo_panel._designer.cs.i
/Users/john/Desktop/i/files/_media_foundation_demo_panel.cs.i
/Users/john/Desktop/i/files/_media_foundation_demo_panel.resx.i
/Users/john/Desktop/i/files/_media_foundation_encode_plugin.cs.1.i
/Users/john/Desktop/i/files/_media_foundation_encode_plugin.cs.i
/Users/john/Desktop/i/files/_media_foundation_encode_view.xaml.cs.i
/Users/john/Desktop/i/files/_media_foundation_encode_view.xaml.i
/Users/john/Desktop/i/files/_media_foundation_encode_view_model.cs.i
/Users/john/Desktop/i/files/_media_foundation_encoder.cs.1.i
/Users/john/Desktop/i/files/_media_foundation_encoder.cs.i
/Users/john/Desktop/i/files/_media_foundation_playback_plugin.cs.i
/Users/john/Desktop/i/files/_media_foundation_playback_view.xaml.cs.i
/Users/john/Desktop/i/files/_media_foundation_playback_view.xaml.i
/Users/john/Desktop/i/files/_media_foundation_playback_view_model.cs.i
/Users/john/Desktop/i/files/_media_foundation_reader.cs.i
/Users/john/Desktop/i/files/_media_foundation_reader_r_t.cs.i
/Users/john/Desktop/i/files/_media_foundation_reader_tests.cs.i
/Users/john/Desktop/i/files/_media_foundation_resample_view.xaml.cs.i
/Users/john/Desktop/i/files/_media_foundation_resample_view.xaml.i
/Users/john/Desktop/i/files/_media_foundation_resample_view_model.cs.i
/Users/john/Desktop/i/files/_media_foundation_resampler.cs.1.i
/Users/john/Desktop/i/files/_media_foundation_resampler.cs.i
/Users/john/Desktop/i/files/_media_service.java.1.i
/Users/john/Desktop/i/files/_media_service.java.i
/Users/john/Desktop/i/files/_media_service_impl.html.i
/Users/john/Desktop/i/files/_media_service_impl.java.1.i
/Users/john/Desktop/i/files/_media_service_impl.java.i
/Users/john/Desktop/i/files/_media_type_view_model.cs.i
/Users/john/Desktop/i/files/_metering_sample_provider.cs.1.i
/Users/john/Desktop/i/files/_metering_sample_provider.cs.i
/Users/john/Desktop/i/files/_metering_stream.cs.1.i
/Users/john/Desktop/i/files/_metering_stream.cs.i
/Users/john/Desktop/i/files/_microsoft_adpcm_chat_codec.cs.i
/Users/john/Desktop/i/files/_midi_event_collection_test.cs.1.i
/Users/john/Desktop/i/files/_midi_event_collection_test.cs.i
/Users/john/Desktop/i/files/_midi_in_form._designer.cs.i
/Users/john/Desktop/i/files/_midi_in_form.cs.i
/Users/john/Desktop/i/files/_midi_in_form.resx.i
/Users/john/Desktop/i/files/_midi_in_panel._designer.cs.1.i
/Users/john/Desktop/i/files/_midi_in_panel._designer.cs.i
/Users/john/Desktop/i/files/_midi_in_panel.cs.1.i
/Users/john/Desktop/i/files/_midi_in_panel.cs.i
/Users/john/Desktop/i/files/_midi_in_panel.resx.1.i
/Users/john/Desktop/i/files/_midi_in_panel.resx.i
/Users/john/Desktop/i/files/_mixer_api_tests.cs.i
/Users/john/Desktop/i/files/_mixing_sample_provider.cs.i
/Users/john/Desktop/i/files/_mixing_sample_provider_tests.cs.i
/Users/john/Desktop/i/files/_mixing_wave_provider32.cs.i
/Users/john/Desktop/i/files/_mm_exception.cs.i
/Users/john/Desktop/i/files/_mm_result.cs.i
/Users/john/Desktop/i/files/_mm_time.cs.i
/Users/john/Desktop/i/files/_module_base.cs.i
/Users/john/Desktop/i/files/_monetory_amount.html.1.i
/Users/john/Desktop/i/files/_monetory_amount.html.i
/Users/john/Desktop/i/files/_monetory_amount.java.i
/Users/john/Desktop/i/files/_mono16_sample_chunk_converter.cs.i
/Users/john/Desktop/i/files/_mono16_sample_provider.cs.i
/Users/john/Desktop/i/files/_mono24_sample_chunk_converter.cs.i
/Users/john/Desktop/i/files/_mono24_sample_provider.cs.i
/Users/john/Desktop/i/files/_mono8_sample_chunk_converter.cs.i
/Users/john/Desktop/i/files/_mono8_sample_provider.cs.i
/Users/john/Desktop/i/files/_mono_float_sample_chunk_converter.cs.i
/Users/john/Desktop/i/files/_mono_float_sample_provider.cs.i
/Users/john/Desktop/i/files/_mono_to_stereo_provider.cs.i
/Users/john/Desktop/i/files/_mono_to_stereo_provider16.cs.i
/Users/john/Desktop/i/files/_mono_to_stereo_provider16_tests.cs.i
/Users/john/Desktop/i/files/_mono_to_stereo_sample_provider.cs.i
/Users/john/Desktop/i/files/_mp3_file_reader.cs.i
/Users/john/Desktop/i/files/_mp3_file_reader_tests.cs.i
/Users/john/Desktop/i/files/_mp3_frame_tests.cs.i
/Users/john/Desktop/i/files/_mp3_input_file_plugin.cs.i
/Users/john/Desktop/i/files/_mp3_wave_format.cs.i
/Users/john/Desktop/i/files/_mu_law_chat_codec.cs.i
/Users/john/Desktop/i/files/_multiplexing_sample_provider.cs.i
/Users/john/Desktop/i/files/_multiplexing_sample_provider_tests.cs.i
/Users/john/Desktop/i/files/_multiplexing_wave_provider.cs.i
/Users/john/Desktop/i/files/_multiplexing_wave_provider_tests.cs.i
/Users/john/Desktop/i/files/_music_sample_provider.cs.i
/Users/john/Desktop/i/files/_n_audio_demo.csproj._dot_settings.i
/Users/john/Desktop/i/files/_n_audio_demo.csproj.i
/Users/john/Desktop/i/files/_n_audio_demo.csproj.user.i
/Users/john/Desktop/i/files/_n_audio_tests.csproj.i
/Users/john/Desktop/i/files/_n_audio_tests.nunit.i
/Users/john/Desktop/i/files/_n_audio_win8_demo.csproj.i
/Users/john/Desktop/i/files/_n_audio_win8_demo___temporary_key.pfx.i
/Users/john/Desktop/i/files/_n_audio_wpf_demo.csproj.i
/Users/john/Desktop/i/files/_name.html.i
/Users/john/Desktop/i/files/_name.java.1.i
/Users/john/Desktop/i/files/_name.java.i
/Users/john/Desktop/i/files/_native_direct_sound_out.cs.i
/Users/john/Desktop/i/files/_network_chat_panel._designer.cs.1.i
/Users/john/Desktop/i/files/_network_chat_panel._designer.cs.i
/Users/john/Desktop/i/files/_network_chat_panel.cs.1.i
/Users/john/Desktop/i/files/_network_chat_panel.cs.i
/Users/john/Desktop/i/files/_network_chat_panel.resx.1.i
/Users/john/Desktop/i/files/_network_chat_panel.resx.i
/Users/john/Desktop/i/files/_new__configuration\ (1).launch.i
/Users/john/Desktop/i/files/_new__configuration.launch.i
/Users/john/Desktop/i/files/_notifying_sample_provider.cs.1.i
/Users/john/Desktop/i/files/_notifying_sample_provider.cs.i
/Users/john/Desktop/i/files/_nu_get.exe.i
/Users/john/Desktop/i/files/_null_wave_stream.cs.i
/Users/john/Desktop/i/files/_o_s_utils.cs.i
/Users/john/Desktop/i/files/_offset_sample_provider.cs.i
/Users/john/Desktop/i/files/_offset_sample_provider_tests.cs.i
/Users/john/Desktop/i/files/_ogg_wave_format.cs.i
/Users/john/Desktop/i/files/_old_pointer_info.cpp.i
/Users/john/Desktop/i/files/_open.png.i
/Users/john/Desktop/i/files/_open_type_history.xml.i
/Users/john/Desktop/i/files/_order.html.1.i
/Users/john/Desktop/i/files/_order.html.i
/Users/john/Desktop/i/files/_order.java.i
/Users/john/Desktop/i/files/_order_item.html.1.i
/Users/john/Desktop/i/files/_order_item.html.i
/Users/john/Desktop/i/files/_order_item.java.1.i
/Users/john/Desktop/i/files/_order_item.java.i
/Users/john/Desktop/i/files/_package.appxmanifest.i
/Users/john/Desktop/i/files/_panning_sample_provider.cs.i
/Users/john/Desktop/i/files/_pattern_sequencer.cs.i
/Users/john/Desktop/i/files/_pattern_sequencer_tests.cs.i
/Users/john/Desktop/i/files/_pause.png.i
/Users/john/Desktop/i/files/_pcm16_bit_to_sample_provider.cs.i
/Users/john/Desktop/i/files/_pcm16_bit_to_wave_provider_float.cs.i
/Users/john/Desktop/i/files/_pcm24_bit_to_sample_provider.cs.i
/Users/john/Desktop/i/files/_pcm24_bit_to_wave_provider_float.cs.i
/Users/john/Desktop/i/files/_pcm32_bit_to_sample_provider.cs.i
/Users/john/Desktop/i/files/_pcm8_bit_to_sample_provider.cs.i
/Users/john/Desktop/i/files/_pcm8_bit_to_wave_provider_float.cs.i
/Users/john/Desktop/i/files/_phone_number.html.i
/Users/john/Desktop/i/files/_phone_number.java.1.i
/Users/john/Desktop/i/files/_phone_number.java.i
/Users/john/Desktop/i/files/_pitch_wheel_change_event_tests.cs.i
/Users/john/Desktop/i/files/_play.png.i
/Users/john/Desktop/i/files/_playback_state.cs.i
/Users/john/Desktop/i/files/_pointer_info.cpp.1.i
/Users/john/Desktop/i/files/_pointer_info.cpp.i
/Users/john/Desktop/i/files/_polygon_wave_form_control.xaml.cs.i
/Users/john/Desktop/i/files/_polygon_wave_form_control.xaml.i
/Users/john/Desktop/i/files/_polygon_wave_form_visualization.cs.i
/Users/john/Desktop/i/files/_polyline_wave_form_control.xaml.cs.i
/Users/john/Desktop/i/files/_polyline_wave_form_control.xaml.i
/Users/john/Desktop/i/files/_polyline_wave_form_visualization.cs.i
/Users/john/Desktop/i/files/_product.html.1.i
/Users/john/Desktop/i/files/_product.html.i
/Users/john/Desktop/i/files/_product.java.i
/Users/john/Desktop/i/files/_product_factory.java.1.i
/Users/john/Desktop/i/files/_product_factory.java.i
/Users/john/Desktop/i/files/_product_image.html.1.i
/Users/john/Desktop/i/files/_product_image.html.i
/Users/john/Desktop/i/files/_product_image.java.i
/Users/john/Desktop/i/files/_product_promotion.html.i
/Users/john/Desktop/i/files/_product_promotion.java.i
/Users/john/Desktop/i/files/_program.cs.i
/Users/john/Desktop/i/files/_promotion.html.i
/Users/john/Desktop/i/files/_promotion.java.i
/Users/john/Desktop/i/files/_ptr_search_c_f_g_visitor.cpp.i
/Users/john/Desktop/i/files/_qualified_type_name_history.xml.i
/Users/john/Desktop/i/files/_r_a_i_l_s_r_e_a_d_m_e.i
/Users/john/Desktop/i/files/_r_e_a_d_m_e.1.i
/Users/john/Desktop/i/files/_r_e_a_d_m_e.i
/Users/john/Desktop/i/files/_r_e_a_d_m_e___f_o_r___a_p_p.i
/Users/john/Desktop/i/files/_rakefile.i
/Users/john/Desktop/i/files/_raw_source_wave_stream.cs.i
/Users/john/Desktop/i/files/_read_fully_stream.cs.1.i
/Users/john/Desktop/i/files/_read_fully_stream.cs.i
/Users/john/Desktop/i/files/_recording_form._designer.cs.i
/Users/john/Desktop/i/files/_recording_form.cs.i
/Users/john/Desktop/i/files/_recording_form.resx.i
/Users/john/Desktop/i/files/_recording_panel._designer.cs.1.i
/Users/john/Desktop/i/files/_recording_panel._designer.cs.i
/Users/john/Desktop/i/files/_recording_panel.cs.1.i
/Users/john/Desktop/i/files/_recording_panel.cs.i
/Users/john/Desktop/i/files/_recording_panel.resx.1.i
/Users/john/Desktop/i/files/_recording_panel.resx.i
/Users/john/Desktop/i/files/_recordings_view.xaml.cs.i
/Users/john/Desktop/i/files/_recordings_view.xaml.i
/Users/john/Desktop/i/files/_recordings_view_model.cs.i
/Users/john/Desktop/i/files/_region.html.i
/Users/john/Desktop/i/files/_region.java.1.i
/Users/john/Desktop/i/files/_region.java.i
/Users/john/Desktop/i/files/_relay_command.cs.1.i
/Users/john/Desktop/i/files/_relay_command.cs.i
/Users/john/Desktop/i/files/_remove_rent_info$1.class.i
/Users/john/Desktop/i/files/_remove_rent_info$2.class.i
/Users/john/Desktop/i/files/_remove_rent_info$3.class.i
/Users/john/Desktop/i/files/_remove_rent_info.class.i
/Users/john/Desktop/i/files/_remove_rent_info.java.i
/Users/john/Desktop/i/files/_resampler_dmo_stream.cs.i
/Users/john/Desktop/i/files/_resampler_dmo_stream_tests.cs.1.i
/Users/john/Desktop/i/files/_resampler_dmo_stream_tests.cs.i
/Users/john/Desktop/i/files/_resampler_dmo_tests.cs.i
/Users/john/Desktop/i/files/_resources._designer.cs.1.i
/Users/john/Desktop/i/files/_resources._designer.cs.i
/Users/john/Desktop/i/files/_resources.resx.1.i
/Users/john/Desktop/i/files/_resources.resx.i
/Users/john/Desktop/i/files/_rewind.png.i
/Users/john/Desktop/i/files/_riff_chunk.cs.i
/Users/john/Desktop/i/files/_sample_aggregator.cs.1.i
/Users/john/Desktop/i/files/_sample_aggregator.cs.i
/Users/john/Desktop/i/files/_sample_channel.cs.i
/Users/john/Desktop/i/files/_sample_provider_converter_base.cs.i
/Users/john/Desktop/i/files/_sample_provider_converters.cs.i
/Users/john/Desktop/i/files/_sample_provider_test_helpers.cs.i
/Users/john/Desktop/i/files/_sample_source.cs.i
/Users/john/Desktop/i/files/_sample_to_wave_provider.cs.i
/Users/john/Desktop/i/files/_sample_to_wave_provider16.cs.i
/Users/john/Desktop/i/files/_sample_to_wave_provider24.cs.i
/Users/john/Desktop/i/files/_sample_to_wave_provider24_tests.cs.i
/Users/john/Desktop/i/files/_settings._designer.cs.1.i
/Users/john/Desktop/i/files/_settings._designer.cs.i
/Users/john/Desktop/i/files/_settings.settings.1.i
/Users/john/Desktop/i/files/_settings.settings.i
/Users/john/Desktop/i/files/_shopping_cart.html.1.i
/Users/john/Desktop/i/files/_shopping_cart.html.i
/Users/john/Desktop/i/files/_shopping_cart.java.1.i
/Users/john/Desktop/i/files/_shopping_cart.java.i
/Users/john/Desktop/i/files/_shopping_cart_item.html.1.i
/Users/john/Desktop/i/files/_shopping_cart_item.html.i
/Users/john/Desktop/i/files/_shopping_cart_item.java.1.i
/Users/john/Desktop/i/files/_shopping_cart_item.java.i
/Users/john/Desktop/i/files/_shuffle.png.i
/Users/john/Desktop/i/files/_signal_generator.cs.i
/Users/john/Desktop/i/files/_simple_compressor_stream.cs.i
/Users/john/Desktop/i/files/_simple_playback_panel._designer.cs.i
/Users/john/Desktop/i/files/_simple_playback_panel.cs.i
/Users/john/Desktop/i/files/_simple_playback_panel.resx.i
/Users/john/Desktop/i/files/_simple_playback_plugin.cs.i
/Users/john/Desktop/i/files/_small_logo.png.i
/Users/john/Desktop/i/files/_spectrum_analyser.xaml.cs.i
/Users/john/Desktop/i/files/_spectrum_analyser.xaml.i
/Users/john/Desktop/i/files/_spectrum_analyzer_visualization.cs.i
/Users/john/Desktop/i/files/_speex_chat_codec.cs.i
/Users/john/Desktop/i/files/_splash_screen.png.i
/Users/john/Desktop/i/files/_standard_styles.xaml.i
/Users/john/Desktop/i/files/_stereo16_sample_chunk_converter.cs.i
/Users/john/Desktop/i/files/_stereo16_sample_provider.cs.i
/Users/john/Desktop/i/files/_stereo24_sample_chunk_converter.cs.i
/Users/john/Desktop/i/files/_stereo24_sample_provider.cs.i
/Users/john/Desktop/i/files/_stereo8_sample_chunk_converter.cs.i
/Users/john/Desktop/i/files/_stereo8_sample_provider.cs.i
/Users/john/Desktop/i/files/_stereo_float_sample_chunk_converter.cs.i
/Users/john/Desktop/i/files/_stereo_float_sample_provider.cs.i
/Users/john/Desktop/i/files/_stereo_to_mono_provider16.cs.i
/Users/john/Desktop/i/files/_stereo_to_mono_provider16_tests.cs.i
/Users/john/Desktop/i/files/_stop.png.i
/Users/john/Desktop/i/files/_stopped_event_args.cs.i
/Users/john/Desktop/i/files/_stopwatch_extensions.cs.i
/Users/john/Desktop/i/files/_store_logo.png.i
/Users/john/Desktop/i/files/_tech_spec_definition.html.i
/Users/john/Desktop/i/files/_tech_spec_definition.java.i
/Users/john/Desktop/i/files/_technical_specification.html.i
/Users/john/Desktop/i/files/_technical_specification.java.1.i
/Users/john/Desktop/i/files/_technical_specification.java.i
/Users/john/Desktop/i/files/_test_sample_provider.cs.i
/Users/john/Desktop/i/files/_test_tesult.xml.i
/Users/john/Desktop/i/files/_test_wave_provider.cs.i
/Users/john/Desktop/i/files/_testi$1.class.1.i
/Users/john/Desktop/i/files/_testi$1.class.i
/Users/john/Desktop/i/files/_testi$2.class.1.i
/Users/john/Desktop/i/files/_testi$2.class.i
/Users/john/Desktop/i/files/_testi.class.1.i
/Users/john/Desktop/i/files/_testi.class.i
/Users/john/Desktop/i/files/_testi.java.1.i
/Users/john/Desktop/i/files/_testi.java.i
/Users/john/Desktop/i/files/_testi.java~7e.1.i
/Users/john/Desktop/i/files/_testi.java~7e.i
/Users/john/Desktop/i/files/_testi2$1.class.1.i
/Users/john/Desktop/i/files/_testi2$1.class.i
/Users/john/Desktop/i/files/_testi2$2.class.1.i
/Users/john/Desktop/i/files/_testi2$2.class.i
/Users/john/Desktop/i/files/_testi2.class.1.i
/Users/john/Desktop/i/files/_testi2.class.i
/Users/john/Desktop/i/files/_testi2.java.1.i
/Users/john/Desktop/i/files/_testi2.java.i
/Users/john/Desktop/i/files/_testi2.java~7e.1.i
/Users/john/Desktop/i/files/_testi2.java~7e.i
/Users/john/Desktop/i/files/_tire.html.i
/Users/john/Desktop/i/files/_tire.java.1.i
/Users/john/Desktop/i/files/_tire.java.i
/Users/john/Desktop/i/files/_tire_factory.java.1.i
/Users/john/Desktop/i/files/_tire_factory.java.i
/Users/john/Desktop/i/files/_tire_fitment.html.1.i
/Users/john/Desktop/i/files/_tire_fitment.html.i
/Users/john/Desktop/i/files/_tire_fitment.java.1.i
/Users/john/Desktop/i/files/_tire_fitment.java.i
/Users/john/Desktop/i/files/_tire_fitment_d_a_o.java.1.i
/Users/john/Desktop/i/files/_tire_fitment_d_a_o.java.i
/Users/john/Desktop/i/files/_tire_fitment_size.html.1.i
/Users/john/Desktop/i/files/_tire_fitment_size.html.i
/Users/john/Desktop/i/files/_tire_fitment_size.java.1.i
/Users/john/Desktop/i/files/_tire_fitment_size.java.i
/Users/john/Desktop/i/files/_tire_pattern.html.i
/Users/john/Desktop/i/files/_tire_pattern.java.1.i
/Users/john/Desktop/i/files/_tire_pattern.java.i
/Users/john/Desktop/i/files/_tire_size.html.i
/Users/john/Desktop/i/files/_tire_size.java.1.i
/Users/john/Desktop/i/files/_tire_size.java.i
/Users/john/Desktop/i/files/_true_speech_chat_codec.cs.i
/Users/john/Desktop/i/files/_true_speech_wave_format.cs.i
/Users/john/Desktop/i/files/_uncompressed_pcm_chat_codec.cs.i
/Users/john/Desktop/i/files/_user.html.i
/Users/john/Desktop/i/files/_user.java.1.i
/Users/john/Desktop/i/files/_user.java.i
/Users/john/Desktop/i/files/_utils.cpp.1.i
/Users/john/Desktop/i/files/_utils.cpp.i
/Users/john/Desktop/i/files/_vehicle.html.1.i
/Users/john/Desktop/i/files/_vehicle.html.i
/Users/john/Desktop/i/files/_vehicle.java.1.i
/Users/john/Desktop/i/files/_vehicle.java.i
/Users/john/Desktop/i/files/_vehicle_controller.java.1.i
/Users/john/Desktop/i/files/_vehicle_controller.java.i
/Users/john/Desktop/i/files/_vehicle_d_a_o.html.1.i
/Users/john/Desktop/i/files/_vehicle_d_a_o.html.i
/Users/john/Desktop/i/files/_vehicle_d_a_o.java.i
/Users/john/Desktop/i/files/_vehicle_d_a_o_impl.html.1.i
/Users/john/Desktop/i/files/_vehicle_d_a_o_impl.html.i
/Users/john/Desktop/i/files/_vehicle_factory.html.1.i
/Users/john/Desktop/i/files/_vehicle_factory.html.i
/Users/john/Desktop/i/files/_vehicle_factory.java.1.i
/Users/john/Desktop/i/files/_vehicle_factory.java.i
/Users/john/Desktop/i/files/_vehicle_fitment.html.1.i
/Users/john/Desktop/i/files/_vehicle_fitment.html.i
/Users/john/Desktop/i/files/_vehicle_fitment.java.1.i
/Users/john/Desktop/i/files/_vehicle_fitment.java.i
/Users/john/Desktop/i/files/_vehicle_fitment_d_a_o.java.i
/Users/john/Desktop/i/files/_vehicle_form.html.1.i
/Users/john/Desktop/i/files/_vehicle_form.html.i
/Users/john/Desktop/i/files/_vehicle_form.java.1.i
/Users/john/Desktop/i/files/_vehicle_form.java.i
/Users/john/Desktop/i/files/_vehicle_make.html.1.i
/Users/john/Desktop/i/files/_vehicle_make.html.i
/Users/john/Desktop/i/files/_vehicle_make.java.1.i
/Users/john/Desktop/i/files/_vehicle_make.java.i
/Users/john/Desktop/i/files/_vehicle_make_controller.java.1.i
/Users/john/Desktop/i/files/_vehicle_make_controller.java.i
/Users/john/Desktop/i/files/_vehicle_make_converter.html.1.i
/Users/john/Desktop/i/files/_vehicle_make_converter.html.i
/Users/john/Desktop/i/files/_vehicle_make_converter.java.1.i
/Users/john/Desktop/i/files/_vehicle_make_converter.java.i
/Users/john/Desktop/i/files/_vehicle_make_d_a_o.html.1.i
/Users/john/Desktop/i/files/_vehicle_make_d_a_o.html.i
/Users/john/Desktop/i/files/_vehicle_make_d_a_o.java.i
/Users/john/Desktop/i/files/_vehicle_make_d_a_o_impl.html.1.i
/Users/john/Desktop/i/files/_vehicle_make_d_a_o_impl.html.i
/Users/john/Desktop/i/files/_vehicle_make_form.html.1.i
/Users/john/Desktop/i/files/_vehicle_make_form.html.i
/Users/john/Desktop/i/files/_vehicle_make_form.java.1.i
/Users/john/Desktop/i/files/_vehicle_make_form.java.i
/Users/john/Desktop/i/files/_vehicle_make_service.java.1.i
/Users/john/Desktop/i/files/_vehicle_make_service.java.i
/Users/john/Desktop/i/files/_vehicle_make_service_impl.html.i
/Users/john/Desktop/i/files/_vehicle_make_service_impl.java.1.i
/Users/john/Desktop/i/files/_vehicle_make_service_impl.java.i
/Users/john/Desktop/i/files/_vehicle_make_service_test.java.1.i
/Users/john/Desktop/i/files/_vehicle_make_service_test.java.i
/Users/john/Desktop/i/files/_vehicle_make_validator.html.1.i
/Users/john/Desktop/i/files/_vehicle_make_validator.html.i
/Users/john/Desktop/i/files/_vehicle_make_validator.java.1.i
/Users/john/Desktop/i/files/_vehicle_make_validator.java.i
/Users/john/Desktop/i/files/_vehicle_model.html.1.i
/Users/john/Desktop/i/files/_vehicle_model.html.i
/Users/john/Desktop/i/files/_vehicle_model.java.1.i
/Users/john/Desktop/i/files/_vehicle_model.java.i
/Users/john/Desktop/i/files/_vehicle_model_service.java.1.i
/Users/john/Desktop/i/files/_vehicle_model_service.java.i
/Users/john/Desktop/i/files/_vehicle_model_service_impl.java.1.i
/Users/john/Desktop/i/files/_vehicle_model_service_impl.java.i
/Users/john/Desktop/i/files/_vehicle_model_service_test.java.1.i
/Users/john/Desktop/i/files/_vehicle_model_service_test.java.i
/Users/john/Desktop/i/files/_vehicle_service.java.1.i
/Users/john/Desktop/i/files/_vehicle_service.java.i
/Users/john/Desktop/i/files/_vehicle_service_impl.html.i
/Users/john/Desktop/i/files/_vehicle_service_impl.java.1.i
/Users/john/Desktop/i/files/_vehicle_service_impl.java.i
/Users/john/Desktop/i/files/_vehicle_service_test.html.1.i
/Users/john/Desktop/i/files/_vehicle_service_test.html.i
/Users/john/Desktop/i/files/_vehicle_service_test.java.1.i
/Users/john/Desktop/i/files/_vehicle_service_test.java.i
/Users/john/Desktop/i/files/_vehicle_type.html.1.i
/Users/john/Desktop/i/files/_vehicle_type.html.i
/Users/john/Desktop/i/files/_vehicle_type.java.1.i
/Users/john/Desktop/i/files/_vehicle_type.java.i
/Users/john/Desktop/i/files/_vehicle_type_d_a_o_impl.java.i
/Users/john/Desktop/i/files/_vehicle_type_service.java.1.i
/Users/john/Desktop/i/files/_vehicle_type_service.java.i
/Users/john/Desktop/i/files/_vehicle_type_service_impl.java.1.i
/Users/john/Desktop/i/files/_vehicle_type_service_impl.java.i
/Users/john/Desktop/i/files/_vehicle_type_service_test.java.i
/Users/john/Desktop/i/files/_vehicle_validator.html.1.i
/Users/john/Desktop/i/files/_vehicle_validator.html.i
/Users/john/Desktop/i/files/_vehicle_validator.java.i
/Users/john/Desktop/i/files/_view_model_base.cs.1.i
/Users/john/Desktop/i/files/_view_model_base.cs.i
/Users/john/Desktop/i/files/_volume_sample_provider.cs.i
/Users/john/Desktop/i/files/_volume_wave_provider16.cs.1.i
/Users/john/Desktop/i/files/_volume_wave_provider16.cs.2.i
/Users/john/Desktop/i/files/_volume_wave_provider16.cs.i
/Users/john/Desktop/i/files/_volume_wave_provider16_tests.cs.i
/Users/john/Desktop/i/files/_volume_wave_provider_float.cs.i
/Users/john/Desktop/i/files/_vuokraus.class.i
/Users/john/Desktop/i/files/_vuokraus.java.i
/Users/john/Desktop/i/files/_wasapi_capture.cs.i
/Users/john/Desktop/i/files/_wasapi_capture_demo_plugin.cs.i
/Users/john/Desktop/i/files/_wasapi_capture_demo_view.xaml.cs.i
/Users/john/Desktop/i/files/_wasapi_capture_demo_view.xaml.i
/Users/john/Desktop/i/files/_wasapi_capture_view_model.cs.i
/Users/john/Desktop/i/files/_wasapi_loopback_capture.cs.i
/Users/john/Desktop/i/files/_wasapi_out.cs.i
/Users/john/Desktop/i/files/_wasapi_out_gui_thread.cs.i
/Users/john/Desktop/i/files/_wasapi_out_plugin.cs.i
/Users/john/Desktop/i/files/_wasapi_out_settings_panel._designer.cs.i
/Users/john/Desktop/i/files/_wasapi_out_settings_panel.cs.i
/Users/john/Desktop/i/files/_wave16to_float_provider.cs.i
/Users/john/Desktop/i/files/_wave16to_ieee_provider.cs.i
/Users/john/Desktop/i/files/_wave32_to16_stream.cs.i
/Users/john/Desktop/i/files/_wave_buffer.cs.i
/Users/john/Desktop/i/files/_wave_callback_info.cs.i
/Users/john/Desktop/i/files/_wave_callback_strategy.cs.i
/Users/john/Desktop/i/files/_wave_channel32.cs.i
/Users/john/Desktop/i/files/_wave_channel32_tests.cs.i
/Users/john/Desktop/i/files/_wave_channel_float.cs.i
/Users/john/Desktop/i/files/_wave_extension_methods.cs.i
/Users/john/Desktop/i/files/_wave_file_reader.cs.i
/Users/john/Desktop/i/files/_wave_file_reader_tests.cs.i
/Users/john/Desktop/i/files/_wave_file_writer.cs.i
/Users/john/Desktop/i/files/_wave_file_writer_tests.cs.i
/Users/john/Desktop/i/files/_wave_filter.cs.i
/Users/john/Desktop/i/files/_wave_float_to16_provider.cs.i
/Users/john/Desktop/i/files/_wave_form_control.xaml.cs.i
/Users/john/Desktop/i/files/_wave_form_control.xaml.i
/Users/john/Desktop/i/files/_wave_format.cs.i
/Users/john/Desktop/i/files/_wave_format_adpcm.cs.i
/Users/john/Desktop/i/files/_wave_format_conversion_stream.cs.i
/Users/john/Desktop/i/files/_wave_format_conversion_stream_tests.cs.i
/Users/john/Desktop/i/files/_wave_format_custom_marshaler.cs.i
/Users/john/Desktop/i/files/_wave_format_encoding.cs.i
/Users/john/Desktop/i/files/_wave_format_extensible.cs.i
/Users/john/Desktop/i/files/_wave_format_extra_data.cs.i
/Users/john/Desktop/i/files/_wave_header.cs.i
/Users/john/Desktop/i/files/_wave_header_flags.cs.i
/Users/john/Desktop/i/files/_wave_ieee_to16_provider.cs.i
/Users/john/Desktop/i/files/_wave_in.cs.1.i
/Users/john/Desktop/i/files/_wave_in.cs.i
/Users/john/Desktop/i/files/_wave_in_buffer.cs.i
/Users/john/Desktop/i/files/_wave_in_capabilities.cs.i
/Users/john/Desktop/i/files/_wave_in_devices_tests.cs.i
/Users/john/Desktop/i/files/_wave_in_event.cs.i
/Users/john/Desktop/i/files/_wave_in_event_args.cs.i
/Users/john/Desktop/i/files/_wave_in_provider.cs.i
/Users/john/Desktop/i/files/_wave_in_stream.cs.i
/Users/john/Desktop/i/files/_wave_in_window.cs.i
/Users/john/Desktop/i/files/_wave_input_file_plugin.cs.i
/Users/john/Desktop/i/files/_wave_interop.cs.i
/Users/john/Desktop/i/files/_wave_mixer_stream32.cs.i
/Users/john/Desktop/i/files/_wave_offset_stream.cs.i
/Users/john/Desktop/i/files/_wave_out.cs.i
/Users/john/Desktop/i/files/_wave_out_buffer.cs.i
/Users/john/Desktop/i/files/_wave_out_capabilities.cs.i
/Users/john/Desktop/i/files/_wave_out_event.cs.i
/Users/john/Desktop/i/files/_wave_out_plugin.cs.i
/Users/john/Desktop/i/files/_wave_out_settings_panel._designer.cs.i
/Users/john/Desktop/i/files/_wave_out_settings_panel.cs.i
/Users/john/Desktop/i/files/_wave_out_support.cs.i
/Users/john/Desktop/i/files/_wave_out_thread_safe.cs.i
/Users/john/Desktop/i/files/_wave_out_window.cs.i
/Users/john/Desktop/i/files/_wave_provider16.cs.i
/Users/john/Desktop/i/files/_wave_provider32.cs.i
/Users/john/Desktop/i/files/_wave_provider_float_converter_base.cs.i
/Users/john/Desktop/i/files/_wave_provider_float_to_wave_provider.cs.i
/Users/john/Desktop/i/files/_wave_provider_to_wave_provider_float.cs.i
/Users/john/Desktop/i/files/_wave_recorder.cs.i
/Users/john/Desktop/i/files/_wave_stream.cs.i
/Users/john/Desktop/i/files/_wave_to_sample_provider.cs.i
/Users/john/Desktop/i/files/_wave_to_sample_provider64.cs.i
/Users/john/Desktop/i/files/_wave_window.cs.i
/Users/john/Desktop/i/files/_waveform_visual.cs.1.i
/Users/john/Desktop/i/files/_waveform_visual.cs.i
/Users/john/Desktop/i/files/_wdl_resampling_sample_provider.cs.i
/Users/john/Desktop/i/files/_wdl_resampling_sample_provider_tests.cs.i
/Users/john/Desktop/i/files/_windows_media_tests.cs.i
/Users/john/Desktop/i/files/_wma_wave_format.cs.i
/Users/john/Desktop/i/files/a.out.1.i
/Users/john/Desktop/i/files/a.out.2.i
/Users/john/Desktop/i/files/a.out.i
/Users/john/Desktop/i/files/ability.rb.i
/Users/john/Desktop/i/files/aecmd.py.i
/Users/john/Desktop/i/files/aikataulutus.ods.1.i
/Users/john/Desktop/i/files/aikataulutus.ods.i
/Users/john/Desktop/i/files/allclasses-frame.html.i
/Users/john/Desktop/i/files/allclasses-noframe.html.i
/Users/john/Desktop/i/files/antlr-2.7.7.jar.i
/Users/john/Desktop/i/files/aopalliance-1.0.jar.i
/Users/john/Desktop/i/files/app.config.1.i
/Users/john/Desktop/i/files/app.config.i
/Users/john/Desktop/i/files/application.css.i
/Users/john/Desktop/i/files/application.html.erb.i
/Users/john/Desktop/i/files/application.js.i
/Users/john/Desktop/i/files/application.py.i
/Users/john/Desktop/i/files/application.rb.i
/Users/john/Desktop/i/files/application__controller.rb.i
/Users/john/Desktop/i/files/application__helper.rb.i
/Users/john/Desktop/i/files/aspectjweaver-1.7.0.jar.i
/Users/john/Desktop/i/files/backend.py.1.i
/Users/john/Desktop/i/files/backend.py.i
/Users/john/Desktop/i/files/backtrace__silencers.rb.i
/Users/john/Desktop/i/files/base.py.i
/Users/john/Desktop/i/files/basecompiler.py.i
/Users/john/Desktop/i/files/birthright.rb.i
/Users/john/Desktop/i/files/birthright__test.rb.i
/Users/john/Desktop/i/files/birthrights.yml.i
/Users/john/Desktop/i/files/birthrights__controller.rb.i
/Users/john/Desktop/i/files/birthrights__controller__test.rb.i
/Users/john/Desktop/i/files/birthrights__helper.rb.i
/Users/john/Desktop/i/files/boot.py.i
/Users/john/Desktop/i/files/boot.rb.i
/Users/john/Desktop/i/files/browsing__test.rb.i
/Users/john/Desktop/i/files/build.bat.i
/Users/john/Desktop/i/files/c3p0-0.9.1.jar.i
/Users/john/Desktop/i/files/c3p0.properties.i
/Users/john/Desktop/i/files/career.rb.i
/Users/john/Desktop/i/files/career__path.rb.i
/Users/john/Desktop/i/files/career__path__test.rb.i
/Users/john/Desktop/i/files/career__paths.yml.i
/Users/john/Desktop/i/files/career__paths__controller.rb.i
/Users/john/Desktop/i/files/career__paths__controller__test.rb.i
/Users/john/Desktop/i/files/career__paths__helper.rb.i
/Users/john/Desktop/i/files/career__test.rb.i
/Users/john/Desktop/i/files/careers.yml.i
/Users/john/Desktop/i/files/careers__controller.rb.i
/Users/john/Desktop/i/files/careers__controller__test.rb.i
/Users/john/Desktop/i/files/careers__helper.rb.i
/Users/john/Desktop/i/files/cfgdumper.cpp.i
/Users/john/Desktop/i/files/cfgdumper.o.i
/Users/john/Desktop/i/files/cfgexplorer.cpp.i
/Users/john/Desktop/i/files/cglmonetm.go.i
/Users/john/Desktop/i/files/character.rb.i
/Users/john/Desktop/i/files/character__test.rb.i
/Users/john/Desktop/i/files/characters.yml.i
/Users/john/Desktop/i/files/characters__controller.rb.i
/Users/john/Desktop/i/files/characters__controller__test.rb.i
/Users/john/Desktop/i/files/characters__helper.rb.i
/Users/john/Desktop/i/files/closed-hat-trimmed.wav.i
/Users/john/Desktop/i/files/cmake.check__cache.i
/Users/john/Desktop/i/files/com.springsource.javax.inject-1.0.0.jar.i
/Users/john/Desktop/i/files/commons-beanutils-1.8.0.jar.i
/Users/john/Desktop/i/files/commons-digester-2.0.jar.i
/Users/john/Desktop/i/files/commons-fileupload-1.2.2.jar.i
/Users/john/Desktop/i/files/commons-io-2.4.jar.i
/Users/john/Desktop/i/files/compiler.py.i
/Users/john/Desktop/i/files/config.1.i
/Users/john/Desktop/i/files/config.ru.i
/Users/john/Desktop/i/files/confirmation__instructions.html.erb.i
/Users/john/Desktop/i/files/constant-values.html.i
/Users/john/Desktop/i/files/controls.js.i
/Users/john/Desktop/i/files/crash-trimmed.wav.i
/Users/john/Desktop/i/files/creation.py.i
/Users/john/Desktop/i/files/database.properties.i
/Users/john/Desktop/i/files/database.yml.i
/Users/john/Desktop/i/files/db__settings.py.i
/Users/john/Desktop/i/files/db__settings__gae.py.i
/Users/john/Desktop/i/files/dbindexes.py.i
/Users/john/Desktop/i/files/decimals.py.i
/Users/john/Desktop/i/files/deploy.py.i
/Users/john/Desktop/i/files/deprecated-list.html.i
/Users/john/Desktop/i/files/development.log.i
/Users/john/Desktop/i/files/development.rb.i
/Users/john/Desktop/i/files/devise.en.yml.i
/Users/john/Desktop/i/files/devise.rb.i
/Users/john/Desktop/i/files/dialog__settings.xml.1.i
/Users/john/Desktop/i/files/dialog__settings.xml.2.i
/Users/john/Desktop/i/files/dialog__settings.xml.3.i
/Users/john/Desktop/i/files/dialog__settings.xml.4.i
/Users/john/Desktop/i/files/dialog__settings.xml.5.i
/Users/john/Desktop/i/files/dialog__settings.xml.i
/Users/john/Desktop/i/files/diskio.cpp.i
/Users/john/Desktop/i/files/diskio.h.i
/Users/john/Desktop/i/files/dom4j-1.6.1.jar.i
/Users/john/Desktop/i/files/dragdrop.js.i
/Users/john/Desktop/i/files/edit.html.erb.1.i
/Users/john/Desktop/i/files/edit.html.erb.10.i
/Users/john/Desktop/i/files/edit.html.erb.11.i
/Users/john/Desktop/i/files/edit.html.erb.12.i
/Users/john/Desktop/i/files/edit.html.erb.2.i
/Users/john/Desktop/i/files/edit.html.erb.3.i
/Users/john/Desktop/i/files/edit.html.erb.4.i
/Users/john/Desktop/i/files/edit.html.erb.5.i
/Users/john/Desktop/i/files/edit.html.erb.6.i
/Users/john/Desktop/i/files/edit.html.erb.7.i
/Users/john/Desktop/i/files/edit.html.erb.8.i
/Users/john/Desktop/i/files/edit.html.erb.9.i
/Users/john/Desktop/i/files/edit.html.erb.i
/Users/john/Desktop/i/files/effects.js.i
/Users/john/Desktop/i/files/ehcache-core-2.4.3.jar.i
/Users/john/Desktop/i/files/elog__filelog.go.i
/Users/john/Desktop/i/files/elog__socklog.go.i
/Users/john/Desktop/i/files/elog__test.go.i
/Users/john/Desktop/i/files/emacs__fullscreen.sln.i
/Users/john/Desktop/i/files/emacs__fullscreen.vcxproj.filters.i
/Users/john/Desktop/i/files/emacs__fullscreen.vcxproj.i
/Users/john/Desktop/i/files/email.py.i
/Users/john/Desktop/i/files/en.yml.i
/Users/john/Desktop/i/files/environment.rb.i
/Users/john/Desktop/i/files/error__messages__helper.rb.i
/Users/john/Desktop/i/files/example.xml.i
/Users/john/Desktop/i/files/external_libs_time_stamps.i
/Users/john/Desktop/i/files/ff.cpp.i
/Users/john/Desktop/i/files/field__db__conversion.py.i
/Users/john/Desktop/i/files/field__options.py.i
/Users/john/Desktop/i/files/filter.py.i
/Users/john/Desktop/i/files/flush.py.i
/Users/john/Desktop/i/files/formtastic.css.i
/Users/john/Desktop/i/files/formtastic.rb.i
/Users/john/Desktop/i/files/formtastic__changes.css.i
/Users/john/Desktop/i/files/handler.py.i
/Users/john/Desktop/i/files/header.jsp.i
/Users/john/Desktop/i/files/help-doc.html.i
/Users/john/Desktop/i/files/hibernate-commons-annotations-4.0.1._final.jar.i
/Users/john/Desktop/i/files/hibernate-core-4.1.5._final.jar.i
/Users/john/Desktop/i/files/hibernate-ehcache-4.1.5._final.jar.i
/Users/john/Desktop/i/files/hibernate-entitymanager-4.1.5._final.jar.i
/Users/john/Desktop/i/files/hibernate-jpa-2.0-api-1.0.1._final.jar.i
/Users/john/Desktop/i/files/hibernate-validator-4.3.0._final.jar.i
/Users/john/Desktop/i/files/hibernate.properties.i
/Users/john/Desktop/i/files/home.jsp.i
/Users/john/Desktop/i/files/home__layout.jsp.i
/Users/john/Desktop/i/files/home__world.rb.i
/Users/john/Desktop/i/files/home__world__test.rb.i
/Users/john/Desktop/i/files/home__worlds__controller.rb.i
/Users/john/Desktop/i/files/home__worlds__controller__test.rb.i
/Users/john/Desktop/i/files/home__worlds__helper.rb.i
/Users/john/Desktop/i/files/index-1.html.i
/Users/john/Desktop/i/files/index-10.html.i
/Users/john/Desktop/i/files/index-11.html.i
/Users/john/Desktop/i/files/index-12.html.i
/Users/john/Desktop/i/files/index-13.html.i
/Users/john/Desktop/i/files/index-14.html.i
/Users/john/Desktop/i/files/index-15.html.i
/Users/john/Desktop/i/files/index-16.html.i
/Users/john/Desktop/i/files/index-17.html.i
/Users/john/Desktop/i/files/index-18.html.i
/Users/john/Desktop/i/files/index-19.html.i
/Users/john/Desktop/i/files/index-2.html.i
/Users/john/Desktop/i/files/index-3.html.i
/Users/john/Desktop/i/files/index-4.html.i
/Users/john/Desktop/i/files/index-5.html.i
/Users/john/Desktop/i/files/index-6.html.i
/Users/john/Desktop/i/files/index-7.html.i
/Users/john/Desktop/i/files/index-8.html.i
/Users/john/Desktop/i/files/index-9.html.i
/Users/john/Desktop/i/files/index.html.bak.i
/Users/john/Desktop/i/files/index.html.erb.1.i
/Users/john/Desktop/i/files/index.html.erb.10.i
/Users/john/Desktop/i/files/index.html.erb.2.i
/Users/john/Desktop/i/files/index.html.erb.3.i
/Users/john/Desktop/i/files/index.html.erb.4.i
/Users/john/Desktop/i/files/index.html.erb.5.i
/Users/john/Desktop/i/files/index.html.erb.6.i
/Users/john/Desktop/i/files/index.html.erb.7.i
/Users/john/Desktop/i/files/index.html.erb.8.i
/Users/john/Desktop/i/files/index.html.erb.9.i
/Users/john/Desktop/i/files/index.html.erb.i
/Users/john/Desktop/i/files/index.html.i
/Users/john/Desktop/i/files/inflections.rb.i
/Users/john/Desktop/i/files/inherit.gif.i
/Users/john/Desktop/i/files/init.jsp.i
/Users/john/Desktop/i/files/javassist-3.15.0-_g_a.jar.i
/Users/john/Desktop/i/files/jboss-logging-3.1.0._g_a.jar.i
/Users/john/Desktop/i/files/jboss-transaction-api__1.1__spec-1.0.0._final.jar.i
/Users/john/Desktop/i/files/jcl-over-slf4j-1.6.6.jar.i
/Users/john/Desktop/i/files/jstl-api.jar.i
/Users/john/Desktop/i/files/jstl-impl.jar.i
/Users/john/Desktop/i/files/kick-trimmed.wav.i
/Users/john/Desktop/i/files/k~e4ytt~f6liittym~e4_v4.pptx.i
/Users/john/Desktop/i/files/launch_configuration_history.xml.i
/Users/john/Desktop/i/files/layout__helper.rb.i
/Users/john/Desktop/i/files/library_infos.xml.i
/Users/john/Desktop/i/files/license.txt.i
/Users/john/Desktop/i/files/log4go__test.go.i
/Users/john/Desktop/i/files/log4go__wrapper.go.i
/Users/john/Desktop/i/files/log4j-1.2.17.jar.i
/Users/john/Desktop/i/files/log4j.properties.i
/Users/john/Desktop/i/files/login.jsp.i
/Users/john/Desktop/i/files/login_error.jsp.i
/Users/john/Desktop/i/files/lure__of__the__void.rb.i
/Users/john/Desktop/i/files/lure__of__the__void__test.rb.i
/Users/john/Desktop/i/files/lure__of__the__voids__controller.rb.i
/Users/john/Desktop/i/files/lure__of__the__voids__controller__test.rb.i
/Users/john/Desktop/i/files/lure__of__the__voids__helper.rb.i
/Users/john/Desktop/i/files/main.c.i
/Users/john/Desktop/i/files/main.cpp.i
/Users/john/Desktop/i/files/mime__types.rb.i
/Users/john/Desktop/i/files/models.py.1.i
/Users/john/Desktop/i/files/motivation.rb.i
/Users/john/Desktop/i/files/motivation__test.rb.i
/Users/john/Desktop/i/files/motivations.yml.i
/Users/john/Desktop/i/files/motivations__controller.rb.i
/Users/john/Desktop/i/files/motivations__controller__test.rb.i
/Users/john/Desktop/i/files/motivations__helper.rb.i
/Users/john/Desktop/i/files/mysql-connector-java-5.1.21-bin.jar.i
/Users/john/Desktop/i/files/new\ (copy).html.erb.i
/Users/john/Desktop/i/files/new.html.erb.1.i
/Users/john/Desktop/i/files/new.html.erb.10.i
/Users/john/Desktop/i/files/new.html.erb.11.i
/Users/john/Desktop/i/files/new.html.erb.12.i
/Users/john/Desktop/i/files/new.html.erb.13.i
/Users/john/Desktop/i/files/new.html.erb.14.i
/Users/john/Desktop/i/files/new.html.erb.15.i
/Users/john/Desktop/i/files/new.html.erb.2.i
/Users/john/Desktop/i/files/new.html.erb.3.i
/Users/john/Desktop/i/files/new.html.erb.4.i
/Users/john/Desktop/i/files/new.html.erb.5.i
/Users/john/Desktop/i/files/new.html.erb.6.i
/Users/john/Desktop/i/files/new.html.erb.7.i
/Users/john/Desktop/i/files/new.html.erb.8.i
/Users/john/Desktop/i/files/new.html.erb.9.i
/Users/john/Desktop/i/files/new.html.erb.i
/Users/john/Desktop/i/files/not__return__sets.py.i
/Users/john/Desktop/i/files/ojdbc6.jar.i
/Users/john/Desktop/i/files/open-hat-trimmed.wav.i
/Users/john/Desktop/i/files/order.py.i
/Users/john/Desktop/i/files/org.eclipse.core.resources.prefs.i
/Users/john/Desktop/i/files/org.eclipse.debug.ui.prefs.i
/Users/john/Desktop/i/files/org.eclipse.equinox.p2.ui.sdk.prefs.i
/Users/john/Desktop/i/files/org.eclipse.jdt.core.prefs.i
/Users/john/Desktop/i/files/org.eclipse.jdt.launching.prefs.i
/Users/john/Desktop/i/files/org.eclipse.jdt.ui.prefs.i
/Users/john/Desktop/i/files/org.eclipse.team.ui.prefs.i
/Users/john/Desktop/i/files/org.eclipse.ui.editors.prefs.i
/Users/john/Desktop/i/files/org.eclipse.ui.ide.prefs.i
/Users/john/Desktop/i/files/org.eclipse.ui.prefs.i
/Users/john/Desktop/i/files/org.springframework.aop-3.1.0._r_e_l_e_a_s_e.jar.i
/Users/john/Desktop/i/files/org.springframework.asm-3.1.0._r_e_l_e_a_s_e.jar.i
/Users/john/Desktop/i/files/org.springframework.aspects-3.1.0._r_e_l_e_a_s_e.jar.i
/Users/john/Desktop/i/files/org.springframework.beans-3.1.0._r_e_l_e_a_s_e.jar.i
/Users/john/Desktop/i/files/org.springframework.context-3.1.0._r_e_l_e_a_s_e.jar.i
/Users/john/Desktop/i/files/org.springframework.context.support-3.1.0._r_e_l_e_a_s_e.jar.i
/Users/john/Desktop/i/files/org.springframework.core-3.1.0._r_e_l_e_a_s_e.jar.i
/Users/john/Desktop/i/files/org.springframework.expression-3.1.0._r_e_l_e_a_s_e.jar.i
/Users/john/Desktop/i/files/org.springframework.jdbc-3.1.0._r_e_l_e_a_s_e.jar.i
/Users/john/Desktop/i/files/org.springframework.orm-3.1.0._r_e_l_e_a_s_e.jar.i
/Users/john/Desktop/i/files/org.springframework.transaction-3.1.0._r_e_l_e_a_s_e.jar.i
/Users/john/Desktop/i/files/org.springframework.web-3.1.0._r_e_l_e_a_s_e.jar.i
/Users/john/Desktop/i/files/org.springframework.web.servlet-3.1.0._r_e_l_e_a_s_e.jar.i
/Users/john/Desktop/i/files/origin__path.rb.i
/Users/john/Desktop/i/files/origin__path__stage.rb.i
/Users/john/Desktop/i/files/origin__path__stage__test.rb.i
/Users/john/Desktop/i/files/origin__path__stages__controller.rb.i
/Users/john/Desktop/i/files/origin__path__stages__controller__test.rb.i
/Users/john/Desktop/i/files/origin__path__stages__helper.rb.i
/Users/john/Desktop/i/files/origin__path__test.rb.i
/Users/john/Desktop/i/files/origin__paths.yml.i
/Users/john/Desktop/i/files/origin__paths__controller.rb.i
/Users/john/Desktop/i/files/origin__paths__controller__test.rb.i
/Users/john/Desktop/i/files/origin__paths__helper.rb.i
/Users/john/Desktop/i/files/overview-frame.html.i
/Users/john/Desktop/i/files/overview-summary.html.i
/Users/john/Desktop/i/files/overview-tree.html.i
/Users/john/Desktop/i/files/package-frame.html.1.i
/Users/john/Desktop/i/files/package-frame.html.10.i
/Users/john/Desktop/i/files/package-frame.html.11.i
/Users/john/Desktop/i/files/package-frame.html.12.i
/Users/john/Desktop/i/files/package-frame.html.13.i
/Users/john/Desktop/i/files/package-frame.html.14.i
/Users/john/Desktop/i/files/package-frame.html.15.i
/Users/john/Desktop/i/files/package-frame.html.2.i
/Users/john/Desktop/i/files/package-frame.html.3.i
/Users/john/Desktop/i/files/package-frame.html.4.i
/Users/john/Desktop/i/files/package-frame.html.5.i
/Users/john/Desktop/i/files/package-frame.html.6.i
/Users/john/Desktop/i/files/package-frame.html.7.i
/Users/john/Desktop/i/files/package-frame.html.8.i
/Users/john/Desktop/i/files/package-frame.html.9.i
/Users/john/Desktop/i/files/package-frame.html.i
/Users/john/Desktop/i/files/package-list.i
/Users/john/Desktop/i/files/package-summary.html.1.i
/Users/john/Desktop/i/files/package-summary.html.10.i
/Users/john/Desktop/i/files/package-summary.html.11.i
/Users/john/Desktop/i/files/package-summary.html.12.i
/Users/john/Desktop/i/files/package-summary.html.13.i
/Users/john/Desktop/i/files/package-summary.html.14.i
/Users/john/Desktop/i/files/package-summary.html.15.i
/Users/john/Desktop/i/files/package-summary.html.2.i
/Users/john/Desktop/i/files/package-summary.html.3.i
/Users/john/Desktop/i/files/package-summary.html.4.i
/Users/john/Desktop/i/files/package-summary.html.5.i
/Users/john/Desktop/i/files/package-summary.html.6.i
/Users/john/Desktop/i/files/package-summary.html.7.i
/Users/john/Desktop/i/files/package-summary.html.8.i
/Users/john/Desktop/i/files/package-summary.html.9.i
/Users/john/Desktop/i/files/package-summary.html.i
/Users/john/Desktop/i/files/package-tree.html.1.i
/Users/john/Desktop/i/files/package-tree.html.10.i
/Users/john/Desktop/i/files/package-tree.html.11.i
/Users/john/Desktop/i/files/package-tree.html.12.i
/Users/john/Desktop/i/files/package-tree.html.13.i
/Users/john/Desktop/i/files/package-tree.html.14.i
/Users/john/Desktop/i/files/package-tree.html.15.i
/Users/john/Desktop/i/files/package-tree.html.2.i
/Users/john/Desktop/i/files/package-tree.html.3.i
/Users/john/Desktop/i/files/package-tree.html.4.i
/Users/john/Desktop/i/files/package-tree.html.5.i
/Users/john/Desktop/i/files/package-tree.html.6.i
/Users/john/Desktop/i/files/package-tree.html.7.i
/Users/john/Desktop/i/files/package-tree.html.8.i
/Users/john/Desktop/i/files/package-tree.html.9.i
/Users/john/Desktop/i/files/package-tree.html.i
/Users/john/Desktop/i/files/package-use.html.1.i
/Users/john/Desktop/i/files/package-use.html.10.i
/Users/john/Desktop/i/files/package-use.html.11.i
/Users/john/Desktop/i/files/package-use.html.12.i
/Users/john/Desktop/i/files/package-use.html.13.i
/Users/john/Desktop/i/files/package-use.html.2.i
/Users/john/Desktop/i/files/package-use.html.3.i
/Users/john/Desktop/i/files/package-use.html.4.i
/Users/john/Desktop/i/files/package-use.html.5.i
/Users/john/Desktop/i/files/package-use.html.6.i
/Users/john/Desktop/i/files/package-use.html.7.i
/Users/john/Desktop/i/files/package-use.html.8.i
/Users/john/Desktop/i/files/package-use.html.9.i
/Users/john/Desktop/i/files/package-use.html.i
/Users/john/Desktop/i/files/packages.config.1.i
/Users/john/Desktop/i/files/packages.config.i
/Users/john/Desktop/i/files/pattlog.go.i
/Users/john/Desktop/i/files/persistence.xml.i
/Users/john/Desktop/i/files/pipboy.jpg.1.i
/Users/john/Desktop/i/files/pipboy.jpg.i
/Users/john/Desktop/i/files/pipboy.png.1.i
/Users/john/Desktop/i/files/pipboy.png.i
/Users/john/Desktop/i/files/pipboy__icon.jpg.1.i
/Users/john/Desktop/i/files/pipboy__icon.jpg.i
/Users/john/Desktop/i/files/production.rb.i
/Users/john/Desktop/i/files/prototype.js.i
/Users/john/Desktop/i/files/ptraliasing.cpp.i
/Users/john/Desktop/i/files/rails.i
/Users/john/Desktop/i/files/rails.js.i
/Users/john/Desktop/i/files/rails.png.i
/Users/john/Desktop/i/files/readme.txt.i
/Users/john/Desktop/i/files/remote.py.i
/Users/john/Desktop/i/files/res.txt.i
/Users/john/Desktop/i/files/reset__password__instructions.html.erb.i
/Users/john/Desktop/i/files/robots.txt.i
/Users/john/Desktop/i/files/role.rb.i
/Users/john/Desktop/i/files/role__test.rb.i
/Users/john/Desktop/i/files/roles__controller.rb.i
/Users/john/Desktop/i/files/roles__controller__test.rb.i
/Users/john/Desktop/i/files/roles__helper.rb.i
/Users/john/Desktop/i/files/routes.rb.i
/Users/john/Desktop/i/files/runserver.py.i
/Users/john/Desktop/i/files/saved_index_names.txt.i
/Users/john/Desktop/i/files/schema.rb.i
/Users/john/Desktop/i/files/secret__token.rb.i
/Users/john/Desktop/i/files/seeds.rb.i
/Users/john/Desktop/i/files/serialized-form.html.i
/Users/john/Desktop/i/files/servlet-api.jar.i
/Users/john/Desktop/i/files/session__store.rb.i
/Users/john/Desktop/i/files/settings__base.py.i
/Users/john/Desktop/i/files/settings__post.py.i
/Users/john/Desktop/i/files/settings__pre.py.i
/Users/john/Desktop/i/files/setup.py.i
/Users/john/Desktop/i/files/show.html.erb.1.i
/Users/john/Desktop/i/files/show.html.erb.10.i
/Users/john/Desktop/i/files/show.html.erb.2.i
/Users/john/Desktop/i/files/show.html.erb.3.i
/Users/john/Desktop/i/files/show.html.erb.4.i
/Users/john/Desktop/i/files/show.html.erb.5.i
/Users/john/Desktop/i/files/show.html.erb.6.i
/Users/john/Desktop/i/files/show.html.erb.7.i
/Users/john/Desktop/i/files/show.html.erb.8.i
/Users/john/Desktop/i/files/show.html.erb.9.i
/Users/john/Desktop/i/files/show.html.erb.i
/Users/john/Desktop/i/files/slf4j-api-1.6.6.jar.i
/Users/john/Desktop/i/files/slf4j-log4j12-1.6.6.jar.i
/Users/john/Desktop/i/files/snare-trimmed.wav.i
/Users/john/Desktop/i/files/socklog.go.i
/Users/john/Desktop/i/files/spring-aop.xml.i
/Users/john/Desktop/i/files/spring-context.xml.i
/Users/john/Desktop/i/files/spring-hibernate.xml.i
/Users/john/Desktop/i/files/spring-jpa.xml.i
/Users/john/Desktop/i/files/spring-mvc.xml.i
/Users/john/Desktop/i/files/spring-security-config-3.1.2._r_e_l_e_a_s_e.jar.i
/Users/john/Desktop/i/files/spring-security-core-3.1.2._r_e_l_e_a_s_e.jar.i
/Users/john/Desktop/i/files/spring-security-taglibs-3.1.2._r_e_l_e_a_s_e.jar.i
/Users/john/Desktop/i/files/spring-security-web-3.1.2._r_e_l_e_a_s_e.jar.i
/Users/john/Desktop/i/files/spring-security.xml.i
/Users/john/Desktop/i/files/storage.py.i
/Users/john/Desktop/i/files/stubs.py.i
/Users/john/Desktop/i/files/termlog.go.i
/Users/john/Desktop/i/files/test.c.1.i
/Users/john/Desktop/i/files/test.c.2.i
/Users/john/Desktop/i/files/test.c.3.i
/Users/john/Desktop/i/files/test.c.i
/Users/john/Desktop/i/files/test.cpp.i
/Users/john/Desktop/i/files/test.i
/Users/john/Desktop/i/files/test.o.i
/Users/john/Desktop/i/files/test.out.i
/Users/john/Desktop/i/files/test.rb.i
/Users/john/Desktop/i/files/test__helper.rb.i
/Users/john/Desktop/i/files/testmodels.py.i
/Users/john/Desktop/i/files/tests.py.i
/Users/john/Desktop/i/files/testserver.py.i
/Users/john/Desktop/i/files/tiles-api-2.2.2.jar.i
/Users/john/Desktop/i/files/tiles-config.xml.i
/Users/john/Desktop/i/files/tiles-core-2.2.2.jar.i
/Users/john/Desktop/i/files/tiles-jsp-2.2.2.jar.i
/Users/john/Desktop/i/files/tiles-servlet-2.2.2.jar.i
/Users/john/Desktop/i/files/tiles-template-2.2.2.jar.i
/Users/john/Desktop/i/files/transaction.py.i
/Users/john/Desktop/i/files/transactions.py.i
/Users/john/Desktop/i/files/trials__and__travails.rb.i
/Users/john/Desktop/i/files/trials__and__travails.yml.i
/Users/john/Desktop/i/files/trials__and__travails__controller.rb.i
/Users/john/Desktop/i/files/trials__and__travails__controller__test.rb.i
/Users/john/Desktop/i/files/trials__and__travails__helper.rb.i
/Users/john/Desktop/i/files/trials__and__travails__test.rb.i
/Users/john/Desktop/i/files/ui.py.i
/Users/john/Desktop/i/files/unlock__instructions.html.erb.i
/Users/john/Desktop/i/files/update.py.i
/Users/john/Desktop/i/files/user.rb.i
/Users/john/Desktop/i/files/user__test.rb.i
/Users/john/Desktop/i/files/users.yml.i
/Users/john/Desktop/i/files/util.py.i
/Users/john/Desktop/i/files/utils.py.1.i
/Users/john/Desktop/i/files/utils.py.i
/Users/john/Desktop/i/files/validation-api-1.0.0._g_a.jar.i
/Users/john/Desktop/i/files/variables_and_containers.dat.i
/Users/john/Desktop/i/files/vehicle_add.jsp.i
/Users/john/Desktop/i/files/vehicle_add_success.jsp.i
/Users/john/Desktop/i/files/vehicle_delete_success.jsp.i
/Users/john/Desktop/i/files/vehicle_edit.jsp.i
/Users/john/Desktop/i/files/vehicle_edit_success.jsp.i
/Users/john/Desktop/i/files/vehicle_list.jsp.i
/Users/john/Desktop/i/files/vehicle_make_add.jsp.i
/Users/john/Desktop/i/files/vehicle_make_add_success.jsp.i
/Users/john/Desktop/i/files/vehicle_make_delete_success.jsp.i
/Users/john/Desktop/i/files/vehicle_make_edit.jsp.i
/Users/john/Desktop/i/files/vehicle_make_edit_success.jsp.i
/Users/john/Desktop/i/files/vehicle_make_list.jsp.i
/Users/john/Desktop/i/files/vehicle_make_view.jsp.i
/Users/john/Desktop/i/files/vehicle_view.jsp.i
/Users/john/Desktop/i/files/views.py.i
/Users/john/Desktop/i/files/web.xml.i
/Users/john/Desktop/i/files/workbench.xml.i
/Users/john/Desktop/i/files/workingsets.xml.i
/Users/john/Desktop/i/files/zdegree.eap.i
/Users/john/Desktop/i/files/zdegree.ldb.i
/Users/john/Desktop/i/files/zipdemo.py.i
/Users/john/Desktop/i/files/~2e_parent.i
/Users/john/Desktop/i/files/~2eclasspath.i
/Users/john/Desktop/i/files/~2edeps.i
/Users/john/Desktop/i/files/~2ehgeol.i
/Users/john/Desktop/i/files/~2ehgignore.1.i
/Users/john/Desktop/i/files/~2ehgignore.2.i
/Users/john/Desktop/i/files/~2ehgignore.3.i
/Users/john/Desktop/i/files/~2ehgignore.i
/Users/john/Desktop/i/files/~2ehgtags.i
/Users/john/Desktop/i/files/~2eproject.i
/Users/john/Desktop/i/files/~2esvnbridge.i
