
   [+] ./xsdbs_v1_0_vl_rfs.v
   [-] ./xsdbs_v1_0_vl_rfs.1.v
   [-] ./xsdbs_v1_0_vl_rfs.7.v
   [-] ./xsdbs_v1_0_vl_rfs.8.v
   [-] ./xsdbs_v1_0_vl_rfs.18.v
   [-] ./xsdbs_v1_0_vl_rfs.22.v
   [-] ./xsdbs_v1_0_vl_rfs.23.v
   [-] ./xsdbs_v1_0_vl_rfs.26.v
   [-] ./xsdbs_v1_0_vl_rfs.27.v
   [-] ./xsdbs_v1_0_vl_rfs.28.v
   [-] ./xsdbs_v1_0_vl_rfs.29.v
   [-] ./xsdbs_v1_0_vl_rfs.30.v
   [-] ./xsdbs_v1_0_vl_rfs.31.v


   [+] ./xsdbs_v1_0_vl_rfs.9.v
   [-] ./xsdbs_v1_0_vl_rfs.10.v
   [-] ./xsdbs_v1_0_vl_rfs.11.v
   [-] ./xsdbs_v1_0_vl_rfs.12.v
   [-] ./xsdbs_v1_0_vl_rfs.13.v
   [-] ./xsdbs_v1_0_vl_rfs.14.v
   [-] ./xsdbs_v1_0_vl_rfs.15.v
   [-] ./xsdbs_v1_0_vl_rfs.16.v


   [+] ./xsdbs_v1_0_vl_rfs.6.v
   [-] ./xsdbs_v1_0_vl_rfs.32.v


   [+] ./xsdbs_v1_0_vl_rfs.2.v
   [-] ./xsdbs_v1_0_vl_rfs.4.v
   [-] ./xsdbs_v1_0_vl_rfs.5.v
   [-] ./xsdbs_v1_0_vl_rfs.19.v
   [-] ./xsdbs_v1_0_vl_rfs.20.v
   [-] ./xsdbs_v1_0_vl_rfs.21.v
   [-] ./xsdbs_v1_0_vl_rfs.24.v
   [-] ./xsdbs_v1_0_vl_rfs.25.v


   [+] ./XADC_rst_ps7_0_50M_0_sim_netlist.1.v
   [-] ./XADC_rst_ps7_0_50M_0_sim_netlist.2.v


   [+] ./wp.2.v
   [-] ./wp.3.v


   [+] ./WB.4.v
   [-] ./WB.5.v
   [-] ./WB.6.v
   [-] ./WB.7.v


   [+] ./WB.1.v
   [-] ./WB.2.v


   [+] ./vp_0_sim_netlist.4.v
   [-] ./vp_0_sim_netlist.6.v


   [+] ./vp_0_sim_netlist.2.v
   [-] ./vp_0_sim_netlist.5.v


   [+] ./vio_v3_0_syn_rfs.v
   [-] ./vio_v3_0_syn_rfs.2.v


   [+] ./vio_v3_0_18_vio_include.v
   [-] ./vio_v3_0_18_vio_include.1.v


   [+] ./video.v
   [-] ./video.1.v


   [+] ./verif_encryption_one_column.v
   [-] ./verif_encryption_one_column.1.v


   [+] ./verif_encryption_ll_module.v
   [-] ./verif_encryption_ll_module.1.v


   [+] ./Util.3.v
   [-] ./Util.4.v
   [-] ./Util.5.v


   [+] ./uC.v
   [-] ./uC.1.v


   [+] ./uart_top.1.v
   [-] ./uart_top.3.v
   [-] ./uart_top.4.v
   [-] ./uart_top.10.v
   [-] ./uart_top.11.v
   [-] ./uart_top.12.v
   [-] ./uart_top.14.v
   [-] ./uart_top.15.v
   [-] ./uart_top.17.v
   [-] ./uart_top.18.v
   [-] ./uart_top.25.v
   [-] ./uart_top.26.v
   [-] ./uart_top.29.v
   [-] ./uart_top.31.v


   [+] ./u1.v
   [-] ./u1.1.V
   [-] ./u1.2.V
   [-] ./u1.3.V
   [-] ./u1.4.V
   [-] ./u1.5.V
   [-] ./u1.6.V


   [+] ./u1.beh.v
   [-] ./u1.beh.1.v
   [-] ./u1.beh.2.v
   [-] ./u1.beh.3.v
   [-] ./u1.beh.4.v
   [-] ./u1.beh.5.v
   [-] ./u1.beh.6.v


   [+] ./TypeResolutionTests.v
   [-] ./TypeResolutionTests.1.v


   [+] ./type_slv6_proc.1.v
   [-] ./type_slv6_proc.2.v


   [+] ./type_rec_functions.v
   [-] ./type_rec_functions.1.v


   [+] ./Tunnelingtyping.1.v
   [-] ./Tunnelingtyping.2.v


   [+] ./Tunnelingproof.1.v
   [-] ./Tunnelingproof.2.v


   [+] ./Tunneling.2.v
   [-] ./Tunneling.4.v


   [+] ./ttc_lite.v
   [-] ./ttc_lite.1.v
   [-] ./ttc_lite.2.v


   [+] ./tsmc13gfsg_fram_lvs.1.v
   [-] ./tsmc13gfsg_fram_lvs.2.v


   [+] ./top_level_rst_top_level_31M_1_sim_netlist.1.v
   [-] ./top_level_rst_top_level_31M_1_sim_netlist.2.v


   [+] ./top_level_rst_clk_wiz_1_100M_1_sim_netlist.v
   [-] ./top_level_rst_clk_wiz_1_100M_1_sim_netlist.1.v


   [+] ./top_level_rst_clk_wiz_1_100M_0_sim_netlist.5.v
   [-] ./top_level_rst_clk_wiz_1_100M_0_sim_netlist.6.v


   [+] ./top_level_rst_clk_wiz_1_100M_0_sim_netlist.2.v
   [-] ./top_level_rst_clk_wiz_1_100M_0_sim_netlist.3.v


   [+] ./top_level_proc_sys_reset_0_0_sim_netlist.1.v
   [-] ./top_level_proc_sys_reset_0_0_sim_netlist.2.v


   [+] ./top_level.6.v
   [-] ./top_level.7.v


   [+] ./top_level.3.v
   [-] ./top_level.4.v
   [-] ./top_level.5.v


   [+] ./top_level.1.v
   [-] ./top_level.v


   [+] ./top.22.v
   [-] ./top.23.v
   [-] ./top.24.v
   [-] ./top.25.v
   [-] ./top.26.v
   [-] ./top.27.v


   [+] ./tkx_update_32b.v
   [-] ./tkx_update_32b.2.v


   [+] ./TestBench_Controle.1.v
   [-] ./TestBench_Controle.v


   [+] ./test_simulation_techmap_tech.v
   [-] ./test_simulation_techmap_tech.1.v
   [-] ./test_simulation_techmap_tech.2.v
   [-] ./test_simulation_techmap_tech.3.v
   [-] ./test_simulation_techmap_tech.4.v


   [+] ./test.6.v
   [-] ./map_test.v


   [+] ./Test.12.v
   [-] ./Test.13.v


   [+] ./ten_gig_eth_pcs_pma_v3_0_rxratecounter.v
   [-] ./ten_gig_eth_pcs_pma_v3_0_rxratecounter.1.v


   [+] ./ten_gig_eth_pcs_pma_v3_0_rx_pcs_fsm.v
   [-] ./ten_gig_eth_pcs_pma_v3_0_rx_pcs_fsm.1.v


   [+] ./ten_gig_eth_pcs_pma_v3_0_rx_decoder.v
   [-] ./ten_gig_eth_pcs_pma_v3_0_rx_decoder.1.v


   [+] ./ten_gig_eth_pcs_pma_v3_0_pcs_txrx_codec.v
   [-] ./ten_gig_eth_pcs_pma_v3_0_pcs_txrx_codec.1.v


   [+] ./ten_gig_eth_pcs_pma_v3_0_pcs_top.v
   [-] ./ten_gig_eth_pcs_pma_v3_0_pcs_top.1.v


   [+] ./ten_gig_eth_pcs_pma_v3_0_pcs_scramble.v
   [-] ./ten_gig_eth_pcs_pma_v3_0_pcs_scramble.1.v


   [+] ./ten_gig_eth_pcs_pma_v3_0_pcs_loopback.v
   [-] ./ten_gig_eth_pcs_pma_v3_0_pcs_loopback.1.v


   [+] ./ten_gig_eth_pcs_pma_v3_0_pcs_descramble.v
   [-] ./ten_gig_eth_pcs_pma_v3_0_pcs_descramble.1.v


   [+] ./ten_gig_eth_pcs_pma_v3_0_mdio_interface.v
   [-] ./ten_gig_eth_pcs_pma_v3_0_mdio_interface.1.v


   [+] ./ten_gig_eth_pcs_pma_v3_0_management_top.v
   [-] ./ten_gig_eth_pcs_pma_v3_0_management_top.1.v


   [+] ./ten_gig_eth_pcs_pma_v3_0_management_mdio.v
   [-] ./ten_gig_eth_pcs_pma_v3_0_management_mdio.1.v


   [+] ./ten_gig_eth_pcs_pma_v3_0_management_cs.v
   [-] ./ten_gig_eth_pcs_pma_v3_0_management_cs.1.v


   [+] ./ten_gig_eth_pcs_pma_v3_0_ieee_registers.v
   [-] ./ten_gig_eth_pcs_pma_v3_0_ieee_registers.1.v


   [+] ./ten_gig_eth_pcs_pma_v3_0_idle_insert.v
   [-] ./ten_gig_eth_pcs_pma_v3_0_idle_insert.1.v


   [+] ./ten_gig_eth_pcs_pma_v3_0_idle_detect.v
   [-] ./ten_gig_eth_pcs_pma_v3_0_idle_detect.1.v


   [+] ./ten_gig_eth_pcs_pma_v3_0_idle_delete.v
   [-] ./ten_gig_eth_pcs_pma_v3_0_idle_delete.1.v


   [+] ./ten_gig_eth_pcs_pma_v3_0_g_register.v
   [-] ./ten_gig_eth_pcs_pma_v3_0_g_register.1.v


   [+] ./ten_gig_eth_pcs_pma_v3_0_fec_pn2112.v
   [-] ./ten_gig_eth_pcs_pma_v3_0_fec_pn2112.1.v


   [+] ./ten_gig_eth_pcs_pma_v3_0_fec_err_pcs.v
   [-] ./ten_gig_eth_pcs_pma_v3_0_fec_err_pcs.1.v


   [+] ./ten_gig_eth_pcs_pma_v3_0_fec_err_pattgen_corr.v
   [-] ./ten_gig_eth_pcs_pma_v3_0_fec_err_pattgen_corr.1.v


   [+] ./ten_gig_eth_pcs_pma_v3_0_fec_enc.v
   [-] ./ten_gig_eth_pcs_pma_v3_0_fec_enc.1.v


   [+] ./ten_gig_eth_pcs_pma_v3_0_fec_dec.v
   [-] ./ten_gig_eth_pcs_pma_v3_0_fec_dec.1.v


   [+] ./ten_gig_eth_pcs_pma_v3_0_fec_block_sync.v
   [-] ./ten_gig_eth_pcs_pma_v3_0_fec_block_sync.1.v


   [+] ./ten_gig_eth_pcs_pma_v3_0_fastxor18.v
   [-] ./ten_gig_eth_pcs_pma_v3_0_fastxor18.1.v


   [+] ./ten_gig_eth_pcs_pma_v3_0_fastxor12.v
   [-] ./ten_gig_eth_pcs_pma_v3_0_fastxor12.1.v


   [+] ./ten_gig_eth_pcs_pma_v3_0_err_tracker_orig.v
   [-] ./ten_gig_eth_pcs_pma_v3_0_err_tracker_orig.1.v


   [+] ./ten_gig_eth_pcs_pma_v3_0_elastic_buffer_wrapper.v
   [-] ./ten_gig_eth_pcs_pma_v3_0_elastic_buffer_wrapper.1.v


   [+] ./ten_gig_eth_pcs_pma_v3_0_drp_ipif.v
   [-] ./ten_gig_eth_pcs_pma_v3_0_drp_ipif.1.v


   [+] ./ten_gig_eth_pcs_pma_v3_0_dclk_clk156_resyncs_training.v
   [-] ./ten_gig_eth_pcs_pma_v3_0_dclk_clk156_resyncs_training.1.v


   [+] ./ten_gig_eth_pcs_pma_v3_0_common_ieee_registers.v
   [-] ./ten_gig_eth_pcs_pma_v3_0_common_ieee_registers.1.v


   [+] ./ten_gig_eth_pcs_pma_v3_0_combine_status.v
   [-] ./ten_gig_eth_pcs_pma_v3_0_combine_status.1.v


   [+] ./ten_gig_eth_pcs_pma_v3_0_cc2ce.v
   [-] ./ten_gig_eth_pcs_pma_v3_0_cc2ce.1.v


   [+] ./ten_gig_eth_pcs_pma_v3_0_basekr_ieee_registers.v
   [-] ./ten_gig_eth_pcs_pma_v3_0_basekr_ieee_registers.1.v


   [+] ./ten_gig_eth_pcs_pma_v3_0_barrel_shift_read.v
   [-] ./ten_gig_eth_pcs_pma_v3_0_barrel_shift_read.1.v


   [+] ./ten_gig_eth_pcs_pma_v3_0_an_tx.v
   [-] ./ten_gig_eth_pcs_pma_v3_0_an_tx.1.v


   [+] ./ten_gig_eth_pcs_pma_v3_0_an_rx_trans.v
   [-] ./ten_gig_eth_pcs_pma_v3_0_an_rx_trans.1.v


   [+] ./ten_gig_eth_pcs_pma_v3_0_an_rx.v
   [-] ./ten_gig_eth_pcs_pma_v3_0_an_rx.1.v


   [+] ./tb_rps.v
   [-] ./tb_rps.1.v


   [+] ./tb_controle.v
   [-] ./tb_controle.1.v


   [+] ./Tailcallproof.1.v
   [-] ./Tailcallproof.3.v


   [+] ./Tailcall.2.v
   [-] ./Tailcall.4.v


   [+] ./TacticsTest.3.v
   [-] ./TacticsTest.4.v


   [+] ./system_v_axi4s_vid_out_0_0.v
   [-] ./system_v_axi4s_vid_out_0_0.1.v


   [+] ./system_rst_vid_clk_dyn_0_sim_netlist.v
   [-] ./system_rst_vid_clk_dyn_0_sim_netlist.1.v


   [+] ./System_rst_ps7_0_100M_0_sim_netlist.2.v
   [-] ./System_rst_ps7_0_100M_0_sim_netlist.3.v


   [+] ./system_rst_clk_wiz_0_50M_0_sim_netlist.v
   [-] ./system_rst_clk_wiz_0_50M_0_sim_netlist.1.v


   [+] ./system_led_ip_0_0.v
   [-] ./system_led_ip_0_0.2.v
   [-] ./system_led_ip_0_0.4.v
   [-] ./system_led_ip_0_0.6.v


   [+] ./system_led_ip_0_0.1.v
   [-] ./system_led_ip_0_0.3.v
   [-] ./system_led_ip_0_0.5.v
   [-] ./system_led_ip_0_0.7.v


   [+] ./system.1.v
   [-] ./system.v
   [-] ./system.2.v
   [-] ./system.3.v
   [-] ./system.4.v
   [-] ./system.5.v
   [-] ./system.6.v
   [-] ./system.7.v


   [+] ./sync_win.v
   [-] ./sync_win.1.v


   [+] ./symboltable.v
   [-] ./symboltable.1.v


   [+] ./stdcell.v
   [-] ./stdcell.1.v


   [+] ./state_update_32b.v
   [-] ./state_update_32b.2.v


   [+] ./SRAM_CTR.v
   [-] ./SRAM_CTR.1.v


   [+] ./sqrt_sim_netlist.v
   [-] ./sqrt_sim_netlist.1.v


   [+] ./sqrt_sim_netlist.2.v
   [-] ./sqrt_sim_netlist.3.v
   [-] ./sqrt_sim_netlist.4.v


   [+] ./sprites.v
   [-] ./sprites.1.v


   [+] ./sprite.v
   [-] ./sprite.1.v


   [+] ./spi_slave.v
   [-] ./spi_slave.1.v


   [+] ./sirv_qspi_physical_2.v
   [-] ./sirv_qspi_physical_2.1.v


   [+] ./sirv_qspi_physical_1.v
   [-] ./sirv_qspi_physical_1.1.v


   [+] ./sirv_qspi_physical.v
   [-] ./sirv_qspi_physical.1.v


   [+] ./sirv_qspi_media_2.v
   [-] ./sirv_qspi_media_2.1.v


   [+] ./sirv_qspi_media_1.v
   [-] ./sirv_qspi_media_1.1.v


   [+] ./sirv_qspi_media.v
   [-] ./sirv_qspi_media.1.v


   [+] ./SimplLocals.v
   [-] ./SimplLocals.4.v


   [+] ./SimplLocals.9.v
   [-] ./SimplLocals.11.v


   [+] ./SimplLocals.1.v
   [-] ./SimplLocals.5.v


   [+] ./simlib_hana.v
   [-] ./simlib_hana.1.v


   [+] ./ShiyanPingtai.v
   [-] ./ShiyanPingtai.1.v


   [+] ./setend_compcert.v
   [-] ./setend_compcert.1.v


   [+] ./serial_tx.v
   [-] ./serial_tx.1.v


   [+] ./serial_rx.v
   [-] ./serial_rx.1.v


   [+] ./semisimplicial2.v
   [-] ./semisimplicial2.1.v


   [+] ./semisimplicial.v
   [-] ./semisimplicial.1.v


   [+] ./Semantics.v
   [-] ./Semantics.1.v


   [+] ./saed90nm_xilinx.v
   [-] ./saed90nm_xilinx.1.v


   [+] ./RTLgen.v
   [-] ./RTLgen.3.v


   [+] ./RTL_eff.v
   [-] ./RTL_eff.1.v


   [+] ./RTL_eff.2.v
   [-] ./RTL_eff.3.v


   [+] ./RTL.9.v
   [-] ./RTL.12.v


   [+] ./RTL.7.v
   [-] ./RTL.16.v


   [+] ./RTL.1.v
   [-] ./RTL.2.v
   [-] ./RTL.6.v


   [+] ./riscvdualfetch-CoreDpathAlu.v
   [-] ./riscvlong-CoreDpathAlu.v


   [+] ./riscvbyp-CoreDpathPipeMulDiv.v
   [-] ./riscvstall-CoreDpathPipeMulDiv.v


   [+] ./riscvbyp-CoreDpathAlu.v
   [-] ./riscvstall-CoreDpathAlu.v


   [+] ./rgb2ycbcr_0_sim_netlist.v
   [-] ./rgb2ycbcr_0_sim_netlist.1.v


   [+] ./Review2.v
   [-] ./Review2.1.v


   [+] ./Review1.v
   [-] ./Review1.1.v


   [+] ./Register_File.v
   [-] ./Register_File.2.v
   [-] ./Register_File.3.v
   [-] ./Register_File.4.v
   [-] ./Register_File.5.v
   [-] ./Register_File.6.v
   [-] ./Register_File.7.v


   [+] ./PTreeSemantics.v
   [-] ./PTreeSemantics.1.v


   [+] ./ps_block_rst_ps8_0_100M_0_stub.v
   [-] ./ps_block_rst_ps8_0_100M_0_stub.1.v


   [+] ./ps_block_rst_ps8_0_100M_0_sim_netlist.v
   [-] ./ps_block_rst_ps8_0_100M_0_sim_netlist.1.v


   [+] ./processing_system7_vip_v1_0_7_reg_init.v
   [-] ./processing_system7_vip_v1_0_7_reg_init.1.v
   [-] ./processing_system7_vip_v1_0_7_reg_init.2.v
   [-] ./processing_system7_vip_v1_0_7_reg_init.3.v
   [-] ./processing_system7_vip_v1_0_7_reg_init.4.v
   [-] ./processing_system7_vip_v1_0_7_reg_init.5.v
   [-] ./processing_system7_vip_v1_0_7_reg_init.6.v
   [-] ./processing_system7_vip_v1_0_7_reg_init.7.v
   [-] ./processing_system7_vip_v1_0_7_reg_init.8.v


   [+] ./processing_system7_vip_v1_0_6_reg_init.v
   [-] ./processing_system7_vip_v1_0_6_reg_init.1.v
   [-] ./processing_system7_vip_v1_0_6_reg_init.2.v
   [-] ./processing_system7_vip_v1_0_6_reg_init.3.v
   [-] ./processing_system7_vip_v1_0_6_reg_init.4.v
   [-] ./processing_system7_vip_v1_0_6_reg_init.5.v
   [-] ./processing_system7_vip_v1_0_6_reg_init.6.v
   [-] ./processing_system7_vip_v1_0_6_reg_init.7.v
   [-] ./processing_system7_vip_v1_0_6_reg_init.8.v
   [-] ./processing_system7_vip_v1_0_6_reg_init.10.v
   [-] ./processing_system7_vip_v1_0_6_reg_init.9.v
   [-] ./processing_system7_vip_v1_0_6_reg_init.11.v
   [-] ./processing_system7_vip_v1_0_6_reg_init.12.v
   [-] ./processing_system7_vip_v1_0_6_reg_init.13.v
   [-] ./processing_system7_vip_v1_0_6_reg_init.14.v
   [-] ./processing_system7_vip_v1_0_6_reg_init.15.v
   [-] ./processing_system7_vip_v1_0_6_reg_init.16.v
   [-] ./processing_system7_vip_v1_0_6_reg_init.17.v
   [-] ./processing_system7_vip_v1_0_6_reg_init.18.v
   [-] ./processing_system7_vip_v1_0_6_reg_init.19.v
   [-] ./processing_system7_vip_v1_0_6_reg_init.20.v
   [-] ./processing_system7_vip_v1_0_6_reg_init.21.v


   [+] ./processing_system7_vip_v1_0_5_reg_init.v
   [-] ./processing_system7_vip_v1_0_5_reg_init.1.v
   [-] ./processing_system7_vip_v1_0_5_reg_init.2.v
   [-] ./processing_system7_vip_v1_0_5_reg_init.3.v
   [-] ./processing_system7_vip_v1_0_5_reg_init.4.v
   [-] ./processing_system7_vip_v1_0_5_reg_init.5.v
   [-] ./processing_system7_vip_v1_0_5_reg_init.6.v
   [-] ./processing_system7_vip_v1_0_5_reg_init.7.v
   [-] ./processing_system7_vip_v1_0_5_reg_init.8.v
   [-] ./processing_system7_vip_v1_0_5_reg_init.9.v
   [-] ./processing_system7_vip_v1_0_5_reg_init.10.v
   [-] ./processing_system7_vip_v1_0_5_reg_init.11.v
   [-] ./processing_system7_vip_v1_0_5_reg_init.12.v
   [-] ./processing_system7_vip_v1_0_5_reg_init.13.v


   [+] ./processing_system7_vip_v1_0_4_reg_init.v
   [-] ./processing_system7_vip_v1_0_4_reg_init.1.v


   [+] ./processing_system7_vip_v1_0_3_reg_init.v
   [-] ./processing_system7_vip_v1_0_3_reg_init.1.v
   [-] ./processing_system7_vip_v1_0_3_reg_init.2.v
   [-] ./processing_system7_vip_v1_0_3_reg_init.3.v
   [-] ./processing_system7_vip_v1_0_3_reg_init.4.v
   [-] ./processing_system7_vip_v1_0_3_reg_init.5.v
   [-] ./processing_system7_vip_v1_0_3_reg_init.6.v
   [-] ./processing_system7_vip_v1_0_3_reg_init.7.v
   [-] ./processing_system7_vip_v1_0_3_reg_init.8.v
   [-] ./processing_system7_vip_v1_0_3_reg_init.9.v
   [-] ./processing_system7_vip_v1_0_3_reg_init.10.v
   [-] ./processing_system7_vip_v1_0_3_reg_init.11.v


   [+] ./processing_system7_vip_v1_0_0_reg_init.v
   [-] ./processing_system7_vip_v1_0_0_reg_init.1.v
   [-] ./processing_system7_vip_v1_0_0_reg_init.2.v


   [+] ./processing_system7_bfm_v2_0_reg_init.v
   [-] ./processing_system7_bfm_v2_0_reg_init.1.v
   [-] ./processing_system7_bfm_v2_0_reg_init.2.v
   [-] ./processing_system7_bfm_v2_0_reg_init.3.v
   [-] ./processing_system7_bfm_v2_0_reg_init.4.v
   [-] ./processing_system7_bfm_v2_0_reg_init.5.v
   [-] ./processing_system7_bfm_v2_0_reg_init.6.v
   [-] ./processing_system7_bfm_v2_0_reg_init.7.v
   [-] ./processing_system7_bfm_v2_0_reg_init.8.v
   [-] ./processing_system7_bfm_v2_0_reg_init.10.v
   [-] ./processing_system7_bfm_v2_0_reg_init.9.v
   [-] ./processing_system7_bfm_v2_0_reg_init.11.v
   [-] ./processing_system7_bfm_v2_0_reg_init.12.v
   [-] ./processing_system7_bfm_v2_0_reg_init.13.v
   [-] ./processing_system7_bfm_v2_0_reg_init.14.v
   [-] ./processing_system7_bfm_v2_0_reg_init.15.v
   [-] ./processing_system7_bfm_v2_0_reg_init.16.v
   [-] ./processing_system7_bfm_v2_0_reg_init.17.v
   [-] ./processing_system7_bfm_v2_0_reg_init.19.v
   [-] ./processing_system7_bfm_v2_0_reg_init.20.v
   [-] ./processing_system7_bfm_v2_0_reg_init.21.v
   [-] ./processing_system7_bfm_v2_0_reg_init.22.v
   [-] ./processing_system7_bfm_v2_0_reg_init.23.v


   [+] ./processing_system7_bfm_v2_0_5_reg_init.v
   [-] ./processing_system7_bfm_v2_0_5_reg_init.1.v
   [-] ./processing_system7_bfm_v2_0_5_reg_init.2.v
   [-] ./processing_system7_bfm_v2_0_5_reg_init.3.v


   [+] ./power_ctrl_sm_lab1.v
   [-] ./power_ctrl_sm_lab1.1.v


   [+] ./power_ctrl_sm.v
   [-] ./power_ctrl_sm.1.v


   [+] ./pipeline_reg.v
   [-] ./1.v


   [+] ./pcs_tx_disparity.v
   [-] ./pcs_tx_disparity.1.v


   [+] ./pcs_tx_disparity.3.v
   [-] ./pcs_tx_disparity.5.v
   [-] ./pcs_tx_disparity.7.v
   [-] ./pcs_tx_disparity.9.v
   [-] ./pcs_tx_disparity.11.v


   [+] ./pcs_tx_disparity.2.v
   [-] ./pcs_tx_disparity.4.v
   [-] ./pcs_tx_disparity.6.v
   [-] ./pcs_tx_disparity.8.v
   [-] ./pcs_tx_disparity.10.v


   [+] ./pcs_encoder.v
   [-] ./pcs_encoder.1.v


   [+] ./pcs_encoder.3.v
   [-] ./pcs_encoder.4.v
   [-] ./pcs_encoder.5.v
   [-] ./pcs_encoder.6.v


   [+] ./pcihellocore_mm_interconnect_0_avalon_st_adapter_007.1.v
   [-] ./pcihellocore_mm_interconnect_0_avalon_st_adapter_007.v


   [+] ./path_lemmas.v
   [-] ./path_lemmas.1.v


   [+] ./parameters.v
   [-] ./parameters.1.v
   [-] ./parameters.2.v
   [-] ./parameters.4.v
   [-] ./parameters.5.v


   [+] ./os_lin.v
   [-] ./os_mac.1.v


   [+] ./ord.v
   [-] ./ord5.v


   [+] ./niu_zcp_handle_decoder.v
   [-] ./niu_zcp_handle_decoder.1.v


   [+] ./nios_system.2.v
   [-] ./nios_system.3.v


   [+] ./nios_system.1.v
   [-] ./nios_system.v


   [+] ./news_fetcher.v
   [-] ./news_fetcher.1.v


   [+] ./neos2test.1.v
   [-] ./neos2test.3.v


   [+] ./msix_struct.1.v
   [-] ./msix_struct.v


   [+] ./mplayer_micro_v2_top_rst_ps7_0_50M_0_sim_netlist.2.v
   [-] ./mplayer_micro_v2_top_rst_ps7_0_50M_0_sim_netlist.3.v


   [+] ./mplayer_micro_rst_ps7_0_100M_0_sim_netlist.2.v
   [-] ./mplayer_micro_rst_ps7_0_100M_0_sim_netlist.3.v


   [+] ./MoreStlcTest.v
   [-] ./MoreStlcTest.1.v
   [-] ./MoreStlcTest.3.v
   [-] ./MoreStlcTest.4.v
   [-] ./MoreStlcTest.5.v
   [-] ./MoreStlcTest.6.v
   [-] ./MoreStlcTest.7.v


   [+] ./Modules.v
   [-] ./Modules.1.v


   [+] ./module_fnChkNodeCore.v
   [-] ./module_fnChkNodeCore.1.v


   [+] ./module_fnCheckDecodedWord.v
   [-] ./module_fnCheckDecodedWord.1.v


   [+] ./module_fnBitNodeCore.v
   [-] ./module_fnBitNodeCore.1.v


   [+] ./mocked_md.v
   [-] ./mocked_md.1.v


   [+] ./microblaze.v
   [-] ./microblaze.1.v


   [+] ./MicroBlaze.3.v
   [-] ./MicroBlaze.4.v


   [+] ./memory.5.v
   [-] ./memory.6.v


   [+] ./Memdata.2.v
   [-] ./Memdata.3.v


   [+] ./MemAdd.3.v
   [-] ./MemAdd.4.v


   [+] ./MemAdd.1.v
   [-] ./MemAdd.2.v


   [+] ./MEM_Reg.4.v
   [-] ./MEM_Reg.5.v


   [+] ./MEM_Reg.1.v
   [-] ./MEM_Reg.2.v


   [+] ./MEM.2.v
   [-] ./MEM.3.v


   [+] ./master.1.v
   [-] ./master.v


   [+] ./Maps.3.v
   [-] ./Maps.4.v
   [-] ./Maps.5.v


   [+] ./Main.4.v
   [-] ./Main.5.v


   [+] ./main.17.v
   [-] ./main.18.v


   [+] ./main.15.v
   [-] ./main.16.v


   [+] ./lyt_lib_all.v
   [-] ./lyt_lib_all.1.v


   [+] ./ltlib_v1_0_vl_rfs.v
   [-] ./ltlib_v1_0_vl_rfs.1.v
   [-] ./ltlib_v1_0_vl_rfs.11.v
   [-] ./ltlib_v1_0_vl_rfs.12.v
   [-] ./ltlib_v1_0_vl_rfs.20.v
   [-] ./ltlib_v1_0_vl_rfs.25.v
   [-] ./ltlib_v1_0_vl_rfs.26.v
   [-] ./ltlib_v1_0_vl_rfs.29.v
   [-] ./ltlib_v1_0_vl_rfs.30.v
   [-] ./ltlib_v1_0_vl_rfs.31.v
   [-] ./ltlib_v1_0_vl_rfs.32.v
   [-] ./ltlib_v1_0_vl_rfs.33.v
   [-] ./ltlib_v1_0_vl_rfs.34.v


   [+] ./ltlib_v1_0_vl_rfs.9.v
   [-] ./ltlib_v1_0_vl_rfs.37.v


   [+] ./ltlib_v1_0_vl_rfs.5.v
   [-] ./ltlib_v1_0_vl_rfs.7.v
   [-] ./ltlib_v1_0_vl_rfs.8.v
   [-] ./ltlib_v1_0_vl_rfs.21.v
   [-] ./ltlib_v1_0_vl_rfs.22.v
   [-] ./ltlib_v1_0_vl_rfs.23.v
   [-] ./ltlib_v1_0_vl_rfs.27.v
   [-] ./ltlib_v1_0_vl_rfs.28.v


   [+] ./ltlib_v1_0_vl_rfs.2.v
   [-] ./ltlib_v1_0_vl_rfs.3.v
   [-] ./ltlib_v1_0_vl_rfs.4.v
   [-] ./ltlib_v1_0_vl_rfs.10.v
   [-] ./ltlib_v1_0_vl_rfs.35.v
   [-] ./ltlib_v1_0_vl_rfs.36.v


   [+] ./ltlib_v1_0_vl_rfs.13.v
   [-] ./ltlib_v1_0_vl_rfs.14.v
   [-] ./ltlib_v1_0_vl_rfs.15.v
   [-] ./ltlib_v1_0_vl_rfs.16.v
   [-] ./ltlib_v1_0_vl_rfs.17.v
   [-] ./ltlib_v1_0_vl_rfs.18.v


   [+] ./LTL.2.v
   [-] ./LTL.3.v


   [+] ./lsi_10k.v
   [-] ./lsi_10k.1.v
   [-] ./lsi_10k.2.v


   [+] ./links_scraper.v
   [-] ./links_scraper.1.v


   [+] ./Linearizetyping.v
   [-] ./Linearizetyping.1.v
   [-] ./Linearizetyping.2.v


   [+] ./Linearizeproof.1.v
   [-] ./Linearizeproof.2.v


   [+] ./Linearize.2.v
   [-] ./Linearize.4.v


   [+] ./life.v
   [-] ./life.1.v


   [+] ./libswscale.v
   [-] ./libswscale.1.v
   [-] ./libswscale.2.v


   [+] ./libswresample.v
   [-] ./libswresample.1.v


   [+] ./libpostproc.v
   [-] ./libpostproc.1.v
   [-] ./libpostproc.2.v
   [-] ./libpostproc.3.v


   [+] ./LibMultiset.v
   [-] ./LibMultiset.1.v
   [-] ./LibMultiset.2.v


   [+] ./libavutil.v
   [-] ./libavutil.1.v
   [-] ./libavutil.2.v


   [+] ./libavresample.v
   [-] ./libavresample.1.v
   [-] ./libavresample.3.v
   [-] ./libavresample.4.v


   [+] ./libavfilter.v
   [-] ./libavfilter.1.v


   [+] ./libavfilter.2.v
   [-] ./libavfilter.3.v


   [+] ./libavdevice.v
   [-] ./libavdevice.1.v
   [-] ./libavdevice.2.v
   [-] ./libavdevice.3.v


   [+] ./lib.v
   [-] ./lib.1.v


   [+] ./led_ip_v1_0_S_AXI.v
   [-] ./led_ip_v1_0_S_AXI.1.v
   [-] ./led_ip_v1_0_S_AXI.2.v


   [+] ./led_ip_v1_0.v
   [-] ./led_ip_v1_0.1.v
   [-] ./led_ip_v1_0.2.v


   [+] ./lab4_user_logic.v
   [-] ./lab4_user_logic.1.v
   [-] ./lab4_user_logic.2.v
   [-] ./lab4_user_logic.3.v


   [+] ./json.1.v
   [-] ./json.3.v


   [+] ./intr_capturer.v
   [-] ./intr_capturer.1.v


   [+] ./input.1.v
   [-] ./bug1111214.v
   [-] ./bug1111214.1.v


   [+] ./InitMemMakeProgram.v
   [-] ./InitMemMakeProgram.1.v


   [+] ./ila.v
   [-] ./ila.1.v
   [-] ./ila.2.v


   [+] ./IF_Reg.5.v
   [-] ./IF_Reg.6.v


   [+] ./IF_Reg.1.v
   [-] ./IF_Reg.2.v


   [+] ./ID_Reg.1.v
   [-] ./ID_Reg.2.v


   [+] ./ID.6.v
   [-] ./ID.7.v


   [+] ./ice384extra.1.v
   [-] ./ice384extra.2.v


   [+] ./Hyper.v
   [-] ./Hyper.1.v


   [+] ./hdmi_vga_vp_0_0_sim_netlist.v
   [-] ./hdmi_vga_vp_0_0_sim_netlist.1.v


   [+] ./hdmi_out_proc_sys_reset_1_0_stub.v
   [-] ./hdmi_out_proc_sys_reset_1_0_stub.1.v


   [+] ./hash.v
   [-] ./hash.1.v


   [+] ./hana_vlib.v
   [-] ./hana_vlib.1.v


   [+] ./graph_definition.v
   [-] ./graph_definition.1.v


   [+] ./glutPro.v
   [-] ./glutPro.1.v
   [-] ./glutPro.2.v


   [+] ./Globalenvs.1.v
   [-] ./Globalenvs.2.v


   [+] ./glbl.1.v
   [-] ./glbl.2.v
   [-] ./glbl.3.v
   [-] ./glbl.4.v
   [-] ./glbl.5.v
   [-] ./glbl.6.v
   [-] ./glbl.7.v
   [-] ./glbl.8.v
   [-] ./glbl.10.v
   [-] ./glbl.9.v
   [-] ./glbl.11.v
   [-] ./glbl.12.v
   [-] ./glbl.13.v
   [-] ./glbl.14.v
   [-] ./glbl.15.v
   [-] ./glbl.16.v
   [-] ./glbl.17.v
   [-] ./glbl.18.v
   [-] ./glbl.19.v
   [-] ./glbl.20.v
   [-] ./glbl.21.v
   [-] ./glbl.23.v


   [+] ./gigantic_mux_v1_0_cntr.1.v
   [-] ./gigantic_mux_v1_0_cntr.v
   [-] ./gigantic_mux_v1_0_cntr.2.v
   [-] ./gigantic_mux_v1_0_cntr.3.v
   [-] ./gigantic_mux_v1_0_cntr.4.v
   [-] ./gigantic_mux_v1_0_cntr.5.v
   [-] ./gigantic_mux_v1_0_cntr.6.v


   [+] ./generic_baseblocks_v2_1_vl_rfs.v
   [-] ./generic_baseblocks_v2_1_vl_rfs.1.v


   [+] ./gates.2.v
   [-] ./gates.3.v


   [+] ./G729_FSM.v
   [-] ./G729_FSM.1.v


   [+] ./FuncListMachine.1.v
   [-] ./FuncListMachine.2.v


   [+] ./fpSqrt.v
   [-] ./fpSqrt.1.v


   [+] ./fpLOOUnit.1.v
   [-] ./fpLOOUnit.2.v
   [-] ./fpLOOUnit.4.v


   [+] ./foo.3.v
   [-] ./Lib6710_08.1.v
   [-] ./Lib6710_08.2.v
   [-] ./Lib6710_08.4.v
   [-] ./Lib6710_08.5.v
   [-] ./Lib6710_08.6.v


   [+] ./foo.2.v
   [-] ./Lib6710_08.v
   [-] ./foo.5.v


   [+] ./foo.1.v
   [-] ./foo.4.v
   [-] ./Lib6710_08.3.v


   [+] ./FMapVeryWeak.v
   [-] ./FMapVeryWeak.1.v


   [+] ./floating_point_mult_0_stub.v
   [-] ./floating_point_mult_0_stub.2.v


   [+] ./floating_point_acc_0_stub.v
   [-] ./floating_point_acc_0_stub.3.v


   [+] ./fifo_generator_vlog_beh.v
   [-] ./fifo_generator_vlog_beh.1.v


   [+] ./fifo_generator_v11_0.1.v
   [-] ./fifo_generator_v11_0.v
   [-] ./fifo_generator_v11_0.2.v
   [-] ./fifo_generator_v11_0.3.v
   [-] ./fifo_generator_v11_0.4.v
   [-] ./fifo_generator_v11_0.5.v
   [-] ./fifo_generator_v11_0.6.v
   [-] ./fifo_generator_v11_0.7.v
   [-] ./fifo_generator_v11_0.8.v
   [-] ./fifo_generator_v11_0.9.v
   [-] ./fifo_generator_v11_0.10.v
   [-] ./fifo_generator_v11_0.11.v
   [-] ./fifo_generator_v11_0.12.v
   [-] ./fifo_generator_v11_0.13.v
   [-] ./fifo_generator_v11_0.14.v
   [-] ./fifo_generator_v11_0.15.v


   [+] ./Fibonacci.v
   [-] ./Fibonacci.1.v


   [+] ./Fappli_IEEE.4.v
   [-] ./Fappli_IEEE.5.v
   [-] ./Fappli_IEEE.6.v


   [+] ./EXE_Reg.4.v
   [-] ./EXE_Reg.5.v


   [+] ./EXE_Reg.1.v
   [-] ./EXE_Reg.2.v


   [+] ./EXE.1.v
   [-] ./EXE.2.v


   [+] ./exdes_v_tpg_0.v
   [-] ./exdes_v_tpg_0.1.v


   [+] ./exdes_v_hdmi_rx_ss_0.v
   [-] ./exdes_v_hdmi_rx_ss_0.1.v


   [+] ./exdes_rx_video_axis_reg_slice_0.v
   [-] ./exdes_rx_video_axis_reg_slice_0.1.v


   [+] ./ex3_top_c_addsub_0_0_sim_netlist.v
   [-] ./ex3_top_c_addsub_0_0_sim_netlist.1.v
   [-] ./ex3_top_c_addsub_0_0_sim_netlist.3.v
   [-] ./ex3_top_c_addsub_0_0_sim_netlist.4.v


   [+] ./ex3_top_c_addsub_0_0_sim_netlist.2.v
   [-] ./ex3_top_c_addsub_0_0_sim_netlist.5.v


   [+] ./Errors.2.v
   [-] ./Errors.4.v


   [+] ./Edges.v
   [-] ./Edges.1.v


   [+] ./dxj_lib_all.v
   [-] ./dxj_lib_all.1.v


   [+] ./DualMem_bb.v
   [-] ./DualMem_bb.1.v


   [+] ./drm_controller_bfm.v
   [-] ./drm_controller_bfm.1.v
   [-] ./drm_controller_bfm.2.v
   [-] ./drm_controller_bfm.3.v
   [-] ./drm_controller_bfm.4.v


   [+] ./driver_block_design.1.v
   [-] ./driver_block_design.2.v
   [-] ./driver_block_design.v
   [-] ./driver_block_design.3.v
   [-] ./driver_block_design.4.v
   [-] ./driver_block_design.5.v
   [-] ./driver_block_design.6.v


   [+] ./download_win.v
   [-] ./download_win.1.v


   [+] ./design_1_rst_ps7_0_50M_0_stub.3.v
   [-] ./design_1_rst_ps7_0_50M_0_stub.7.v


   [+] ./design_1_rst_ps7_0_50M_0_stub.2.v
   [-] ./design_1_rst_ps7_0_50M_0_stub.6.v


   [+] ./design_1_rst_ps7_0_50M_0_stub.1.v
   [-] ./design_1_rst_ps7_0_50M_0_stub.5.v


   [+] ./design_1_rst_ps7_0_50M_0_sim_netlist.3.v
   [-] ./design_1_rst_ps7_0_50M_0_sim_netlist.4.v
   [-] ./design_1_rst_ps7_0_50M_0_sim_netlist.8.v
   [-] ./design_1_rst_ps7_0_50M_0_sim_netlist.9.v


   [+] ./design_1_rst_ps7_0_50M_0_sim_netlist.2.v
   [-] ./design_1_rst_ps7_0_50M_0_sim_netlist.7.v


   [+] ./design_1_rst_ps7_0_50M_0_sim_netlist.1.v
   [-] ./design_1_rst_ps7_0_50M_0_sim_netlist.6.v


   [+] ./design_1_rst_ps7_0_100M_0_sim_netlist.3.v
   [-] ./design_1_rst_ps7_0_100M_0_sim_netlist.4.v


   [+] ./design_1.4.v
   [-] ./design_1.5.v


   [+] ./design_1.2.v
   [-] ./design_1.3.v


   [+] ./Deadcode.v
   [-] ./Deadcode.1.v
   [-] ./Deadcode.3.v


   [+] ./Ctypes.3.v
   [-] ./Ctypes.4.v


   [+] ./Ctypes.1.v
   [-] ./Ctypes.5.v


   [+] ./COrders.v
   [-] ./COrders.1.v


   [+] ./Controller.8.v
   [-] ./Controller.9.v


   [+] ./Controller.5.v
   [-] ./Controller.6.v


   [+] ./Condition_Check.2.v
   [-] ./Condition_Check.3.v
   [-] ./Condition_Check.4.v
   [-] ./Condition_Check.5.v


   [+] ./Coloringproof.v
   [-] ./Coloringproof.1.v


   [+] ./Coloring.v
   [-] ./Coloring.1.v


   [+] ./codec_system_rst_ps7_0_100M_0_sim_netlist.1.v
   [-] ./codec_system_rst_ps7_0_100M_0_sim_netlist.2.v


   [+] ./Cminorgen.v
   [-] ./Cminorgen.2.v
   [-] ./Cminorgen.3.v


   [+] ./class.v
   [-] ./class.1.v
   [-] ./class.2.v
   [-] ./class.3.v
   [-] ./class.4.v


   [+] ./CEqualities.v
   [-] ./CEqualities.1.v


   [+] ./cells_xilinx_7.v
   [-] ./cells_xilinx_7.1.v


   [+] ./cells_sim.v
   [-] ./cells_sim.3.v


   [+] ./cells_map.v
   [-] ./cells_map.1.v
   [-] ./cells_map.4.v


   [+] ./cells.v
   [-] ./cells.1.v
   [-] ./cells.2.v


   [+] ./cclk_detector.v
   [-] ./cclk_detector.1.v


   [+] ./carPro.v
   [-] ./carPro.1.v
   [-] ./carPro.2.v


   [+] ./c_addsub_0_sim_netlist.9.v
   [-] ./c_addsub_0_sim_netlist.12.v


   [+] ./Bsvtokami.2.v
   [-] ./Bsvtokami.3.v


   [+] ./br1027e.v
   [-] ./br1027f.v


   [+] ./br1027c.v
   [-] ./br1027d.v


   [+] ./br1027a.v
   [-] ./br1027b.v


   [+] ./boolean_gr.v
   [-] ./boolean_gr.1.v


   [+] ./boolean_generator_v1_1_S_AXI.v
   [-] ./boolean_generator_v1_1_S_AXI.1.v


   [+] ./boolean_fsm.v
   [-] ./boolean_fsm.1.v
   [-] ./boolean_fsm.2.v
   [-] ./boolean_fsm.3.v
   [-] ./boolean_fsm.4.v
   [-] ./boolean_fsm.5.v
   [-] ./boolean_fsm.6.v
   [-] ./boolean_fsm.7.v


   [+] ./blk_mem_gen_v8_4.v
   [-] ./blk_mem_gen_v8_4.1.v


   [+] ./blk_mem_gen_0_stub.v
   [-] ./blk_mem_gen_0_stub.3.v


   [+] ./blk_mem_gen_0.v
   [-] ./blk_mem_gen_0.1.v


   [+] ./blinker.v
   [-] ./blinker.1.v


   [+] ./blif02h_tb.v
   [-] ./blif02j_tb.v


   [+] ./blif01g_tb.v
   [-] ./blif02g_tb.v


   [+] ./blif01e_tb.v
   [-] ./blif02e_tb.v
   [-] ./blif02i_tb.v


   [+] ./blif01d_tb.v
   [-] ./blif02d_tb.v


   [+] ./blif01b_tb.v
   [-] ./blif02b_tb.v


   [+] ./blif01a_tb.v
   [-] ./blif01c_tb.v
   [-] ./blif02a_tb.v
   [-] ./blif02c_tb.v


   [+] ./bl_compcert.v
   [-] ./bl_compcert.1.v


   [+] ./bgm.v
   [-] ./bgm.1.v
   [-] ./bgm.2.v
   [-] ./bgm.3.v
   [-] ./bgm.4.v
   [-] ./bgm.5.v
   [-] ./bgm.6.v
   [-] ./bgm.7.v
   [-] ./bgm.8.v
   [-] ./bgm.9.v
   [-] ./bgm.10.v
   [-] ./bgm.11.v
   [-] ./bgm.12.v


   [+] ./bd_3ec1_v_vid_in_axi4s_0.v
   [-] ./bd_3ec1_v_vid_in_axi4s_0.1.v


   [+] ./bd_3ec1.v
   [-] ./bd_3ec1.1.v
   [-] ./bd_3ec1.2.v


   [+] ./BasicsTest.v
   [-] ./BasicsTest.1.v
   [-] ./BasicsTest.2.v
   [-] ./BasicsTest.4.v
   [-] ./BasicsTest.8.v


   [+] ./BasicsTest.5.v
   [-] ./BasicsTest.6.v


   [+] ./Basics.v
   [-] ./Basics.6.v
   [-] ./Basics.7.v
   [-] ./Basics.19.v
   [-] ./Basics.23.v
   [-] ./Basics.29.v


   [+] ./axi_stream_test_top_rst_ps7_0_50M_0_sim_netlist.1.v
   [-] ./axi_stream_test_top_rst_ps7_0_50M_0_sim_netlist.2.v


   [+] ./axi_infrastructure_v1_1_vl_rfs.v
   [-] ./axi_infrastructure_v1_1_vl_rfs.1.v


   [+] ./avr_interface.v
   [-] ./avr_interface.1.v


   [+] ./AST.2.v
   [-] ./AST.7.v


   [+] ./Asmgenproof1.10.v
   [-] ./Asmgenproof1.12.v


   [+] ./Asmgenproof0_comp.v
   [-] ./Asmgenproof0_comp.1.v


   [+] ./Asmgenproof0.4.v
   [-] ./Asmgenproof0.11.v


   [+] ./Asmgenproof0.1.v
   [-] ./Asmgenproof0.5.v


   [+] ./Asmgen.10.v
   [-] ./Asmgen.12.v


   [+] ./ARTY_firmware.1.v
   [-] ./ARTY_firmware.v


   [+] ./arrayPro.v
   [-] ./arrayPro.1.v
   [-] ./arrayPro.2.v


   [+] ./Arcs.v
   [-] ./Arcs.1.v


   [+] ./apn_fft_mult_cpx_1825.1.v
   [-] ./apn_fft_mult_cpx_1825.v


   [+] ./amm_master_qsys_with_pcie_mm_interconnect_2.v
   [-] ./amm_master_qsys_with_pcie_mm_interconnect_2.4.v
   [-] ./amm_master_qsys_with_pcie_mm_interconnect_2.6.v
   [-] ./amm_master_qsys_with_pcie_mm_interconnect_2.8.v
   [-] ./amm_master_qsys_with_pcie_mm_interconnect_2.10.v


   [+] ./amm_master_qsys_with_pcie_mm_interconnect_2.1.v
   [-] ./amm_master_qsys_with_pcie_mm_interconnect_2.5.v
   [-] ./amm_master_qsys_with_pcie_mm_interconnect_2.7.v
   [-] ./amm_master_qsys_with_pcie_mm_interconnect_2.9.v
   [-] ./amm_master_qsys_with_pcie_mm_interconnect_2.11.v


   [+] ./amm_master_qsys_with_pcie_mm_interconnect_1.v
   [-] ./amm_master_qsys_with_pcie_mm_interconnect_1.1.v
   [-] ./amm_master_qsys_with_pcie_mm_interconnect_1.4.v
   [-] ./amm_master_qsys_with_pcie_mm_interconnect_1.6.v
   [-] ./amm_master_qsys_with_pcie_mm_interconnect_1.7.v


   [+] ./amm_master_qsys_with_pcie_mm_interconnect_1.2.v
   [-] ./amm_master_qsys_with_pcie_mm_interconnect_1.3.v


   [+] ./amm_master_qsys_custom_with_bfm.v
   [-] ./amm_master_qsys_custom_with_bfm.3.v


   [+] ./amm_master_qsys_custom_with_bfm.1.v
   [-] ./amm_master_qsys_custom_with_bfm.4.v


   [+] ./always3.1.3B.v
   [-] ./always3.1.3C.v


   [+] ./Alu.7.v
   [-] ./Alu.16.v


   [+] ./ALU.12.v
   [-] ./ALU.13.v
   [-] ./ALU.14.v


   [+] ./altpcietb_bfm_log.1.v
   [-] ./altpcietb_bfm_log.v


   [+] ./Alloctyping.v
   [-] ./Alloctyping.1.v
   [-] ./Alloctyping.2.v


   [+] ./Allocation.3.v
   [-] ./Allocation.5.v


   [+] ./aes_encryption_loop_body.v
   [-] ./aes_encryption_loop_body.1.v


   [+] ./adv_dbg_tb.v
   [-] ./adv_dbg_tb.1.v


   [+] ./adv_dbg_if.v
   [-] ./adv_dbg_if.1.v


   [+] ./adc_compcert.v
   [-] ./adc_compcert.2.v


   [+] ./adc_compcert.4.v
   [-] ./adc_compcert.5.v


   [+] ./adc_compcert.1.v
   [-] ./adc_compcert.3.v


   [+] ./adbg_defines.v
   [-] ./adbg_defines.3.v
   [-] ./adbg_defines.4.v
   [-] ./adbg_defines.5.v


   [+] ./adbg_defines.1.v
   [-] ./adbg_defines.2.v


   [+] ./adapter_rst_clk_wiz_1_100M_0_sim_netlist.v
   [-] ./adapter_rst_clk_wiz_1_100M_0_sim_netlist.1.v


   [+] ./adapter.v
   [-] ./adapter.1.v
   [-] ./adapter.2.v


   [+] ./acl_ic_intf.v
   [-] ./acl_ic_intf.1.v
   [-] ./acl_ic_intf.2.v
   [-] ./acl_ic_intf.3.v
   [-] ./acl_ic_intf.4.v


   [+] ./a25_functions.v
   [-] ./a25_functions.1.v


   [+] ./a25_functions.2.v
   [-] ./a25_functions.3.v


   [+] ./a23_functions.3.v
   [-] ./a23_functions.4.v


   [+] ./a23_functions.1.v
   [-] ./a23_functions.v
   [-] ./a23_functions.2.v


   [+] ./a23_barrel_shift.v
   [-] ./a23_barrel_shift.1.v


   [+] ./_gate.8.v
   [-] ./_gate.9.v


   [+] ./_gate.3.v
   [-] ./_gate.4.v
   [-] ./_gate.5.v
   [-] ./_gate.6.v
   [-] ./_gate.7.v


   [+] ./5 - Minimum SOp & POS.v
   [-] ./8 - K Map Implemented with a Multiplexer.v

