λ luacheckrc: dedupe files
                                        
   [+] files/runtime_bad_config.luacheckrc
   [-] files/runtime_bad_config.1.luacheckrc
   [-] files/runtime_bad_config.2.luacheckrc
   [-] files/runtime_bad_config.3.luacheckrc


   [+] files/paths_config.luacheckrc
   [-] files/paths_config.1.luacheckrc
   [-] files/paths_config.2.luacheckrc


   [+] files/override_config.luacheckrc
   [-] files/override_config.1.luacheckrc
   [-] files/override_config.2.luacheckrc
   [-] files/override_config.3.luacheckrc


   [+] files/multioverride_config.luacheckrc
   [-] files/multioverride_config.1.luacheckrc
   [-] files/multioverride_config.2.luacheckrc
   [-] files/multioverride_config.3.luacheckrc


   [+] files/luacheckrc
   [-] files/luacheckrc.1
   [-] files/luacheckrc.2
   [-] files/luacheckrc.3
   [-] files/luacheckrc.5
   [-] files/luacheckrc.6
   [-] files/luacheckrc.7
   [-] files/luacheckrc.12
   [-] files/luacheckrc.14


   [+] files/invalid_override_config.luacheckrc
   [-] files/invalid_override_config.1.luacheckrc
   [-] files/invalid_override_config.2.luacheckrc
   [-] files/invalid_override_config.3.luacheckrc


   [+] files/invalid_config.luacheckrc
   [-] files/invalid_config.1.luacheckrc
   [-] files/invalid_config.2.luacheckrc
   [-] files/invalid_config.3.luacheckrc


   [+] files/import_config.luacheckrc
   [-] files/import_config.1.luacheckrc
   [-] files/import_config.2.luacheckrc
   [-] files/import_config.3.luacheckrc


   [+] files/global_config.luacheckrc
   [-] files/global_config.1.luacheckrc
   [-] files/global_config.2.luacheckrc
   [-] files/global_config.3.luacheckrc


   [+] files/format_opts_config.luacheckrc
   [-] files/format_opts_config.1.luacheckrc
   [-] files/format_opts_config.2.luacheckrc


   [+] files/exclude_files_config.luacheckrc
   [-] files/exclude_files_config.1.luacheckrc
   [-] files/exclude_files_config.2.luacheckrc
   [-] files/exclude_files_config.3.luacheckrc


   [+] files/dot.luacheckrc
   [-] files/dot.1.luacheckrc


   [+] files/custom_stds_config.luacheckrc
   [-] files/custom_stds_config.1.luacheckrc
   [-] files/custom_stds_config.3.luacheckrc


   [+] files/custom_fields_config.luacheckrc
   [-] files/custom_fields_config.1.luacheckrc
   [-] files/custom_fields_config.2.luacheckrc


   [+] files/custom.luacheckrc
   [-] files/custom.1.luacheckrc
   [-] files/custom.2.luacheckrc
   [-] files/custom.3.luacheckrc
   [-] files/.475.luacheckrc
   [-] files/custom.4.luacheckrc
   [-] files/custom.5.luacheckrc
   [-] files/custom.6.luacheckrc
   [-] files/custom.7.luacheckrc
   [-] files/custom.8.luacheckrc
   [-] files/custom.9.luacheckrc
   [-] files/custom.10.luacheckrc
   [-] files/.1486.luacheckrc
   [-] files/custom.11.luacheckrc
   [-] files/custom.12.luacheckrc
   [-] files/custom.13.luacheckrc
   [-] files/custom.14.luacheckrc


   [+] files/cli_specific_config.luacheckrc
   [-] files/cli_specific_config.1.luacheckrc
   [-] files/cli_specific_config.2.luacheckrc
   [-] files/cli_specific_config.3.luacheckrc


   [+] files/cli_override_file_config.luacheckrc
   [-] files/cli_override_file_config.1.luacheckrc
   [-] files/cli_override_file_config.2.luacheckrc
   [-] files/cli_override_file_config.3.luacheckrc


   [+] files/cli_override_config.luacheckrc
   [-] files/cli_override_config.1.luacheckrc
   [-] files/cli_override_config.2.luacheckrc
   [-] files/cli_override_config.3.luacheckrc


   [+] files/bad_custom_std_config.luacheckrc
   [-] files/bad_custom_std_config.1.luacheckrc
   [-] files/bad_custom_std_config.2.luacheckrc


   [+] files/bad_config.luacheckrc
   [-] files/bad_config.1.luacheckrc
   [-] files/bad_config.2.luacheckrc
   [-] files/bad_config.3.luacheckrc


   [+] files/.test.luacheckrc.1
   [-] files/.test.luacheckrc.4


   [+] files/.972.luacheckrc
   [-] files/.993.luacheckrc
   [-] files/.1021.luacheckrc
   [-] files/.1909.luacheckrc


   [+] files/.971.luacheckrc
   [-] files/.1732.luacheckrc


   [+] files/.970.luacheckrc
   [-] files/.1219.luacheckrc


   [+] files/.97.luacheckrc
   [-] files/.99.luacheckrc


   [+] files/.969.luacheckrc
   [-] files/.1020.luacheckrc
   [-] files/.1745.luacheckrc


   [+] files/.968.luacheckrc
   [-] files/.1019.luacheckrc
   [-] files/.1885.luacheckrc


   [+] files/.966.luacheckrc
   [-] files/.1998.luacheckrc


   [+] files/.960.luacheckrc
   [-] files/.1657.luacheckrc


   [+] files/.959.luacheckrc
   [-] files/.1013.luacheckrc


   [+] files/.957.luacheckrc
   [-] files/.1444.luacheckrc


   [+] files/.954.luacheckrc
   [-] files/.1409.luacheckrc


   [+] files/.950.luacheckrc
   [-] files/.965.luacheckrc
   [-] files/.1009.luacheckrc
   [-] files/.1017.luacheckrc
   [-] files/.1993.luacheckrc


   [+] files/.945.luacheckrc
   [-] files/.1004.luacheckrc
   [-] files/.1882.luacheckrc


   [+] files/.943.luacheckrc
   [-] files/.1702.luacheckrc


   [+] files/.941.luacheckrc
   [-] files/.1701.luacheckrc


   [+] files/.940.luacheckrc
   [-] files/.1220.luacheckrc
   [-] files/.1440.luacheckrc
   [-] files/.2003.luacheckrc


   [+] files/.934.luacheckrc
   [-] files/.1962.luacheckrc


   [+] files/.933.luacheckrc
   [-] files/.998.luacheckrc
   [-] files/.1592.luacheckrc


   [+] files/.932.luacheckrc
   [-] files/.1797.luacheckrc
   [-] files/.1979.luacheckrc
   [-] files/.1980.luacheckrc


   [+] files/.923.luacheckrc
   [-] files/.995.luacheckrc
   [-] files/.1892.luacheckrc


   [+] files/.920.luacheckrc
   [-] files/.1742.luacheckrc


   [+] files/.918.luacheckrc
   [-] files/.1907.luacheckrc


   [+] files/.916.luacheckrc
   [-] files/.992.luacheckrc
   [-] files/.1777.luacheckrc


   [+] files/.912.luacheckrc
   [-] files/.1224.luacheckrc


   [+] files/.911.luacheckrc
   [-] files/.989.luacheckrc
   [-] files/.1157.luacheckrc


   [+] files/.908.luacheckrc
   [-] files/.986.luacheckrc


   [+] files/.907.luacheckrc
   [-] files/.984.luacheckrc


   [+] files/.906.luacheckrc
   [-] files/.983.luacheckrc
   [-] files/.1585.luacheckrc


   [+] files/.904.luacheckrc
   [-] files/.981.luacheckrc


   [+] files/.903.luacheckrc
   [-] files/.1069.luacheckrc
   [-] files/.1071.luacheckrc


   [+] files/.90.luacheckrc
   [-] files/.93.luacheckrc
   [-] files/.100.luacheckrc
   [-] files/.98.luacheckrc
   [-] files/.1546.luacheckrc


   [+] files/.897.luacheckrc
   [-] files/.980.luacheckrc
   [-] files/.1216.luacheckrc


   [+] files/.896.luacheckrc
   [-] files/.900.luacheckrc
   [-] files/.962.luacheckrc
   [-] files/.1729.luacheckrc
   [-] files/.1730.luacheckrc
   [-] files/.1731.luacheckrc


   [+] files/.895.luacheckrc
   [-] files/.1068.luacheckrc


   [+] files/.891.luacheckrc
   [-] files/.977.luacheckrc


   [+] files/.885.luacheckrc
   [-] files/.887.luacheckrc


   [+] files/.883.luacheckrc
   [-] files/.886.luacheckrc


   [+] files/.876.luacheckrc
   [-] files/.879.luacheckrc


   [+] files/.860.luacheckrc
   [-] files/.1834.luacheckrc


   [+] files/.857.luacheckrc
   [-] files/.1739.luacheckrc


   [+] files/.853.luacheckrc
   [-] files/.1360.luacheckrc
   [-] files/.1361.luacheckrc


   [+] files/.852.luacheckrc
   [-] files/.1475.luacheckrc
   [-] files/.1510.luacheckrc
   [-] files/.1511.luacheckrc
   [-] files/.1943.luacheckrc
   [-] files/.1947.luacheckrc
   [-] files/.1948.luacheckrc


   [+] files/.850.luacheckrc
   [-] files/.1002.luacheckrc


   [+] files/.849.luacheckrc
   [-] files/.937.luacheckrc
   [-] files/.1000.luacheckrc


   [+] files/.843.luacheckrc
   [-] files/.1169.luacheckrc
   [-] files/.1559.luacheckrc
   [-] files/.1630.luacheckrc


   [+] files/.823.luacheckrc
   [-] files/.1576.luacheckrc


   [+] files/.82.luacheckrc
   [-] files/.921.luacheckrc


   [+] files/.811.luacheckrc
   [-] files/.1467.luacheckrc
   [-] files/.1655.luacheckrc


   [+] files/.805.luacheckrc
   [-] files/.806.luacheckrc
   [-] files/.807.luacheckrc


   [+] files/.803.luacheckrc
   [-] files/.1077.luacheckrc


   [+] files/.800.luacheckrc
   [-] files/.801.luacheckrc
   [-] files/.802.luacheckrc
   [-] files/.1547.luacheckrc


   [+] files/.8.luacheckrc
   [-] files/.682.luacheckrc


   [+] files/.797.luacheckrc
   [-] files/.919.luacheckrc


   [+] files/.79.luacheckrc
   [-] files/.157.luacheckrc
   [-] files/.158.luacheckrc
   [-] files/.163.luacheckrc
   [-] files/.212.luacheckrc
   [-] files/.401.luacheckrc
   [-] files/.686.luacheckrc
   [-] files/.1161.luacheckrc
   [-] files/.1562.luacheckrc
   [-] files/.1624.luacheckrc
   [-] files/.1625.luacheckrc


   [+] files/.776.luacheckrc
   [-] files/.781.luacheckrc
   [-] files/.1876.luacheckrc


   [+] files/.771.luacheckrc
   [-] files/.1918.luacheckrc
   [-] files/.1960.luacheckrc


   [+] files/.76.luacheckrc
   [-] files/.209.luacheckrc
   [-] files/.214.luacheckrc
   [-] files/.558.luacheckrc
   [-] files/.1032.luacheckrc
   [-] files/.1175.luacheckrc
   [-] files/.1305.luacheckrc
   [-] files/.1323.luacheckrc
   [-] files/.1329.luacheckrc
   [-] files/.1561.luacheckrc


   [+] files/.753.luacheckrc
   [-] files/.1126.luacheckrc
   [-] files/.1141.luacheckrc
   [-] files/.1230.luacheckrc
   [-] files/.1325.luacheckrc
   [-] files/.1338.luacheckrc
   [-] files/.1695.luacheckrc
   [-] files/.1859.luacheckrc


   [+] files/.75.luacheckrc
   [-] files/.128.luacheckrc
   [-] files/.1142.luacheckrc
   [-] files/.1328.luacheckrc


   [+] files/.74.luacheckrc
   [-] files/.182.luacheckrc
   [-] files/.597.luacheckrc
   [-] files/.1038.luacheckrc
   [-] files/.1131.luacheckrc
   [-] files/.1760.luacheckrc


   [+] files/.738.luacheckrc
   [-] files/.1973.luacheckrc


   [+] files/.73.luacheckrc
   [-] files/.211.luacheckrc
   [-] files/.380.luacheckrc
   [-] files/.440.luacheckrc
   [-] files/.1028.luacheckrc
   [-] files/.1063.luacheckrc
   [-] files/.1239.luacheckrc
   [-] files/.1322.luacheckrc
   [-] files/.1326.luacheckrc
   [-] files/.1339.luacheckrc
   [-] files/.1633.luacheckrc


   [+] files/.725.luacheckrc
   [-] files/.1719.luacheckrc
   [-] files/.1720.luacheckrc
   [-] files/.1721.luacheckrc


   [+] files/.715.luacheckrc
   [-] files/.716.luacheckrc
   [-] files/.1931.luacheckrc
   [-] files/.1934.luacheckrc
   [-] files/.1937.luacheckrc


   [+] files/.710.luacheckrc
   [-] files/.947.luacheckrc
   [-] files/.1006.luacheckrc
   [-] files/.1264.luacheckrc


   [+] files/.71.luacheckrc
   [-] files/.72.luacheckrc
   [-] files/.159.luacheckrc
   [-] files/.248.luacheckrc
   [-] files/.330.luacheckrc
   [-] files/.476.luacheckrc
   [-] files/.494.luacheckrc
   [-] files/.503.luacheckrc
   [-] files/.539.luacheckrc
   [-] files/.565.luacheckrc
   [-] files/.1061.luacheckrc
   [-] files/.1074.luacheckrc
   [-] files/.1411.luacheckrc
   [-] files/.1798.luacheckrc
   [-] files/.1866.luacheckrc
   [-] files/.1897.luacheckrc


   [+] files/.709.luacheckrc
   [-] files/.946.luacheckrc
   [-] files/.1005.luacheckrc


   [+] files/.7.luacheckrc
   [-] files/.769.luacheckrc


   [+] files/.699.luacheckrc
   [-] files/.702.luacheckrc


   [+] files/.698.luacheckrc
   [-] files/.700.luacheckrc
   [-] files/.701.luacheckrc


   [+] files/.694.luacheckrc
   [-] files/.1173.luacheckrc
   [-] files/.1238.luacheckrc
   [-] files/.1266.luacheckrc
   [-] files/.1636.luacheckrc
   [-] files/.1860.luacheckrc


   [+] files/.692.luacheckrc
   [-] files/.1107.luacheckrc


   [+] files/.678.luacheckrc
   [-] files/.1843.luacheckrc


   [+] files/.673.luacheckrc
   [-] files/.913.luacheckrc


   [+] files/.67.luacheckrc
   [-] files/.745.luacheckrc


   [+] files/.66.luacheckrc
   [-] files/.909.luacheckrc
   [-] files/.952.luacheckrc
   [-] files/.963.luacheckrc
   [-] files/.987.luacheckrc
   [-] files/.1011.luacheckrc
   [-] files/.1016.luacheckrc
   [-] files/.1989.luacheckrc
   [-] files/.1990.luacheckrc
   [-] files/.1991.luacheckrc


   [+] files/.656.luacheckrc
   [-] files/.2026.luacheckrc
   [-] files/.2027.luacheckrc


   [+] files/.640.luacheckrc
   [-] files/.1837.luacheckrc


   [+] files/.638.luacheckrc
   [-] files/.1476.luacheckrc


   [+] files/.626.luacheckrc
   [-] files/.1383.luacheckrc
   [-] files/.1954.luacheckrc


   [+] files/.625.luacheckrc
   [-] files/.1384.luacheckrc
   [-] files/.1955.luacheckrc


   [+] files/.623.luacheckrc
   [-] files/.1649.luacheckrc


   [+] files/.616.luacheckrc
   [-] files/.617.luacheckrc


   [+] files/.611.luacheckrc
   [-] files/.1586.luacheckrc


   [+] files/.604.luacheckrc
   [-] files/.1081.luacheckrc
   [-] files/.1434.luacheckrc


   [+] files/.601.luacheckrc
   [-] files/.1665.luacheckrc


   [+] files/.590.luacheckrc
   [-] files/.925.luacheckrc
   [-] files/.926.luacheckrc
   [-] files/.927.luacheckrc
   [-] files/.928.luacheckrc
   [-] files/.997.luacheckrc
   [-] files/.1568.luacheckrc
   [-] files/.1569.luacheckrc
   [-] files/.1570.luacheckrc


   [+] files/.59.luacheckrc
   [-] files/.60.luacheckrc


   [+] files/.589.luacheckrc
   [-] files/.591.luacheckrc
   [-] files/.592.luacheckrc
   [-] files/.931.luacheckrc
   [-] files/.935.luacheckrc


   [+] files/.584.luacheckrc
   [-] files/.1898.luacheckrc


   [+] files/.582.luacheckrc
   [-] files/.924.luacheckrc
   [-] files/.964.luacheckrc


   [+] files/.579.luacheckrc
   [-] files/.814.luacheckrc


   [+] files/.578.luacheckrc
   [-] files/.1910.luacheckrc
   [-] files/.1970.luacheckrc


   [+] files/.572.luacheckrc
   [-] files/.573.luacheckrc


   [+] files/.566.luacheckrc
   [-] files/.905.luacheckrc
   [-] files/.982.luacheckrc
   [-] files/.1903.luacheckrc
   [-] files/.1904.luacheckrc


   [+] files/.562.luacheckrc
   [-] files/.1044.luacheckrc


   [+] files/.560.luacheckrc
   [-] files/.1398.luacheckrc


   [+] files/.556.luacheckrc
   [-] files/.1707.luacheckrc


   [+] files/.548.luacheckrc
   [-] files/.722.luacheckrc


   [+] files/.545.luacheckrc
   [-] files/.547.luacheckrc
   [-] files/.1789.luacheckrc


   [+] files/.538.luacheckrc
   [-] files/.1667.luacheckrc


   [+] files/.530.luacheckrc
   [-] files/.534.luacheckrc


   [+] files/.525.luacheckrc
   [-] files/.526.luacheckrc
   [-] files/.527.luacheckrc


   [+] files/.515.luacheckrc
   [-] files/.1438.luacheckrc
   [-] files/.1520.luacheckrc
   [-] files/.1994.luacheckrc
   [-] files/.1995.luacheckrc


   [+] files/.514.luacheckrc
   [-] files/.1519.luacheckrc


   [+] files/.51.luacheckrc
   [-] files/.135.luacheckrc
   [-] files/.149.luacheckrc
   [-] files/.187.luacheckrc
   [-] files/.243.luacheckrc
   [-] files/.278.luacheckrc
   [-] files/.474.luacheckrc
   [-] files/.622.luacheckrc
   [-] files/.703.luacheckrc
   [-] files/.761.luacheckrc
   [-] files/.847.luacheckrc
   [-] files/.881.luacheckrc
   [-] files/.1036.luacheckrc
   [-] files/.1306.luacheckrc
   [-] files/.1532.luacheckrc
   [-] files/.1744.luacheckrc
   [-] files/.1750.luacheckrc
   [-] files/.1842.luacheckrc
   [-] files/.1879.luacheckrc


   [+] files/.508.luacheckrc
   [-] files/.517.luacheckrc


   [+] files/.501.luacheckrc
   [-] files/.846.luacheckrc
   [-] files/.1531.luacheckrc
   [-] files/.1672.luacheckrc


   [+] files/.50.luacheckrc
   [-] files/.305.luacheckrc
   [-] files/.706.luacheckrc
   [-] files/.1382.luacheckrc
   [-] files/.1597.luacheckrc
   [-] files/.1661.luacheckrc
   [-] files/.1921.luacheckrc
   [-] files/.1976.luacheckrc
   [-] files/.2005.luacheckrc


   [+] files/.493.luacheckrc
   [-] files/.878.luacheckrc


   [+] files/.489.luacheckrc
   [-] files/.553.luacheckrc


   [+] files/.483.luacheckrc
   [-] files/.672.luacheckrc
   [-] files/.773.luacheckrc
   [-] files/.1192.luacheckrc


   [+] files/.477.luacheckrc
   [-] files/.1105.luacheckrc
   [-] files/.1124.luacheckrc
   [-] files/.1627.luacheckrc


   [+] files/.472.luacheckrc
   [-] files/.735.luacheckrc


   [+] files/.463.luacheckrc
   [-] files/.464.luacheckrc


   [+] files/.462.luacheckrc
   [-] files/.754.luacheckrc
   [-] files/.786.luacheckrc
   [-] files/.787.luacheckrc
   [-] files/.1285.luacheckrc
   [-] files/.2006.luacheckrc
   [-] files/.2007.luacheckrc


   [+] files/.46.luacheckrc
   [-] files/.185.luacheckrc
   [-] files/.193.luacheckrc
   [-] files/.479.luacheckrc
   [-] files/.840.luacheckrc
   [-] files/.1146.luacheckrc
   [-] files/.1174.luacheckrc
   [-] files/.1241.luacheckrc
   [-] files/.1334.luacheckrc
   [-] files/.1345.luacheckrc
   [-] files/.1350.luacheckrc
   [-] files/.1353.luacheckrc
   [-] files/.1390.luacheckrc
   [-] files/.1415.luacheckrc
   [-] files/.1560.luacheckrc
   [-] files/.1632.luacheckrc
   [-] files/.1666.luacheckrc
   [-] files/.1801.luacheckrc
   [-] files/.1804.luacheckrc


   [+] files/.458.luacheckrc
   [-] files/.460.luacheckrc
   [-] files/.461.luacheckrc
   [-] files/.817.luacheckrc
   [-] files/.818.luacheckrc
   [-] files/.1080.luacheckrc


   [+] files/.450.luacheckrc
   [-] files/.451.luacheckrc
   [-] files/.1034.luacheckrc


   [+] files/.45.luacheckrc
   [-] files/.47.luacheckrc
   [-] files/.151.luacheckrc
   [-] files/.167.luacheckrc
   [-] files/.184.luacheckrc
   [-] files/.827.luacheckrc
   [-] files/.1051.luacheckrc
   [-] files/.1055.luacheckrc
   [-] files/.1267.luacheckrc
   [-] files/.1343.luacheckrc
   [-] files/.1389.luacheckrc
   [-] files/.1640.luacheckrc
   [-] files/.1861.luacheckrc
   [-] files/.1929.luacheckrc


   [+] files/.44.luacheckrc
   [-] files/.183.luacheckrc
   [-] files/.191.luacheckrc
   [-] files/.206.luacheckrc
   [-] files/.381.luacheckrc
   [-] files/.422.luacheckrc
   [-] files/.826.luacheckrc
   [-] files/.842.luacheckrc
   [-] files/.1029.luacheckrc
   [-] files/.1050.luacheckrc
   [-] files/.1053.luacheckrc
   [-] files/.1058.luacheckrc
   [-] files/.1144.luacheckrc
   [-] files/.1195.luacheckrc
   [-] files/.1270.luacheckrc
   [-] files/.1304.luacheckrc
   [-] files/.1324.luacheckrc
   [-] files/.1327.luacheckrc
   [-] files/.1332.luacheckrc
   [-] files/.1333.luacheckrc
   [-] files/.1341.luacheckrc
   [-] files/.1347.luacheckrc
   [-] files/.1349.luacheckrc
   [-] files/.1354.luacheckrc
   [-] files/.1355.luacheckrc
   [-] files/.1388.luacheckrc
   [-] files/.1413.luacheckrc
   [-] files/.1710.luacheckrc


   [+] files/.435.luacheckrc
   [-] files/.436.luacheckrc


   [+] files/.433.luacheckrc
   [-] files/.674.luacheckrc
   [-] files/.1868.luacheckrc


   [+] files/.431.luacheckrc
   [-] files/.432.luacheckrc


   [+] files/.43.luacheckrc
   [-] files/.179.luacheckrc
   [-] files/.190.luacheckrc
   [-] files/.210.luacheckrc
   [-] files/.379.luacheckrc
   [-] files/.691.luacheckrc
   [-] files/.1027.luacheckrc
   [-] files/.1052.luacheckrc
   [-] files/.1163.luacheckrc
   [-] files/.1337.luacheckrc
   [-] files/.1386.luacheckrc
   [-] files/.1799.luacheckrc


   [+] files/.423.luacheckrc
   [-] files/.1871.luacheckrc


   [+] files/.418.luacheckrc
   [-] files/.466.luacheckrc
   [-] files/.467.luacheckrc
   [-] files/.851.luacheckrc
   [-] files/.1471.luacheckrc
   [-] files/.1472.luacheckrc
   [-] files/.1553.luacheckrc


   [+] files/.417.luacheckrc
   [-] files/.1221.luacheckrc


   [+] files/.411.luacheckrc
   [-] files/.412.luacheckrc
   [-] files/.967.luacheckrc
   [-] files/.1018.luacheckrc
   [-] files/.1884.luacheckrc


   [+] files/.410.luacheckrc
   [-] files/.938.luacheckrc
   [-] files/.944.luacheckrc
   [-] files/.949.luacheckrc
   [-] files/.1001.luacheckrc
   [-] files/.1003.luacheckrc
   [-] files/.1007.luacheckrc
   [-] files/.1880.luacheckrc
   [-] files/.1881.luacheckrc
   [-] files/.1883.luacheckrc


   [+] files/.41.luacheckrc
   [-] files/.148.luacheckrc


   [+] files/.394.luacheckrc
   [-] files/.830.luacheckrc


   [+] files/.393.luacheckrc
   [-] files/.395.luacheckrc
   [-] files/.397.luacheckrc
   [-] files/.719.luacheckrc
   [-] files/.789.luacheckrc
   [-] files/.951.luacheckrc
   [-] files/.955.luacheckrc
   [-] files/.961.luacheckrc
   [-] files/.1010.luacheckrc
   [-] files/.1015.luacheckrc


   [+] files/.392.luacheckrc
   [-] files/.910.luacheckrc
   [-] files/.988.luacheckrc


   [+] files/.39.luacheckrc
   [-] files/.442.luacheckrc
   [-] files/.644.luacheckrc
   [-] files/.645.luacheckrc
   [-] files/.646.luacheckrc
   [-] files/.774.luacheckrc
   [-] files/.775.luacheckrc
   [-] files/.1025.luacheckrc
   [-] files/.1026.luacheckrc
   [-] files/.1286.luacheckrc
   [-] files/.1439.luacheckrc
   [-] files/.1621.luacheckrc


   [+] files/.389.luacheckrc
   [-] files/.391.luacheckrc
   [-] files/.396.luacheckrc
   [-] files/.585.luacheckrc
   [-] files/.922.luacheckrc
   [-] files/.948.luacheckrc
   [-] files/.994.luacheckrc


   [+] files/.382.luacheckrc
   [-] files/.841.luacheckrc
   [-] files/.1136.luacheckrc
   [-] files/.1171.luacheckrc
   [-] files/.1342.luacheckrc
   [-] files/.1414.luacheckrc


   [+] files/.38.luacheckrc
   [-] files/.217.luacheckrc


   [+] files/.367.luacheckrc
   [-] files/.1254.luacheckrc


   [+] files/.366.luacheckrc
   [-] files/.1426.luacheckrc


   [+] files/.351.luacheckrc
   [-] files/.353.luacheckrc


   [+] files/.35.luacheckrc
   [-] files/.37.luacheckrc


   [+] files/.348.luacheckrc
   [-] files/.350.luacheckrc
   [-] files/.352.luacheckrc


   [+] files/.347.luacheckrc
   [-] files/.349.luacheckrc
   [-] files/.354.luacheckrc


   [+] files/.343.luacheckrc
   [-] files/.1145.luacheckrc
   [-] files/.1344.luacheckrc


   [+] files/.341.luacheckrc
   [-] files/.345.luacheckrc
   [-] files/.421.luacheckrc
   [-] files/.495.luacheckrc
   [-] files/.861.luacheckrc
   [-] files/.1056.luacheckrc
   [-] files/.1331.luacheckrc
   [-] files/.1346.luacheckrc


   [+] files/.332.luacheckrc
   [-] files/.333.luacheckrc
   [-] files/.334.luacheckrc
   [-] files/.335.luacheckrc
   [-] files/.336.luacheckrc
   [-] files/.337.luacheckrc
   [-] files/.744.luacheckrc
   [-] files/.890.luacheckrc
   [-] files/.892.luacheckrc
   [-] files/.893.luacheckrc
   [-] files/.915.luacheckrc
   [-] files/.975.luacheckrc
   [-] files/.978.luacheckrc
   [-] files/.979.luacheckrc
   [-] files/.991.luacheckrc
   [-] files/.1065.luacheckrc
   [-] files/.1310.luacheckrc
   [-] files/.1362.luacheckrc
   [-] files/.1363.luacheckrc
   [-] files/.1364.luacheckrc
   [-] files/.1432.luacheckrc
   [-] files/.1600.luacheckrc
   [-] files/.1601.luacheckrc
   [-] files/.1602.luacheckrc
   [-] files/.1603.luacheckrc


   [+] files/.326.luacheckrc
   [-] files/.894.luacheckrc


   [+] files/.321.luacheckrc
   [-] files/.888.luacheckrc
   [-] files/.974.luacheckrc
   [-] files/.1215.luacheckrc
   [-] files/.1660.luacheckrc


   [+] files/.309.luacheckrc
   [-] files/.821.luacheckrc


   [+] files/.303.luacheckrc
   [-] files/.690.luacheckrc


   [+] files/.299.luacheckrc
   [-] files/.300.luacheckrc
   [-] files/.301.luacheckrc


   [+] files/.298.luacheckrc
   [-] files/.1620.luacheckrc


   [+] files/.295.luacheckrc
   [-] files/.917.luacheckrc


   [+] files/.294.luacheckrc
   [-] files/.1120.luacheckrc
   [-] files/.1243.luacheckrc
   [-] files/.1556.luacheckrc
   [-] files/.1626.luacheckrc


   [+] files/.291.luacheckrc
   [-] files/.741.luacheckrc
   [-] files/.742.luacheckrc


   [+] files/.290.luacheckrc
   [-] files/.2018.luacheckrc


   [+] files/.286.luacheckrc
   [-] files/.580.luacheckrc
   [-] files/.593.luacheckrc
   [-] files/.598.luacheckrc
   [-] files/.1193.luacheckrc
   [-] files/.1397.luacheckrc
   [-] files/.1686.luacheckrc
   [-] files/.1704.luacheckrc
   [-] files/.1835.luacheckrc
   [-] files/.1940.luacheckrc


   [+] files/.280.luacheckrc
   [-] files/.901.luacheckrc


   [+] files/.274.luacheckrc
   [-] files/.1321.luacheckrc


   [+] files/.258.luacheckrc
   [-] files/.260.luacheckrc


   [+] files/.256.luacheckrc
   [-] files/.704.luacheckrc
   [-] files/.743.luacheckrc
   [-] files/.1183.luacheckrc


   [+] files/.254.luacheckrc
   [-] files/.1318.luacheckrc


   [+] files/.251.luacheckrc
   [-] files/.484.luacheckrc


   [+] files/.25.luacheckrc
   [-] files/.154.luacheckrc
   [-] files/.178.luacheckrc
   [-] files/.378.luacheckrc
   [-] files/.596.luacheckrc
   [-] files/.759.luacheckrc
   [-] files/.824.luacheckrc
   [-] files/.1121.luacheckrc
   [-] files/.1123.luacheckrc
   [-] files/.1128.luacheckrc
   [-] files/.1138.luacheckrc
   [-] files/.1162.luacheckrc
   [-] files/.1167.luacheckrc
   [-] files/.1583.luacheckrc
   [-] files/.1689.luacheckrc
   [-] files/.1691.luacheckrc
   [-] files/.1758.luacheckrc
   [-] files/.1803.luacheckrc


   [+] files/.246.luacheckrc
   [-] files/.1085.luacheckrc
   [-] files/.1793.luacheckrc
   [-] files/.luacheckrc_20191224125308


   [+] files/.24.luacheckrc
   [-] files/.150.luacheckrc
   [-] files/.156.luacheckrc
   [-] files/.203.luacheckrc
   [-] files/.342.luacheckrc
   [-] files/.862.luacheckrc
   [-] files/.1412.luacheckrc
   [-] files/.1759.luacheckrc
   [-] files/.1858.luacheckrc


   [+] files/.239.luacheckrc
   [-] files/.240.luacheckrc


   [+] files/.236.luacheckrc
   [-] files/.238.luacheckrc


   [+] files/.235.luacheckrc
   [-] files/.340.luacheckrc
   [-] files/.554.luacheckrc
   [-] files/.602.luacheckrc
   [-] files/.1403.luacheckrc
   [-] files/.1457.luacheckrc


   [+] files/.233.luacheckrc
   [-] files/.649.luacheckrc


   [+] files/.231.luacheckrc
   [-] files/.232.luacheckrc


   [+] files/.23.luacheckrc
   [-] files/.293.luacheckrc
   [-] files/.1168.luacheckrc
   [-] files/.1242.luacheckrc
   [-] files/.1558.luacheckrc
   [-] files/.1629.luacheckrc


   [+] files/.22.luacheckrc
   [-] files/.69.luacheckrc
   [-] files/.114.luacheckrc
   [-] files/.371.luacheckrc
   [-] files/.384.luacheckrc
   [-] files/.419.luacheckrc
   [-] files/.468.luacheckrc
   [-] files/.650.luacheckrc
   [-] files/.651.luacheckrc


   [+] files/.219.luacheckrc
   [-] files/.865.luacheckrc
   [-] files/.1533.luacheckrc
   [-] files/.1965.luacheckrc


   [+] files/.218.luacheckrc
   [-] files/.413.luacheckrc
   [-] files/.1101.luacheckrc
   [-] files/.1964.luacheckrc


   [+] files/.215.luacheckrc
   [-] files/.430.luacheckrc
   [-] files/.509.luacheckrc
   [-] files/.510.luacheckrc
   [-] files/.1079.luacheckrc
   [-] files/.1545.luacheckrc


   [+] files/.208.luacheckrc
   [-] files/.677.luacheckrc
   [-] files/.1108.luacheckrc
   [-] files/.1176.luacheckrc
   [-] files/.1862.luacheckrc


   [+] files/.207.luacheckrc
   [-] files/.213.luacheckrc
   [-] files/.1245.luacheckrc
   [-] files/.1641.luacheckrc


   [+] files/.204.luacheckrc
   [-] files/.205.luacheckrc
   [-] files/.227.luacheckrc
   [-] files/.478.luacheckrc
   [-] files/.480.luacheckrc
   [-] files/.1132.luacheckrc
   [-] files/.1240.luacheckrc
   [-] files/.1247.luacheckrc
   [-] files/.1330.luacheckrc
   [-] files/.1340.luacheckrc
   [-] files/.1352.luacheckrc
   [-] files/.1437.luacheckrc


   [+] files/.2030.luacheckrc
   [-] files/.2032.luacheckrc


   [+] files/.2.luacheckrc
   [-] files/.438.luacheckrc
   [-] files/.1045.luacheckrc
   [-] files/.1260.luacheckrc


   [+] files/.1987.luacheckrc
   [-] files/.1988.luacheckrc


   [+] files/.1984.luacheckrc
   [-] files/.1986.luacheckrc


   [+] files/.198.luacheckrc
   [-] files/.199.luacheckrc
   [-] files/.200.luacheckrc
   [-] files/.201.luacheckrc


   [+] files/.197.luacheckrc
   [-] files/.684.luacheckrc
   [-] files/.990.luacheckrc
   [-] files/.1509.luacheckrc
   [-] files/.1857.luacheckrc


   [+] files/.1957.luacheckrc
   [-] files/.1959.luacheckrc


   [+] files/.1933.luacheckrc
   [-] files/.1938.luacheckrc
   [-] files/.1939.luacheckrc


   [+] files/.1932.luacheckrc
   [-] files/.1935.luacheckrc


   [+] files/.1922.luacheckrc
   [-] files/.1923.luacheckrc


   [+] files/.1872.luacheckrc
   [-] files/.1873.luacheckrc


   [+] files/.1869.luacheckrc
   [-] files/.1870.luacheckrc


   [+] files/.186.luacheckrc
   [-] files/.587.luacheckrc
   [-] files/.1478.luacheckrc


   [+] files/.1844.luacheckrc
   [-] files/.1845.luacheckrc
   [-] files/.1846.luacheckrc
   [-] files/.1847.luacheckrc


   [+] files/.1841.luacheckrc
   [-] files/.1886.luacheckrc


   [+] files/.1813.luacheckrc
   [-] files/.1815.luacheckrc
   [-] files/.1817.luacheckrc
   [-] files/.1819.luacheckrc
   [-] files/.1820.luacheckrc


   [+] files/.181.luacheckrc
   [-] files/.825.luacheckrc
   [-] files/.1335.luacheckrc
   [-] files/.1348.luacheckrc
   [-] files/.1387.luacheckrc
   [-] files/.1800.luacheckrc


   [+] files/.18.luacheckrc
   [-] files/.19.luacheckrc
   [-] files/.126.luacheckrc
   [-] files/.168.luacheckrc
   [-] files/.369.luacheckrc
   [-] files/.370.luacheckrc
   [-] files/.387.luacheckrc
   [-] files/.388.luacheckrc
   [-] files/.427.luacheckrc
   [-] files/.459.luacheckrc
   [-] files/.581.luacheckrc
   [-] files/.608.luacheckrc
   [-] files/.648.luacheckrc
   [-] files/.717.luacheckrc
   [-] files/.798.luacheckrc
   [-] files/.799.luacheckrc
   [-] files/.834.luacheckrc
   [-] files/.844.luacheckrc
   [-] files/.848.luacheckrc
   [-] files/.1308.luacheckrc
   [-] files/.1309.luacheckrc
   [-] files/.1380.luacheckrc
   [-] files/.1513.luacheckrc
   [-] files/.1639.luacheckrc
   [-] files/.1899.luacheckrc
   [-] files/.1971.luacheckrc
   [-] files/.2038.luacheckrc


   [+] files/.1795.luacheckrc
   [-] files/.luacheckrc_20191224125320


   [+] files/.174.luacheckrc
   [-] files/.1134.luacheckrc


   [+] files/.1737.luacheckrc
   [-] files/.1738.luacheckrc


   [+] files/.1733.luacheckrc
   [-] files/.1906.luacheckrc


   [+] files/.173.luacheckrc
   [-] files/.1122.luacheckrc
   [-] files/.1436.luacheckrc


   [+] files/.1711.luacheckrc
   [-] files/.1714.luacheckrc
   [-] files/.1715.luacheckrc
   [-] files/.1717.luacheckrc


   [+] files/.1700.luacheckrc
   [-] files/.1891.luacheckrc


   [+] files/.169.luacheckrc
   [-] files/.170.luacheckrc
   [-] files/.537.luacheckrc
   [-] files/.1864.luacheckrc
   [-] files/.1951.luacheckrc
   [-] files/.1952.luacheckrc
   [-] files/.1981.luacheckrc
   [-] files/.1982.luacheckrc


   [+] files/.1676.luacheckrc
   [-] files/.1680.luacheckrc


   [+] files/.1674.luacheckrc
   [-] files/.1675.luacheckrc
   [-] files/.1684.luacheckrc
   [-] files/.1685.luacheckrc


   [+] files/.1673.luacheckrc
   [-] files/.1677.luacheckrc
   [-] files/.1678.luacheckrc
   [-] files/.1679.luacheckrc
   [-] files/.1681.luacheckrc
   [-] files/.1682.luacheckrc


   [+] files/.1670.luacheckrc
   [-] files/.1671.luacheckrc


   [+] files/.1651.luacheckrc
   [-] files/.1652.luacheckrc


   [+] files/.162.luacheckrc
   [-] files/.471.luacheckrc
   [-] files/.953.luacheckrc
   [-] files/.1012.luacheckrc


   [+] files/.161.luacheckrc
   [-] files/.383.luacheckrc
   [-] files/.491.luacheckrc
   [-] files/.835.luacheckrc
   [-] files/.1043.luacheckrc
   [-] files/.1466.luacheckrc
   [-] files/.1728.luacheckrc
   [-] files/.1765.luacheckrc


   [+] files/.16.luacheckrc
   [-] files/.689.luacheckrc
   [-] files/.1271.luacheckrc
   [-] files/.1370.luacheckrc
   [-] files/.1642.luacheckrc
   [-] files/.2037.luacheckrc


   [+] files/.1587.luacheckrc
   [-] files/.1590.luacheckrc


   [+] files/.155.luacheckrc
   [-] files/.320.luacheckrc


   [+] files/.1538.luacheckrc
   [-] files/.1540.luacheckrc


   [+] files/.153.luacheckrc
   [-] files/.202.luacheckrc
   [-] files/.1059.luacheckrc
   [-] files/.1062.luacheckrc
   [-] files/.1160.luacheckrc
   [-] files/.1575.luacheckrc
   [-] files/.1582.luacheckrc


   [+] files/.152.luacheckrc
   [-] files/.424.luacheckrc
   [-] files/.828.luacheckrc
   [-] files/.1154.luacheckrc
   [-] files/.1336.luacheckrc
   [-] files/.1351.luacheckrc
   [-] files/.1802.luacheckrc
   [-] files/.1805.luacheckrc


   [+] files/.15.luacheckrc
   [-] files/.1369.luacheckrc


   [+] files/.1477.luacheckrc
   [-] files/.1482.luacheckrc


   [+] files/.1458.luacheckrc
   [-] files/.1534.luacheckrc
   [-] files/.1536.luacheckrc
   [-] files/.1541.luacheckrc


   [+] files/.1454.luacheckrc
   [-] files/.1455.luacheckrc


   [+] files/.140.luacheckrc
   [-] files/.1767.luacheckrc
   [-] files/.1768.luacheckrc


   [+] files/.14.luacheckrc
   [-] files/.1368.luacheckrc


   [+] files/.1393.luacheckrc
   [-] files/.1394.luacheckrc
   [-] files/.1395.luacheckrc


   [+] files/.139.luacheckrc
   [-] files/.265.luacheckrc
   [-] files/.456.luacheckrc
   [-] files/.457.luacheckrc
   [-] files/.469.luacheckrc
   [-] files/.724.luacheckrc
   [-] files/.1461.luacheckrc
   [-] files/.1462.luacheckrc
   [-] files/.1463.luacheckrc
   [-] files/.1464.luacheckrc
   [-] files/.1594.luacheckrc
   [-] files/.1616.luacheckrc
   [-] files/.1746.luacheckrc
   [-] files/.1942.luacheckrc


   [+] files/.136.luacheckrc
   [-] files/.137.luacheckrc
   [-] files/.327.luacheckrc
   [-] files/.338.luacheckrc
   [-] files/.956.luacheckrc
   [-] files/.1598.luacheckrc
   [-] files/.1599.luacheckrc
   [-] files/.1888.luacheckrc


   [+] files/.134.luacheckrc
   [-] files/.216.luacheckrc
   [-] files/.683.luacheckrc
   [-] files/.1780.luacheckrc
   [-] files/.1782.luacheckrc
   [-] files/.1827.luacheckrc


   [+] files/.1317.luacheckrc
   [-] files/.1431.luacheckrc


   [+] files/.1297.luacheckrc
   [-] files/.1300.luacheckrc
   [-] files/.1302.luacheckrc


   [+] files/.1292.luacheckrc
   [-] files/.1293.luacheckrc


   [+] files/.1290.luacheckrc
   [-] files/.1291.luacheckrc


   [+] files/.129.luacheckrc
   [-] files/.192.luacheckrc
   [-] files/.693.luacheckrc
   [-] files/.1030.luacheckrc
   [-] files/.1170.luacheckrc
   [-] files/.1237.luacheckrc
   [-] files/.1313.luacheckrc
   [-] files/.1631.luacheckrc
   [-] files/.1634.luacheckrc


   [+] files/.127.luacheckrc
   [-] files/.599.luacheckrc
   [-] files/.1956.luacheckrc


   [+] files/.1257.luacheckrc
   [-] files/.1423.luacheckrc


   [+] files/.124.luacheckrc
   [-] files/.164.luacheckrc
   [-] files/.165.luacheckrc
   [-] files/.166.luacheckrc
   [-] files/.250.luacheckrc
   [-] files/.284.luacheckrc
   [-] files/.296.luacheckrc
   [-] files/.372.luacheckrc
   [-] files/.576.luacheckrc
   [-] files/.586.luacheckrc
   [-] files/.636.luacheckrc
   [-] files/.660.luacheckrc
   [-] files/.756.luacheckrc
   [-] files/.785.luacheckrc
   [-] files/.829.luacheckrc
   [-] files/.1259.luacheckrc
   [-] files/.1404.luacheckrc
   [-] files/.1459.luacheckrc
   [-] files/.1473.luacheckrc
   [-] files/.1595.luacheckrc
   [-] files/.1836.luacheckrc
   [-] files/.1919.luacheckrc
   [-] files/.1941.luacheckrc


   [+] files/.1236.luacheckrc
   [-] files/.1557.luacheckrc
   [-] files/.1628.luacheckrc


   [+] files/.1231.luacheckrc
   [-] files/.1232.luacheckrc


   [+] files/.1225.luacheckrc
   [-] files/.1580.luacheckrc


   [+] files/.121.luacheckrc
   [-] files/.1049.luacheckrc
   [-] files/.1571.luacheckrc


   [+] files/.120.luacheckrc
   [-] files/.507.luacheckrc
   [-] files/.543.luacheckrc
   [-] files/.607.luacheckrc
   [-] files/.670.luacheckrc
   [-] files/.1096.luacheckrc
   [-] files/.1493.luacheckrc
   [-] files/.1613.luacheckrc
   [-] files/.1908.luacheckrc


   [+] files/.1196.luacheckrc
   [-] files/.1197.luacheckrc


   [+] files/.1185.luacheckrc
   [-] files/.1186.luacheckrc
   [-] files/.1187.luacheckrc
   [-] files/.1188.luacheckrc
   [-] files/.1189.luacheckrc
   [-] files/.1190.luacheckrc


   [+] files/.1177.luacheckrc
   [-] files/.1178.luacheckrc
   [-] files/.1179.luacheckrc
   [-] files/.1180.luacheckrc
   [-] files/.1181.luacheckrc
   [-] files/.1182.luacheckrc


   [+] files/.1135.luacheckrc
   [-] files/.1244.luacheckrc


   [+] files/.1129.luacheckrc
   [-] files/.1495.luacheckrc


   [+] files/.1127.luacheckrc
   [-] files/.1166.luacheckrc


   [+] files/.1125.luacheckrc
   [-] files/.1164.luacheckrc


   [+] files/.1119.luacheckrc
   [-] files/.1246.luacheckrc


   [+] files/.1111.luacheckrc
   [-] files/.1112.luacheckrc


   [+] files/.1109.luacheckrc
   [-] files/.1147.luacheckrc


   [+] files/.1104.luacheckrc
   [-] files/.1740.luacheckrc


   [+] files/.1103.luacheckrc
   [-] files/.1250.luacheckrc


   [+] files/.1102.luacheckrc
   [-] files/.1150.luacheckrc


   [+] files/.1095.luacheckrc
   [-] files/.1492.luacheckrc
   [-] files/.1612.luacheckrc


   [+] files/.1093.luacheckrc
   [-] files/.1785.luacheckrc


   [+] files/.1066.luacheckrc
   [-] files/.1067.luacheckrc


   [+] files/.1054.luacheckrc
   [-] files/.1139.luacheckrc
   [-] files/.1314.luacheckrc
   [-] files/.1826.luacheckrc


   [+] files/.105.luacheckrc
   [-] files/.106.luacheckrc
   [-] files/.107.luacheckrc
   [-] files/.108.luacheckrc
   [-] files/.109.luacheckrc
   [-] files/.110.luacheckrc
   [-] files/.111.luacheckrc
   [-] files/.112.luacheckrc
   [-] files/.400.luacheckrc
   [-] files/.434.luacheckrc
   [-] files/.439.luacheckrc
   [-] files/.675.luacheckrc
   [-] files/.685.luacheckrc
   [-] files/.705.luacheckrc
   [-] files/.758.luacheckrc
   [-] files/.822.luacheckrc
   [-] files/.1057.luacheckrc
   [-] files/.1159.luacheckrc
   [-] files/.1235.luacheckrc
   [-] files/.1303.luacheckrc
   [-] files/.1320.luacheckrc
   [-] files/.1485.luacheckrc
   [-] files/.1619.luacheckrc
   [-] files/.1863.luacheckrc
   [-] files/.2009.luacheckrc


   [+] files/.1035.luacheckrc
   [-] files/.1039.luacheckrc
   [-] files/.1042.luacheckrc


   [+] files/.1031.luacheckrc
   [-] files/.1137.luacheckrc
   [-] files/.1172.luacheckrc
   [-] files/.1635.luacheckrc


   [+] files/.103.luacheckrc
   [-] files/.1567.luacheckrc


   [+] files/.10.luacheckrc
   [-] files/.11.luacheckrc
   [-] files/.6.luacheckrc
   [-] files/.9.luacheckrc
   [-] files/.13.luacheckrc
   [-] files/.929.luacheckrc
   [-] files/.930.luacheckrc
   [-] files/.936.luacheckrc
   [-] files/.999.luacheckrc


   [+] files/.1.luacheckrc
   [-] files/.21.luacheckrc
   [-] files/.49.luacheckrc
   [-] files/.61.luacheckrc
   [-] files/.80.luacheckrc
   [-] files/.116.luacheckrc
   [-] files/.133.luacheckrc
   [-] files/.172.luacheckrc
   [-] files/.175.luacheckrc
   [-] files/.222.luacheckrc
   [-] files/.245.luacheckrc
   [-] files/.355.luacheckrc
   [-] files/.415.luacheckrc
   [-] files/.425.luacheckrc
   [-] files/.444.luacheckrc
   [-] files/.490.luacheckrc
   [-] files/.544.luacheckrc
   [-] files/.571.luacheckrc
   [-] files/.575.luacheckrc
   [-] files/.594.luacheckrc
   [-] files/.612.luacheckrc
   [-] files/.624.luacheckrc
   [-] files/_luacheckrc
   [-] files/.687.luacheckrc
   [-] files/.688.luacheckrc
   [-] files/.696.luacheckrc
   [-] files/.737.luacheckrc
   [-] files/.739.luacheckrc
   [-] files/.760.luacheckrc
   [-] files/.766.luacheckrc
   [-] files/.810.luacheckrc
   [-] files/.812.luacheckrc
   [-] files/.837.luacheckrc
   [-] files/.863.luacheckrc
   [-] files/.1022.luacheckrc
   [-] files/.1040.luacheckrc
   [-] files/.1090.luacheckrc
   [-] files/.1098.luacheckrc
   [-] files/.1155.luacheckrc
   [-] files/.1156.luacheckrc
   [-] files/.1211.luacheckrc
   [-] files/.1284.luacheckrc
   [-] files/.1287.luacheckrc
   [-] files/.1307.luacheckrc
   [-] files/.1367.luacheckrc
   [-] files/.1433.luacheckrc
   [-] files/.1474.luacheckrc
   [-] files/.1494.luacheckrc
   [-] files/.1505.luacheckrc
   [-] files/.1506.luacheckrc
   [-] files/.1584.luacheckrc
   [-] files/.1593.luacheckrc
   [-] files/.1606.luacheckrc
   [-] files/_luacheckrc.2
   [-] files/.1741.luacheckrc
   [-] files/.1747.luacheckrc
   [-] files/.1840.luacheckrc
   [-] files/.1905.luacheckrc
   [-] files/.1928.luacheckrc
   [-] files/.1978.luacheckrc
   [-] files/.1983.luacheckrc
   [-] files/.2022.luacheckrc
   [-] files/.2024.luacheckrc
