application/octet-stream	DoGood.mew.nss
application/octet-stream	acn_subfunc.nss
application/octet-stream	d0_functions_inc.nss
application/octet-stream	dbk_include.nss
application/octet-stream	dcs_inc_objects.nss
application/octet-stream	hgll_area_onente.nss
application/octet-stream	nmr_npcnamechk.nss
application/octet-stream	nw_i0_spells.1.nss
application/octet-stream	ohs_d1_hire.nss
application/octet-stream	ohs_d1_select1.nss
application/octet-stream	ohs_d1_select2.nss
application/octet-stream	ohs_d1_select3.nss
application/octet-stream	ohs_d1_select4.nss
application/octet-stream	ohs_d1_select5.nss
application/octet-stream	ohs_d1_select6.nss
application/octet-stream	ohs_i0_goals.nss
application/octet-stream	ohs_temple_enter.nss
application/octet-stream	seed_ani_token.nss
application/octet-stream	session.5.nss
application/octet-stream	session.6.nss
application/octet-stream	stool_mos_act.nss
application/x-sharedlib	GameSwitch.1.nss
application/x-sharedlib	GameSwitch.2.nss
application/x-sharedlib	GameSwitch.3.nss
application/x-sharedlib	GameSwitch.nss
application/x-sharedlib	SwitchPlayer.1.nss
application/x-sharedlib	SwitchPlayer.2.nss
application/x-sharedlib	SwitchPlayer.3.nss
application/x-sharedlib	SwitchPlayer.4.nss
application/x-sharedlib	SwitchPlayer.nss
application/x-sharedlib	VulkanNX.nss
inode/x-empty	Empty.nss
text/html	D3CHANGE.NSS
text/html	D3DELETE.NSS
text/html	D3EMLIST.NSS
text/html	D3NEW.NSS
text/html	D3SHOW.NSS
text/html	D4-MENUB.NSS
text/html	D4-START.NSS
text/html	D4EMLIST.NSS
text/html	D4SELECT.NSS
text/html	E3EXAEND.NSS
text/html	H3ANCHOR.NSS
text/html	H3OHTML.NSS
text/html	H3OHTMLJ.NSS
text/html	H3RBGROU.NSS
text/html	H3RCGROU.NSS
text/html	W3ERRTMP.NSS
text/html	W3ERXTMP.NSS
text/x-makefile	nmakefile95.nss
text/x-makefile	nmakefilent.nss
text/x-tex	list.insert.nss
text/x-tex	list.remove.nss
text/x-tex	queue.dequeue.nss
text/x-tex	struktex-test-0.nss
text/xml	symbols.nss
