https://raw.githubusercontent.com/boschand/PBiDataConnector/ba09d97cdb2a57cafd6ecc0c843469bbad5eea9d/samples/DirectQueryForSQL/DirectQueryForSQL.pq
https://raw.githubusercontent.com/boschand/PBiDataConnector/ba09d97cdb2a57cafd6ecc0c843469bbad5eea9d/samples/Github/github.pq
https://raw.githubusercontent.com/boschand/PBiDataConnector/ba09d97cdb2a57cafd6ecc0c843469bbad5eea9d/samples/HelloWorld/HelloWorld.pq
https://raw.githubusercontent.com/boschand/PBiDataConnector/ba09d97cdb2a57cafd6ecc0c843469bbad5eea9d/samples/HelloWorldWithDocs/HelloWorldWithDocs.pq
https://raw.githubusercontent.com/boschand/PBiDataConnector/ba09d97cdb2a57cafd6ecc0c843469bbad5eea9d/samples/MyGraph/MyGraph.pq
https://raw.githubusercontent.com/boschand/PBiDataConnector/ba09d97cdb2a57cafd6ecc0c843469bbad5eea9d/samples/NavigationTable/NavigationTable.pq
https://raw.githubusercontent.com/boschand/PBiDataConnector/ba09d97cdb2a57cafd6ecc0c843469bbad5eea9d/samples/TripPin/1-OData/TripPin.pq
https://raw.githubusercontent.com/boschand/PBiDataConnector/ba09d97cdb2a57cafd6ecc0c843469bbad5eea9d/samples/TripPin/2-Rest/TripPin.pq
https://raw.githubusercontent.com/boschand/PBiDataConnector/ba09d97cdb2a57cafd6ecc0c843469bbad5eea9d/samples/TripPin/3-NavTables/TripPin.pq
https://raw.githubusercontent.com/boschand/PBiDataConnector/ba09d97cdb2a57cafd6ecc0c843469bbad5eea9d/samples/TripPin/4-Paths/TripPin.pq
https://raw.githubusercontent.com/cwebbbi/PowerBITextAnalytics/3e43baf3dd1ffccbcc80536098fb07afd4a998f7/TextAnalytics/TextAnalytics.pq
https://raw.githubusercontent.com/EXASOL/powerbi-exasol/0c372de1a4ef41d59e7d3b1982b488d8e66f4e21/Exasol/Exasol.pq
https://raw.githubusercontent.com/fluf1024/PQGoogleSpreadsheet/5a166b1cc1aedc2afa43ae2f2f4cf3572c30052d/PQGoogleSpreadsheet/PQGoogleSpreadsheet.pq
https://raw.githubusercontent.com/foxan/SnagR/38aa7e4ce0a77ff7e7ca294f8d1e5bf7f973a4d8/SnagR.pq
https://raw.githubusercontent.com/hohlick/PowerQueryModules/484c1f1431c652983910b5989e0a8441f622266c/Module.SqlExpression.pq
https://raw.githubusercontent.com/hohlick/PowerQueryModules/51ed8b2d187bdc8b3f47c6c80b3ba52442893d38/Module.Table.pq
https://raw.githubusercontent.com/hohlick/PowerQueryModules/53ff1cfbcadffa0e24feaeca40df1cbd013c4c1e/Module.List.pq
https://raw.githubusercontent.com/hohlick/PowerQueryModules/ad0565749dfc075c807f363839718378e959da7d/Module.Date.pq
https://raw.githubusercontent.com/hohlick/PowerQueryModules/b4c18de48326610afe8355f15f31a0d844366ca3/Module.Text.pq
https://raw.githubusercontent.com/hohlick/PowerQueryModules/f6880f37e63876ce9de2e369246a85ea0ae94247/Module.SharePoint15.pq
https://raw.githubusercontent.com/Hugoberry/PowerQueryConnectors/0a1ce09105cfc3514beb8258fb886e4e8bdcc651/src/PowerShell/PowerShell.pq
https://raw.githubusercontent.com/Hugoberry/PowerQueryConnectors/d48baf0b5f95837b3673ce57c12dc8e94165716c/src/DropBox/DropBox.pq
https://raw.githubusercontent.com/Hugoberry/PowerQueryExtensions/79d372540cae4a9a4f144f08de0c3c2e38174e1d/src/Date/Date.pq
https://raw.githubusercontent.com/Hugoberry/PowerQueryExtensions/79d372540cae4a9a4f144f08de0c3c2e38174e1d/src/Splitter/Splitter.pq
https://raw.githubusercontent.com/Hugoberry/PowerQueryExtensions/8443104176b3dac02a942f16c616f1ff544faf9a/src/List/List.pq
https://raw.githubusercontent.com/Hugoberry/PowerQueryExtensions/8443104176b3dac02a942f16c616f1ff544faf9a/src/Number/Number.pq
https://raw.githubusercontent.com/Hugoberry/PowerQueryExtensions/8443104176b3dac02a942f16c616f1ff544faf9a/src/Table/Table.pq
https://raw.githubusercontent.com/Hugoberry/PowerQueryExtensions/dea8cae5fac2ea086faf4fffd0d56fcb7ee62e42/src/Text/Text.pq
https://raw.githubusercontent.com/Hugoberry/PowerQueryExtensions/dea8cae5fac2ea086faf4fffd0d56fcb7ee62e42/src/Value/Value.pq
https://raw.githubusercontent.com/jeroenterheerdt/PowerBI-CBS-OpenData/26698ed7e03427b2768ee7849aeb5089252b1f8d/CBSOpenData/CBSOpenData.pq
https://raw.githubusercontent.com/Kjonge/PowerBIStravaConnector/fa547884dbec8e50ed9a0e3327d8494000e37654/Strava/Strava/Strava.pq
https://raw.githubusercontent.com/mattmasson/PowerQuery/29603782961abe16de244c74b8cacdf1d3bb896f/Steam/Steam.pq
https://raw.githubusercontent.com/Microsoft/DataConnectors/1ea5a3404d6c1f3f551e181a388d0d4a47b732ed/samples/TripPin/6-Schema/TripPin.pq
https://raw.githubusercontent.com/Microsoft/DataConnectors/2584da848c50f70fb56c04bc97eca1dcb3a7b4ed/samples/TripPin/5-Paging/TripPin.pq
https://raw.githubusercontent.com/Microsoft/DataConnectors/2c3c16aea10eee6190bd6d27345e958f05eab42c/samples/Github/github.pq
https://raw.githubusercontent.com/Microsoft/DataConnectors/84079a9d77beba68750f674079c4f97f53428899/samples/HelloWorldWithDocs/HelloWorldWithDocs.pq
https://raw.githubusercontent.com/Microsoft/DataConnectors/86c95fb8fb96f6af7316d0c33f1986e7a0f41f4d/samples/MyGraph/MyGraph.pq
https://raw.githubusercontent.com/Microsoft/DataConnectors/910b3a807fee3740a6b668ac90532f93c69d1ea8/samples/UnitTesting/UnitTesting.pq
https://raw.githubusercontent.com/Microsoft/DataConnectors/910b3a807fee3740a6b668ac90532f93c69d1ea8/samples/UnitTesting/UnitTesting.query.pq
https://raw.githubusercontent.com/Microsoft/DataConnectors/a751f51d69477ed8c91d0b6be108912a21b85ea3/samples/TripPin/4-Paths/TripPin.pq
https://raw.githubusercontent.com/Microsoft/DataConnectors/ba09d97cdb2a57cafd6ecc0c843469bbad5eea9d/samples/NavigationTable/NavigationTable.pq
https://raw.githubusercontent.com/Microsoft/DataConnectors/c11216e7a64c2f0204d9ccb640a410370625e9c4/samples/TripPin/2-Rest/TripPin.pq
https://raw.githubusercontent.com/Microsoft/DataConnectors/c9a35e4364d762ddc59975a1be13971bd44d4fc4/samples/TripPin/3-NavTables/TripPin.pq
https://raw.githubusercontent.com/Microsoft/DataConnectors/cc50ee3b21dcd39aaa5f07871032c081570e4d46/samples/DirectQueryForSQL/DirectQueryForSQL.pq
https://raw.githubusercontent.com/Microsoft/DataConnectors/cc50ee3b21dcd39aaa5f07871032c081570e4d46/samples/HelloWorld/HelloWorld.pq
https://raw.githubusercontent.com/Microsoft/DataConnectors/ccee42ab122a4dcc4aafcdf7a1b84d7aa652f6e0/samples/ODBC/ImpalaODBC/ImpalaODBC.pq
https://raw.githubusercontent.com/Microsoft/DataConnectors/ccee42ab122a4dcc4aafcdf7a1b84d7aa652f6e0/samples/ODBC/RedshiftODBC/RedshiftODBC.pq
https://raw.githubusercontent.com/Microsoft/DataConnectors/ccee42ab122a4dcc4aafcdf7a1b84d7aa652f6e0/samples/ODBC/SnowflakeODBC/SnowflakeODBC.pq
https://raw.githubusercontent.com/Microsoft/DataConnectors/fe8cb91f694e476bd70c10b9295a815d7bfc42d7/samples/TripPin/1-OData/TripPin.pq
https://raw.githubusercontent.com/migueesc123/CalendarCreator4PowerBI/97266818c299806d718dc947102661abc39b84d4/CalendarCreator/CalendarCreator.pq
https://raw.githubusercontent.com/migueesc123/MeetupConnector/b05346095442323240fabbe1e993965c59bc423e/Meetup/Meetup.pq
https://raw.githubusercontent.com/migueesc123/PowerBIRESTAPI/18d97768cb74fb01714e8498e3d7b1121f45aa78/Power%20BI%20API/Power%20BI%20API/PBIAPI.pq
https://raw.githubusercontent.com/migueesc123/WooCommerceConnector/1913c9b0359acef240c15c6b403e1ff8cc1dadc4/Woocommerce/Woocommerce.pq
https://raw.githubusercontent.com/migueesc123/YoutubeAnalytics/9cfe1dc4b0ae1a65dd7a7992717c433affeff97d/YoutubeAnalytics/YoutubeAnalytics.pq
https://raw.githubusercontent.com/mprozil/PBIGoogleFitDataConnector/c90971b4c9126a2f95219dbbc6d72bf99e1423ae/GoogleFit/GoogleFit/GoogleFit.pq
https://raw.githubusercontent.com/necroze/justaclone/2584da848c50f70fb56c04bc97eca1dcb3a7b4ed/samples/DirectQueryForSQL/DirectQueryForSQL.pq
https://raw.githubusercontent.com/necroze/justaclone/2584da848c50f70fb56c04bc97eca1dcb3a7b4ed/samples/Github/github.pq
https://raw.githubusercontent.com/necroze/justaclone/2584da848c50f70fb56c04bc97eca1dcb3a7b4ed/samples/HelloWorld/HelloWorld.pq
https://raw.githubusercontent.com/necroze/justaclone/2584da848c50f70fb56c04bc97eca1dcb3a7b4ed/samples/HelloWorldWithDocs/HelloWorldWithDocs.pq
https://raw.githubusercontent.com/necroze/justaclone/2584da848c50f70fb56c04bc97eca1dcb3a7b4ed/samples/MyGraph/MyGraph.pq
https://raw.githubusercontent.com/necroze/justaclone/2584da848c50f70fb56c04bc97eca1dcb3a7b4ed/samples/NavigationTable/NavigationTable.pq
https://raw.githubusercontent.com/necroze/justaclone/2584da848c50f70fb56c04bc97eca1dcb3a7b4ed/samples/ODBC/ImpalaODBC/ImpalaODBC.pq
https://raw.githubusercontent.com/necroze/justaclone/2584da848c50f70fb56c04bc97eca1dcb3a7b4ed/samples/ODBC/RedshiftODBC/RedshiftODBC.pq
https://raw.githubusercontent.com/necroze/justaclone/2584da848c50f70fb56c04bc97eca1dcb3a7b4ed/samples/ODBC/SnowflakeODBC/SnowflakeODBC.pq
https://raw.githubusercontent.com/necroze/justaclone/2584da848c50f70fb56c04bc97eca1dcb3a7b4ed/samples/TripPin/1-OData/TripPin.pq
https://raw.githubusercontent.com/necroze/justaclone/2584da848c50f70fb56c04bc97eca1dcb3a7b4ed/samples/TripPin/2-Rest/TripPin.pq
https://raw.githubusercontent.com/necroze/justaclone/2584da848c50f70fb56c04bc97eca1dcb3a7b4ed/samples/TripPin/3-NavTables/TripPin.pq
https://raw.githubusercontent.com/necroze/justaclone/2584da848c50f70fb56c04bc97eca1dcb3a7b4ed/samples/TripPin/4-Paths/TripPin.pq
https://raw.githubusercontent.com/necroze/justaclone/2584da848c50f70fb56c04bc97eca1dcb3a7b4ed/samples/TripPin/5-Paging/TripPin.pq
https://raw.githubusercontent.com/necroze/justaclone/2584da848c50f70fb56c04bc97eca1dcb3a7b4ed/samples/TripPin/6-Schema/TripPin.pq
https://raw.githubusercontent.com/ruthpozuelo/GoogleAnalyticsConnector/e138e8ebbe4691576796752b1034a7f49e95dc97/GoogleAnalytics/GoogleAnalytics.pq
https://raw.githubusercontent.com/zhll2046/test/a9b64ef1ebe2a82eca0ef5df5b45e321d28ae72a/PQExtension1/PQExtension1/PQExtension1.pq
