AcceleratedLinux
Acidburn0zzz
ajorians
ALandFarAway
alex-ozdemir
alliedmodders
andrenatal
androidports
angryzor
ansharma74
AOSC-Dev
apc-io
apple-open-source
armikhael
arthuredelstein
artines1
arun1778
aryaos
asceth
atilag
atmark-techno
atomburg
balabit-deps
bartsidee
Beibeixi
BenEgeIzmirli
betting
bford
bhearsum
binoc-graveyard
bitwiseworks
blackfuel
bopopescu
bpehrs11
brendandahl
BrunoReX
c4pt000
CanaimaKueka
carlobar
chenxudong2020
chitranshi
Clarkmania
classilla
cliqz-oss
clockzhong
cobwebos
codehag
codyrutscher
darkspr1te
david89089
dchristensen
denehs
dirlinch
Distrotech
djg
dronixdevteam
dryeo
dwmw2
e210e8fd368d7614
eagle-dai
eashwarvijay
ehsan
ekr
eldron
eleazarmitchell
emtwo
ena30
eric30
erikbroo
ethernitynet
Feodor2
galadran
GaloisInc
genesi
GeoffLedak
ghostery
gilanghamidy
gilleswaeber
gnuinos
gorden5566
gp-b2g
GPC-debug
graywolf
guardianproject
gw280
h0tw1r3
HachCompany-DRSeries
hajuuk
Halliburton-Landmark
haywoodspartan
heavilessrose
holzman
howard2345678
humphd
hyl946
iamdroppy
idsdl
imharrywu
impedimentToProgress
inouema
InternalError503
isislovecruft
ittat
jackowayed
Jackysi
jamienicol
jbob555
JCROM-FxOS
jdkoftinoff
jgraham
jhjou
jing-bao
johnshih
jondos
joneschrisg
JosiahOne
jostw
jsorg71
jyc
karinsofia
karzler
KDDI-tech
kerpz
KevinandJacky
kitwood
koolshare
krad-radio
Kukunin
KyleSanderson
lancethepants
LeonardKoenig
libreswan-dev
libreswan
luke-chang
m4rk
MaddTheSane
Manishearth
marco-c
marcofreda527
Mardak
marksuman
matteocrippa
matyapiro31
mehulagg
memorais
MerlinRdev
metux
michielbdejong
michwqy
MikeBKC
mmarrkv
mmoutenot
modern-router
molnarg
mongoltolbo
MoonchildProductions
MoonshotNL
mozilla-b2g
mozilla-services
mozilla-spidermonkey
mozilla
MrAlex94
MrHankey
mtelleria
muelli
MutexUnlocked
myarchsource
mystor
mytechgroup
n-hys
NateShoffner
nealwx
nef0s
nemomobile-packages
neonux
Nephyrin
neuros
ngsankha
nining
nmacs
nmago
nmav
nsmr0604
nss-dev
odkrys
ojdkbuild
openipcam
OpenSXCE-org
oss-qm
paldier
Pardus-Kurumsal
PatriceJiang
paulmadore
pfgenyun
plasmazilla
Plume-yu
pmrowla
PrivacySolutions
q623928815
qianguozheng
qq779089973
Qwant
racktopsystems
rainkid
raspbian-packages
raylin
redpanda321
ReliefLabs
rgsngdha
rhuitl
ricardoquesada
rillian
robacklin
RockalotofPokadots
rojkov
roytam1
rrelmy
rt1k
s911415
scs
seinlin
Sense1988
sensysnetworks
sergey-cheperis
servo
sethfowler
shantanugoel
shawnjohnjr
shawnl
shravanrn
shuangMoz
sidvishnoi
sisbell
SkyFire
slash31
SnowyGFL
somsom37
Song-Li
Spittie
ssrg-vt
stephenfox
stunts513
supersonictw
syg
szakats
t2m-foxfone
tdaede
thangluutitan
TheTypoMaster
theuni
timur-losev
tinygiant98
torbsd
torpluston
trav90
trueme521
tsingui
txemagon
Unpublished
vektort13
Victek
vido89
violetatrium
vipulkit
vistafan12
VolodymyrGalushka
vvuk
w0x12ef
walac
weilonge
Whissi
wicknix
wilebeast
wirke
wl500g
xelerance
xiaohuim
y-trudeau
yingkailiang
yljack
Yukarumya
YusukeYamamoto
yzhang90
zhangdehao-lab
zhaomokeji
zhoutao0712
zoodles
zpao
