AcceleratedLinux/accelerated-linux
Acidburn0zzz/mozilla-central-constelation
ajorians/CampfireAPI
ALandFarAway/alfa017_amn
alex-ozdemir/verifirefox
alliedmodders/sourcemod
andrenatal/gecko-dev
andrenatal/webspeech-vr
androidports/nss
androidports/nss4android
angryzor/sourcemod-v8-old
ansharma74/cwrs
AOSC-Dev/nss-purified
apc-io/apc_b2g_gecko
apple-open-source/developer-tools
armikhael/cunaguaro
armikhael/guacharo
arthuredelstein/tor-browser
artines1/gecko-dev
arun1778/gecko
aryaos/arya-b2g
asceth/synapi
atilag/Gecko
atmark-techno/atmark-dist
atomburg/mozi-browser
balabit-deps/balabit-os-6-nss
balabit-deps/balabit-os-7-nss
bartsidee/boxee
Beibeixi/K2PBCM
BenEgeIzmirli/mozilla_central_in_c
betting/snakeos
bford/nss
bhearsum/gecko-unified
binoc-graveyard/esr52-vs2017
bitwiseworks/mozilla-os2
bitwiseworks/nss-os2
blackfuel/asuswrt-gt-ac5300
bopopescu/CAMSTL
bopopescu/UnitedSafety
bpehrs11/LightningDocs
brendandahl/spiderweb-subrepo
BrunoReX/palemoon
c4pt000/firefoxQRv68
CanaimaKueka/cunaguaro
CanaimaKueka/guacharo
carlobar/uclinux_leon3_UD
chenxudong2020/RT-AC54U-For-K2
chitranshi/nss
Clarkmania/ripetomato
classilla/tenfourfox
cliqz-oss/browser-f
clockzhong/ASUSWRT_RT-AC1200GPlus
cobwebos/openswan
codehag/compiler-compiler-dev
codyrutscher/seamonkey
darkspr1te/uClinux-dist
david89089/chicken_panic
dchristensen/tomato
denehs/gecko
dirlinch/chromecast-mirrored-source.external
Distrotech/nss
djg/mozilla-unified
dronixdevteam/AGA-devel
dryeo/mozilla-aos
dwmw2/nss
e210e8fd368d7614/npnios
eagle-dai/pale-moon
eashwarvijay/snake-os
ehsan/mozilla-cvs-history
ehsan/mozilla-history
ehsan/test-cvs-mc
ehsan/test
ekr/nss-old
eldron/tlsmb
eleazarmitchell/firefox
emtwo/tiles-dev
ena30/snake-os
eric30/releases-mozilla-central
erikbroo/multitheftauto
ethernitynet/libreswan
Feodor2/Mypal
galadran/tor-browser
GaloisInc/hacrypto
genesi/firefox
GeoffLedak/uclinux-sega-port
ghostery/browser-android
gilanghamidy/DifferentialFuzzingWASM-gecko-dev
gilleswaeber/Deterfox
gnuinos/iceweasel-uxp
gorden5566/asuswrt-ac1200hp
gp-b2g/gp-revolution-gecko
GPC-debug/mozilla-central
graywolf/gecko-dev
guardianproject/tor-browser
gw280/graphics
gw280/mozilla-central
h0tw1r3/advancedtomato-ac
HachCompany-DRSeries/DRseries
hajuuk/asuswrt
Halliburton-Landmark/xulrunner-24.0
haywoodspartan/Elsword-Source-2014
heavilessrose/my-sync
holzman/tomato
howard2345678/chromecast-mirrored-source.external
humphd/mozilla-central-old
hyl946/opensource_apple
iamdroppy/multitheftauto
idsdl/asuswrt-merlin-TendaAC15
imharrywu/firefox
impedimentToProgress/UCI-BlueChip
inouema/LEON3onNEEK
InternalError503/cyberfox
isislovecruft/tor-browser
ittat/gecko-b2g
jackowayed/cvs-mozilla-nss
jackowayed/mozilla-nss
Jackysi/advancedtomato
jamienicol/gecko
jbob555/slimfox
JCROM-FxOS/b2jc_gecko
jdkoftinoff/mb-linux-msli
jgraham/gecko
jhjou/tomato_egg
jing-bao/read-iontrail
johnshih/releases-mozilla-aurora
jondos/jondobrowser-torbrowser
joneschrisg/mozilla-central
JosiahOne/thunderbird-clone
jostw/gecko
jsorg71/waterfox_classic_releases
jyc/gecko
karinsofia/foxes-on-fire
karzler/DivFirefoxTesting
KDDI-tech/gecko
kerpz/tomato
KevinandJacky/RT_AC1200GU
KevinandJacky/RT-AC1200HP_3.0.0.4.380.8287-for-K2
kitwood/releases-mozilla-release
koolshare/Tomato-ARM
krad-radio/mozilla-krad
Kukunin/thunderbird2-tls12
KyleSanderson/SourceMod
lancethepants/Toastman-Tinc-MIPSR1
lancethepants/Toastman-Tinc
lancethepants/tomato-dnssec
LeonardKoenig/DIR882A1-GPL
libreswan-dev/libreswan
libreswan/libreswan
luke-chang/gecko-cinnabar
m4rk/MT9T001-linux-driver
MaddTheSane/gecko-camino
Manishearth/stylo-flat
marco-c/gecko-dev-comments-removed
marco-c/gecko-dev-wordified-and-comments-removed
marco-c/gecko-dev-wordified
marcofreda527/jb412gecko
Mardak/tiles-dev
marksuman/boxee
matteocrippa/dsl-n55u-bender
matyapiro31/instantbird-1.5
mehulagg/mozilla-central
memorais/TC2_impl
MerlinRdev/rt-ax58u
metux/thunderbird-2
metux/thunderbird
michielbdejong/gecko-dev
michwqy/cve
MikeBKC/Route-Code
mmarrkv/binrv
mmoutenot/SandFox
modern-router/tomato-by-shibby
molnarg/http2
molnarg/moz-http2
mongoltolbo/icedove
MoonchildProductions/Tycho-dev
MoonchildProductions/UXP
MoonshotNL/old_code
mozilla-b2g/gecko-tablet
mozilla-services/services-central-legacy
mozilla-spidermonkey/rust-frontend
mozilla/gecko-dev
mozilla/integration-mozilla-inbound
mozilla/spiderweb
MrAlex94/Waterfox
MrHankey/multitheftauto
mtelleria/bluegriffon-debian-packaging
muelli/tor-browser
MutexUnlocked/lucid
myarchsource/js60
myarchsource/js68
myarchsource/nss
mystor/mozilla-central
mytechgroup/tor
n-hys/nss
NateShoffner/Superfish-Removal-Tool
nealwx/asuswrt-xxxx
nef0s/MTA-SourceCode
nemomobile-packages/mozilla-central
neonux/mozilla-all
Nephyrin/mozilla-dev
neuros/neuroslink-xbmc
ngsankha/js-tproxy
nining/tomato
nmacs/lm3s-uclinux
nmago/tor-browser
nmav/nss
nsmr0604/nsb-3xx
nss-dev/nss
odkrys/rt-ac86u_et
ojdkbuild/lookaside_nss
openipcam/openipcam-n745-2.4
OpenSXCE-org/FireFox-43-port-for-all-OpenSolaris-distros
oss-qm/seamonkey
paldier/ac1200gu
Pardus-Kurumsal/nss
PatriceJiang/spidermonkey-69-ios-compile
paulmadore/luckyde
pfgenyun/ionmonkey-mips
pfgenyun/loongson-mozilla-central
plasmazilla/firefox
Plume-yu/att-cn
pmrowla/sourcemod-1.5
pmrowla/sourcemod-central
PrivacySolutions/Abscond-Browser
q623928815/asuswrt_ac9
qianguozheng/Openswan
qq779089973/asuswrt
Qwant/MobileApp
Qwant/MobileAppJunior
racktopsystems/nss
rainkid/bcwifi
raspbian-packages/firefox-esr
raylin/gecko
redpanda321/Icefox
ReliefLabs/EasyTomato
rgsngdha/86u-merlin
rgsngdha/R80000P
rhuitl/uClinux
ricardoquesada/Spidermonkey
rillian/firefox
robacklin/uclinux
RockalotofPokadots/advancedtomato
rojkov/xulrunner
roytam1/basilisk55
roytam1/fx-vc2013
roytam1/gecko-kaios
roytam1/iceweaselXP
roytam1/mozilla-cvs-history-subtree
roytam1/mozilla45esr
roytam1/palemoon24_25-history
roytam1/palemoon27
roytam1/tenfourfox-history
roytam1/UXP
rrelmy/asus-rt-n56u-firmware
rt1k/firefox52-esr
s911415/firefox
scs/uclinux
seinlin/gecko
Sense1988/20160311_EA1301
sensysnetworks/uClinux
sergey-cheperis/nss-nspr-windows
servo/nss
sethfowler/gecko
shantanugoel/asus-rt-n66u-merlin
shawnjohnjr/releases-mozilla-central
shawnl/nss2
shravanrn/mozilla_firefox_nacl
shuangMoz/gattdemo1
sidvishnoi/gecko-webmonetization
sisbell/tor-browser
SkyFire/MTA
slash31/TomatoE
SnowyGFL/GFLZE-SourceMod
somsom37/https-github.com-Silenci0-old_sourcemod
Song-Li/DBrowser
Spittie/advancedtomato-ac
ssrg-vt/Chum-src
stephenfox/iceweasel-dev
stunts513/gecko
supersonictw/firefox-70.0.1
syg/gecko
szakats/bzflag_mirror
t2m-foxfone/quic_lf_b2g_mozilla_gecko
tdaede/mozilla-central
thangluutitan/privafox-converted
TheTypoMaster/asuswrt
theuni/XBMC-deps
timur-losev/smcustom
tinygiant98/darksun
torbsd/torb
torpluston/tor-browser
trav90/moebius
trueme521/rktotal
tsingui/asuswrt-merlin-xiaobao
tsingui/asuswrt-merlin
txemagon/firefox-symlinks
Unpublished/tor-browser
vektort13/AntidetectFirefox
Victek/Tomato-RAF
vido89/RTL8672
violetatrium/asus
vipulkit/servo-srid-libcss
vistafan12/minefield
VolodymyrGalushka/tomato-sabai
vvuk/mc-nvpr
w0x12ef/jsdecoder
walac/mc_dogfood
walac/mozilla-central
weilonge/gecko-git-cinnabar
Whissi/gentoo-mozilla
wicknix/UXP4PPC32
wilebeast/FireFox-OS
wirke/fuerfoks
wl500g/wl500g
xelerance/Openswan
xiaohuim/advancedtomato
y-trudeau/openswan-patch-meraki
yingkailiang/gecko
yljack/chromecast-mirrored-source.external
Yukarumya/Yukarum-Redfoxes
YusukeYamamoto/gecko
yzhang90/jsmop
zhangdehao-lab/uClinux
zhaomokeji/Firemail_Mozilla_security
zhoutao0712/tenda-f451
zhoutao0712/yhwrt
zoodles/zoodlesgamesplayer
zpao/v8monkey
