Renamed: 010_throrgar_ward_runes_onenter.NSS.1 -> 010_throrgar_ward_runes_onenter.1.NSS
Renamed: Blue.NUI.nss.1 -> Blue.NUI.1.nss
Renamed: Blue.NUI.nss.7 -> Blue.NUI.7.nss
Renamed: Blue.NUIStyle.nss.1 -> Blue.NUIStyle.1.nss
Renamed: ContentionPerRAWSlot-1NGroup1NRawSlotNum2Nsta50SensorMeasurementSize54TrafficInterval500.nss.1 -> ContentionPerRAWSlot-1NGroup1NRawSlotNum2Nsta50SensorMeasurementSize54TrafficInterval500.1.nss
Renamed: ContentionPerRAWSlot-1NGroup1NRawSlotNum5Nsta50SensorMeasurementSize54TrafficInterval500.nss.1 -> ContentionPerRAWSlot-1NGroup1NRawSlotNum5Nsta50SensorMeasurementSize54TrafficInterval500.1.nss
Renamed: Default.NUI.nss.1 -> Default.NUI.1.nss
Renamed: Default.NUI.nss.9 -> Default.NUI.9.nss
Renamed: GameSwitch.nss.1 -> GameSwitch.1.nss
Renamed: GameSwitch.nss.2 -> GameSwitch.2.nss
Renamed: GameSwitch.nss.3 -> GameSwitch.3.nss
Renamed: Googolplex.NUI.nss.1 -> Googolplex.NUI.1.nss
Renamed: HSStyle-iPhone.nss.1 -> HSStyle-iPhone.1.nss
Renamed: HSStyle.nss.1 -> HSStyle.1.nss
Renamed: HealthyInteriorsStyleWood.nss.1 -> HealthyInteriorsStyleWood.1.nss
Renamed: MetaTiles.nss.17 -> MetaTiles.17.nss
Renamed: NUIStyle.nss.1 -> NUIStyle.1.nss
Renamed: NUIStyle.nss.10 -> NUIStyle.10.nss
Renamed: NUIStyle.nss.11 -> NUIStyle.11.nss
Renamed: NUIStyle.nss.14 -> NUIStyle.14.nss
Renamed: NUIStyle.nss.2 -> NUIStyle.2.nss
Renamed: NUIStyle.nss.25 -> NUIStyle.25.nss
Renamed: NUIStyle.nss.3 -> NUIStyle.3.nss
Renamed: NUIStyle.nss.4 -> NUIStyle.4.nss
Renamed: NUIStyle.nss.6 -> NUIStyle.6.nss
Renamed: README.NSS.2 -> README.2.NSS
Renamed: README.NSS.22 -> README.22.NSS
Renamed: README.nss.1 -> README.1.nss
Renamed: README.nss.127 -> README.127.nss
Renamed: README.nss.153 -> README.153.nss
Renamed: README.nss.155 -> README.155.nss
Renamed: README.nss.161 -> README.161.nss
Renamed: README.nss.217 -> README.217.nss
Renamed: README.nss.3 -> README.3.nss
Renamed: README.nss.52 -> README.52.nss
Renamed: README.nss.84 -> README.84.nss
Renamed: Round.NUI.nss.1 -> Round.NUI.1.nss
Renamed: Route.NUI.nss.1 -> Route.NUI.1.nss
Renamed: SDKStyles.nss.1 -> SDKStyles.1.nss
Renamed: SDKStyles.nss.2 -> SDKStyles.2.nss
Renamed: SDKStyles.nss.3 -> SDKStyles.3.nss
Renamed: SDKStyles.nss.4 -> SDKStyles.4.nss
Renamed: SkyBlue.NUI.nss.1 -> SkyBlue.NUI.1.nss
Renamed: SkyBlue.NUI.nss.20 -> SkyBlue.NUI.20.nss
Renamed: Style.nss.1 -> Style.1.nss
Renamed: Style.nss.2 -> Style.2.nss
Renamed: SwitchPlayer.nss.1 -> SwitchPlayer.1.nss
Renamed: SwitchPlayer.nss.2 -> SwitchPlayer.2.nss
Renamed: SwitchPlayer.nss.3 -> SwitchPlayer.3.nss
Renamed: SwitchPlayer.nss.4 -> SwitchPlayer.4.nss
Renamed: SwitchPlayer.nss.6 -> SwitchPlayer.6.nss
Renamed: Switchboard.NUI.nss.1 -> Switchboard.NUI.1.nss
Renamed: X2_S0_BattTideA.NSS.1 -> X2_S0_BattTideA.1.NSS
Renamed: X2_S0_GlphWard.NSS.3 -> X2_S0_GlphWard.3.NSS
Renamed: X2_S0_InfestMag.NSS.1 -> X2_S0_InfestMag.1.NSS
Renamed: X2_T1_SoncEpicC.NSS.3 -> X2_T1_SoncEpicC.3.NSS
Renamed: _inc_cut_level1.nss.1 -> _inc_cut_level1.1.nss
Renamed: _inc_cut_level2.nss.1 -> _inc_cut_level2.1.nss
Renamed: _inc_cutscene.nss.1 -> _inc_cutscene.1.nss
Renamed: _inc_generic.nss.1 -> _inc_generic.1.nss
Renamed: a_give_q_reward.nss.1 -> a_give_q_reward.1.nss
Renamed: abr_plc_onclosereturns.NSS.1 -> abr_plc_onclosereturns.1.NSS
Renamed: abr_plc_onclosereturns.NSS.2 -> abr_plc_onclosereturns.2.NSS
Renamed: abr_tcircle_onenter.NSS.1 -> abr_tcircle_onenter.1.NSS
Renamed: abr_tcircle_onenter.NSS.3 -> abr_tcircle_onenter.3.NSS
Renamed: aca_tinting_lever.NSS.1 -> aca_tinting_lever.1.NSS
Renamed: acf_advanced_spawn.NSS.3 -> acf_advanced_spawn.3.NSS
Renamed: acf_area_client.NSS.1 -> acf_area_client.1.NSS
Renamed: acf_area_client.NSS.2 -> acf_area_client.2.NSS
Renamed: acf_area_onenter.NSS.1 -> acf_area_onenter.1.NSS
Renamed: acf_area_onenter_patrol.NSS.1 -> acf_area_onenter_patrol.1.NSS
Renamed: acf_area_onenter_throrgar_spire.NSS.1 -> acf_area_onenter_throrgar_spire.1.NSS
Renamed: acf_cre_flocking.NSS.1 -> acf_cre_flocking.1.NSS
Renamed: acf_cre_flocking.NSS.2 -> acf_cre_flocking.2.NSS
Renamed: acf_cre_os_quest_scourge.NSS.1 -> acf_cre_os_quest_scourge.1.NSS
Renamed: acf_mod_onacquireitem.NSS.1 -> acf_mod_onacquireitem.1.NSS
Renamed: acf_mod_onchat.NSS.1 -> acf_mod_onchat.1.NSS
Renamed: acf_mod_onchat.NSS.2 -> acf_mod_onchat.2.NSS
Renamed: acf_mod_oncliententer.NSS.1 -> acf_mod_oncliententer.1.NSS
Renamed: acf_mod_oncliententer.NSS.2 -> acf_mod_oncliententer.2.NSS
Renamed: acf_mod_oncliententer.NSS.4 -> acf_mod_oncliententer.4.NSS
Renamed: acf_mod_onpcloaded.NSS.1 -> acf_mod_onpcloaded.1.NSS
Renamed: acr_cs_skillpoints.NSS.1 -> acr_cs_skillpoints.1.NSS
Renamed: acr_cs_skillpoints.NSS.2 -> acr_cs_skillpoints.2.NSS
Renamed: acr_portal_exe.NSS.1 -> acr_portal_exe.1.NSS
Renamed: aps_include.nss.1 -> aps_include.1.nss
Renamed: aps_include.nss.2 -> aps_include.2.nss
Renamed: aps_include.nss.3 -> aps_include.3.nss
Renamed: aps_include.nss.4 -> aps_include.4.nss
Renamed: area_enter.nss.1 -> area_enter.1.nss
Renamed: as_group_herbs3.NSS.2 -> as_group_herbs3.2.NSS
Renamed: bbs_include.nss.1 -> bbs_include.1.nss
Renamed: bbs_include.nss.2 -> bbs_include.2.nss
Renamed: bbs_scribe_conv.nss.1 -> bbs_scribe_conv.1.nss
Renamed: bbs_scribe_conv.nss.2 -> bbs_scribe_conv.2.nss
Renamed: bbs_scribe_give.nss.1 -> bbs_scribe_give.1.nss
Renamed: bbs_scribe_give.nss.2 -> bbs_scribe_give.2.nss
Renamed: bbs_scribe_give.nss.3 -> bbs_scribe_give.3.nss
Renamed: bbs_scribe_m_get.nss.1 -> bbs_scribe_m_get.1.nss
Renamed: bbs_scribe_m_get.nss.2 -> bbs_scribe_m_get.2.nss
Renamed: bbs_scribe_m_get.nss.3 -> bbs_scribe_m_get.3.nss
Renamed: bbs_scribe_start.nss.1 -> bbs_scribe_start.1.nss
Renamed: bbs_scribe_start.nss.2 -> bbs_scribe_start.2.nss
Renamed: bbs_scribe_start.nss.3 -> bbs_scribe_start.3.nss
Renamed: bbs_scribe_start.nss.4 -> bbs_scribe_start.4.nss
Renamed: bbs_scribe_t_get.nss.1 -> bbs_scribe_t_get.1.nss
Renamed: bbs_scribe_t_get.nss.2 -> bbs_scribe_t_get.2.nss
Renamed: bbs_scribe_t_get.nss.3 -> bbs_scribe_t_get.3.nss
Renamed: bbs_start.nss.1 -> bbs_start.1.nss
Renamed: btlr__inc.nss.1 -> btlr__inc.1.nss
Renamed: btlr__inc.nss.2 -> btlr__inc.2.nss
Renamed: btlr__inc.nss.3 -> btlr__inc.3.nss
Renamed: btlr_modeyes.nss.1 -> btlr_modeyes.1.nss
Renamed: btlr_modhair.nss.2 -> btlr_modhair.2.nss
Renamed: btlr_modhead.nss.1 -> btlr_modhead.1.nss
Renamed: btlr_modhead.nss.2 -> btlr_modhead.2.nss
Renamed: btlr_modparts.nss.1 -> btlr_modparts.1.nss
Renamed: btlr_modparts.nss.2 -> btlr_modparts.2.nss
Renamed: btlr_modpheno.nss.1 -> btlr_modpheno.1.nss
Renamed: btlr_modpheno.nss.2 -> btlr_modpheno.2.nss
Renamed: btlr_modskin.nss.2 -> btlr_modskin.2.nss
Renamed: btlr_modtail.nss.1 -> btlr_modtail.1.nss
Renamed: btlr_modtail.nss.2 -> btlr_modtail.2.nss
Renamed: btlr_modtat1.nss.2 -> btlr_modtat1.2.nss
Renamed: btlr_modtat2.nss.2 -> btlr_modtat2.2.nss
Renamed: btlr_modwing.nss.1 -> btlr_modwing.1.nss
Renamed: btlr_modwing.nss.2 -> btlr_modwing.2.nss
Renamed: btlr_remove.nss.1 -> btlr_remove.1.nss
Renamed: btlr_remove.nss.3 -> btlr_remove.3.nss
Renamed: btlr_setitem.nss.1 -> btlr_setitem.1.nss
Renamed: btlr_setitem.nss.2 -> btlr_setitem.2.nss
Renamed: cu_functions.nss.1 -> cu_functions.1.nss
Renamed: custom.nss.1 -> custom.1.nss
Renamed: d_nwnx_craft_action.NSS.1 -> d_nwnx_craft_action.1.NSS
Renamed: d_nwnx_craft_item_init.NSS.1 -> d_nwnx_craft_item_init.1.NSS
Renamed: dm_basevisual.nss.1 -> dm_basevisual.1.nss
Renamed: dm_enhreset.nss.1 -> dm_enhreset.1.nss
Renamed: dm_inc_remove.nss.1 -> dm_inc_remove.1.nss
Renamed: dm_reset.nss.1 -> dm_reset.1.nss
Renamed: dmb_chat.nss.2 -> dmb_chat.2.nss
Renamed: dmfi_activate.nss.1 -> dmfi_activate.1.nss
Renamed: dmfi_activate.nss.2 -> dmfi_activate.2.nss
Renamed: dmfi_cond_dmw.nss.1 -> dmfi_cond_dmw.1.nss
Renamed: dmfi_dmw_inc.nss.1 -> dmfi_dmw_inc.1.nss
Renamed: dmfi_dmw_inc.nss.3 -> dmfi_dmw_inc.3.nss
Renamed: dmfi_dmw_inc.nss.5 -> dmfi_dmw_inc.5.nss
Renamed: dmfi_dmw_inc.nss.6 -> dmfi_dmw_inc.6.nss
Renamed: dmfi_execute.nss.1 -> dmfi_execute.1.nss
Renamed: dmfi_execute.nss.2 -> dmfi_execute.2.nss
Renamed: dmfi_execute.nss.3 -> dmfi_execute.3.nss
Renamed: dmfi_execute.nss.4 -> dmfi_execute.4.nss
Renamed: dmfi_execute.nss.5 -> dmfi_execute.5.nss
Renamed: dmfi_execute.nss.6 -> dmfi_execute.6.nss
Renamed: dmfi_inc_command.NSS.1 -> dmfi_inc_command.1.NSS
Renamed: dmfi_inc_conv.NSS.1 -> dmfi_inc_conv.1.NSS
Renamed: dmfi_inc_inc_com.NSS.1 -> dmfi_inc_inc_com.1.NSS
Renamed: dmfi_inc_initial.NSS.1 -> dmfi_inc_initial.1.NSS
Renamed: dmfi_inc_initial.NSS.2 -> dmfi_inc_initial.2.NSS
Renamed: dmfi_inc_langexe.NSS.1 -> dmfi_inc_langexe.1.NSS
Renamed: dmfi_inc_tool.NSS.1 -> dmfi_inc_tool.1.NSS
Renamed: dmfi_mod_pcload.NSS.1 -> dmfi_mod_pcload.1.NSS
Renamed: dmfi_univ_1.nss.2 -> dmfi_univ_1.2.nss
Renamed: dmfi_univ_10.nss.2 -> dmfi_univ_10.2.nss
Renamed: dmfi_univ_2.nss.2 -> dmfi_univ_2.2.nss
Renamed: dmfi_univ_3.nss.2 -> dmfi_univ_3.2.nss
Renamed: dmfi_univ_4.nss.2 -> dmfi_univ_4.2.nss
Renamed: dmfi_univ_5.nss.2 -> dmfi_univ_5.2.nss
Renamed: dmfi_univ_6.nss.2 -> dmfi_univ_6.2.nss
Renamed: dmfi_univ_7.nss.2 -> dmfi_univ_7.2.nss
Renamed: dmfi_univ_8.nss.2 -> dmfi_univ_8.2.nss
Renamed: dmfi_univ_9.nss.2 -> dmfi_univ_9.2.nss
Renamed: dmfi_univ_cond.nss.1 -> dmfi_univ_cond.1.nss
Renamed: dmfi_univ_dmw.nss.1 -> dmfi_univ_dmw.1.nss
Renamed: dmfi_univ_dmw.nss.5 -> dmfi_univ_dmw.5.nss
Renamed: dmfi_univ_dmw.nss.7 -> dmfi_univ_dmw.7.nss
Renamed: dmfi_univ_dmw.nss.8 -> dmfi_univ_dmw.8.nss
Renamed: dmfi_univ_dmw.nss.9 -> dmfi_univ_dmw.9.nss
Renamed: dmfi_voice1.nss.1 -> dmfi_voice1.1.nss
Renamed: dmfi_voice_exe.nss.1 -> dmfi_voice_exe.1.nss
Renamed: dmfi_voice_exe.nss.2 -> dmfi_voice_exe.2.nss
Renamed: dmfi_voicestart.nss.2 -> dmfi_voicestart.2.nss
Renamed: dmw_include.nss.1 -> dmw_include.1.nss
Renamed: es_cc_concom.nss.1 -> es_cc_concom.1.nss
Renamed: es_cc_events.nss.1 -> es_cc_events.1.nss
Renamed: es_cc_profiler.nss.1 -> es_cc_profiler.1.nss
Renamed: es_inc_array.nss.1 -> es_inc_array.1.nss
Renamed: es_inc_core.nss.1 -> es_inc_core.1.nss
Renamed: es_inc_util.nss.1 -> es_inc_util.1.nss
Renamed: es_s_kobinv.nss.1 -> es_s_kobinv.1.nss
Renamed: es_s_musicplayer.nss.1 -> es_s_musicplayer.1.nss
Renamed: es_s_persistloc.nss.1 -> es_s_persistloc.1.nss
Renamed: es_s_subsysman.nss.1 -> es_s_subsysman.1.nss
Renamed: es_srv_chatcom.nss.1 -> es_srv_chatcom.1.nss
Renamed: es_srv_gui.nss.1 -> es_srv_gui.1.nss
Renamed: es_srv_mediator.nss.1 -> es_srv_mediator.1.nss
Renamed: es_srv_simdialog.nss.1 -> es_srv_simdialog.1.nss
Renamed: es_srv_toolbox.nss.1 -> es_srv_toolbox.1.nss
Renamed: es_srv_wtimer.nss.1 -> es_srv_wtimer.1.nss
Renamed: ftpath_library.NSS.1 -> ftpath_library.1.NSS
Renamed: g_ol_client_enter.NSS.1 -> g_ol_client_enter.1.NSS
Renamed: ga_mated_encounter.NSS.1 -> ga_mated_encounter.1.NSS
Renamed: ga_reputation.nss.2 -> ga_reputation.2.nss
Renamed: ga_setrecipes.NSS.1 -> ga_setrecipes.1.NSS
Renamed: gai_damagetracker_b.NSS.2 -> gai_damagetracker_b.2.NSS
Renamed: gai_template_fightnrun.NSS.1 -> gai_template_fightnrun.1.NSS
Renamed: gb_assoc_spell.NSS.2 -> gb_assoc_spell.2.NSS
Renamed: gb_troll_dmg.NSS.1 -> gb_troll_dmg.1.NSS
Renamed: gh_black_include.nss.2 -> gh_black_include.2.nss
Renamed: ginc_group.NSS.1 -> ginc_group.1.NSS
Renamed: ginc_henchman.NSS.2 -> ginc_henchman.2.NSS
Renamed: ginc_henchman.NSS.3 -> ginc_henchman.3.NSS
Renamed: ginc_sound.NSS.2 -> ginc_sound.2.NSS
Renamed: ginc_symbol_spells.NSS.1 -> ginc_symbol_spells.1.NSS
Renamed: gp_secretobject_hb.NSS.1 -> gp_secretobject_hb.1.NSS
Renamed: grid_9_motes.nss.10 -> grid_9_motes.10.nss
Renamed: gtr_bark_node.NSS.1 -> gtr_bark_node.1.NSS
Renamed: gui_dmfi_dmtool.nss.2 -> gui_dmfi_dmtool.2.nss
Renamed: gui_dmfi_dmui.nss.2 -> gui_dmfi_dmui.2.nss
Renamed: gui_dmfi_text.NSS.1 -> gui_dmfi_text.1.NSS
Renamed: gui_test_badcodegen_do_switch.nss.1 -> gui_test_badcodegen_do_switch.1.nss
Renamed: gui_test_badcodegen_neststructs.nss.1 -> gui_test_badcodegen_neststructs.1.nss
Renamed: gui_tkl_performer.NSS.1 -> gui_tkl_performer.1.NSS
Renamed: gui_tkl_performer_input.NSS.1 -> gui_tkl_performer_input.1.NSS
Renamed: gui_wand_lvm_do_str.NSS.1 -> gui_wand_lvm_do_str.1.NSS
Renamed: hashset_nwnx.nss.1 -> hashset_nwnx.1.nss
Renamed: hench_i0_assoc.nss.3 -> hench_i0_assoc.3.nss
Renamed: hench_i0_attack.NSS.3 -> hench_i0_attack.3.NSS
Renamed: hench_i0_conv.nss.1 -> hench_i0_conv.1.nss
Renamed: hench_i0_conv.nss.2 -> hench_i0_conv.2.nss
Renamed: hench_i0_equip.nss.3 -> hench_i0_equip.3.nss
Renamed: hench_i0_melee.NSS.3 -> hench_i0_melee.3.NSS
Renamed: hench_o0_ai.NSS.3 -> hench_o0_ai.3.NSS
Renamed: hf_cs_ambient_ud.nss.1 -> hf_cs_ambient_ud.1.nss
Renamed: hf_in_cutscene.nss.1 -> hf_in_cutscene.1.nss
Renamed: hf_in_skillcheck.nss.1 -> hf_in_skillcheck.1.nss
Renamed: hf_in_spawn.nss.1 -> hf_in_spawn.1.nss
Renamed: i_nwn2_it_ifist_hammer_hc.NSS.1 -> i_nwn2_it_ifist_hammer_hc.1.NSS
Renamed: inc_ai.nss.1 -> inc_ai.1.nss
Renamed: inc_ai.nss.2 -> inc_ai.2.nss
Renamed: inc_combat.nss.1 -> inc_combat.1.nss
Renamed: inc_death.nss.1 -> inc_death.1.nss
Renamed: inc_jvm.nss.1 -> inc_jvm.1.nss
Renamed: inc_leto_prc.nss.1 -> inc_leto_prc.1.nss
Renamed: inc_leto_prc.nss.2 -> inc_leto_prc.2.nss
Renamed: inc_letoscript.nss.1 -> inc_letoscript.1.nss
Renamed: inc_letoscript.nss.2 -> inc_letoscript.2.nss
Renamed: inc_loot.nss.1 -> inc_loot.1.nss
Renamed: inc_sql.nss.1 -> inc_sql.1.nss
Renamed: inc_templates0.nss.2 -> inc_templates0.2.nss
Renamed: j_ai_onspawn.nss.1 -> j_ai_onspawn.1.nss
Renamed: j_inc_constants.nss.1 -> j_inc_constants.1.nss
Renamed: j_inc_spawnin.nss.1 -> j_inc_spawnin.1.nss
Renamed: jvm_token.nss.1 -> jvm_token.1.nss
Renamed: k_inc_treas_k2.nss.1 -> k_inc_treas_k2.1.nss
Renamed: kemo_chair.NSS.1 -> kemo_chair.1.NSS
Renamed: kemo_includes.NSS.1 -> kemo_includes.1.NSS
Renamed: line_item_glid_map.nss.1 -> line_item_glid_map.1.nss
Renamed: lookup_2da_spell.nss.1 -> lookup_2da_spell.1.nss
Renamed: lookup_2da_spell.nss.2 -> lookup_2da_spell.2.nss
Renamed: lossy.nss.2 -> lossy.2.nss
Renamed: lossy.nss.4 -> lossy.4.nss
Renamed: main.nss.1 -> main.1.nss
Renamed: metatiles.nss.1 -> metatiles.1.nss
Renamed: metatiles.nss.2 -> metatiles.2.nss
Renamed: metatiles.nss.20 -> metatiles.20.nss
Renamed: metatiles.nss.21 -> metatiles.21.nss
Renamed: mh_s1_lliira_ent.nss.1 -> mh_s1_lliira_ent.1.nss
Renamed: mk_pre_ren_item.nss.1 -> mk_pre_ren_item.1.nss
Renamed: mod_enter.nss.1 -> mod_enter.1.nss
Renamed: mod_load.nss.1 -> mod_load.1.nss
Renamed: mod_load.nss.2 -> mod_load.2.nss
Renamed: nametable.nss.1 -> nametable.1.nss
Renamed: nw_02_onoff.nss.1 -> nw_02_onoff.1.nss
Renamed: nw_c2_default1.nss.2 -> nw_c2_default1.2.nss
Renamed: nw_c2_default1.nss.3 -> nw_c2_default1.3.nss
Renamed: nw_c2_default2.nss.1 -> nw_c2_default2.1.nss
Renamed: nw_c2_default3.nss.1 -> nw_c2_default3.1.nss
Renamed: nw_c2_default4.NSS.2 -> nw_c2_default4.2.NSS
Renamed: nw_c2_default4.nss.3 -> nw_c2_default4.3.nss
Renamed: nw_c2_default4.nss.4 -> nw_c2_default4.4.nss
Renamed: nw_c2_default5.NSS.2 -> nw_c2_default5.2.NSS
Renamed: nw_c2_default5.nss.3 -> nw_c2_default5.3.nss
Renamed: nw_c2_default5.nss.4 -> nw_c2_default5.4.nss
Renamed: nw_c2_default5.nss.5 -> nw_c2_default5.5.nss
Renamed: nw_c2_default6.NSS.2 -> nw_c2_default6.2.NSS
Renamed: nw_c2_default6.nss.3 -> nw_c2_default6.3.nss
Renamed: nw_c2_default6.nss.4 -> nw_c2_default6.4.nss
Renamed: nw_c2_default7.nss.1 -> nw_c2_default7.1.nss
Renamed: nw_c2_default9.nss.1 -> nw_c2_default9.1.nss
Renamed: nw_c2_default9.nss.2 -> nw_c2_default9.2.nss
Renamed: nw_c2_default9.nss.3 -> nw_c2_default9.3.nss
Renamed: nw_c2_defaultb.NSS.2 -> nw_c2_defaultb.2.NSS
Renamed: nw_c2_defaultb.nss.3 -> nw_c2_defaultb.3.nss
Renamed: nw_c2_defaultd.nss.1 -> nw_c2_defaultd.1.nss
Renamed: nw_c2_defaulte.NSS.2 -> nw_c2_defaulte.2.NSS
Renamed: nw_c2_defaulte.nss.3 -> nw_c2_defaulte.3.nss
Renamed: nw_c2_defaulte.nss.4 -> nw_c2_defaulte.4.nss
Renamed: nw_c2_vampire7.NSS.1 -> nw_c2_vampire7.1.NSS
Renamed: nw_c3_waypoint1.nss.1 -> nw_c3_waypoint1.1.nss
Renamed: nw_ch_ac4.nss.1 -> nw_ch_ac4.1.nss
Renamed: nw_ch_ac7.nss.1 -> nw_ch_ac7.1.nss
Renamed: nw_ch_ac7.nss.10 -> nw_ch_ac7.10.nss
Renamed: nw_ch_ac7.nss.7 -> nw_ch_ac7.7.nss
Renamed: nw_ch_ac7.nss.9 -> nw_ch_ac7.9.nss
Renamed: nw_ch_ac9.nss.1 -> nw_ch_ac9.1.nss
Renamed: nw_ch_ac9.nss.2 -> nw_ch_ac9.2.nss
Renamed: nw_ch_ac9.nss.3 -> nw_ch_ac9.3.nss
Renamed: nw_ch_join.NSS.1 -> nw_ch_join.1.NSS
Renamed: nw_d3_banter3_3.NSS.2 -> nw_d3_banter3_3.2.NSS
Renamed: nw_g0_convdoor.nss.1 -> nw_g0_convdoor.1.nss
Renamed: nw_g0_fear.nss.1 -> nw_g0_fear.1.nss
Renamed: nw_g0_transition.nss.1 -> nw_g0_transition.1.nss
Renamed: nw_i0_generic.nss.1 -> nw_i0_generic.1.nss
Renamed: nw_i0_henchman.nss.1 -> nw_i0_henchman.1.nss
Renamed: nw_i0_henchman.nss.2 -> nw_i0_henchman.2.nss
Renamed: nw_i0_henchman.nss.3 -> nw_i0_henchman.3.nss
Renamed: nw_i0_invocatns.NSS.1 -> nw_i0_invocatns.1.NSS
Renamed: nw_i0_plot.nss.1 -> nw_i0_plot.1.nss
Renamed: nw_i0_spells.nss.1 -> nw_i0_spells.1.nss
Renamed: nw_i0_spells.nss.2 -> nw_i0_spells.2.nss
Renamed: nw_i0_spells.nss.3 -> nw_i0_spells.3.nss
Renamed: nw_i0_spells.nss.4 -> nw_i0_spells.4.nss
Renamed: nw_j_artifact.NSS.1 -> nw_j_artifact.1.NSS
Renamed: nw_j_assassin.nss.1 -> nw_j_assassin.1.nss
Renamed: nw_j_complex.NSS.2 -> nw_j_complex.2.NSS
Renamed: nw_j_fetch.NSS.1 -> nw_j_fetch.1.NSS
Renamed: nw_j_guard.NSS.2 -> nw_j_guard.2.NSS
Renamed: nw_j_rescue.nss.2 -> nw_j_rescue.2.nss
Renamed: nw_j_story.NSS.1 -> nw_j_story.1.NSS
Renamed: nw_j_theft.NSS.1 -> nw_j_theft.1.NSS
Renamed: nw_o0_death.nss.1 -> nw_o0_death.1.nss
Renamed: nw_o0_itemmaker.nss.1 -> nw_o0_itemmaker.1.nss
Renamed: nw_o0_respawn.NSS.1 -> nw_o0_respawn.1.NSS
Renamed: nw_o0_respawn.nss.2 -> nw_o0_respawn.2.nss
Renamed: nw_o0_respawn.nss.3 -> nw_o0_respawn.3.nss
Renamed: nw_o2_coninclude.nss.1 -> nw_o2_coninclude.1.nss
Renamed: nw_o2_detectdoor.nss.1 -> nw_o2_detectdoor.1.nss
Renamed: nw_o2_dttrapdoor.nss.1 -> nw_o2_dttrapdoor.1.nss
Renamed: nw_o2_dtwalldoor.nss.1 -> nw_o2_dtwalldoor.1.nss
Renamed: nw_o2_dtwalldoor.nss.2 -> nw_o2_dtwalldoor.2.nss
Renamed: nw_o2_torchonoff.NSS.1 -> nw_o2_torchonoff.1.NSS
Renamed: nw_od_feedback1.NSS.2 -> nw_od_feedback1.2.NSS
Renamed: nw_od_feedback7.NSS.2 -> nw_od_feedback7.2.NSS
Renamed: nw_od_feedback8.NSS.2 -> nw_od_feedback8.2.NSS
Renamed: nw_s0_acidfoga.nss.1 -> nw_s0_acidfoga.1.nss
Renamed: nw_s0_acidfoga.nss.2 -> nw_s0_acidfoga.2.nss
Renamed: nw_s0_acidfoga.nss.3 -> nw_s0_acidfoga.3.nss
Renamed: nw_s0_acidfoga.nss.4 -> nw_s0_acidfoga.4.nss
Renamed: nw_s0_bladebara.nss.1 -> nw_s0_bladebara.1.nss
Renamed: nw_s0_bladebara.nss.2 -> nw_s0_bladebara.2.nss
Renamed: nw_s0_bladebara.nss.3 -> nw_s0_bladebara.3.nss
Renamed: nw_s0_bladebara.nss.4 -> nw_s0_bladebara.4.nss
Renamed: nw_s0_bladebara.nss.5 -> nw_s0_bladebara.5.nss
Renamed: nw_s0_bladebara.nss.6 -> nw_s0_bladebara.6.nss
Renamed: nw_s0_circchaosa.nss.1 -> nw_s0_circchaosa.1.nss
Renamed: nw_s0_circevila.nss.1 -> nw_s0_circevila.1.nss
Renamed: nw_s0_circevila.nss.2 -> nw_s0_circevila.2.nss
Renamed: nw_s0_circevila.nss.3 -> nw_s0_circevila.3.nss
Renamed: nw_s0_circevila.nss.4 -> nw_s0_circevila.4.nss
Renamed: nw_s0_circgooda.nss.1 -> nw_s0_circgooda.1.nss
Renamed: nw_s0_circgooda.nss.2 -> nw_s0_circgooda.2.nss
Renamed: nw_s0_circgooda.nss.3 -> nw_s0_circgooda.3.nss
Renamed: nw_s0_circgooda.nss.4 -> nw_s0_circgooda.4.nss
Renamed: nw_s0_circlawa.nss.1 -> nw_s0_circlawa.1.nss
Renamed: nw_s0_cloudkilla.nss.1 -> nw_s0_cloudkilla.1.nss
Renamed: nw_s0_cloudkilla.nss.2 -> nw_s0_cloudkilla.2.nss
Renamed: nw_s0_cloudkilla.nss.3 -> nw_s0_cloudkilla.3.nss
Renamed: nw_s0_cloudkilla.nss.4 -> nw_s0_cloudkilla.4.nss
Renamed: nw_s0_crpdooma.nss.1 -> nw_s0_crpdooma.1.nss
Renamed: nw_s0_crpdooma.nss.2 -> nw_s0_crpdooma.2.nss
Renamed: nw_s0_crpdooma.nss.3 -> nw_s0_crpdooma.3.nss
Renamed: nw_s0_crpdoomc.nss.1 -> nw_s0_crpdoomc.1.nss
Renamed: nw_s0_darknessa.nss.1 -> nw_s0_darknessa.1.nss
Renamed: nw_s0_darknessa.nss.2 -> nw_s0_darknessa.2.nss
Renamed: nw_s0_darknessa.nss.3 -> nw_s0_darknessa.3.nss
Renamed: nw_s0_darknessa.nss.4 -> nw_s0_darknessa.4.nss
Renamed: nw_s0_delfirea.nss.1 -> nw_s0_delfirea.1.nss
Renamed: nw_s0_delfirea.nss.2 -> nw_s0_delfirea.2.nss
Renamed: nw_s0_delfirea.nss.3 -> nw_s0_delfirea.3.nss
Renamed: nw_s0_delfirea.nss.4 -> nw_s0_delfirea.4.nss
Renamed: nw_s0_evardsa.nss.1 -> nw_s0_evardsa.1.nss
Renamed: nw_s0_evardsa.nss.2 -> nw_s0_evardsa.2.nss
Renamed: nw_s0_evardsa.nss.3 -> nw_s0_evardsa.3.nss
Renamed: nw_s0_evardsa.nss.4 -> nw_s0_evardsa.4.nss
Renamed: nw_s0_evardsa.nss.5 -> nw_s0_evardsa.5.nss
Renamed: nw_s0_ghoultcha.nss.1 -> nw_s0_ghoultcha.1.nss
Renamed: nw_s0_ghoultcha.nss.2 -> nw_s0_ghoultcha.2.nss
Renamed: nw_s0_ghoultcha.nss.3 -> nw_s0_ghoultcha.3.nss
Renamed: nw_s0_ghoultcha.nss.4 -> nw_s0_ghoultcha.4.nss
Renamed: nw_s0_greasea.NSS.1 -> nw_s0_greasea.1.NSS
Renamed: nw_s0_greasea.nss.2 -> nw_s0_greasea.2.nss
Renamed: nw_s0_greasea.nss.3 -> nw_s0_greasea.3.nss
Renamed: nw_s0_greasea.nss.4 -> nw_s0_greasea.4.nss
Renamed: nw_s0_ichiltenta.nss.1 -> nw_s0_ichiltenta.1.nss
Renamed: nw_s0_incclouda.nss.1 -> nw_s0_incclouda.1.nss
Renamed: nw_s0_incclouda.nss.2 -> nw_s0_incclouda.2.nss
Renamed: nw_s0_incclouda.nss.3 -> nw_s0_incclouda.3.nss
Renamed: nw_s0_incclouda.nss.4 -> nw_s0_incclouda.4.nss
Renamed: nw_s0_invpurgea.nss.1 -> nw_s0_invpurgea.1.nss
Renamed: nw_s0_invpurgea.nss.2 -> nw_s0_invpurgea.2.nss
Renamed: nw_s0_invpurgea.nss.3 -> nw_s0_invpurgea.3.nss
Renamed: nw_s0_invpurgea.nss.4 -> nw_s0_invpurgea.4.nss
Renamed: nw_s0_invpurgea.nss.5 -> nw_s0_invpurgea.5.nss
Renamed: nw_s0_invspha.nss.1 -> nw_s0_invspha.1.nss
Renamed: nw_s0_invspha.nss.2 -> nw_s0_invspha.2.nss
Renamed: nw_s0_invspha.nss.3 -> nw_s0_invspha.3.nss
Renamed: nw_s0_invspha.nss.4 -> nw_s0_invspha.4.nss
Renamed: nw_s0_iwallflama.nss.1 -> nw_s0_iwallflama.1.nss
Renamed: nw_s0_mindfoga.nss.1 -> nw_s0_mindfoga.1.nss
Renamed: nw_s0_mindfoga.nss.2 -> nw_s0_mindfoga.2.nss
Renamed: nw_s0_mindfoga.nss.3 -> nw_s0_mindfoga.3.nss
Renamed: nw_s0_silencea.nss.1 -> nw_s0_silencea.1.nss
Renamed: nw_s0_silencea.nss.2 -> nw_s0_silencea.2.nss
Renamed: nw_s0_silencea.nss.3 -> nw_s0_silencea.3.nss
Renamed: nw_s0_stinkclda.nss.1 -> nw_s0_stinkclda.1.nss
Renamed: nw_s0_stinkclda.nss.2 -> nw_s0_stinkclda.2.nss
Renamed: nw_s0_stinkclda.nss.3 -> nw_s0_stinkclda.3.nss
Renamed: nw_s0_stinkclda.nss.4 -> nw_s0_stinkclda.4.nss
Renamed: nw_s0_wallfirea.nss.1 -> nw_s0_wallfirea.1.nss
Renamed: nw_s0_wallfirea.nss.2 -> nw_s0_wallfirea.2.nss
Renamed: nw_s0_wallfirea.nss.3 -> nw_s0_wallfirea.3.nss
Renamed: nw_s0_wallfirea.nss.4 -> nw_s0_wallfirea.4.nss
Renamed: nw_s0_weba.nss.1 -> nw_s0_weba.1.nss
Renamed: nw_s0_weba.nss.2 -> nw_s0_weba.2.nss
Renamed: nw_s0_weba.nss.3 -> nw_s0_weba.3.nss
Renamed: nw_s0_weba.nss.4 -> nw_s0_weba.4.nss
Renamed: nw_s1_aurablnda.nss.1 -> nw_s1_aurablnda.1.nss
Renamed: nw_s1_aurablnda.nss.2 -> nw_s1_aurablnda.2.nss
Renamed: nw_s1_aurafeara.nss.1 -> nw_s1_aurafeara.1.nss
Renamed: nw_s1_aurafeara.nss.2 -> nw_s1_aurafeara.2.nss
Renamed: nw_s1_aurafeara.nss.3 -> nw_s1_aurafeara.3.nss
Renamed: nw_s1_aurafeara.nss.4 -> nw_s1_aurafeara.4.nss
Renamed: nw_s1_auramenca.nss.1 -> nw_s1_auramenca.1.nss
Renamed: nw_s1_auramenca.nss.2 -> nw_s1_auramenca.2.nss
Renamed: nw_s1_auraprota.nss.1 -> nw_s1_auraprota.1.nss
Renamed: nw_s1_auraprota.nss.2 -> nw_s1_auraprota.2.nss
Renamed: nw_s1_auraprota.nss.3 -> nw_s1_auraprota.3.nss
Renamed: nw_s1_aurastuna.nss.1 -> nw_s1_aurastuna.1.nss
Renamed: nw_s1_aurastuna.nss.2 -> nw_s1_aurastuna.2.nss
Renamed: nw_s1_aurastuna.nss.3 -> nw_s1_aurastuna.3.nss
Renamed: nw_s1_aurastuna.nss.4 -> nw_s1_aurastuna.4.nss
Renamed: nw_s1_auraunata.nss.1 -> nw_s1_auraunata.1.nss
Renamed: nw_s1_auraunata.nss.2 -> nw_s1_auraunata.2.nss
Renamed: nw_s1_auraunata.nss.3 -> nw_s1_auraunata.3.nss
Renamed: nw_s1_aurauneaa.nss.1 -> nw_s1_aurauneaa.1.nss
Renamed: nw_s1_aurauneaa.nss.2 -> nw_s1_aurauneaa.2.nss
Renamed: nw_s1_dragfeara.nss.1 -> nw_s1_dragfeara.1.nss
Renamed: nw_s1_dragfeara.nss.2 -> nw_s1_dragfeara.2.nss
Renamed: nw_s1_dragfeara.nss.3 -> nw_s1_dragfeara.3.nss
Renamed: nw_s1_dragfeara.nss.4 -> nw_s1_dragfeara.4.nss
Renamed: nw_s1_horrappra.nss.1 -> nw_s1_horrappra.1.nss
Renamed: nw_s1_stink_a.nss.1 -> nw_s1_stink_a.1.nss
Renamed: nw_s1_stink_a.nss.2 -> nw_s1_stink_a.2.nss
Renamed: nw_s1_stink_a.nss.3 -> nw_s1_stink_a.3.nss
Renamed: nw_s1_trogstinka.nss.1 -> nw_s1_trogstinka.1.nss
Renamed: nw_s1_trogstinka.nss.2 -> nw_s1_trogstinka.2.nss
Renamed: nw_s1_tyrantfga.nss.1 -> nw_s1_tyrantfga.1.nss
Renamed: nw_s1_tyrantfga.nss.2 -> nw_s1_tyrantfga.2.nss
Renamed: nw_s2_animalcom.nss.1 -> nw_s2_animalcom.1.nss
Renamed: nw_s3_actitem01.nss.1 -> nw_s3_actitem01.1.nss
Renamed: nw_t1_acidavgc.nss.1 -> nw_t1_acidavgc.1.nss
Renamed: nw_t1_acidavgc.nss.2 -> nw_t1_acidavgc.2.nss
Renamed: nw_t1_acidavgc.nss.3 -> nw_t1_acidavgc.3.nss
Renamed: nw_t1_aciddeadc.nss.1 -> nw_t1_aciddeadc.1.nss
Renamed: nw_t1_aciddeadc.nss.2 -> nw_t1_aciddeadc.2.nss
Renamed: nw_t1_aciddeadc.nss.3 -> nw_t1_aciddeadc.3.nss
Renamed: nw_t1_acidminoc.nss.1 -> nw_t1_acidminoc.1.nss
Renamed: nw_t1_acidminoc.nss.2 -> nw_t1_acidminoc.2.nss
Renamed: nw_t1_acidstrc.nss.1 -> nw_t1_acidstrc.1.nss
Renamed: nw_t1_acidstrc.nss.2 -> nw_t1_acidstrc.2.nss
Renamed: nw_t1_coldavgc.nss.1 -> nw_t1_coldavgc.1.nss
Renamed: nw_t1_coldavgc.nss.2 -> nw_t1_coldavgc.2.nss
Renamed: nw_t1_coldavgc.nss.3 -> nw_t1_coldavgc.3.nss
Renamed: nw_t1_colddeadc.nss.1 -> nw_t1_colddeadc.1.nss
Renamed: nw_t1_colddeadc.nss.2 -> nw_t1_colddeadc.2.nss
Renamed: nw_t1_colddeadc.nss.3 -> nw_t1_colddeadc.3.nss
Renamed: nw_t1_coldminoc.nss.1 -> nw_t1_coldminoc.1.nss
Renamed: nw_t1_coldminoc.nss.2 -> nw_t1_coldminoc.2.nss
Renamed: nw_t1_coldminoc.nss.3 -> nw_t1_coldminoc.3.nss
Renamed: nw_t1_coldminoc.nss.4 -> nw_t1_coldminoc.4.nss
Renamed: nw_t1_coldstrc.nss.1 -> nw_t1_coldstrc.1.nss
Renamed: nw_t1_coldstrc.nss.2 -> nw_t1_coldstrc.2.nss
Renamed: nw_t1_coldstrc.nss.3 -> nw_t1_coldstrc.3.nss
Renamed: nw_t1_fireavgc.nss.1 -> nw_t1_fireavgc.1.nss
Renamed: nw_t1_fireavgc.nss.2 -> nw_t1_fireavgc.2.nss
Renamed: nw_t1_fireavgc.nss.3 -> nw_t1_fireavgc.3.nss
Renamed: nw_t1_firedeadc.nss.1 -> nw_t1_firedeadc.1.nss
Renamed: nw_t1_firedeadc.nss.2 -> nw_t1_firedeadc.2.nss
Renamed: nw_t1_firedeadc.nss.3 -> nw_t1_firedeadc.3.nss
Renamed: nw_t1_fireminoc.nss.1 -> nw_t1_fireminoc.1.nss
Renamed: nw_t1_fireminoc.nss.2 -> nw_t1_fireminoc.2.nss
Renamed: nw_t1_fireminoc.nss.3 -> nw_t1_fireminoc.3.nss
Renamed: nw_t1_fireminoc.nss.4 -> nw_t1_fireminoc.4.nss
Renamed: nw_t1_firestrc.nss.1 -> nw_t1_firestrc.1.nss
Renamed: nw_t1_firestrc.nss.2 -> nw_t1_firestrc.2.nss
Renamed: nw_t1_firestrc.nss.3 -> nw_t1_firestrc.3.nss
Renamed: nw_t1_gasavgc.nss.1 -> nw_t1_gasavgc.1.nss
Renamed: nw_t1_gasavgc.nss.2 -> nw_t1_gasavgc.2.nss
Renamed: nw_t1_gasdeadc.nss.1 -> nw_t1_gasdeadc.1.nss
Renamed: nw_t1_gasdeadc.nss.2 -> nw_t1_gasdeadc.2.nss
Renamed: nw_t1_gasminoc.nss.1 -> nw_t1_gasminoc.1.nss
Renamed: nw_t1_gasminoc.nss.2 -> nw_t1_gasminoc.2.nss
Renamed: nw_t1_gasstrc.nss.1 -> nw_t1_gasstrc.1.nss
Renamed: nw_t1_gasstrc.nss.2 -> nw_t1_gasstrc.2.nss
Renamed: nw_t1_holyavgc.nss.1 -> nw_t1_holyavgc.1.nss
Renamed: nw_t1_holyavgc.nss.2 -> nw_t1_holyavgc.2.nss
Renamed: nw_t1_holydeadc.nss.1 -> nw_t1_holydeadc.1.nss
Renamed: nw_t1_holydeadc.nss.2 -> nw_t1_holydeadc.2.nss
Renamed: nw_t1_holyminoc.nss.1 -> nw_t1_holyminoc.1.nss
Renamed: nw_t1_holyminoc.nss.2 -> nw_t1_holyminoc.2.nss
Renamed: nw_t1_holystrc.nss.1 -> nw_t1_holystrc.1.nss
Renamed: nw_t1_holystrc.nss.2 -> nw_t1_holystrc.2.nss
Renamed: nw_t1_negavgc.nss.1 -> nw_t1_negavgc.1.nss
Renamed: nw_t1_negavgc.nss.2 -> nw_t1_negavgc.2.nss
Renamed: nw_t1_negavgc.nss.3 -> nw_t1_negavgc.3.nss
Renamed: nw_t1_negdeadc.nss.1 -> nw_t1_negdeadc.1.nss
Renamed: nw_t1_negdeadc.nss.2 -> nw_t1_negdeadc.2.nss
Renamed: nw_t1_negdeadc.nss.3 -> nw_t1_negdeadc.3.nss
Renamed: nw_t1_negminc.nss.1 -> nw_t1_negminc.1.nss
Renamed: nw_t1_negminc.nss.2 -> nw_t1_negminc.2.nss
Renamed: nw_t1_negminc.nss.3 -> nw_t1_negminc.3.nss
Renamed: nw_t1_negstrc.nss.1 -> nw_t1_negstrc.1.nss
Renamed: nw_t1_negstrc.nss.2 -> nw_t1_negstrc.2.nss
Renamed: nw_t1_negstrc.nss.3 -> nw_t1_negstrc.3.nss
Renamed: nw_t1_soncavgc.NSS.3 -> nw_t1_soncavgc.3.NSS
Renamed: nw_t1_soncavgc.nss.2 -> nw_t1_soncavgc.2.nss
Renamed: nw_t1_soncavgc.nss.4 -> nw_t1_soncavgc.4.nss
Renamed: nw_t1_soncavgc.nss.6 -> nw_t1_soncavgc.6.nss
Renamed: nw_t1_soncavgc.nss.7 -> nw_t1_soncavgc.7.nss
Renamed: nw_t1_soncdeadc.NSS.4 -> nw_t1_soncdeadc.4.NSS
Renamed: nw_t1_soncdeadc.nss.2 -> nw_t1_soncdeadc.2.nss
Renamed: nw_t1_soncdeadc.nss.3 -> nw_t1_soncdeadc.3.nss
Renamed: nw_t1_soncdeadc.nss.5 -> nw_t1_soncdeadc.5.nss
Renamed: nw_t1_soncdeadc.nss.7 -> nw_t1_soncdeadc.7.nss
Renamed: nw_t1_soncdeadc.nss.8 -> nw_t1_soncdeadc.8.nss
Renamed: nw_t1_soncminc.NSS.3 -> nw_t1_soncminc.3.NSS
Renamed: nw_t1_soncminc.nss.2 -> nw_t1_soncminc.2.nss
Renamed: nw_t1_soncminc.nss.4 -> nw_t1_soncminc.4.nss
Renamed: nw_t1_soncminc.nss.6 -> nw_t1_soncminc.6.nss
Renamed: nw_t1_soncminc.nss.7 -> nw_t1_soncminc.7.nss
Renamed: nw_t1_soncstrc.NSS.3 -> nw_t1_soncstrc.3.NSS
Renamed: nw_t1_soncstrc.nss.2 -> nw_t1_soncstrc.2.nss
Renamed: nw_t1_soncstrc.nss.4 -> nw_t1_soncstrc.4.nss
Renamed: nw_t1_soncstrc.nss.6 -> nw_t1_soncstrc.6.nss
Renamed: nw_t1_soncstrc.nss.7 -> nw_t1_soncstrc.7.nss
Renamed: nw_t1_splshavgc.nss.1 -> nw_t1_splshavgc.1.nss
Renamed: nw_t1_splshavgc.nss.2 -> nw_t1_splshavgc.2.nss
Renamed: nw_t1_splshavgc.nss.3 -> nw_t1_splshavgc.3.nss
Renamed: nw_t1_splshdeadc.nss.1 -> nw_t1_splshdeadc.1.nss
Renamed: nw_t1_splshdeadc.nss.2 -> nw_t1_splshdeadc.2.nss
Renamed: nw_t1_splshdeadc.nss.3 -> nw_t1_splshdeadc.3.nss
Renamed: nw_t1_splshminc.nss.1 -> nw_t1_splshminc.1.nss
Renamed: nw_t1_splshminc.nss.2 -> nw_t1_splshminc.2.nss
Renamed: nw_t1_splshstrc.nss.1 -> nw_t1_splshstrc.1.nss
Renamed: nw_t1_splshstrc.nss.2 -> nw_t1_splshstrc.2.nss
Renamed: nw_t1_splshstrc.nss.3 -> nw_t1_splshstrc.3.nss
Renamed: nw_t1_tangavgc.nss.1 -> nw_t1_tangavgc.1.nss
Renamed: nw_t1_tangavgc.nss.2 -> nw_t1_tangavgc.2.nss
Renamed: nw_t1_tangavgc.nss.3 -> nw_t1_tangavgc.3.nss
Renamed: nw_t1_tangdeadc.nss.1 -> nw_t1_tangdeadc.1.nss
Renamed: nw_t1_tangdeadc.nss.2 -> nw_t1_tangdeadc.2.nss
Renamed: nw_t1_tangdeadc.nss.3 -> nw_t1_tangdeadc.3.nss
Renamed: nw_t1_tangminoc.nss.1 -> nw_t1_tangminoc.1.nss
Renamed: nw_t1_tangminoc.nss.2 -> nw_t1_tangminoc.2.nss
Renamed: nw_t1_tangminoc.nss.3 -> nw_t1_tangminoc.3.nss
Renamed: nw_t1_tangstrc.nss.1 -> nw_t1_tangstrc.1.nss
Renamed: nwnx.nss.1 -> nwnx.1.nss
Renamed: nwnx.nss.3 -> nwnx.3.nss
Renamed: nwnx_area.nss.1 -> nwnx_area.1.nss
Renamed: nwnx_area.nss.2 -> nwnx_area.2.nss
Renamed: nwnx_areas.nss.1 -> nwnx_areas.1.nss
Renamed: nwnx_areas.nss.2 -> nwnx_areas.2.nss
Renamed: nwnx_areas.nss.3 -> nwnx_areas.3.nss
Renamed: nwnx_areas.nss.5 -> nwnx_areas.5.nss
Renamed: nwnx_areas.nss.6 -> nwnx_areas.6.nss
Renamed: nwnx_areas.nss.7 -> nwnx_areas.7.nss
Renamed: nwnx_areas.nss.8 -> nwnx_areas.8.nss
Renamed: nwnx_chat.nss.1 -> nwnx_chat.1.nss
Renamed: nwnx_chat.nss.10 -> nwnx_chat.10.nss
Renamed: nwnx_chat.nss.11 -> nwnx_chat.11.nss
Renamed: nwnx_chat.nss.2 -> nwnx_chat.2.nss
Renamed: nwnx_chat.nss.3 -> nwnx_chat.3.nss
Renamed: nwnx_chat.nss.4 -> nwnx_chat.4.nss
Renamed: nwnx_chat.nss.5 -> nwnx_chat.5.nss
Renamed: nwnx_chat.nss.6 -> nwnx_chat.6.nss
Renamed: nwnx_chat.nss.7 -> nwnx_chat.7.nss
Renamed: nwnx_chat.nss.8 -> nwnx_chat.8.nss
Renamed: nwnx_chat.nss.9 -> nwnx_chat.9.nss
Renamed: nwnx_craft_init.NSS.1 -> nwnx_craft_init.1.NSS
Renamed: nwnx_craft_init.NSS.2 -> nwnx_craft_init.2.NSS
Renamed: nwnx_craft_set_constants.NSS.1 -> nwnx_craft_set_constants.1.NSS
Renamed: nwnx_craft_set_constants.NSS.2 -> nwnx_craft_set_constants.2.NSS
Renamed: nwnx_craft_set_constants.nss.3 -> nwnx_craft_set_constants.3.nss
Renamed: nwnx_craft_system.NSS.1 -> nwnx_craft_system.1.NSS
Renamed: nwnx_craft_system.NSS.2 -> nwnx_craft_system.2.NSS
Renamed: nwnx_creature.nss.1 -> nwnx_creature.1.nss
Renamed: nwnx_creature.nss.2 -> nwnx_creature.2.nss
Renamed: nwnx_defenses.nss.1 -> nwnx_defenses.1.nss
Renamed: nwnx_defenses.nss.4 -> nwnx_defenses.4.nss
Renamed: nwnx_dmactions.nss.10 -> nwnx_dmactions.10.nss
Renamed: nwnx_dmactions.nss.3 -> nwnx_dmactions.3.nss
Renamed: nwnx_dmactions.nss.5 -> nwnx_dmactions.5.nss
Renamed: nwnx_dmactions.nss.6 -> nwnx_dmactions.6.nss
Renamed: nwnx_dmactions.nss.8 -> nwnx_dmactions.8.nss
Renamed: nwnx_effect.nss.1 -> nwnx_effect.1.nss
Renamed: nwnx_effects.nss.1 -> nwnx_effects.1.nss
Renamed: nwnx_effects.nss.2 -> nwnx_effects.2.nss
Renamed: nwnx_encounter.nss.1 -> nwnx_encounter.1.nss
Renamed: nwnx_events.nss.1 -> nwnx_events.1.nss
Renamed: nwnx_events.nss.12 -> nwnx_events.12.nss
Renamed: nwnx_events.nss.2 -> nwnx_events.2.nss
Renamed: nwnx_events.nss.3 -> nwnx_events.3.nss
Renamed: nwnx_events.nss.4 -> nwnx_events.4.nss
Renamed: nwnx_events.nss.5 -> nwnx_events.5.nss
Renamed: nwnx_events.nss.6 -> nwnx_events.6.nss
Renamed: nwnx_events.nss.7 -> nwnx_events.7.nss
Renamed: nwnx_events.nss.8 -> nwnx_events.8.nss
Renamed: nwnx_events.nss.9 -> nwnx_events.9.nss
Renamed: nwnx_funcs.nss.2 -> nwnx_funcs.2.nss
Renamed: nwnx_funcs.nss.3 -> nwnx_funcs.3.nss
Renamed: nwnx_funcs.nss.4 -> nwnx_funcs.4.nss
Renamed: nwnx_funcs.nss.5 -> nwnx_funcs.5.nss
Renamed: nwnx_funcs.nss.7 -> nwnx_funcs.7.nss
Renamed: nwnx_funcs.nss.8 -> nwnx_funcs.8.nss
Renamed: nwnx_funcs.nss.9 -> nwnx_funcs.9.nss
Renamed: nwnx_funcsext.nss.1 -> nwnx_funcsext.1.nss
Renamed: nwnx_funcsext.nss.3 -> nwnx_funcsext.3.nss
Renamed: nwnx_functions.nss.1 -> nwnx_functions.1.nss
Renamed: nwnx_haks.nss.1 -> nwnx_haks.1.nss
Renamed: nwnx_include.NSS.1 -> nwnx_include.1.NSS
Renamed: nwnx_include.NSS.5 -> nwnx_include.5.NSS
Renamed: nwnx_itemprop.nss.1 -> nwnx_itemprop.1.nss
Renamed: nwnx_lua.nss.1 -> nwnx_lua.1.nss
Renamed: nwnx_lua.nss.2 -> nwnx_lua.2.nss
Renamed: nwnx_names.nss.1 -> nwnx_names.1.nss
Renamed: nwnx_names.nss.2 -> nwnx_names.2.nss
Renamed: nwnx_names.nss.4 -> nwnx_names.4.nss
Renamed: nwnx_object.nss.1 -> nwnx_object.1.nss
Renamed: nwnx_object.nss.2 -> nwnx_object.2.nss
Renamed: nwnx_player.nss.1 -> nwnx_player.1.nss
Renamed: nwnx_profiler.nss.1 -> nwnx_profiler.1.nss
Renamed: nwnx_race_2da.nss.1 -> nwnx_race_2da.1.nss
Renamed: nwnx_ruby.nss.1 -> nwnx_ruby.1.nss
Renamed: nwnx_ruby.nss.2 -> nwnx_ruby.2.nss
Renamed: nwnx_spells.nss.4 -> nwnx_spells.4.nss
Renamed: nwnx_sql.NSS.3 -> nwnx_sql.3.NSS
Renamed: nwnx_sql.NSS.5 -> nwnx_sql.5.NSS
Renamed: nwnx_sql.nss.2 -> nwnx_sql.2.nss
Renamed: nwnx_structs.nss.1 -> nwnx_structs.1.nss
Renamed: nwnx_structs.nss.2 -> nwnx_structs.2.nss
Renamed: nwnx_structs.nss.3 -> nwnx_structs.3.nss
Renamed: nwnx_structs.nss.4 -> nwnx_structs.4.nss
Renamed: nwnx_structs.nss.5 -> nwnx_structs.5.nss
Renamed: nwnx_system.nss.2 -> nwnx_system.2.nss
Renamed: nwnx_system.nss.3 -> nwnx_system.3.nss
Renamed: nwnx_system.nss.5 -> nwnx_system.5.nss
Renamed: nwnx_time.NSS.1 -> nwnx_time.1.NSS
Renamed: nwnx_time.NSS.2 -> nwnx_time.2.NSS
Renamed: nwnx_time.nss.4 -> nwnx_time.4.nss
Renamed: nwnx_tmi.nss.1 -> nwnx_tmi.1.nss
Renamed: nwnx_util.nss.1 -> nwnx_util.1.nss
Renamed: nwnx_util.nss.2 -> nwnx_util.2.nss
Renamed: nwnx_visibility.nss.1 -> nwnx_visibility.1.nss
Renamed: nwnx_visibility.nss.2 -> nwnx_visibility.2.nss
Renamed: nwnx_visibility.nss.5 -> nwnx_visibility.5.nss
Renamed: nwnx_weapon.nss.1 -> nwnx_weapon.1.nss
Renamed: nwnx_weapon.nss.2 -> nwnx_weapon.2.nss
Renamed: nwnx_weapons.nss.1 -> nwnx_weapons.1.nss
Renamed: nwscript.nss.2 -> nwscript.2.nss
Renamed: nx_t1_sonicepicc.nss.2 -> nx_t1_sonicepicc.2.nss
Renamed: nx_t1_sonicfatalc.nss.2 -> nx_t1_sonicfatalc.2.nss
Renamed: omega_dmg.NSS.1 -> omega_dmg.1.NSS
Renamed: pat_sitting.NSS.4 -> pat_sitting.4.NSS
Renamed: pg_lists_i.nss.1 -> pg_lists_i.1.nss
Renamed: prc_onenter.nss.1 -> prc_onenter.1.nss
Renamed: prc_onmodload.nss.1 -> prc_onmodload.1.nss
Renamed: prc_onmodload.nss.2 -> prc_onmodload.2.nss
Renamed: prc_prereq.nss.1 -> prc_prereq.1.nss
Renamed: q3b_debris_oe.nss.2 -> q3b_debris_oe.2.nss
Renamed: sei_subraces.nss.1 -> sei_subraces.1.nss
Renamed: session.nss.1 -> session.1.nss
Renamed: session.nss.10 -> session.10.nss
Renamed: session.nss.11 -> session.11.nss
Renamed: session.nss.12 -> session.12.nss
Renamed: session.nss.13 -> session.13.nss
Renamed: session.nss.15 -> session.15.nss
Renamed: session.nss.16 -> session.16.nss
Renamed: session.nss.17 -> session.17.nss
Renamed: session.nss.2 -> session.2.nss
Renamed: session.nss.3 -> session.3.nss
Renamed: session.nss.4 -> session.4.nss
Renamed: session.nss.5 -> session.5.nss
Renamed: session.nss.6 -> session.6.nss
Renamed: session.nss.7 -> session.7.nss
Renamed: session.nss.8 -> session.8.nss
Renamed: sfpb_conv.nss.1 -> sfpb_conv.1.nss
Renamed: smach_configure.nss.1 -> smach_configure.1.nss
Renamed: spawn_cfg_camp.nss.1 -> spawn_cfg_camp.1.nss
Renamed: spawn_cfg_camp.nss.2 -> spawn_cfg_camp.2.nss
Renamed: spawn_cfg_camp.nss.4 -> spawn_cfg_camp.4.nss
Renamed: spawn_cfg_camp.nss.5 -> spawn_cfg_camp.5.nss
Renamed: spawn_cfg_cusflg.nss.1 -> spawn_cfg_cusflg.1.nss
Renamed: spawn_cfg_cusflg.nss.2 -> spawn_cfg_cusflg.2.nss
Renamed: spawn_cfg_cusflg.nss.3 -> spawn_cfg_cusflg.3.nss
Renamed: spawn_cfg_flag.nss.1 -> spawn_cfg_flag.1.nss
Renamed: spawn_cfg_flag.nss.2 -> spawn_cfg_flag.2.nss
Renamed: spawn_cfg_flag.nss.3 -> spawn_cfg_flag.3.nss
Renamed: spawn_cfg_flag.nss.4 -> spawn_cfg_flag.4.nss
Renamed: spawn_cfg_flag.nss.5 -> spawn_cfg_flag.5.nss
Renamed: spawn_cfg_global.nss.1 -> spawn_cfg_global.1.nss
Renamed: spawn_cfg_group.nss.1 -> spawn_cfg_group.1.nss
Renamed: spawn_cfg_group.nss.2 -> spawn_cfg_group.2.nss
Renamed: spawn_cfg_group.nss.3 -> spawn_cfg_group.3.nss
Renamed: spawn_cfg_group.nss.4 -> spawn_cfg_group.4.nss
Renamed: spawn_cfg_loot.nss.1 -> spawn_cfg_loot.1.nss
Renamed: spawn_defaults.nss.1 -> spawn_defaults.1.nss
Renamed: spawn_defaults.nss.2 -> spawn_defaults.2.nss
Renamed: spawn_defaults.nss.3 -> spawn_defaults.3.nss
Renamed: spawn_defaults.nss.4 -> spawn_defaults.4.nss
Renamed: spawn_functions.nss.1 -> spawn_functions.1.nss
Renamed: spawn_functions.nss.2 -> spawn_functions.2.nss
Renamed: spawn_functions.nss.3 -> spawn_functions.3.nss
Renamed: spawn_functions.nss.4 -> spawn_functions.4.nss
Renamed: spawn_main.nss.1 -> spawn_main.1.nss
Renamed: spawn_main.nss.2 -> spawn_main.2.nss
Renamed: spawn_sc_death.nss.1 -> spawn_sc_death.1.nss
Renamed: spawn_sc_hbeat.nss.1 -> spawn_sc_hbeat.1.nss
Renamed: spawnb_main.nss.1 -> spawnb_main.1.nss
Renamed: t_d_unlock.NSS.1 -> t_d_unlock.1.NSS
Renamed: test.nss.1 -> test.1.nss
Renamed: test.nss.2 -> test.2.nss
Renamed: test.nss.4 -> test.4.nss
Renamed: test2.nss.1 -> test2.1.nss
Renamed: theme.nss.2 -> theme.2.nss
Renamed: theme.nss.3 -> theme.3.nss
Renamed: theme.nss.5 -> theme.5.nss
Renamed: title.nss.1 -> title.1.nss
Renamed: title.nss.4 -> title.4.nss
Renamed: tkl_performer_include.NSS.1 -> tkl_performer_include.1.NSS
Renamed: tlr_cloth1.nss.2 -> tlr_cloth1.2.nss
Renamed: tlr_cloth2.nss.2 -> tlr_cloth2.2.nss
Renamed: tlr_copynpcoutfi.nss.1 -> tlr_copynpcoutfi.1.nss
Renamed: tlr_copynpcoutfi.nss.2 -> tlr_copynpcoutfi.2.nss
Renamed: tlr_copynpcoutfi.nss.3 -> tlr_copynpcoutfi.3.nss
Renamed: tlr_decreaseitem.nss.1 -> tlr_decreaseitem.1.nss
Renamed: tlr_decreaseitem.nss.3 -> tlr_decreaseitem.3.nss
Renamed: tlr_decreasetors.nss.1 -> tlr_decreasetors.1.nss
Renamed: tlr_decreasetors.nss.3 -> tlr_decreasetors.3.nss
Renamed: tlr_increaseitem.nss.1 -> tlr_increaseitem.1.nss
Renamed: tlr_increaseitem.nss.2 -> tlr_increaseitem.2.nss
Renamed: tlr_increaseitem.nss.3 -> tlr_increaseitem.3.nss
Renamed: tlr_increasetors.nss.1 -> tlr_increasetors.1.nss
Renamed: tlr_increasetors.nss.3 -> tlr_increasetors.3.nss
Renamed: tlr_leather1.nss.2 -> tlr_leather1.2.nss
Renamed: tlr_leather2.nss.2 -> tlr_leather2.2.nss
Renamed: tlr_metal1.nss.2 -> tlr_metal1.2.nss
Renamed: tlr_metal2.nss.2 -> tlr_metal2.2.nss
Renamed: tlr_modbelt.nss.3 -> tlr_modbelt.3.nss
Renamed: tlr_modlbicep.nss.3 -> tlr_modlbicep.3.nss
Renamed: tlr_modlfoot.nss.3 -> tlr_modlfoot.3.nss
Renamed: tlr_modlforearm.nss.3 -> tlr_modlforearm.3.nss
Renamed: tlr_modlhand.nss.3 -> tlr_modlhand.3.nss
Renamed: tlr_modlshin.nss.3 -> tlr_modlshin.3.nss
Renamed: tlr_modlshoudler.nss.3 -> tlr_modlshoudler.3.nss
Renamed: tlr_modlthigh.nss.3 -> tlr_modlthigh.3.nss
Renamed: tlr_modneck.nss.3 -> tlr_modneck.3.nss
Renamed: tlr_modpelvis.nss.3 -> tlr_modpelvis.3.nss
Renamed: tlr_modrbicep.nss.3 -> tlr_modrbicep.3.nss
Renamed: tlr_modrfoot.nss.3 -> tlr_modrfoot.3.nss
Renamed: tlr_modrforearm.nss.3 -> tlr_modrforearm.3.nss
Renamed: tlr_modrhand.nss.3 -> tlr_modrhand.3.nss
Renamed: tlr_modrobe.nss.3 -> tlr_modrobe.3.nss
Renamed: tlr_modrshin.nss.3 -> tlr_modrshin.3.nss
Renamed: tlr_modrshoudler.nss.3 -> tlr_modrshoudler.3.nss
Renamed: tlr_modrthigh.nss.3 -> tlr_modrthigh.3.nss
Renamed: tlr_modtorso.nss.3 -> tlr_modtorso.3.nss
Renamed: tlr_onconv.nss.3 -> tlr_onconv.3.nss
Renamed: tlr_onconv.nss.4 -> tlr_onconv.4.nss
Renamed: tlr_removeitem.nss.2 -> tlr_removeitem.2.nss
Renamed: tlr_s_setarms.nss.2 -> tlr_s_setarms.2.nss
Renamed: tlr_s_setboth.nss.2 -> tlr_s_setboth.2.nss
Renamed: tlr_s_setlegs.nss.2 -> tlr_s_setlegs.2.nss
Renamed: tlr_setitem.nss.1 -> tlr_setitem.1.nss
Renamed: tlr_setitem.nss.2 -> tlr_setitem.2.nss
Renamed: tw_sec_stdoor.NSS.1 -> tw_sec_stdoor.1.NSS
Renamed: util_i_csvlists.nss.1 -> util_i_csvlists.1.nss
Renamed: util_i_csvlists.nss.2 -> util_i_csvlists.2.nss
Renamed: util_i_csvlists.nss.3 -> util_i_csvlists.3.nss
Renamed: util_i_libraries.nss.1 -> util_i_libraries.1.nss
Renamed: util_i_varlists.nss.1 -> util_i_varlists.1.nss
Renamed: util_i_varlists.nss.2 -> util_i_varlists.2.nss
Renamed: wrap_mod_onload.nss.1 -> wrap_mod_onload.1.nss
Renamed: x0_ch_hen_death.nss.1 -> x0_ch_hen_death.1.nss
Renamed: x0_ch_hen_death.nss.2 -> x0_ch_hen_death.2.nss
Renamed: x0_ch_hen_death.nss.3 -> x0_ch_hen_death.3.nss
Renamed: x0_ch_hen_spawn.nss.1 -> x0_ch_hen_spawn.1.nss
Renamed: x0_ch_hen_spawn.nss.2 -> x0_ch_hen_spawn.2.nss
Renamed: x0_ch_hen_spawn.nss.4 -> x0_ch_hen_spawn.4.nss
Renamed: x0_deck_plague.NSS.2 -> x0_deck_plague.2.NSS
Renamed: x0_dm_version.NSS.1 -> x0_dm_version.1.NSS
Renamed: x0_i0_anims.nss.1 -> x0_i0_anims.1.nss
Renamed: x0_i0_anims.nss.2 -> x0_i0_anims.2.nss
Renamed: x0_i0_campaign.nss.1 -> x0_i0_campaign.1.nss
Renamed: x0_i0_henchman.nss.1 -> x0_i0_henchman.1.nss
Renamed: x0_i0_henchman.nss.2 -> x0_i0_henchman.2.nss
Renamed: x0_i0_henchman.nss.3 -> x0_i0_henchman.3.nss
Renamed: x0_i0_henchman.nss.4 -> x0_i0_henchman.4.nss
Renamed: x0_i0_henchman.nss.5 -> x0_i0_henchman.5.nss
Renamed: x0_i0_partywide.nss.1 -> x0_i0_partywide.1.nss
Renamed: x0_i0_partywide.nss.2 -> x0_i0_partywide.2.nss
Renamed: x0_i0_spells.NSS.1 -> x0_i0_spells.1.NSS
Renamed: x0_i0_spells.nss.2 -> x0_i0_spells.2.nss
Renamed: x0_i0_spells.nss.3 -> x0_i0_spells.3.nss
Renamed: x0_i0_spells.nss.4 -> x0_i0_spells.4.nss
Renamed: x0_i0_spells.nss.5 -> x0_i0_spells.5.nss
Renamed: x0_i0_talent.nss.1 -> x0_i0_talent.1.nss
Renamed: x0_inc_generic.nss.1 -> x0_inc_generic.1.nss
Renamed: x0_inc_skills.nss.1 -> x0_inc_skills.1.nss
Renamed: x0_o0_death.NSS.3 -> x0_o0_death.3.NSS
Renamed: x0_o0_death.nss.2 -> x0_o0_death.2.nss
Renamed: x0_o2_sec_door1.nss.1 -> x0_o2_sec_door1.1.nss
Renamed: x0_o2_sec_door2.nss.1 -> x0_o2_sec_door2.1.nss
Renamed: x0_o2_sec_door3.nss.1 -> x0_o2_sec_door3.1.nss
Renamed: x0_s0_dirgeen.nss.1 -> x0_s0_dirgeen.1.nss
Renamed: x0_s0_dirgeen.nss.2 -> x0_s0_dirgeen.2.nss
Renamed: x0_s0_dirgeen.nss.4 -> x0_s0_dirgeen.4.nss
Renamed: x0_s0_enten.nss.1 -> x0_s0_enten.1.nss
Renamed: x0_s0_enten.nss.3 -> x0_s0_enten.3.nss
Renamed: x0_s0_entex.nss.1 -> x0_s0_entex.1.nss
Renamed: x0_s0_entex.nss.5 -> x0_s0_entex.5.nss
Renamed: x0_s0_spikegroen.nss.2 -> x0_s0_spikegroen.2.nss
Renamed: x0_s0_spikegroen.nss.3 -> x0_s0_spikegroen.3.nss
Renamed: x0_s0_spikegroen.nss.5 -> x0_s0_spikegroen.5.nss
Renamed: x0_s0_spikegroen.nss.6 -> x0_s0_spikegroen.6.nss
Renamed: x0_s0_spikegroen.nss.7 -> x0_s0_spikegroen.7.nss
Renamed: x0_s3_calen.NSS.3 -> x0_s3_calen.3.NSS
Renamed: x0_s3_calen.nss.2 -> x0_s3_calen.2.nss
Renamed: x0_s3_charger.nss.1 -> x0_s3_charger.1.nss
Renamed: x0_s3_chokeen.nss.2 -> x0_s3_chokeen.2.nss
Renamed: x0_s3_chokeen.nss.3 -> x0_s3_chokeen.3.nss
Renamed: x0_trapavg_arrow.nss.2 -> x0_trapavg_arrow.2.nss
Renamed: x0_trapavg_bhand.nss.2 -> x0_trapavg_bhand.2.nss
Renamed: x0_trapavg_blndf.nss.2 -> x0_trapavg_blndf.2.nss
Renamed: x0_trapavg_bolt.nss.2 -> x0_trapavg_bolt.2.nss
Renamed: x0_trapavg_dart.nss.2 -> x0_trapavg_dart.2.nss
Renamed: x0_trapavg_dmagc.nss.2 -> x0_trapavg_dmagc.2.nss
Renamed: x0_trapavg_entan.nss.2 -> x0_trapavg_entan.2.nss
Renamed: x0_trapavg_farrw.nss.2 -> x0_trapavg_farrw.2.nss
Renamed: x0_trapavg_fball.nss.2 -> x0_trapavg_fball.2.nss
Renamed: x0_trapavg_flash.nss.2 -> x0_trapavg_flash.2.nss
Renamed: x0_trapavg_greas.nss.2 -> x0_trapavg_greas.2.nss
Renamed: x0_trapavg_gwind.nss.2 -> x0_trapavg_gwind.2.nss
Renamed: x0_trapavg_hanim.nss.2 -> x0_trapavg_hanim.2.nss
Renamed: x0_trapavg_hpers.nss.2 -> x0_trapavg_hpers.2.nss
Renamed: x0_trapavg_ivpur.nss.2 -> x0_trapavg_ivpur.2.nss
Renamed: x0_trapavg_litng.nss.2 -> x0_trapavg_litng.2.nss
Renamed: x0_trapavg_melfs.nss.2 -> x0_trapavg_melfs.2.nss
Renamed: x0_trapavg_mmiss.nss.2 -> x0_trapavg_mmiss.2.nss
Renamed: x0_trapavg_nebur.nss.2 -> x0_trapavg_nebur.2.nss
Renamed: x0_trapavg_neray.nss.2 -> x0_trapavg_neray.2.nss
Renamed: x0_trapavg_qfire.nss.2 -> x0_trapavg_qfire.2.nss
Renamed: x0_trapavg_rayen.nss.2 -> x0_trapavg_rayen.2.nss
Renamed: x0_trapavg_seari.nss.2 -> x0_trapavg_seari.2.nss
Renamed: x0_trapavg_shuri.nss.2 -> x0_trapavg_shuri.2.nss
Renamed: x0_trapavg_sleep.nss.2 -> x0_trapavg_sleep.2.nss
Renamed: x0_trapavg_stink.nss.2 -> x0_trapavg_stink.2.nss
Renamed: x0_trapavg_web.nss.2 -> x0_trapavg_web.2.nss
Renamed: x0_trapdly_acfog.nss.2 -> x0_trapdly_acfog.2.nss
Renamed: x0_trapdly_arrow.nss.2 -> x0_trapdly_arrow.2.nss
Renamed: x0_trapdly_blbar.nss.2 -> x0_trapdly_blbar.2.nss
Renamed: x0_trapdly_bolt.nss.2 -> x0_trapdly_bolt.2.nss
Renamed: x0_trapdly_ccold.nss.2 -> x0_trapdly_ccold.2.nss
Renamed: x0_trapdly_cdeth.nss.2 -> x0_trapdly_cdeth.2.nss
Renamed: x0_trapdly_ckill.nss.2 -> x0_trapdly_ckill.2.nss
Renamed: x0_trapdly_cltng.nss.2 -> x0_trapdly_cltng.2.nss
Renamed: x0_trapdly_dart.nss.2 -> x0_trapdly_dart.2.nss
Renamed: x0_trapdly_delay.nss.2 -> x0_trapdly_delay.2.nss
Renamed: x0_trapdly_enerv.nss.2 -> x0_trapdly_enerv.2.nss
Renamed: x0_trapdly_farrw.nss.2 -> x0_trapdly_farrw.2.nss
Renamed: x0_trapdly_fbrnd.nss.2 -> x0_trapdly_fbrnd.2.nss
Renamed: x0_trapdly_feebl.nss.1 -> x0_trapdly_feebl.1.nss
Renamed: x0_trapdly_gbrea.nss.2 -> x0_trapdly_gbrea.2.nss
Renamed: x0_trapdly_gdisp.nss.2 -> x0_trapdly_gdisp.2.nss
Renamed: x0_trapdly_harm.nss.2 -> x0_trapdly_harm.2.nss
Renamed: x0_trapdly_hmons.nss.2 -> x0_trapdly_hmons.2.nss
Renamed: x0_trapdly_hpers.nss.2 -> x0_trapdly_hpers.2.nss
Renamed: x0_trapdly_isacg.nss.2 -> x0_trapdly_isacg.2.nss
Renamed: x0_trapdly_mfog.nss.2 -> x0_trapdly_mfog.2.nss
Renamed: x0_trapdly_nebur.nss.2 -> x0_trapdly_nebur.2.nss
Renamed: x0_trapdly_pspry.nss.2 -> x0_trapdly_pspry.2.nss
Renamed: x0_trapdly_shuri.nss.2 -> x0_trapdly_shuri.2.nss
Renamed: x0_trapdly_stink.nss.2 -> x0_trapdly_stink.2.nss
Renamed: x0_trapdly_wlfir.nss.2 -> x0_trapdly_wlfir.2.nss
Renamed: x0_trapftl_arrow.nss.2 -> x0_trapftl_arrow.2.nss
Renamed: x0_trapftl_bolt.nss.2 -> x0_trapftl_bolt.2.nss
Renamed: x0_trapftl_cdeth.nss.2 -> x0_trapftl_cdeth.2.nss
Renamed: x0_trapftl_ckill.nss.2 -> x0_trapftl_ckill.2.nss
Renamed: x0_trapftl_cltng.nss.2 -> x0_trapftl_cltng.2.nss
Renamed: x0_trapftl_dart.nss.2 -> x0_trapftl_dart.2.nss
Renamed: x0_trapftl_delay.nss.2 -> x0_trapftl_delay.2.nss
Renamed: x0_trapftl_enerv.nss.2 -> x0_trapftl_enerv.2.nss
Renamed: x0_trapftl_farrw.nss.2 -> x0_trapftl_farrw.2.nss
Renamed: x0_trapftl_feebl.nss.2 -> x0_trapftl_feebl.2.nss
Renamed: x0_trapftl_gdisp.nss.2 -> x0_trapftl_gdisp.2.nss
Renamed: x0_trapftl_hmons.nss.2 -> x0_trapftl_hmons.2.nss
Renamed: x0_trapftl_hpers.nss.2 -> x0_trapftl_hpers.2.nss
Renamed: x0_trapftl_isacg.nss.2 -> x0_trapftl_isacg.2.nss
Renamed: x0_trapftl_mfog.nss.2 -> x0_trapftl_mfog.2.nss
Renamed: x0_trapftl_nebur.nss.2 -> x0_trapftl_nebur.2.nss
Renamed: x0_trapftl_sbeam.nss.2 -> x0_trapftl_sbeam.2.nss
Renamed: x0_trapftl_sburs.nss.2 -> x0_trapftl_sburs.2.nss
Renamed: x0_trapftl_shuri.nss.2 -> x0_trapftl_shuri.2.nss
Renamed: x0_trapftl_stink.nss.2 -> x0_trapftl_stink.2.nss
Renamed: x0_trapftl_wlfir.nss.2 -> x0_trapftl_wlfir.2.nss
Renamed: x0_trapstr_arrow.nss.2 -> x0_trapstr_arrow.2.nss
Renamed: x0_trapstr_bcurs.nss.2 -> x0_trapstr_bcurs.2.nss
Renamed: x0_trapstr_blndf.nss.2 -> x0_trapstr_blndf.2.nss
Renamed: x0_trapstr_bolt.nss.2 -> x0_trapstr_bolt.2.nss
Renamed: x0_trapstr_ccold.nss.2 -> x0_trapstr_ccold.2.nss
Renamed: x0_trapstr_ckill.nss.2 -> x0_trapstr_ckill.2.nss
Renamed: x0_trapstr_dart.nss.2 -> x0_trapstr_dart.2.nss
Renamed: x0_trapstr_dmagc.nss.2 -> x0_trapstr_dmagc.2.nss
Renamed: x0_trapstr_enerv.nss.2 -> x0_trapstr_enerv.2.nss
Renamed: x0_trapstr_entan.nss.2 -> x0_trapstr_entan.2.nss
Renamed: x0_trapstr_farrw.nss.2 -> x0_trapstr_farrw.2.nss
Renamed: x0_trapstr_fball.nss.2 -> x0_trapstr_fball.2.nss
Renamed: x0_trapstr_fbrnd.nss.2 -> x0_trapstr_fbrnd.2.nss
Renamed: x0_trapstr_feebl.nss.2 -> x0_trapstr_feebl.2.nss
Renamed: x0_trapstr_flash.nss.2 -> x0_trapstr_flash.2.nss
Renamed: x0_trapstr_greas.nss.2 -> x0_trapstr_greas.2.nss
Renamed: x0_trapstr_hanim.nss.2 -> x0_trapstr_hanim.2.nss
Renamed: x0_trapstr_hmons.nss.2 -> x0_trapstr_hmons.2.nss
Renamed: x0_trapstr_hpers.nss.2 -> x0_trapstr_hpers.2.nss
Renamed: x0_trapstr_isacl.nss.2 -> x0_trapstr_isacl.2.nss
Renamed: x0_trapstr_lbrea.nss.2 -> x0_trapstr_lbrea.2.nss
Renamed: x0_trapstr_litng.nss.2 -> x0_trapstr_litng.2.nss
Renamed: x0_trapstr_melfs.nss.2 -> x0_trapstr_melfs.2.nss
Renamed: x0_trapstr_mfog.nss.2 -> x0_trapstr_mfog.2.nss
Renamed: x0_trapstr_mmiss.nss.2 -> x0_trapstr_mmiss.2.nss
Renamed: x0_trapstr_nebur.nss.2 -> x0_trapstr_nebur.2.nss
Renamed: x0_trapstr_neray.nss.2 -> x0_trapstr_neray.2.nss
Renamed: x0_trapstr_rayen.nss.2 -> x0_trapstr_rayen.2.nss
Renamed: x0_trapstr_seari.nss.2 -> x0_trapstr_seari.2.nss
Renamed: x0_trapstr_shuri.nss.2 -> x0_trapstr_shuri.2.nss
Renamed: x0_trapstr_sleep.nss.2 -> x0_trapstr_sleep.2.nss
Renamed: x0_trapstr_stink.nss.2 -> x0_trapstr_stink.2.nss
Renamed: x0_trapstr_web.nss.2 -> x0_trapstr_web.2.nss
Renamed: x0_trapstr_wlfir.nss.2 -> x0_trapstr_wlfir.2.nss
Renamed: x0_trapwk_acspl.nss.2 -> x0_trapwk_acspl.2.nss
Renamed: x0_trapwk_arrow.nss.2 -> x0_trapwk_arrow.2.nss
Renamed: x0_trapwk_arrow.nss.3 -> x0_trapwk_arrow.3.nss
Renamed: x0_trapwk_balag.nss.1 -> x0_trapwk_balag.1.nss
Renamed: x0_trapwk_bhand.nss.2 -> x0_trapwk_bhand.2.nss
Renamed: x0_trapwk_blndf.nss.2 -> x0_trapwk_blndf.2.nss
Renamed: x0_trapwk_bolt.nss.2 -> x0_trapwk_bolt.2.nss
Renamed: x0_trapwk_cspry.nss.2 -> x0_trapwk_cspry.2.nss
Renamed: x0_trapwk_dart.nss.2 -> x0_trapwk_dart.2.nss
Renamed: x0_trapwk_daze.nss.2 -> x0_trapwk_daze.2.nss
Renamed: x0_trapwk_ejolt.nss.2 -> x0_trapwk_ejolt.2.nss
Renamed: x0_trapwk_entan.nss.2 -> x0_trapwk_entan.2.nss
Renamed: x0_trapwk_flash.nss.2 -> x0_trapwk_flash.2.nss
Renamed: x0_trapwk_gr_ac.nss.2 -> x0_trapwk_gr_ac.2.nss
Renamed: x0_trapwk_gr_ca.nss.2 -> x0_trapwk_gr_ca.2.nss
Renamed: x0_trapwk_gr_ch.nss.2 -> x0_trapwk_gr_ch.2.nss
Renamed: x0_trapwk_gr_fi.nss.2 -> x0_trapwk_gr_fi.2.nss
Renamed: x0_trapwk_gr_ho.nss.2 -> x0_trapwk_gr_ho.2.nss
Renamed: x0_trapwk_gr_ta.nss.2 -> x0_trapwk_gr_ta.2.nss
Renamed: x0_trapwk_gr_th.nss.2 -> x0_trapwk_gr_th.2.nss
Renamed: x0_trapwk_greas.nss.2 -> x0_trapwk_greas.2.nss
Renamed: x0_trapwk_hanim.nss.2 -> x0_trapwk_hanim.2.nss
Renamed: x0_trapwk_ldisp.nss.2 -> x0_trapwk_ldisp.2.nss
Renamed: x0_trapwk_melfs.nss.2 -> x0_trapwk_melfs.2.nss
Renamed: x0_trapwk_mmiss.nss.1 -> x0_trapwk_mmiss.1.nss
Renamed: x0_trapwk_neray.nss.1 -> x0_trapwk_neray.1.nss
Renamed: x0_trapwk_rayen.nss.1 -> x0_trapwk_rayen.1.nss
Renamed: x0_trapwk_rayfr.nss.1 -> x0_trapwk_rayfr.1.nss
Renamed: x0_trapwk_sburs.nss.1 -> x0_trapwk_sburs.1.nss
Renamed: x0_trapwk_shuri.nss.1 -> x0_trapwk_shuri.1.nss
Renamed: x0_trapwk_sleep.nss.1 -> x0_trapwk_sleep.1.nss
Renamed: x0_trapwk_web.nss.1 -> x0_trapwk_web.1.nss
Renamed: x2_ai_behold.NSS.1 -> x2_ai_behold.1.NSS
Renamed: x2_ai_behold.nss.2 -> x2_ai_behold.2.nss
Renamed: x2_ai_behold.nss.3 -> x2_ai_behold.3.nss
Renamed: x2_ai_behold.nss.4 -> x2_ai_behold.4.nss
Renamed: x2_ai_behold.nss.5 -> x2_ai_behold.5.nss
Renamed: x2_am_daynight.nss.2 -> x2_am_daynight.2.nss
Renamed: x2_c3_start.nss.1 -> x2_c3_start.1.nss
Renamed: x2_dm_chapter2dn.nss.2 -> x2_dm_chapter2dn.2.nss
Renamed: x2_hb_secretdoor.nss.1 -> x2_hb_secretdoor.1.nss
Renamed: x2_hen_death.nss.1 -> x2_hen_death.1.nss
Renamed: x2_hen_death.nss.2 -> x2_hen_death.2.nss
Renamed: x2_im_setupclone.nss.1 -> x2_im_setupclone.1.nss
Renamed: x2_inc_banter.nss.1 -> x2_inc_banter.1.nss
Renamed: x2_inc_banter.nss.2 -> x2_inc_banter.2.nss
Renamed: x2_inc_globals.nss.2 -> x2_inc_globals.2.nss
Renamed: x2_inc_globals.nss.3 -> x2_inc_globals.3.nss
Renamed: x2_inc_globals.nss.4 -> x2_inc_globals.4.nss
Renamed: x2_inc_plot.nss.1 -> x2_inc_plot.1.nss
Renamed: x2_inc_restsys.nss.1 -> x2_inc_restsys.1.nss
Renamed: x2_inc_restsys.nss.2 -> x2_inc_restsys.2.nss
Renamed: x2_inc_restsys.nss.3 -> x2_inc_restsys.3.nss
Renamed: x2_inc_restsys.nss.4 -> x2_inc_restsys.4.nss
Renamed: x2_inc_restsys.nss.5 -> x2_inc_restsys.5.nss
Renamed: x2_inc_restsys.nss.6 -> x2_inc_restsys.6.nss
Renamed: x2_inc_shifter.nss.2 -> x2_inc_shifter.2.nss
Renamed: x2_inc_spellhook.nss.1 -> x2_inc_spellhook.1.nss
Renamed: x2_inc_spellhook.nss.2 -> x2_inc_spellhook.2.nss
Renamed: x2_inc_spellhook.nss.3 -> x2_inc_spellhook.3.nss
Renamed: x2_inc_switches.NSS.2 -> x2_inc_switches.2.NSS
Renamed: x2_inc_switches.nss.1 -> x2_inc_switches.1.nss
Renamed: x2_inc_switches.nss.10 -> x2_inc_switches.10.nss
Renamed: x2_inc_switches.nss.3 -> x2_inc_switches.3.nss
Renamed: x2_inc_switches.nss.4 -> x2_inc_switches.4.nss
Renamed: x2_inc_switches.nss.5 -> x2_inc_switches.5.nss
Renamed: x2_inc_switches.nss.6 -> x2_inc_switches.6.nss
Renamed: x2_inc_switches.nss.7 -> x2_inc_switches.7.nss
Renamed: x2_inc_switches.nss.8 -> x2_inc_switches.8.nss
Renamed: x2_inc_switches.nss.9 -> x2_inc_switches.9.nss
Renamed: x2_inc_treasure.nss.1 -> x2_inc_treasure.1.nss
Renamed: x2_inc_treasure.nss.2 -> x2_inc_treasure.2.nss
Renamed: x2_inc_treasure.nss.3 -> x2_inc_treasure.3.nss
Renamed: x2_o0_glyphhb.nss.1 -> x2_o0_glyphhb.1.nss
Renamed: x2_o0_glyphhb.nss.2 -> x2_o0_glyphhb.2.nss
Renamed: x2_o0_glyphude.nss.1 -> x2_o0_glyphude.1.nss
Renamed: x2_portal_gate_2.nss.1 -> x2_portal_gate_2.1.nss
Renamed: x2_portal_gate_5.nss.1 -> x2_portal_gate_5.1.nss
Renamed: x2_s0_batttidea.nss.2 -> x2_s0_batttidea.2.nss
Renamed: x2_s0_batttidea.nss.3 -> x2_s0_batttidea.3.nss
Renamed: x2_s0_blckblde.nss.1 -> x2_s0_blckblde.1.nss
Renamed: x2_s0_cldbewlda.nss.1 -> x2_s0_cldbewlda.1.nss
Renamed: x2_s0_cldbewlda.nss.2 -> x2_s0_cldbewlda.2.nss
Renamed: x2_s0_darkfire.nss.1 -> x2_s0_darkfire.1.nss
Renamed: x2_s0_flmeweap.nss.1 -> x2_s0_flmeweap.1.nss
Renamed: x2_s0_glphward.nss.2 -> x2_s0_glphward.2.nss
Renamed: x2_s0_glphwarda.nss.1 -> x2_s0_glphwarda.1.nss
Renamed: x2_s0_glphwarda.nss.2 -> x2_s0_glphwarda.2.nss
Renamed: x2_s0_hellfirea.nss.1 -> x2_s0_hellfirea.1.nss
Renamed: x2_s0_infestmag.nss.2 -> x2_s0_infestmag.2.nss
Renamed: x2_s0_stneholda.nss.1 -> x2_s0_stneholda.1.nss
Renamed: x2_s0_stneholda.nss.2 -> x2_s0_stneholda.2.nss
Renamed: x2_s0_stneholda.nss.3 -> x2_s0_stneholda.3.nss
Renamed: x2_s0_stneholda.nss.4 -> x2_s0_stneholda.4.nss
Renamed: x2_s0_undeath.nss.1 -> x2_s0_undeath.1.nss
Renamed: x2_s0_vinemcama.nss.1 -> x2_s0_vinemcama.1.nss
Renamed: x2_s0_vinemcama.nss.2 -> x2_s0_vinemcama.2.nss
Renamed: x2_s0_vinemhmpa.nss.1 -> x2_s0_vinemhmpa.1.nss
Renamed: x2_s0_vinemhmpa.nss.2 -> x2_s0_vinemhmpa.2.nss
Renamed: x2_s1_bebweba.nss.1 -> x2_s1_bebweba.1.nss
Renamed: x2_s1_bebweba.nss.2 -> x2_s1_bebweba.2.nss
Renamed: x2_s2_terrage_a.nss.1 -> x2_s2_terrage_a.1.nss
Renamed: x2_s2_terrage_a.nss.2 -> x2_s2_terrage_a.2.nss
Renamed: x2_s2_terrage_a.nss.3 -> x2_s2_terrage_a.3.nss
Renamed: x2_s3_onhitcast.nss.1 -> x2_s3_onhitcast.1.nss
Renamed: x2_s3_ruinarmor.nss.1 -> x2_s3_ruinarmor.1.nss
Renamed: x2_t1_coldepicc.nss.1 -> x2_t1_coldepicc.1.nss
Renamed: x2_t1_coldepicc.nss.2 -> x2_t1_coldepicc.2.nss
Renamed: x2_t1_coldepicc.nss.3 -> x2_t1_coldepicc.3.nss
Renamed: x2_t1_elecepicc.nss.1 -> x2_t1_elecepicc.1.nss
Renamed: x2_t1_fireepicc.nss.1 -> x2_t1_fireepicc.1.nss
Renamed: x2_t1_fireepicc.nss.2 -> x2_t1_fireepicc.2.nss
Renamed: x2_t1_fireepicc.nss.3 -> x2_t1_fireepicc.3.nss
Renamed: x2_t1_soncepicc.nss.2 -> x2_t1_soncepicc.2.nss
Renamed: x2_t1_soncepicc.nss.4 -> x2_t1_soncepicc.4.nss
Renamed: x2_t1_soncepicc.nss.5 -> x2_t1_soncepicc.5.nss
Renamed: x2_t1_soncepicc.nss.6 -> x2_t1_soncepicc.6.nss
Renamed: x2_t1_soncepicc.nss.7 -> x2_t1_soncepicc.7.nss
Renamed: x2_ud_secretdoor.nss.2 -> x2_ud_secretdoor.2.nss
Renamed: x3_inc_horse.nss.1 -> x3_inc_horse.1.nss
Renamed: x3_inc_horse.nss.3 -> x3_inc_horse.3.nss
Renamed: x3_inc_horse.nss.4 -> x3_inc_horse.4.nss
Renamed: x3_inc_horse.nss.5 -> x3_inc_horse.5.nss
Renamed: x3_inc_skin.nss.1 -> x3_inc_skin.1.nss
Renamed: x3_inc_skin.nss.2 -> x3_inc_skin.2.nss
Renamed: x3_mod_def_load.nss.1 -> x3_mod_def_load.1.nss
Renamed: x3_mod_def_load.nss.2 -> x3_mod_def_load.2.nss
Renamed: x3_mod_def_load.nss.3 -> x3_mod_def_load.3.nss
Renamed: x3_mod_def_load.nss.4 -> x3_mod_def_load.4.nss
Renamed: zep_cr_nocheat.nss.2 -> zep_cr_nocheat.2.nss
Renamed: zep_inc_craft.nss.1 -> zep_inc_craft.1.nss
Renamed: zep_unsecret.nss.1 -> zep_unsecret.1.nss
Renamed: zzdlg_check_init.nss.1 -> zzdlg_check_init.1.nss
Renamed: zzdlg_check_init.nss.2 -> zzdlg_check_init.2.nss
Renamed: zzdlg_ghostconv.nss.1 -> zzdlg_ghostconv.1.nss
Renamed: zzdlg_lists_inc.nss.1 -> zzdlg_lists_inc.1.nss
Renamed: zzdlg_lists_inc.nss.2 -> zzdlg_lists_inc.2.nss
Renamed: zzdlg_main_inc.nss.1 -> zzdlg_main_inc.1.nss
Renamed: zzdlg_main_inc.nss.2 -> zzdlg_main_inc.2.nss
Renamed: zzdlg_main_inc.nss.4 -> zzdlg_main_inc.4.nss
Renamed: zzdlg_tools_inc.nss.1 -> zzdlg_tools_inc.1.nss
Renamed: zzdlg_tools_inc.nss.2 -> zzdlg_tools_inc.2.nss
Renamed: zzdlg_zone.nss.1 -> zzdlg_zone.1.nss
