https://github.com/8135tao/nonlocal_spikes
https://github.com/9il/atmosphere
https://github.com/aabor/wos
https://github.com/Aaku/salainen
https://github.com/acastrops/Diversity-in-Math-AOC-Survey-Analysis
https://github.com/acfrery/SAR-PolSAR-Course
https://github.com/adeschen/methylInheritance
https://github.com/agi0917/AlternativeSplicingDocu
https://github.com/aimerykong/predictive-filter-flow
https://github.com/AJayLiu2017/NPAmodified
https://github.com/AJLiu/rll-site
https://github.com/akbaritabar/akbaritabar.github.io
https://github.com/alexcvcoelho-gabrielgio/links
https://github.com/alinush/csail-website
https://github.com/alko989/s6model
https://github.com/almedso/yocto-bsp-documentation
https://github.com/alvarobrey/rmarkdown-report-template
https://github.com/amritamaz/academic-homepage
https://github.com/Andre-Soro/Article
https://github.com/AndreCNF/Rutas-Inteligentes-en-la-Ciudad-de-Bogota-Utilizando-el-Concepto-de-Complex-Networks
https://github.com/AndrewYongZhenNing/Anomalous-Muon-Magnetic-Moment
https://github.com/anima-wg/anima-bootstrap
https://github.com/apcshields/autocomplete-bibtex
https://github.com/aravind-j/PGRdup
https://github.com/Architecton/bachelors-thesis
https://github.com/ArnaudDroitLab/consensusSeekeR
https://github.com/ArnaudDroitLab/RJMCMC
https://github.com/ArnaudDroitLab/RJMCMCNucleosomes
https://github.com/ArtemSokolov/ismb2018
https://github.com/ashtonwebster/dotatom
https://github.com/augreal-mnayak/thesis-report
https://github.com/austinklum/MTH-415
https://github.com/avtione-repo/autolinks_MA
https://github.com/b1592/BSc-Project
https://github.com/Banana1530/MoMA-1
https://github.com/bateyt/ochc
https://github.com/bazk/relatorio-rpa
https://github.com/belleau/CNprep
https://github.com/belleau/RJMCMCNucleosomes
https://github.com/belleau/subnetsim
https://github.com/bequiet88/WebMining
https://github.com/bergolho1337/Latex
https://github.com/bhavanki/moving-hadoop-to-the-cloud
https://github.com/Bierbou/Master
https://github.com/bieridee/bieridee-docs
https://github.com/binder-examples/stencila-multi
https://github.com/binder-examples/stencila-py
https://github.com/binder-examples/stencila-r
https://github.com/bio-phys/capriqorn
https://github.com/BioDataScience-Course/functions-book
https://github.com/BIONF/Beth
https://github.com/blahah/AMI-diagrams-demo-paper
https://github.com/blueMaxDJ/resume
https://github.com/BlueObelisk/pub-crawler
https://github.com/bmnn/evrythg
https://github.com/bndoone/cda-finalproject
https://github.com/borenstein-lab/MetaLAFFA
https://github.com/boupetch/rsleep
https://github.com/brad-cannell/epi_3
https://github.com/brad-cannell/intro_r
https://github.com/brad-cannell/test_research_paper
https://github.com/brucebcampbell/appregr
https://github.com/bsed/.atom
https://github.com/Cactusolo/PD_manuscript
https://github.com/caioaguida/caseattraction
https://github.com/canalionico/resumos
https://github.com/canalionicoblog/canalionico
https://github.com/Carayav/tesis2019
https://github.com/carolinlawrence/carolinlawrence.github.io
https://github.com/cdwren/SAA-ABM-Forum
https://github.com/cekmorse/literature_repository
https://github.com/charlotte-ngs/ASMAS
https://github.com/CharlotteGore/ld-mimir
https://github.com/chengjun/open-review-toolkit
https://github.com/chromestone/chromestone.github.io
https://github.com/clarpaul/activity_monitoring_prediction
https://github.com/ClemensDaCoder/DKEPraktikum
https://github.com/cloudmesh-community/book
https://github.com/clsacramento/memoire
https://github.com/cnitarot/cnitarot.github.io
https://github.com/CobayaSampler/cobaya
https://github.com/CobayaSampler/example_external_likelihood
https://github.com/CobayaSampler/planck_lensing_external
https://github.com/cod-developers/cod-tools
https://github.com/coompany/concord-specs
https://github.com/cpfiffer/Energy-Finance
https://github.com/cpuchi/practical-machine-learning
https://github.com/cr458/Thesis
https://github.com/cran/AdhereR
https://github.com/cran/gemmR
https://github.com/cran/PGRdup
https://github.com/cran/rinform
https://github.com/cran/SDEFSR
https://github.com/cran/SingleCaseES
https://github.com/cran/spca
https://github.com/crodrigom/datascientist
https://github.com/crotman/ApresentacaoWatson
https://github.com/csoeder/PsiSeq2
https://github.com/ctessum/fable-go
https://github.com/ctmuthu/wot-sys-ci
https://github.com/cwcartmell/maRkov
https://github.com/daanraman/papers
https://github.com/dalibo/pandocker
https://github.com/dancps/DispositivosEletronicos
https://github.com/danielfireman/phd
https://github.com/danielqbarbosa/al044-trator
https://github.com/danielw2904/regression_tree_public
https://github.com/danilosouza/danilo
https://github.com/datasci4health/binderhub-harena
https://github.com/DataSlingers/ExclusiveLasso
https://github.com/DataSlingers/MoMA
https://github.com/davekinkead/philosophy
https://github.com/davepagurek/flute-synthesis
https://github.com/davetang/reproducible_bioinformatics
https://github.com/davibarreira/Computational_Statistics
https://github.com/DavidLukeThiessen/2018FallSeminar
https://github.com/ddediu/AdhereR
https://github.com/ddediu/hard-palate-vowels
https://github.com/ddlee-cn/Obj_Det_Review
https://github.com/DeltaWolf74/DAI_ra-to_darbas
https://github.com/DickyChant/UndergraduateResearch
https://github.com/DiegoADuarte/tcc
https://github.com/diogosantanaime/Elsevier
https://github.com/Distue/limmas
https://github.com/dlxiii/EAWOMEN2-2019
https://github.com/dm1681/Merging_Perts
https://github.com/dmm183/mckonelab.github.io
https://github.com/doijunior/muter
https://github.com/doodoong/intern
https://github.com/DragoljubTHB/sacwa
https://github.com/dssg/dsapp-reading-group
https://github.com/duarteguilherme/Quinn-Martin-Replication
https://github.com/dwisianto/dwisianto.github.io
https://github.com/dzimmerer/MA-thesis
https://github.com/edlym96/Hybrid-Data-Assimilation-With-Ensemble-Methods
https://github.com/egh/talks
https://github.com/elfrucool/idolatria-e-iconoclastia
https://github.com/ELIFE-ASU/rinform
https://github.com/elifesciences/rds-example
https://github.com/elkshadow5/School
https://github.com/elopio/tangamandapio
https://github.com/emailyc/Msc-DSBS-CUHK
https://github.com/emailyc/STAT_5104_Project
https://github.com/emiapwil/alto-draft
https://github.com/entrnickvana/sublimeCadeDir
https://github.com/eriqande/rubias
https://github.com/errordeveloper/mres-doc
https://github.com/euzbio/tcc
https://github.com/fabiorinnone/TableauxProofTool-report
https://github.com/filiphl/master-thesis
https://github.com/FMCalisto/master-project
https://github.com/francoisbirgand/BAE-204
https://github.com/francoisbirgand/BAE-587
https://github.com/francoisbirgand/BAE204-Qlab
https://github.com/francoisbirgand/francoisbirgand.github.io
https://github.com/francoisbirgand/gaugecam-NR
https://github.com/francoisbirgand/TemplateBookdownArticle
https://github.com/francoispfister/diagraph
https://github.com/FreeON/freeon
https://github.com/FreeON/spammpack
https://github.com/fsphys-muenster/latex-kurs
https://github.com/GabrielCFigueira/An-lise-de-Imagens
https://github.com/GabVenturato/applied-statistics-project
https://github.com/gandhisunilr/gandhisunilr.github.io
https://github.com/gbertagnolli/gbertagnolli.github.io
https://github.com/geany/geany
https://github.com/ghbeta/thesis
https://github.com/gheuze/DU-K
https://github.com/girish17/essays
https://github.com/gorangrubic/imbSCI.Standard
https://github.com/gprevide/short_reviews
https://github.com/griswaldbrooks/ms_thesis
https://github.com/grunwaldlab/metacoder_documentation
https://github.com/hackoregon/crash-data-wrangling
https://github.com/hackoregon/data-science-pet-containers
https://github.com/Hardik-lad/Hardik-Lad
https://github.com/hayounav/thesis-stuff
https://github.com/hdekk/midlife
https://github.com/hermitko/PML_CourseProject
https://github.com/HerrLab/2018_Spring_Journal_Club
https://github.com/HerrLab/2019_Spring_Journal_Club
https://github.com/hglanzer/knxSec
https://github.com/hibiscusbiscuit/hibiscusbiscuit.github.io
https://github.com/hillolkallol/PrecipitationPrediction
https://github.com/HirlingerSaylor/PREXPolarimetry
https://github.com/Homarechan/HelloWorld
https://github.com/honzabilek4/Reference-Manager
https://github.com/hsartoris/sproj
https://github.com/igorsowa9/mthesis
https://github.com/ImageMarkup/isic-archive
https://github.com/imrehg/QCLwebsite
https://github.com/ionides/531w18
https://github.com/ioos/bio_data_guide
https://github.com/iranmansoori/iranmansoori.github.io
https://github.com/IvanWilli/ChildSurv
https://github.com/iyang5/Final-Project_Milestone-1
https://github.com/ja-thomas/whyr2018_deeplearning_in_mlr
https://github.com/jack-the-dvdripper/IT-SEC
https://github.com/jackygrahamez/DrugDiscovery-Home
https://github.com/JaimeEscoto/potential-bassoon
https://github.com/jakelever/cancermine
https://github.com/jakelever/civicmine
https://github.com/jamesprime/words
https://github.com/janemiceli/authenticated_mail_server
https://github.com/jay3ss/ee5630
https://github.com/jbn/GMU_Dissertation_Pandoc_Tmpl
https://github.com/jbn/paper
https://github.com/jcrawley/cmsi370
https://github.com/jcsalo/MIE
https://github.com/jeammimi/PhysicsArbona
https://github.com/jeffmcmahan/clifford.apa
https://github.com/jenninglim/recursion-schemes-in-DSL
https://github.com/JensErat/scientific-markdown
https://github.com/jepusto/SingleCaseES
https://github.com/jgm/pandoc-citeproc
https://github.com/jhlam/skole_v2
https://github.com/jimmejardine/qiqqa-open-source
https://github.com/Jinxiaohai/analysisNote
https://github.com/jjchern/pfiles
https://github.com/jmrphy/site
https://github.com/jms05/Extract
https://github.com/jncraton/article-template
https://github.com/joaolucasl/BudgetBuddyDocs
https://github.com/joelegner/voided_shaft
https://github.com/JonathanFonsecaCamarena/Fonseca.Camarena.Jonathan.7-A
https://github.com/jonchang/ropensci-2017
https://github.com/jorgediazjr/dials-dev20191018
https://github.com/joseflaviojr/nheengatu
https://github.com/josephryan/sowhat
https://github.com/JPBeukes/Micro-Prak1
https://github.com/julien-arino/modelling-with-data
https://github.com/jupyter/repo2docker
https://github.com/kalekale/perjantairyhma
https://github.com/karlbenedict/agilecuration
https://github.com/karthikabinav/LinkGrammar
https://github.com/kazutan/HijiyamaR5
https://github.com/kazutan/KandaiR1
https://github.com/kdmarrett/vision_projects
https://github.com/kennyjoseph/lsm_slidify
https://github.com/Keyeoh/svconfound
https://github.com/kfrasier/AcoustoVisualDE
https://github.com/kirchnergo/judo
https://github.com/kirchnergo/notes.japanese
https://github.com/kjoyce/sampling
https://github.com/kmatusz/lic
https://github.com/koodikattila/miniprojekti
https://github.com/kuangtly/coryMSthesis
https://github.com/kumc-bmi/heron-i2b2-analytics
https://github.com/KyleRyan/atomsettings
https://github.com/lamb-j/plant-pollinator-prediction
https://github.com/Lammyy/thesisnew
https://github.com/lanabia/Medline2Bibtex
https://github.com/LaraQianYang/LaraQianYang.github.io
https://github.com/lauramoria/naardermeer_20181129
https://github.com/leenachennuru/VisualRecognition
https://github.com/lellisls/queen
https://github.com/Lenival/slides_filtros_IIR
https://github.com/LeoFuchs/Masters
https://github.com/leonard9338/CenturiCourse
https://github.com/LFY/lfy.github.com
https://github.com/lgmore/maestria-tesis
https://github.com/lipro/publishing-withsphinx
https://github.com/liuliuliu123456/d
https://github.com/LP-CDF/AMi_Image_Analysis
https://github.com/LSSTDESC/OpSimSummary
https://github.com/luanadfreitas/tc2
https://github.com/luanadfreitas/tcc
https://github.com/lucienzhu/lucienzhu.github.com
https://github.com/ludwigschubert/rollup-plugin-bibtex
https://github.com/LunaSare/blogdown_lunasare
https://github.com/lvecsey/nsphere
https://github.com/lvegro/master_thesis
https://github.com/malkavk/Ferramentas_em_ModelagemComputacionalDeConhecimento
https://github.com/manoelnascimento/diss
https://github.com/manuelmarcano22/GeometricAlgebra
https://github.com/Mara01010011/Bachelorarbeit
https://github.com/marcelogdeandrade/computacao_embarcada
https://github.com/Marfle-Bark/myHUMPS
https://github.com/marianogaragiola/confinamiento_lateral
https://github.com/marissaschmidt/PaymentAnalysis
https://github.com/MarkPlatts/Bee_Clustering_Website
https://github.com/markusjudge/zeugs
https://github.com/MaryShaffergithub/medicalresponse
https://github.com/MatchmakerExchange/matchmakerexchange.github.io
https://github.com/Matherion/alcohol-use-fasd-association-synthesis
https://github.com/matheusmota/binderhub-harena
https://github.com/mattipulli/mandoliini
https://github.com/maxhbr/BachelorThesis
https://github.com/mboehme/mboehme.github.io
https://github.com/medeirosthiago/glue-grade
https://github.com/mejiadev/ttTemplate-escomipn
https://github.com/merolagio/spca
https://github.com/mhucka/dcons
https://github.com/michaelweylandt/RPkgSkeleton
https://github.com/micvbang/diku-thesis-markdown
https://github.com/miguel747/Project-Shimmer-TCC-UnB
https://github.com/MilesMcBain/botb2017_poster
https://github.com/MilesMcBain/git_4_sci
https://github.com/MIMBCD-UI/research-reports
https://github.com/minrk/nbstencilaproxy
https://github.com/mka2136/academic-site
https://github.com/mmostajab/Interdisciplinary-Project
https://github.com/mnemiopsis/mnemiopsis.github.io
https://github.com/moacirlmjr/pesquisaembeddedsystems
https://github.com/moreno-betancur/mice
https://github.com/mozzhorin/ML-PR18
https://github.com/MPIBGC-TEE/bgc-md
https://github.com/mpracek/Diploma
https://github.com/munzir/stableForceInteraction
https://github.com/muuksi/blogdown.hinse.eu
https://github.com/mxochicale/phd-journey
https://github.com/myaooo/TFConvNet
https://github.com/myschoolwork/aplai
https://github.com/Nava2/oc2-publications
https://github.com/nbcrrolls/website
https://github.com/NCBI-Hackathons/HLAClustRView
https://github.com/ndoylend/Coursera_PredMachLearn
https://github.com/nick-gauthier/neolithic-crop-model
https://github.com/nick-gauthier/North-Africa
https://github.com/nirandaperera/cloudmesh-book
https://github.com/niravshah241/master_thesis
https://github.com/niravshah241/valorisation_work
https://github.com/nk027/bc_commodities
https://github.com/odmina/psychometria
https://github.com/okfn/bibserver
https://github.com/olorin/slides
https://github.com/omid55/optimal_pinning_control
https://github.com/open-review-toolkit/alpha
https://github.com/open-review-toolkit/open-review-toolkit
https://github.com/opengraphix/dotAtom
https://github.com/Opening-ETDs/CS6604-ETD
https://github.com/opentox/loael-paper
https://github.com/Orasund/elm-refine
https://github.com/palisades-lakes/les-elemens
https://github.com/palisades-lakes/mudstone
https://github.com/palisades-lakes/xfp
https://github.com/pascalsiemsen/settings_design
https://github.com/pasuder/articles
https://github.com/patricktoohey/packml-hmi
https://github.com/paulorauber/paulorauber.github.io
https://github.com/PedroMDuarte/bragg-scattering
https://github.com/PedroMDuarte/lattice_3D_ipynb
https://github.com/PedroMDuarte/phase-contrast
https://github.com/PedroNSilva/amotepur
https://github.com/pepe454/CompModelMatch
https://github.com/pgpmartin/RNAseq_ChIPseq_course
https://github.com/phile314/mcco-projects
https://github.com/philipmorrisintl/NPA
https://github.com/phosgene89/misc
https://github.com/piyushdivyankar1994/DDP-12D110009
https://github.com/PJOssenbruggen/cartools
https://github.com/plantarum/flowPloidy-old
https://github.com/plantarum/flowPloidy
https://github.com/pmean/i2b2-backup
https://github.com/pmean/presentations-using-rmarkdown
https://github.com/PolMine/topicanalysis
https://github.com/pombredanne/github_python_dataset
https://github.com/pont-us/scoter
https://github.com/postaxmi/songsAnalysis
https://github.com/ProfessorX/CIS612
https://github.com/ProfRussellCIE/PTAnalysis
https://github.com/ps1337/bibtex2pdf-docker
https://github.com/pulkitjain1004/autoRL
https://github.com/pvrqualitasag/DeRegressEbv
https://github.com/qbicsoftware/r-analysis-templates
https://github.com/qbicsoftware/rnadeseq
https://github.com/qri-io/papers
https://github.com/quietsmile/Obj_Det_Review
https://github.com/Ranae/Roots-to-SoilC
https://github.com/rbeede/thesis
https://github.com/RCJurriaans/CV_OR
https://github.com/redes-avanzadas/software-defined-networks
https://github.com/retorquere/bibtex-parser
https://github.com/retorquere/zotero-better-bibtex
https://github.com/riboseinc/asciidoctor-bibliography
https://github.com/rodik/CroatianStopwords
https://github.com/romainmartinez/paper
https://github.com/rqtx/Blockchain-study
https://github.com/rsolimeno/doe3rd
https://github.com/RTCGA/RTCGA
https://github.com/rtotheb2000/rschwarz
https://github.com/rubenarslan/generation_scotland_pedigree_gcta
https://github.com/rubenarslan/repro_web_stack
https://github.com/ryansroberts/markdownpipeline
https://github.com/RyanWhitell/MLinR
https://github.com/Saduras/SAT-solver
https://github.com/sam-greenwood/taco_vis
https://github.com/SaskiaFreytag/workflow
https://github.com/sawyermade/compilers
https://github.com/SCBI-ForestGEO/SCBI-Plot-Book
https://github.com/schalkdaniel/text_mining
https://github.com/SchlossLab/Baxter_FITs_Microbiome_2016
https://github.com/SchlossLab/Baxter_glne007Modeling_GenomeMed_2015
https://github.com/schroeti/ptds2019hw1
https://github.com/scvalencia/SchoolWork
https://github.com/sdy087/economic-takings
https://github.com/Secondmoon-Kiom/CNUH-R-Lecture-2017
https://github.com/SEDur/Negotiated_Technical_Module
https://github.com/seek4science/seek
https://github.com/selfidentitystudies/self-identity-operationalization-review
https://github.com/sethmcg/climod
https://github.com/shaoliming1/repo2docker
https://github.com/sharathcshekhar/webpage
https://github.com/shumez/NLDC
https://github.com/SIMIDAT/SDEFSR
https://github.com/SimonDele/Enlighten-DarkWeb-Markets-with-Data-Mining
https://github.com/SimonSuster/SimonSuster.github.io
https://github.com/sitszyq/TCC-ThermalSimulator
https://github.com/slu-dss/power-analysis
https://github.com/smolarek999/repotest
https://github.com/sniperyyc/license_plate_number_recognition
https://github.com/spblivehoods/spblivehoods.github.io
https://github.com/spgroup/rgms
https://github.com/Stefan-Heimersheim/cobaya-test
https://github.com/stefvanbuuren/BayesAdaptive
https://github.com/stefvanbuuren/mice
https://github.com/steliosven10/steliosven10.github.io
https://github.com/stencila/examples
https://github.com/SteveBronder/mlrForecastingPaper
https://github.com/stevenlsenior/school_readiness
https://github.com/student-t/RJMCMCNucleosomes
https://github.com/sul-dlss/sul_pub
https://github.com/sumberg/kex_japan_2018
https://github.com/sunapi386/2015s
https://github.com/superyuan/refeditor
https://github.com/suracefm/report
https://github.com/suttonbm/datasciencecoursera_Capstone
https://github.com/SZISZR/4-r-markdown
https://github.com/tabitaCatalan/proyectoEDPN
https://github.com/tatireddy66/MajescoBackup
https://github.com/TDeepanshPandey/Bike-Sharing-Dataset-Analysis
https://github.com/thanatoid114/Reference_manager
https://github.com/thebackman/CDRalg
https://github.com/thedatasociety/binderhub-influxdb
https://github.com/thedatasociety/binderhub-kafka
https://github.com/thedatasociety/binderhub-mariadb
https://github.com/thedatasociety/binderhub-mysql
https://github.com/thedatasociety/binderhub-template
https://github.com/thedatasociety/lab-cassandra
https://github.com/thedatasociety/lab-machinelearning
https://github.com/thedatasociety/lab-template
https://github.com/tmt514/tmt514.github.io
https://github.com/tomroh/pe_ise_prep
https://github.com/torbjornseland/master
https://github.com/TransformationToolContest/ttc2019-live
https://github.com/trucomanx-formulation/Gafieira-Book
https://github.com/turnrye/learning-rapidly-changing-frameworks
https://github.com/TylerMclaughlin/computational-harmony
https://github.com/UMonsInfoCollab/umons-info-collab
https://github.com/vagnerclementino/proj-arch-software
https://github.com/vagnerclementino/projeto_sqm
https://github.com/vagnerclementino/tp_final_paa
https://github.com/ValeC/t-ucd
https://github.com/vaofford/deago
https://github.com/vathymut/xgboostDemo
https://github.com/vicentecunha/loudspeaker
https://github.com/victor-vct/final-paper
https://github.com/vincentlaucsb/Mental-Health-NHIS-2007-2013
https://github.com/vincentlaucsb/US-Hurricanes
https://github.com/VML/journey-driven-development
https://github.com/vsilv/fp
https://github.com/waqar-ahmed/master-thesis
https://github.com/wdingsoft/pkg05
https://github.com/weecology/portalcasting
https://github.com/weecology/portalPredictions
https://github.com/wikimedia/mediawiki-extensions-BibManager
https://github.com/williamdemeo/latex_wjd
https://github.com/willmeira/disciplinas
https://github.com/witusj/Minor-SI
https://github.com/wojtekpas/PracaMagisterska
https://github.com/wpetry/Rmd2Word
https://github.com/writ3it/DB_SortMergeJoin
https://github.com/wydler/gps-evaluator
https://github.com/Xyntax/sync
https://github.com/yaronf/bibtex2rfc
https://github.com/yatharthdubey7/The-Power-of-The-Hybrid-Model
https://github.com/yiakwy/yiakwy.github.io
https://github.com/yipf/scitemacs
https://github.com/youralien/psychometrics
https://github.com/ypriverol/containers-rules-manuscript
https://github.com/yuchaojiang/MARATHON
https://github.com/YukiyaSaito/Masters-Thesis
https://github.com/yuri-mota/tcc_fga
https://github.com/yuwenfu/LATEX-practise
https://github.com/yyyaaan/bss
https://github.com/zachary-foster/library
https://github.com/zachary-foster/prelim
https://github.com/ZePoLiTaT/SiliconPhotonics
https://github.com/zhouzilu/DENDRO
