https://github.com/adamhollett/dotfiles/blob/68cc7dec8006d85b7ef7d881f81c40d122661e05/shell/.shellcheckrc.sym
https://github.com/adinhodovic/.dotfiles/blob/fda08ed2868d05a11b17fbebf14181ff337b45cc/dots/shellcheckrc
https://github.com/Alhadis/language-etc/blob/240978efb1f24df1aa1397843bbd73bb8203a64e/grammars/shellcheckrc.cson
https://github.com/andrewarchi/config/blob/a6fcea91ac7b30a835d2b0c9e887ba5ecb1caff5/dotfiles/shellcheckrc
https://github.com/ANGkeith/dotfiles/blob/73bcfd794257c8d08c17aa6a678af8c86401705e/stow/shellcheck/.config/shellcheckrc
https://github.com/casjay-dotfiles/scripts/blob/6198560180ae4b6a67cb2e54aad390c784c75c59/templates/shellcheckrc
https://github.com/cschomburg/dotfiles/blob/bab9f101a20d06649c673463d6daad586fd98332/shellcheckrc
https://github.com/desktopmgr/installer/blob/c071cb2219d1ce65d87d96d08d22c273aa75d2c1/templates/shellcheckrc
https://github.com/dfmgr/installer/blob/647d56736f3db0e305fbc27072bc7b5664e5be09/templates/shellcheckrc
https://github.com/dkav/dotfiles/blob/86b7771f416b5d66eaa9c22566ae5a83aefe18a8/shell/shellcheckrc
https://github.com/fasten-project/Debian-license-collector/blob/a8ed5deca793b1e1b29fb17f3baa852b70bb63c8/src/LCV/collectingDebianLicenses/bash-completion/.shellcheckrc.json
https://github.com/fasten-project/LCV-CM/blob/e4f1e8c74575dc2d64d1e44c44de9ae9615fdaf8/src/LCV/collectingDebianLicenses/bash-completion/.shellcheckrc.json
https://github.com/fontmgr/installer/blob/647d56736f3db0e305fbc27072bc7b5664e5be09/templates/shellcheckrc
https://github.com/gikeymarcia/dotfiles/blob/aa18f011f3f6adc01ece6f9557da7dfd216c2821/.config/shellcheckrc
https://github.com/GrpeApple/dotfiles/blob/76d0008c36e43f5c03dc0be514e30f1644bc5bb3/home-dot/shellcheck/shellcheckrc
https://github.com/hanaugai/dotfiles/blob/60dc4eb954a984818ab247201dd09b2a428664a4/shellcheckrc
https://github.com/iconmgr/installer/blob/647d56736f3db0e305fbc27072bc7b5664e5be09/templates/shellcheckrc
https://github.com/jawang35/dotfiles/blob/82def4544155e848d2971423db90fc8748e074d6/.config/shellcheckrc
https://github.com/jdowning/dotfiles/blob/8fe57cd287313258d7096c2ddae5643f234dbd04/shellcheck/shellcheckrc.symlink
https://github.com/jjangsangy/Dotfiles/blob/5f05de511b9fafaf7ee3aea95266ce9af74b6942/bash/shellcheckrc
https://github.com/jpinkham/dotfiles/blob/36bc1a7181bdd476978bdeddad6ca48269d53e09/shellcheckrc
https://github.com/kg8m/dotfiles/blob/197567507f5f511ffc96a160f3dec46e24cce8b7/.config/shellcheckrc
https://github.com/lingrino/docker/blob/d306a2a975b0765da6ae4ef1a7e569a210f6fabc/files/ci/shellcheckrc
https://github.com/magicalbanana/dotfiles/blob/5df48474fb47fd3a7a610921c78adbf8a76287f3/dot_shellcheckrc
https://github.com/mikeslattery/dotfiles/blob/0cd0c4fd6f87d0f0ec345fc687873a0273db7cb5/.config/shellcheckrc
https://github.com/NemesisRE/dotfiles/blob/99e72bf02df98e0e71878adc43ee111cdc35bdd7/home/.config/shellcheckrc
https://github.com/nwjsmith/dotfiles/blob/4dc584ca03d2877c5a5b103849f13456ed8dc8a1/config/shellcheckrc
https://github.com/nwolfe/dotfiles/blob/9a2dd931e455ecd24834ef4307b750b4f6fea597/misc/shellcheckrc
https://github.com/pkmgr/installer/blob/647d56736f3db0e305fbc27072bc7b5664e5be09/templates/shellcheckrc
https://github.com/roshal/dotfiles/blob/f19b5ec291661bdea2913f013a731894874a07ce/user/.config/shellcheckrc
https://github.com/stackline/dotfiles/blob/aa449025e5278e47fff9025cccd3f2ddc2829618/.config/shellcheckrc
https://github.com/sten626/dotfiles/blob/b239c9b2b9ff20b89e3c38e88604810d92e9c41c/src/shell/shellcheckrc
https://github.com/stonevil/dotfiles/blob/6f81ce509d1ee50a84157bf4671be7b2d4bd3361/dot_shellcheckrc
https://github.com/stove-panini/ansible-toolbox/blob/079f6c417578df0c416b4227a1bb567e039ecb65/files/dotfiles/shellcheckrc
https://github.com/systemmgr/installer/blob/647d56736f3db0e305fbc27072bc7b5664e5be09/templates/shellcheckrc
https://github.com/Th30phaN3/myconfig/blob/78f5888cc40c9a04f7f5dbf36c8e8c063cc3122b/shellcheck/.config/shellcheckrc
https://github.com/thememgr/installer/blob/647d56736f3db0e305fbc27072bc7b5664e5be09/templates/shellcheckrc
https://github.com/thesmiley1/dotfiles-public/blob/7332012955b23276591a473d07f779a8b5cdd857/home/.config/shellcheckrc
https://github.com/tomwassenberg/certbot-ocsp-fetcher/blob/8562d607b1241b22c58da3c893e4997c0212e8e2/shellcheckrc
https://github.com/wallpapermgr/installer/blob/6735ecaf63a3176788fe7d317a8831da92f5d079/templates/shellcheckrc
https://github.com/WANDEX/.dotfiles/blob/6e3a44e2943d129c1c0506fcb52d6197b56534d6/.config/shellcheckrc_disabled
https://github.com/weirane/dotfiles/blob/dc50f982d7b48d9b99cd5e27a449ed392cea3726/dotconfig/shellcheckrc
https://github.com/woodruffw/dotfiles/blob/26f3e1f680ba3e2b59b47a8d1400553c06c8d31c/shellcheckrc
https://github.com/xf3rnox/dotfiles/blob/4f89e85c0a94dc2e804c7b7ae6e76d018dc117b2/shellcheckrc
https://github.com/yashlala/dotfiles/blob/5f78b4e1e9a72f1918c6ac345174c0426326ea4b/shellcheck/.config/shellcheckrc
https://github.com/yochem/dotfiles/blob/9fcbefd38db48d295c16ea599032557123b53c7c/.config/shellcheckrc
https://github.com/z0mbix/dotfiles/blob/7466a39a8cbc0e4143ea479bafccd4b2f1b78eb9/.config/shellcheckrc
