04n0
2ec0b4
3nathreddy
4ssfscker
7LayersDesign
aakashhemadri
aaronbassett
aaronbates
AaronEast
aaronhalford
abirghattas
abmai
adalisan
adamcavendish
Addvilz
adeelahmad84
adeelahmad84
adorabletechguy
AdrianDuan
adrianforsius
adriantse
adrienkohlbecker
Aerlinger
aesophor
afrigon
aguslr
ahmadassaf
aididjaafar
aixakt
ajitabhpandey
akifo
akozlins
al3xandru
albertobravi
Albumen
alcaeus
alcides
AlecRust
alexanderott
alexey-medvedchikov
alexferreira
alexisvincent
alexmwu
Alhadis
Alir3z4
alopatindev
alphabetum
alswl
amarhin
aminnaggar
Amorymeltzer
amosbird
amzyang
AndiH
andodevel
andredublin
andreineculau
AndreTheHunter
andrewjkerr
AndrewRussellHayes
andyskipper
angristan
anhdle14
anonymint
anthonyringoet
aosmialowski
apemost
apophis91
apoxa
appleboy
applesnort
Apsu
arichiardi
armandbancila
aroddy
artushin
asafch
asconix-old
asconix-old
askew-
asuahsahua
asunix
asyrjasalo
atton
atweiden
augustash
aureooms
aurer
axelav
azah
azahi
baineng
bamos
barrkel
BarryMode
bashhack
bayprogrammer
bbopen
bd808
bdellegrazie
bdone
bdossantos
BeatsMe
bellgr
Bengt
benoitboucart
BestCoderDotInfo
bestkao
beth21
bf4
bgrimes
bh
BigGillyStyle
BigGillyStyle
BigGillyStyle
bikochan
Bilalh
billmei
BiosTheoretikos
BiosTheoretikos
BiosTheoretikos
bitemyapp
bitwalker
bkachmarck
blakejakopovic
blast-hardcheese
blavoie
bluemaex
bnikkhoo
bobbertoriley
boennemann
bolstergroup
bongochong
borestad
borestad
bpf
bradleyhamm
brettinternet
brianchaan
bronzehedwick
BruceMaa
bryanlandia
burdzwastaken
bwalex
bwangila
bymathias
C4ptainCrunch
camalot
camdez
camelinc
camwes
captn3m0
cardoppler
CarlangasGO
CarlBeek
carlmorton
catesandrew
CesarDenis
chabou
chamini2
chaos-theory
chbrown
chdoerr
chenkaie
chenkaiyao
chenzhehuai
Chernfalin
chetan
chiawen
choffmann
chrisng
christianroman
christopher-b
cjkonopka
cjohnson496
clacrone-github
clement26695
Clivern
clouserw
cltest02
cltest02
cltest02
cmaohuang
cndreisbach
CodeSigils
codl
ColeTownsend
colinpetruno
colinwren
colona
compilenix
con-f-use
connanp
coord-e
couchbase
couchbase
cptavatar
craighurley
crin8e
cudgel
CuriousLearner
cwebbdesign
cylonbrain
cyphar
Czichy
czzarr
D1ceWard
d4rkr00t
Daenyth
daften
daichike
damjack
danarchysite
danarchysite
danieldop
danielporfirio
DanielVoogsgerd
danmichaelo
dansomething
dariobanfi
DarkDimius
datachomp
datsuns
davesayers2014
davidsingal
dawehner
dawidvdh
dbyio
decal
decal
denilsonsa
deniszanin
derksies
designgrill
devehe
devehe
Dewdrops
dexpl
dharmavagabond
DictumMortuum
dikiaap
dine
diracs-delta
divideby0
divisiondeariza
djamseed
dlip
dmyers
do0g
DominikChmiel
donaldaverill
Donearm
DonkeyPeanuts
doodwow
dotgc
dougjohnson
Dreamseer
drewlustro
driftcrow
dsager
dstrctrng
duboviy
dvdbng
dzannotti
e-picas
e-picas
eclifford
EdHurtig
edvul
egabancho
eggcaker
egraff
ehengao
eilders
elder
elderpiggies
elec3647
elexpander
elfmagic86
eli-schwartz
elocke
Eragos
erecarte
ericrochow
erictt
erikankrom
erikj
ernane
erosenberg
ethzero
euiko
EvanHahn
evturn
ewibowo
excentrik
extend1994
fabriceT
fbcotter
ferrarimarco
fletchto99
florianeckerstorfer
folfy
fooforge
francescobersani
frankfarro
fredabood
FredericJacobs
fretscha
frontdevde
frostdot
Fueled
fuGii
fumiyas
furgoose
Furze
fwenzel
gajimenezmaggiora
gallor
gbastkowski
geecoo
genert
genjusz
georgeyord
gerardo-orozco
GersonDias
ginfuru
glennabaron
gmancito
gmccue
gocom
Gr3yR0n1n
graste
greygore
Grokon
gslin
guaka
gufranco
GuilhermeBento
guneysus
gustavaum
gustavorps
guttertec
guttertec
gvangool
gxespino
h3xx
Hakory
hanakin
hansott
haomingz
haplo
happypeter
hardware
harryhoppel
harsh29
hassankhan
hatus
havenwood
hbradleyiii
heartshare
helbing
helderroem
henninghoyer
herder
hertzz
hexuotzo
hhy37
hieulq
hiqsol
hirokapi
hirthwork
hnagato
hoang-tranviet
holabene
hunkyguy
hxuanhung
hyeomans
hysts
i11
ianwinter
ianwremmel
icFukkun
idennydeng
idk
idk
iemejia
iF2007
ifdattic
ii
iiscsanjay
imbaya2466
indiejoseph
infofarmer
inhies
ion1
iot-alex
irickt
IsaacKhor
ishmalez
ismail
itelichko
iter-io
ithinkihaveacat
ivovk
j-hernandez
j0xaf
j1ichikawa
jabbalaci
jacks0n
Jackymancs4
jakerullman
jakoch
jalona
jamelcn
james-nmt
jamesprime
jamesprime
JamieMagee
janmoesen
janosgyerik
jaredwilli
JasonBristol
JasperV
jayenashar
jbnicolai
jcayzac
jchochli
jcottobboni
jcugno
jdinartejesus
jeff-french
jeffleeismyhero
jelmersnoeck
JeremyOttley
JeremyOttley
JeremyOttley
JeremyOttley
JeremyOttley
JeremyOttley
JeremyOttley
JeremyOttley
jerrydillon
jessecollier
jfmartin
jgissend10
jgogstad
jhedstrom
jhx0
jimjibone
jimmytty
jivoi
jmullan
jnettome
joeblau
JoeyBurzynski
joeyghb
jofrysutanto
JohnDDuncanIII
johnelliott
johnfmorton
johnko
johnmichel
johnstyle
johnwyles
jollyroger
jonalmeida
Jonas4420
jonathana
jondo2010
jonny-clark
Jonovono
jorvi
josephfusco
JoshuaACasey
joshwlewis
jozilla
jpablobr
jpederson
JPGrieb
jphuisman92
jpsirois
JREAM
jridgewell
jtferm
juanchaur
JugglerShu
julon
junaidShaikh
jundahzijone
junwei-wang
jurgen-kluft
justinbangerter
justinjwlee
jwlms
kandayo
kapmix
karan
karenetheridge
karenetheridge
karenetheridge
kaylani2
kbcaleb
kbcaleb
kd35a
kdeldycke
kdemidov
kdi
keepitcomplicated
keithieopia
kenkoii
kenorb
Kenty
kevinbache
kevineato
kevinlebrun
kevinpapst
kevinzu007
keyurgolani
kiltum
klaemo
kloper
km0r17a
knopki
KohPoll
kongzelun
kosh04
kott
krmbzds
kurone-kito
kuzin
kwilczynski
KyleBenson
l15k4
LabiKyo
lafent
lakenen
lalbornoz
lalbornoz
lamson
lanodan
larrybotha
lavoiesl
lavoiesl
LeonardoGentile
LeonardoGentile
lesstif
leventyalcin
levu42
lianghuiyuan
lingyv
linuxing3
linxun45
lispnik
livibetter
ljcl
lmickh
lnostdal
localgod
loggerhead
lotsofcode
LucasAntoniassi
LuisUrrutia
luizdamim
lukekarrys
lukelbd
lzutao
m2q1n9
madbuda
maginative
makadaw
makirby
mandicap
mandre
mantislin
manu-mannattil
maoxianfly
maquinas-libres
marcel-becker
marcinc
marcincuber
marcolarosa
marcoslhc
marcoslhc
marcus-downing
mariocesar
markgoodyear
MarkMoudy
markstachowski
markstachowski
marshnmedia
marslo
martinwheeler
MaryHal
MaskRay
maskwang
masood09
mathiasbynens
matiassingers
mattclements
mattdrose
matthewriley
matthewsimo
matthiase
mattstauffer
maulayyacyber
mavjs
maxboeck
mbijon
mcandre
mdengler
megadeezl
meneguite
meshkat632
meshkat632
meshkat632
meshkat632
meshkat632
mfukusim
mfx9
michaelx
michalchmura
midchildan
mikaelz
mike-zueff
mikew
mineral4x
mineral4x
mingster
mirfilip
miron
mistakia
mj
mjfaga
mjhuber
mjohnston89
mkmcc
mkoryak
mkoskar
mloskot
mlsimpson
mlvnt
mo-org
mo
MoAnsir
MoAnsir
mongris
moosotc
morazow
mosburn
mosleywm
mp3sii
mpapierski
mpdavis
mrcotter
MrQianJinSi
mtneug
mtojo
mtyeh411
Munter
mura
murrekatt
mutanthost
mvaude
Na0na0
nafigator
naggie
Nahra
NaokiOtsu
nazgu1
ndhockey25
neal1991
NemesisRE
neutraltone
NguyenTrungTin
nhoag
nickfairchild
nicksen
nicolasclaudon
nielse63
nilfalse
ninedotnine
ninnemana
Niteshvgupta
nitriques
nlopez
nmikhailov
nobitagamer
noktoborus
Nolski
noplanman
nuclearglow
nuclearglow
nvartolomei
nyrobert
observations
ocabafox
ofus
Okami-
okize
olly
olwalter
omersne
ooola
opengraphix
oprearocks
orangebook
ornoone
oschrenk
ost1978
pahen
paleite
Pance
pandaPowder
panicneo
paolodedios
papanikge
parsadastjerdi
pascalwhoop
paulb67
paulogaspar7
paultuckey
pavellishin
pbs929
pekepeke
penzur
penzur
pereng
perryazevedo
petarmihaylov
PeterTonoli
petrkle
pgmccann
ph-il
phdenzel
phette23
phette23
philcryer
philipbel
philippmuller
phillbaker
phmullins
phmullins
phmullins
phmullins
phuysmans
piervix
pinecat
pinecat
pinecat
pinterb
pippos44
pjan
pjuckiewicz
pksadiq
pktck
port80labs
porteta
ppizarro
ppwwyyxx
praveenjha527
praveenvvstgy
praveenvvstgy
prekowski
prosbloom225
protocol7
przemoc
pshomov
puckv
qbbr
quantumdark
r0man
r3dir3ct
racbart
radum
ragingsmurf
rahb3rt
rahuliyer95
raivivek
raivivek
ralish
ram4u
ranaparth
Rareloop
ratbeard
rawoul
rbo13
rcano-miambiente
realtingley
reaperes
rectacoda
recursivefunk
reedia
rejuvyesh
remy
reshadn
Resolution1
rexmac
rhoml
rhyskeepence
richielokay
RickyAbell
rileyjshaw
Rkallenkoot
rm-hull
rob2314
RobertAudi
robertzhouxh
robinrendle
robmoggach
rockwood
rodrigotassinari
rodrijuarez
rohin
rollbrettler
rootid
rootid
rootid23
roshammar
ross-p
rosswd
rpdelaney
rrajvanshi1947
rrankin-at-dfwworld-dot-org
rrobayna
rs-v
RuiPereira
Runskey
ruslan2k
russell-ball
rwstauner
ryakad
ryanfreeth
ryo7000
ryomtmt
ryuichi1208
sadafie
safematix
sakarias
sakuna63
salimane
sameerkhanna
SamFleming
sandertammesoo
SarahGrosche
saruba
sasaplus1
saylestyler
scaranoj
schmkr
ScreamingDev
scriada
sdelrio0
sdll
seamustuohy
sebma
sebma
sennychu
sergiogoro
serialbandicoot
seveas
shadowspawn
shaggyrogers
shantanusharma
sharad
shazi7804
Shazoo
sherault
shields
shkschneider
shubh09
sigsergv
silenvx
silverwind
silviulucian
simon-nystrom
simonschiele
simpleHacker
sinmx
sixteenbit
sjlk
skalidindi
skeptycal
skkzsh
Slamdunk
slashfoo
smathy
Smattr
smnuman
soerenmartius
sola-scriptura
sola-scriptura
sonicaaaaaa
souppower
spbrien
spen
spicycode
spitfire88
sraeburn
SrcAgile
srivasta
srn
sshaw
standthis
stefaniuk
stefankeidel
stephendeyoung
StevenBlack
stevenmaguire
stnly
stoph
sudhagarc
sup
supersheep
supriyo-biswas
svaksha
sylus
sylvesteraswin
symm
syntaqx
takaoyuya
takiyu
takiyu
talisych
tansengming
Tapppi
TaskSquirrel
tatsiak
tavobarrientos
tdeekens
termie
tgallacher
tgandor
th108
the-halfblood-prince
the9ball
TheBrendonBaugh
thedahm
thedig
thejase
TheKPLD
themand
themand
therealadaam
theskumar
thewtex
thibaudcolas
thibmaek
thisiscodingnow
thomastremlett
thomd
thrig
tiger-xzp
timgreen
timo-reymann
timothyubbens
timshadel
tinnet
tj
tjg1
tjsingleton
tjtrabue
tmtxt
tobinjt
tobyoxborrow
tolgaek
tomharrison
tomkooij
tomsturge
tonec
tonyfischetti
tOOnPT
topless
Torkan
toxicRooster
tpyang
troyp
troyxmccall
trvrb
tskulbru
Tsutsukakushi
tucksaun
tvieira
twalla
twome
tylermauthe
typosquats
uberspot
ucpr
udayaj
udryan10
unDeadHerbs
ungki
unicodeveloper
usk81
uu59
varemenos
vasiliy-lector
venyii
vhquang
vieko
vieko
vikke
VikramTiwari
villeristi
vilvadot
virenratan
vishaltelangre
viveksinha
vjosso
vladikoff
vlki
VonC
vyorkin-archive
wacha1221
wagnermarques
wagnermarques
walokra
wang-q
wangzewang
warlordofmars
warmlogic
Weavus
WebDevMichael
weirdtales
wenerme
wh5a
whatironyis
whiteinge
whuhacker
wileyj
williamcanin
wishi
wonmin82
wonmin82
wouterds
wprk
wschurman
wtlu
wuz
Xaleth
xalgorithm
xalgorithm
xavierdutreilh
xcompass
Xiechengqi
xprime480
xtanabe
xtian
xuru
youngshook
youngshook
yuhunglin
yuma15
yumaatt
Ywang153
yyamnk
zcesur
zeckendorf
Zenoe
zhengkai
ZhengxianLan
zhoujd
zhuzhengyang
zmsaunders
zmsaunders
zph
