https://github.com/FabriZZio/couchdb-zend-rest
https://github.com/JonKrone/EQJS
https://github.com/JorikVartanov/zf2
https://github.com/LeoSan/SendGastos
https://github.com/LogosCorp/-m-dec-s-
https://github.com/Macarse/trifiori
https://github.com/MrRio/magento
https://github.com/Olicek/zend
https://github.com/OpenMage/magento-mirror
https://github.com/PHPFrameworks/ZendFramework
https://github.com/QuantumFractal/Python-Twitter-Bots
https://github.com/Tolmark12/Eric-Kiel-Photo
https://github.com/UofT/CSCC01
https://github.com/Velrok/wg-organizer
https://github.com/Zerone/ImJob.org
https://github.com/ajoblaze/lalala
https://github.com/akeemphilbert/ifphp
https://github.com/alexvollmer/freedomrock
https://github.com/amptools-net/midori-php
https://github.com/ashish3x3/media-asset-management-system
https://github.com/avsm/xen-unstable
https://github.com/bjzhang/xen_arm
https://github.com/calchuchesta/pens-demo
https://github.com/chaunceyt/congressspacebook
https://github.com/chocobo17/oas3
https://github.com/chrc/ZendMVC
https://github.com/clearhealth/clearhealth
https://github.com/cloudfoundry/nodejs-buildpack
https://github.com/cmelbye/old-zf-yourwiki
https://github.com/cosmospham/project-1
https://github.com/csinitiative/qframe
https://github.com/danfrost/phaker
https://github.com/dator/watchmydesk
https://github.com/dayscript/colfuturo
https://github.com/diegopacheco/Diego-Pacheco-Sandbox
https://github.com/dunglas/piy
https://github.com/dxw/Learning-Revolution
https://github.com/fkocak2505/nodejsLab
https://github.com/flattop2000/zend-lib
https://github.com/flaviosdelima/ZendFramework
https://github.com/floss-bush/adsh
https://github.com/giorrrgio/cazzhub
https://github.com/guangmingwan/osstore
https://github.com/html/PI
https://github.com/hubgit/events
https://github.com/individual11/js-fun
https://github.com/interFace-dk/zf-lib
https://github.com/jara/jara-base
https://github.com/jara/zf-restful-app-demo
https://github.com/jbroadway/siteforge
https://github.com/jbroadway/sitellite
https://github.com/jefersonsv/foreach
https://github.com/jessicatsuji/Portfolio_v1
https://github.com/jessicatsuji/TSProjects
https://github.com/jon-acker/magento-ce-js-oo
https://github.com/jonathaningram/trueblueoutdoors
https://github.com/jooby-project/jooby
https://github.com/jorgenils/zend-framework
https://github.com/jverkoey/snaapilookup
https://github.com/kbrCode/zf_tutorial
https://github.com/kellancraddock/illustrated_portland
https://github.com/kellancraddock/messages
https://github.com/kellancraddock/portfolio
https://github.com/kellancraddock/project_manager
https://github.com/kellancraddock/zend_application
https://github.com/kotosha/sklepPHP
https://github.com/ladonenko/derosario
https://github.com/ludyamano/magento-pt_br
https://github.com/markkimsal/agent-ohm
https://github.com/matejudo/webhouse
https://github.com/matth/gov
https://github.com/meritt/zf
https://github.com/miamiruby/cakestuff
https://github.com/mparszewski/omniStore
https://github.com/nickyanq/mb-app-server
https://github.com/noon/phpMyBirthday
https://github.com/o2sources/nicknames
https://github.com/organicinternet/magento-design-training
https://github.com/ostric/e-learning
https://github.com/pi-engine/pi
https://github.com/protechhelp/gamamba
https://github.com/quad341/Framework-Comparison-Voting-App---ZF
https://github.com/raywenderlich/i10t
https://github.com/sathishdevan87/jewellery
https://github.com/shawnsnyk/bitbucket-cloud-stats
https://github.com/simonescu/mashupkeyword
https://github.com/sistemas10ATP/test
https://github.com/sitengine/sitengine
https://github.com/sontayninh/Zend2Test
https://github.com/stallion-developer/magento_code
https://github.com/stm555/tablegeeks
https://github.com/tilinhonh/mi
https://github.com/tjohns/zf
https://github.com/tscheckenbach/Staff-Booking
https://github.com/tudisco/twexter
https://github.com/valentinbora/joobsbox-php
https://github.com/w-v/greeter
https://github.com/webferoz/doctrineferoz
https://github.com/wherecamppdx/wherecamppdx-dokuwiki
https://github.com/xelber/magentou
https://github.com/xinghao/shs
https://github.com/ycs334/softlayer-api-portal
https://github.com/yuiti/Bshe
