https://github.com/lark-exploration/lark/blob/2a5f03bc99e506afc224c1bea651962c1cf456c4/tests/test_files/initialization_inference/move_other_field.lark
https://github.com/lark-exploration/lark/blob/38f2e4e1238bcb7386781c402682c0de3064ffcc/tests/test_files/perm_inference/own_indirect.lark
https://github.com/lark-exploration/lark/blob/38f2e4e1238bcb7386781c402682c0de3064ffcc/tests/test_files/struct.lark
https://github.com/lark-exploration/lark/blob/4a86515b0400fc0d74565b6b3639767fd1693d08/tests/test_files/initialization_inference/method_move.lark
https://github.com/lark-exploration/lark/blob/4a86515b0400fc0d74565b6b3639767fd1693d08/tests/test_files/struct_method.lark
https://github.com/lark-exploration/lark/blob/515ae1a569aa50714374e2e9923a8205d9276074/samples/challenge1.lark
https://github.com/lark-exploration/lark/blob/515ae1a569aa50714374e2e9923a8205d9276074/samples/functions.lark
https://github.com/lark-exploration/lark/blob/515ae1a569aa50714374e2e9923a8205d9276074/samples/stresstest.lark
https://github.com/lark-exploration/lark/blob/515ae1a569aa50714374e2e9923a8205d9276074/samples/strings.lark
https://github.com/lark-exploration/lark/blob/515ae1a569aa50714374e2e9923a8205d9276074/samples/structs.lark
https://github.com/lark-exploration/lark/blob/515ae1a569aa50714374e2e9923a8205d9276074/tests/test_files/string.lark
https://github.com/lark-exploration/lark/blob/6f0ecfe2287163bc9e078c0c6317c623ede830c8/tests/test_files/if_false.lark
https://github.com/lark-exploration/lark/blob/6f0ecfe2287163bc9e078c0c6317c623ede830c8/tests/test_files/if_true.lark
https://github.com/lark-exploration/lark/blob/8dd2db5bb3641fb74b6fccec8813fea7da7ec570/tests/test_files/binary_expressions_precedence.lark
https://github.com/lark-exploration/lark/blob/9053e2041aa01c179781e1f387f69bf7640872ab/components/lark-test/self_tests/no_error_no_mode.lark
https://github.com/lark-exploration/lark/blob/9053e2041aa01c179781e1f387f69bf7640872ab/tests/test_files/call.lark
https://github.com/lark-exploration/lark/blob/9053e2041aa01c179781e1f387f69bf7640872ab/tests/test_files/call_in_call.lark
https://github.com/lark-exploration/lark/blob/9053e2041aa01c179781e1f387f69bf7640872ab/tests/test_files/error_type_mismatch.lark
https://github.com/lark-exploration/lark/blob/9053e2041aa01c179781e1f387f69bf7640872ab/tests/test_files/multi_statement.lark
https://github.com/lark-exploration/lark/blob/9053e2041aa01c179781e1f387f69bf7640872ab/tests/test_files/struct_init.lark
https://github.com/lark-exploration/lark/blob/9053e2041aa01c179781e1f387f69bf7640872ab/tests/test_files/trailing_carriage_return.lark
https://github.com/lark-exploration/lark/blob/9053e2041aa01c179781e1f387f69bf7640872ab/tests/test_files/true.lark
https://github.com/lark-exploration/lark/blob/9053e2041aa01c179781e1f387f69bf7640872ab/tests/test_files/type_checker/bad_callee.lark
https://github.com/lark-exploration/lark/blob/9053e2041aa01c179781e1f387f69bf7640872ab/tests/test_files/type_checker/bad_identifier.lark
https://github.com/lark-exploration/lark/blob/a3b4cb0c189de554f959c8defb790a9873359e82/tests/test_files/assign_variable.lark
https://github.com/lark-exploration/lark/blob/a3b4cb0c189de554f959c8defb790a9873359e82/tests/test_files/initialization_inference/move_part_use_whole.lark
https://github.com/lark-exploration/lark/blob/a3b4cb0c189de554f959c8defb790a9873359e82/tests/test_files/initialization_inference/move_twice.lark
https://github.com/lark-exploration/lark/blob/a3b4cb0c189de554f959c8defb790a9873359e82/tests/test_files/initialization_inference/move_whole_use_part.lark
https://github.com/lark-exploration/lark/blob/cf741300e85d820954ae76423b86fc9bbe0d93d0/tests/test_files/initialization_inference/move_part_reassign_part.lark
https://github.com/lark-exploration/lark/blob/cf741300e85d820954ae76423b86fc9bbe0d93d0/tests/test_files/initialization_inference/move_part_reassign_whole.lark
https://github.com/lark-exploration/lark/blob/cf741300e85d820954ae76423b86fc9bbe0d93d0/tests/test_files/initialization_inference/move_reassign.lark
https://github.com/lark-exploration/lark/blob/cf741300e85d820954ae76423b86fc9bbe0d93d0/tests/test_files/initialization_inference/move_whole_transient_use_grandpart.lark
https://github.com/lark-exploration/lark/blob/cf741300e85d820954ae76423b86fc9bbe0d93d0/tests/test_files/initialization_inference/move_whole_transient_use_part.lark
https://github.com/lark-exploration/lark/blob/cf741300e85d820954ae76423b86fc9bbe0d93d0/tests/test_files/initialization_inference/never_init.lark
https://github.com/lark-exploration/lark/blob/f6c5dfcd95182b4e9a4bd0c135fa355dda6bba35/tests/test_files/add.lark
https://github.com/zwgirl/demo/abf721ce13279c645120f2aa8b9868c9394efc0d/BarkSite/blob/backup/BarTemplate.lark
https://github.com/zwgirl/demo/abf721ce13279c645120f2aa8b9868c9394efc0d/BarkSite/blob/backup/Big.lark
https://github.com/zwgirl/demo/abf721ce13279c645120f2aa8b9868c9394efc0d/BarkSite/blob/backup/Copy%20of%20Test.lark
https://github.com/zwgirl/demo/abf721ce13279c645120f2aa8b9868c9394efc0d/BarkSite/blob/backup/Demo.lark
https://github.com/zwgirl/demo/abf721ce13279c645120f2aa8b9868c9394efc0d/BarkSite/blob/backup/examples/helloWorld.lark
https://github.com/zwgirl/demo/abf721ce13279c645120f2aa8b9868c9394efc0d/BarkSite/blob/backup/examples/liveExamples.lark
https://github.com/zwgirl/demo/abf721ce13279c645120f2aa8b9868c9394efc0d/BarkSite/blob/backup/history.lark
https://github.com/zwgirl/demo/abf721ce13279c645120f2aa8b9868c9394efc0d/BarkSite/blob/backup/index.lark
https://github.com/zwgirl/demo/abf721ce13279c645120f2aa8b9868c9394efc0d/BarkSite/blob/backup/Manager.lark
https://github.com/zwgirl/demo/abf721ce13279c645120f2aa8b9868c9394efc0d/BarkSite/blob/backup/ManagerTableRow.lark
https://github.com/zwgirl/demo/abf721ce13279c645120f2aa8b9868c9394efc0d/BarkSite/blob/backup/MyTemplate.lark
https://github.com/zwgirl/demo/abf721ce13279c645120f2aa8b9868c9394efc0d/BarkSite/blob/backup/Person.lark
https://github.com/zwgirl/demo/abf721ce13279c645120f2aa8b9868c9394efc0d/BarkSite/blob/backup/TableRow.lark
https://github.com/zwgirl/demo/abf721ce13279c645120f2aa8b9868c9394efc0d/BarkSite/blob/backup/Test.lark
https://github.com/zwgirl/demo/abf721ce13279c645120f2aa8b9868c9394efc0d/BarkSite/blob/backup/Test1.lark
https://github.com/zwgirl/demo/abf721ce13279c645120f2aa8b9868c9394efc0d/BarkSite/blob/backup/TestScript.lark
https://github.com/zwgirl/demo/abf721ce13279c645120f2aa8b9868c9394efc0d/BarkSite/blob/lark-src/binding/BindingDemo.lark
https://github.com/zwgirl/demo/abf721ce13279c645120f2aa8b9868c9394efc0d/BarkSite/blob/lark-src/blob/upload.lark
https://github.com/zwgirl/demo/abf721ce13279c645120f2aa8b9868c9394efc0d/BarkSite/blob/lark-src/bootstrap/First.lark
https://github.com/zwgirl/demo/abf721ce13279c645120f2aa8b9868c9394efc0d/BarkSite/blob/lark-src/bootstrap/menu.lark
https://github.com/zwgirl/demo/abf721ce13279c645120f2aa8b9868c9394efc0d/BarkSite/blob/lark-src/canvas/CanvasDemo.lark
https://github.com/zwgirl/demo/abf721ce13279c645120f2aa8b9868c9394efc0d/BarkSite/blob/lark-src/clock/Clock.lark
https://github.com/zwgirl/demo/abf721ce13279c645120f2aa8b9868c9394efc0d/BarkSite/blob/lark-src/clock/ClockTemplate.lark
https://github.com/zwgirl/demo/abf721ce13279c645120f2aa8b9868c9394efc0d/BarkSite/blob/lark-src/clock/Main.lark
https://github.com/zwgirl/demo/abf721ce13279c645120f2aa8b9868c9394efc0d/BarkSite/blob/lark-src/collection/BlockPerson.lark
https://github.com/zwgirl/demo/abf721ce13279c645120f2aa8b9868c9394efc0d/BarkSite/blob/lark-src/collection/Manager.lark
https://github.com/zwgirl/demo/abf721ce13279c645120f2aa8b9868c9394efc0d/BarkSite/blob/lark-src/collection/ManagerTableRow.lark
https://github.com/zwgirl/demo/abf721ce13279c645120f2aa8b9868c9394efc0d/BarkSite/blob/lark-src/collection/ManagerTableRow1.lark
https://github.com/zwgirl/demo/abf721ce13279c645120f2aa8b9868c9394efc0d/BarkSite/blob/lark-src/collection/Person.lark
https://github.com/zwgirl/demo/abf721ce13279c645120f2aa8b9868c9394efc0d/BarkSite/blob/lark-src/collection/PersonDetail.lark
https://github.com/zwgirl/demo/abf721ce13279c645120f2aa8b9868c9394efc0d/BarkSite/blob/lark-src/collection/TableRow.lark
https://github.com/zwgirl/demo/abf721ce13279c645120f2aa8b9868c9394efc0d/BarkSite/blob/lark-src/collection/Test.lark
https://github.com/zwgirl/demo/abf721ce13279c645120f2aa8b9868c9394efc0d/BarkSite/blob/lark-src/collection/Test1.lark
https://github.com/zwgirl/demo/abf721ce13279c645120f2aa8b9868c9394efc0d/BarkSite/blob/lark-src/collection/Test11.lark
https://github.com/zwgirl/demo/abf721ce13279c645120f2aa8b9868c9394efc0d/BarkSite/blob/lark-src/collection/Test2.lark
https://github.com/zwgirl/demo/abf721ce13279c645120f2aa8b9868c9394efc0d/BarkSite/blob/lark-src/collection/XAxis.lark
https://github.com/zwgirl/demo/abf721ce13279c645120f2aa8b9868c9394efc0d/BarkSite/blob/lark-src/collection/YAxis.lark
https://github.com/zwgirl/demo/abf721ce13279c645120f2aa8b9868c9394efc0d/BarkSite/blob/lark-src/form/FormDemo.lark
https://github.com/zwgirl/demo/abf721ce13279c645120f2aa8b9868c9394efc0d/BarkSite/blob/lark-src/form/Person.lark
https://github.com/zwgirl/demo/abf721ce13279c645120f2aa8b9868c9394efc0d/BarkSite/blob/lark-src/form/PersonService.lark
https://github.com/zwgirl/demo/abf721ce13279c645120f2aa8b9868c9394efc0d/BarkSite/blob/lark-src/master/DetailPage.lark
https://github.com/zwgirl/demo/abf721ce13279c645120f2aa8b9868c9394efc0d/BarkSite/blob/lark-src/master/PersonService.lark
https://github.com/zwgirl/demo/abf721ce13279c645120f2aa8b9868c9394efc0d/BarkSite/blob/lark-src/menu/FF.lark
https://github.com/zwgirl/demo/abf721ce13279c645120f2aa8b9868c9394efc0d/BarkSite/blob/lark-src/menu/Menu.lark
https://github.com/zwgirl/demo/abf721ce13279c645120f2aa8b9868c9394efc0d/BarkSite/blob/lark-src/mobile/JqueryMobile.lark
https://github.com/zwgirl/demo/abf721ce13279c645120f2aa8b9868c9394efc0d/BarkSite/blob/lark-src/mobile/JqueryMobile1.lark
https://github.com/zwgirl/demo/abf721ce13279c645120f2aa8b9868c9394efc0d/BarkSite/blob/lark-src/remoting/Person.lark
https://github.com/zwgirl/demo/abf721ce13279c645120f2aa8b9868c9394efc0d/BarkSite/blob/lark-src/remoting/PersonService.lark
https://github.com/zwgirl/demo/abf721ce13279c645120f2aa8b9868c9394efc0d/BarkSite/blob/lark-src/remoting/RemotingDemo.lark
https://github.com/zwgirl/demo/abf721ce13279c645120f2aa8b9868c9394efc0d/BarkSite/blob/lark-src/summary/Hello.lark
https://github.com/zwgirl/demo/abf721ce13279c645120f2aa8b9868c9394efc0d/BarkSite/blob/lark-src/summary/SaleDetailPage.lark
https://github.com/zwgirl/demo/abf721ce13279c645120f2aa8b9868c9394efc0d/BarkSite/blob/lark-src/tabs/Poem.lark
https://github.com/zwgirl/demo/abf721ce13279c645120f2aa8b9868c9394efc0d/BarkSite/blob/lark-src/tabs/TabItemContent.lark
https://github.com/zwgirl/demo/abf721ce13279c645120f2aa8b9868c9394efc0d/BarkSite/blob/lark-src/tabs/TabItemHeader.lark
https://github.com/zwgirl/demo/abf721ce13279c645120f2aa8b9868c9394efc0d/BarkSite/blob/lark-src/tabs/TabPage.lark
https://github.com/zwgirl/demo/abf721ce13279c645120f2aa8b9868c9394efc0d/BarkSite/blob/lark-src/tabs/TabsDemo.lark
https://github.com/zwgirl/demo/abf721ce13279c645120f2aa8b9868c9394efc0d/BarkSite/blob/lark-src/tabs2/DD.lark
https://github.com/zwgirl/demo/abf721ce13279c645120f2aa8b9868c9394efc0d/BarkSite/blob/lark-src/tabs2/FF.lark
https://github.com/zwgirl/demo/abf721ce13279c645120f2aa8b9868c9394efc0d/BarkSite/blob/lark-src/tabs2/TabsDemo.lark
https://github.com/zwgirl/demo/abf721ce13279c645120f2aa8b9868c9394efc0d/BarkSite/blob/lark-src/test/FireFox.lark
https://github.com/zwgirl/demo/abf721ce13279c645120f2aa8b9868c9394efc0d/BarkSite/blob/lark-src/test/SomeTemplate.lark
https://github.com/zwgirl/demo/abf721ce13279c645120f2aa8b9868c9394efc0d/BarkSite/blob/lark-src/test/Test.lark
https://github.com/zwgirl/demo/abf721ce13279c645120f2aa8b9868c9394efc0d/LarkDemo/blob/lark-src/big/BigTable.lark
https://github.com/zwgirl/demo/abf721ce13279c645120f2aa8b9868c9394efc0d/LarkDemo/blob/lark-src/canvas/CanvasDemo.lark
https://github.com/zwgirl/demo/abf721ce13279c645120f2aa8b9868c9394efc0d/LarkDemo/blob/lark-src/canvas/index.lark
https://github.com/zwgirl/demo/abf721ce13279c645120f2aa8b9868c9394efc0d/LarkDemo/blob/lark-src/canvas/index2.lark
https://github.com/zwgirl/demo/abf721ce13279c645120f2aa8b9868c9394efc0d/LarkDemo/blob/lark-src/demo/BindingDemo.lark
https://github.com/zwgirl/demo/abf721ce13279c645120f2aa8b9868c9394efc0d/LarkDemo/blob/lark-src/demo/CardList.lark
https://github.com/zwgirl/demo/abf721ce13279c645120f2aa8b9868c9394efc0d/LarkDemo/blob/lark-src/demo/Clock.lark
https://github.com/zwgirl/demo/abf721ce13279c645120f2aa8b9868c9394efc0d/LarkDemo/blob/lark-src/demo/DragDropDemo.lark
https://github.com/zwgirl/demo/abf721ce13279c645120f2aa8b9868c9394efc0d/LarkDemo/blob/lark-src/demo/EventDemo.lark
https://github.com/zwgirl/demo/abf721ce13279c645120f2aa8b9868c9394efc0d/LarkDemo/blob/lark-src/demo/HelloWorld.lark
https://github.com/zwgirl/demo/abf721ce13279c645120f2aa8b9868c9394efc0d/LarkDemo/blob/lark-src/demo/HomePage.lark
https://github.com/zwgirl/demo/abf721ce13279c645120f2aa8b9868c9394efc0d/LarkDemo/blob/lark-src/demo/Select.lark
https://github.com/zwgirl/demo/abf721ce13279c645120f2aa8b9868c9394efc0d/LarkDemo/blob/lark-src/demo/StackCard.lark
https://github.com/zwgirl/demo/abf721ce13279c645120f2aa8b9868c9394efc0d/LarkDemo/blob/lark-src/demo/TTT.lark
https://github.com/zwgirl/demo/abf721ce13279c645120f2aa8b9868c9394efc0d/LarkDemo/blob/lark-src/drag/DragDemo.lark
https://github.com/zwgirl/demo/abf721ce13279c645120f2aa8b9868c9394efc0d/LarkDemo/blob/lark-src/form/FormDemo.lark
https://github.com/zwgirl/demo/abf721ce13279c645120f2aa8b9868c9394efc0d/LarkDemo/blob/lark-src/remoting/Person.lark
https://github.com/zwgirl/demo/abf721ce13279c645120f2aa8b9868c9394efc0d/LarkDemo/blob/lark-src/remoting/PersonService.lark
https://github.com/zwgirl/demo/abf721ce13279c645120f2aa8b9868c9394efc0d/LarkDemo/blob/lark-src/remoting/RemotingDemo.lark
https://github.com/zwgirl/demo/abf721ce13279c645120f2aa8b9868c9394efc0d/LarkDemo/blob/lark-src/remoting2/Person.lark
https://github.com/zwgirl/demo/abf721ce13279c645120f2aa8b9868c9394efc0d/LarkDemo/blob/lark-src/remoting2/PersonService.lark
https://github.com/zwgirl/demo/abf721ce13279c645120f2aa8b9868c9394efc0d/LarkDemo/blob/lark-src/remoting2/RemotingDemo.lark
https://github.com/zwgirl/demo/abf721ce13279c645120f2aa8b9868c9394efc0d/LarkDemo/blob/lark-src/table/TableDemo.lark
https://github.com/zwgirl/demo/abf721ce13279c645120f2aa8b9868c9394efc0d/LarkDemo/blob/lark-src/table/TableRow.lark
https://github.com/zwgirl/demo/abf721ce13279c645120f2aa8b9868c9394efc0d/LarkDemo/blob/lark-src/tabs/TabItemContent.lark
https://github.com/zwgirl/demo/abf721ce13279c645120f2aa8b9868c9394efc0d/LarkDemo/blob/lark-src/tabs/TabItemHeader.lark
https://github.com/zwgirl/demo/abf721ce13279c645120f2aa8b9868c9394efc0d/LarkDemo/blob/lark-src/tabs/TabsDemo.lark
https://github.com/zwgirl/demo/abf721ce13279c645120f2aa8b9868c9394efc0d/LarkDemo/blob/lark-src/test1/Hello.lark
https://github.com/zwgirl/demo/abf721ce13279c645120f2aa8b9868c9394efc0d/LarkDemo/blob/lark-src/tree/ChildTemplate.lark
https://github.com/zwgirl/demo/abf721ce13279c645120f2aa8b9868c9394efc0d/LarkDemo/blob/lark-src/tree/FirstTemplate.lark
https://github.com/zwgirl/demo/abf721ce13279c645120f2aa8b9868c9394efc0d/LarkDemo/blob/lark-src/tree/Person.lark
https://github.com/zwgirl/demo/abf721ce13279c645120f2aa8b9868c9394efc0d/LarkDemo/blob/lark-src/tree/SelectTemplate.lark
https://github.com/zwgirl/demo/abf721ce13279c645120f2aa8b9868c9394efc0d/LarkDemo/blob/lark-src/tree/SelectTemplate1.lark
https://github.com/zwgirl/demo/abf721ce13279c645120f2aa8b9868c9394efc0d/LarkDemo/blob/lark-src/tree/TreeDemo.lark
https://github.com/zwgirl/demo/abf721ce13279c645120f2aa8b9868c9394efc0d/LarkSiteSourceCode/blob/src/HelloWorld.lark
https://github.com/zwgirl/demo/abf721ce13279c645120f2aa8b9868c9394efc0d/SS/blob/src/demo/BindingDemo.lark
https://github.com/zwgirl/demo/abf721ce13279c645120f2aa8b9868c9394efc0d/SS/blob/src/demo/CardList.lark
https://github.com/zwgirl/demo/abf721ce13279c645120f2aa8b9868c9394efc0d/SS/blob/src/demo/Clock.lark
https://github.com/zwgirl/demo/abf721ce13279c645120f2aa8b9868c9394efc0d/SS/blob/src/demo/DragDropDemo.lark
https://github.com/zwgirl/demo/abf721ce13279c645120f2aa8b9868c9394efc0d/SS/blob/src/demo/EventDemo.lark
https://github.com/zwgirl/demo/abf721ce13279c645120f2aa8b9868c9394efc0d/SS/blob/src/demo/HomePage.lark
https://github.com/zwgirl/demo/abf721ce13279c645120f2aa8b9868c9394efc0d/SS/blob/src/demo/Select.lark
https://github.com/zwgirl/demo/abf721ce13279c645120f2aa8b9868c9394efc0d/SS/blob/src/demo/StackCard.lark
https://github.com/zwgirl/demo/abf721ce13279c645120f2aa8b9868c9394efc0d/SS/blob/src/demo/TTT.lark
https://github.com/zwgirl/demo/abf721ce13279c645120f2aa8b9868c9394efc0d/SS/blob/src/remoting/Person.lark
https://github.com/zwgirl/demo/abf721ce13279c645120f2aa8b9868c9394efc0d/SS/blob/src/remoting/PersonService.lark
https://github.com/zwgirl/demo/abf721ce13279c645120f2aa8b9868c9394efc0d/SS/blob/src/remoting/RemotingDemo.lark
https://github.com/zwgirl/demo/abf721ce13279c645120f2aa8b9868c9394efc0d/SS/blob/src/table/TableDemo.lark
https://github.com/zwgirl/demo/abf721ce13279c645120f2aa8b9868c9394efc0d/SS/blob/src/table/TableRow.lark
https://github.com/zwgirl/demo/abf721ce13279c645120f2aa8b9868c9394efc0d/SS/blob/src/tabs/TabItemContent.lark
https://github.com/zwgirl/demo/abf721ce13279c645120f2aa8b9868c9394efc0d/SS/blob/src/tabs/TabItemHeader.lark
https://github.com/zwgirl/demo/abf721ce13279c645120f2aa8b9868c9394efc0d/SS/blob/src/tabs/TabsDemo.lark
https://github.com/zwgirl/demo/abf721ce13279c645120f2aa8b9868c9394efc0d/SS/blob/src/test1/Hello.lark
https://github.com/zwgirl/summer-develop-kit/blob/0161786a72528c5430ca662f63ff55b2407034d0/summer-develop-kit/backup/FF1.lark
https://github.com/zwgirl/summer-develop-kit/blob/0161786a72528c5430ca662f63ff55b2407034d0/summer-develop-kit/backup/jd.lark
https://github.com/zwgirl/summer-develop-kit/blob/0161786a72528c5430ca662f63ff55b2407034d0/summer-develop-kit/backup/Test1.lark
https://github.com/zwgirl/summer-develop-kit/blob/0161786a72528c5430ca662f63ff55b2407034d0/summer-develop-kit/backup/Test2.lark
https://github.com/zwgirl/summer-develop-kit/blob/0161786a72528c5430ca662f63ff55b2407034d0/summer-develop-kit/backup/Test3.lark
https://github.com/zwgirl/summer-develop-kit/blob/0161786a72528c5430ca662f63ff55b2407034d0/summer-develop-kit/src/AA.lark
https://github.com/zwgirl/summer-develop-kit/blob/0161786a72528c5430ca662f63ff55b2407034d0/summer-develop-kit/src/ChildTemplate.lark
https://github.com/zwgirl/summer-develop-kit/blob/0161786a72528c5430ca662f63ff55b2407034d0/summer-develop-kit/src/Clock.lark
https://github.com/zwgirl/summer-develop-kit/blob/0161786a72528c5430ca662f63ff55b2407034d0/summer-develop-kit/src/dd/Test4.lark
https://github.com/zwgirl/summer-develop-kit/blob/0161786a72528c5430ca662f63ff55b2407034d0/summer-develop-kit/src/DD1.lark
https://github.com/zwgirl/summer-develop-kit/blob/0161786a72528c5430ca662f63ff55b2407034d0/summer-develop-kit/src/demo/BindingDemo.lark
https://github.com/zwgirl/summer-develop-kit/blob/0161786a72528c5430ca662f63ff55b2407034d0/summer-develop-kit/src/demo/CardList.lark
https://github.com/zwgirl/summer-develop-kit/blob/0161786a72528c5430ca662f63ff55b2407034d0/summer-develop-kit/src/demo/Clock.lark
https://github.com/zwgirl/summer-develop-kit/blob/0161786a72528c5430ca662f63ff55b2407034d0/summer-develop-kit/src/demo/DragDropDemo.lark
https://github.com/zwgirl/summer-develop-kit/blob/0161786a72528c5430ca662f63ff55b2407034d0/summer-develop-kit/src/demo/EventDemo.lark
https://github.com/zwgirl/summer-develop-kit/blob/0161786a72528c5430ca662f63ff55b2407034d0/summer-develop-kit/src/demo/HomePage.lark
https://github.com/zwgirl/summer-develop-kit/blob/0161786a72528c5430ca662f63ff55b2407034d0/summer-develop-kit/src/demo/Select.lark
https://github.com/zwgirl/summer-develop-kit/blob/0161786a72528c5430ca662f63ff55b2407034d0/summer-develop-kit/src/demo/StackCard.lark
https://github.com/zwgirl/summer-develop-kit/blob/0161786a72528c5430ca662f63ff55b2407034d0/summer-develop-kit/src/demo/TTT.lark
https://github.com/zwgirl/summer-develop-kit/blob/0161786a72528c5430ca662f63ff55b2407034d0/summer-develop-kit/src/FF.lark
https://github.com/zwgirl/summer-develop-kit/blob/0161786a72528c5430ca662f63ff55b2407034d0/summer-develop-kit/src/FF1.lark
https://github.com/zwgirl/summer-develop-kit/blob/0161786a72528c5430ca662f63ff55b2407034d0/summer-develop-kit/src/FirstTemplate.lark
https://github.com/zwgirl/summer-develop-kit/blob/0161786a72528c5430ca662f63ff55b2407034d0/summer-develop-kit/src/java/lang/annotation/Annotation.lark
https://github.com/zwgirl/summer-develop-kit/blob/0161786a72528c5430ca662f63ff55b2407034d0/summer-develop-kit/src/java/lang/annotation/AnnotationFormatError.lark
https://github.com/zwgirl/summer-develop-kit/blob/0161786a72528c5430ca662f63ff55b2407034d0/summer-develop-kit/src/java/lang/annotation/AnnotationTypeMismatchException.lark
https://github.com/zwgirl/summer-develop-kit/blob/0161786a72528c5430ca662f63ff55b2407034d0/summer-develop-kit/src/java/lang/annotation/Documented.lark
https://github.com/zwgirl/summer-develop-kit/blob/0161786a72528c5430ca662f63ff55b2407034d0/summer-develop-kit/src/java/lang/annotation/ElementType.lark
https://github.com/zwgirl/summer-develop-kit/blob/0161786a72528c5430ca662f63ff55b2407034d0/summer-develop-kit/src/java/lang/annotation/IncompleteAnnotationException.lark
https://github.com/zwgirl/summer-develop-kit/blob/0161786a72528c5430ca662f63ff55b2407034d0/summer-develop-kit/src/java/lang/annotation/Inherited.lark
https://github.com/zwgirl/summer-develop-kit/blob/0161786a72528c5430ca662f63ff55b2407034d0/summer-develop-kit/src/java/lang/annotation/Native.lark
https://github.com/zwgirl/summer-develop-kit/blob/0161786a72528c5430ca662f63ff55b2407034d0/summer-develop-kit/src/java/lang/annotation/Repeatable.lark
https://github.com/zwgirl/summer-develop-kit/blob/0161786a72528c5430ca662f63ff55b2407034d0/summer-develop-kit/src/java/lang/annotation/Request.lark
https://github.com/zwgirl/summer-develop-kit/blob/0161786a72528c5430ca662f63ff55b2407034d0/summer-develop-kit/src/java/lang/annotation/Requests.lark
https://github.com/zwgirl/summer-develop-kit/blob/0161786a72528c5430ca662f63ff55b2407034d0/summer-develop-kit/src/java/lang/annotation/Retention.lark
https://github.com/zwgirl/summer-develop-kit/blob/0161786a72528c5430ca662f63ff55b2407034d0/summer-develop-kit/src/java/lang/annotation/RetentionPolicy.lark
https://github.com/zwgirl/summer-develop-kit/blob/0161786a72528c5430ca662f63ff55b2407034d0/summer-develop-kit/src/java/lang/annotation/Target.lark
https://github.com/zwgirl/summer-develop-kit/blob/0161786a72528c5430ca662f63ff55b2407034d0/summer-develop-kit/src/java/lang/beans.lark
https://github.com/zwgirl/summer-develop-kit/blob/0161786a72528c5430ca662f63ff55b2407034d0/summer-develop-kit/src/java/lang/bindings.lark
https://github.com/zwgirl/summer-develop-kit/blob/0161786a72528c5430ca662f63ff55b2407034d0/summer-develop-kit/src/java/lang/buildins.lark
https://github.com/zwgirl/summer-develop-kit/blob/0161786a72528c5430ca662f63ff55b2407034d0/summer-develop-kit/src/java/lang/FunctionalInterface.lark
https://github.com/zwgirl/summer-develop-kit/blob/0161786a72528c5430ca662f63ff55b2407034d0/summer-develop-kit/src/java/lang/Module.lark
https://github.com/zwgirl/summer-develop-kit/blob/0161786a72528c5430ca662f63ff55b2407034d0/summer-develop-kit/src/java/lang/Overload.lark
https://github.com/zwgirl/summer-develop-kit/blob/0161786a72528c5430ca662f63ff55b2407034d0/summer-develop-kit/src/java/lang/Override.lark
https://github.com/zwgirl/summer-develop-kit/blob/0161786a72528c5430ca662f63ff55b2407034d0/summer-develop-kit/src/java/lang/RemotingBean.lark
https://github.com/zwgirl/summer-develop-kit/blob/0161786a72528c5430ca662f63ff55b2407034d0/summer-develop-kit/src/java/lang/RemotingService.lark
https://github.com/zwgirl/summer-develop-kit/blob/0161786a72528c5430ca662f63ff55b2407034d0/summer-develop-kit/src/java/lang/RemotingServiceFactory.lark
https://github.com/zwgirl/summer-develop-kit/blob/0161786a72528c5430ca662f63ff55b2407034d0/summer-develop-kit/src/java/lang/SafeVarargs.lark
https://github.com/zwgirl/summer-develop-kit/blob/0161786a72528c5430ca662f63ff55b2407034d0/summer-develop-kit/src/java/lang/SuppressWarnings.lark
https://github.com/zwgirl/summer-develop-kit/blob/0161786a72528c5430ca662f63ff55b2407034d0/summer-develop-kit/src/java/lang/TypedArray.lark
https://github.com/zwgirl/summer-develop-kit/blob/0161786a72528c5430ca662f63ff55b2407034d0/summer-develop-kit/src/java/lang/Window.lark
https://github.com/zwgirl/summer-develop-kit/blob/0161786a72528c5430ca662f63ff55b2407034d0/summer-develop-kit/src/java/sq/sql.lark
https://github.com/zwgirl/summer-develop-kit/blob/0161786a72528c5430ca662f63ff55b2407034d0/summer-develop-kit/src/java/util/AbstractCollection.lark
https://github.com/zwgirl/summer-develop-kit/blob/0161786a72528c5430ca662f63ff55b2407034d0/summer-develop-kit/src/java/util/AbstractList.lark
https://github.com/zwgirl/summer-develop-kit/blob/0161786a72528c5430ca662f63ff55b2407034d0/summer-develop-kit/src/java/util/AbstractMap.lark
https://github.com/zwgirl/summer-develop-kit/blob/0161786a72528c5430ca662f63ff55b2407034d0/summer-develop-kit/src/java/util/AbstractQueue.lark
https://github.com/zwgirl/summer-develop-kit/blob/0161786a72528c5430ca662f63ff55b2407034d0/summer-develop-kit/src/java/util/AbstractSequentialList.lark
https://github.com/zwgirl/summer-develop-kit/blob/0161786a72528c5430ca662f63ff55b2407034d0/summer-develop-kit/src/java/util/AbstractSet.lark
https://github.com/zwgirl/summer-develop-kit/blob/0161786a72528c5430ca662f63ff55b2407034d0/summer-develop-kit/src/java/util/ArrayList.lark
https://github.com/zwgirl/summer-develop-kit/blob/0161786a72528c5430ca662f63ff55b2407034d0/summer-develop-kit/src/java/util/Arrays.lark
https://github.com/zwgirl/summer-develop-kit/blob/0161786a72528c5430ca662f63ff55b2407034d0/summer-develop-kit/src/java/util/BitSet.lark
https://github.com/zwgirl/summer-develop-kit/blob/0161786a72528c5430ca662f63ff55b2407034d0/summer-develop-kit/src/java/util/Collection.lark
https://github.com/zwgirl/summer-develop-kit/blob/0161786a72528c5430ca662f63ff55b2407034d0/summer-develop-kit/src/java/util/Date.lark
https://github.com/zwgirl/summer-develop-kit/blob/0161786a72528c5430ca662f63ff55b2407034d0/summer-develop-kit/src/java/util/Deque.lark
https://github.com/zwgirl/summer-develop-kit/blob/0161786a72528c5430ca662f63ff55b2407034d0/summer-develop-kit/src/java/util/HashMap.lark
https://github.com/zwgirl/summer-develop-kit/blob/0161786a72528c5430ca662f63ff55b2407034d0/summer-develop-kit/src/java/util/HashSet.lark
https://github.com/zwgirl/summer-develop-kit/blob/0161786a72528c5430ca662f63ff55b2407034d0/summer-develop-kit/src/java/util/Iterator.lark
https://github.com/zwgirl/summer-develop-kit/blob/0161786a72528c5430ca662f63ff55b2407034d0/summer-develop-kit/src/java/util/LinkedHashMap.lark
https://github.com/zwgirl/summer-develop-kit/blob/0161786a72528c5430ca662f63ff55b2407034d0/summer-develop-kit/src/java/util/LinkedList.lark
https://github.com/zwgirl/summer-develop-kit/blob/0161786a72528c5430ca662f63ff55b2407034d0/summer-develop-kit/src/java/util/List.lark
https://github.com/zwgirl/summer-develop-kit/blob/0161786a72528c5430ca662f63ff55b2407034d0/summer-develop-kit/src/java/util/ListIterator.lark
https://github.com/zwgirl/summer-develop-kit/blob/0161786a72528c5430ca662f63ff55b2407034d0/summer-develop-kit/src/java/util/Map.lark
https://github.com/zwgirl/summer-develop-kit/blob/0161786a72528c5430ca662f63ff55b2407034d0/summer-develop-kit/src/java/util/NoSuchElementException.lark
https://github.com/zwgirl/summer-develop-kit/blob/0161786a72528c5430ca662f63ff55b2407034d0/summer-develop-kit/src/java/util/Objects.lark
https://github.com/zwgirl/summer-develop-kit/blob/0161786a72528c5430ca662f63ff55b2407034d0/summer-develop-kit/src/java/util/ObservableCollection.lark
https://github.com/zwgirl/summer-develop-kit/blob/0161786a72528c5430ca662f63ff55b2407034d0/summer-develop-kit/src/java/util/Queue.lark
https://github.com/zwgirl/summer-develop-kit/blob/0161786a72528c5430ca662f63ff55b2407034d0/summer-develop-kit/src/java/util/Set.lark
https://github.com/zwgirl/summer-develop-kit/blob/0161786a72528c5430ca662f63ff55b2407034d0/summer-develop-kit/src/jd.lark
https://github.com/zwgirl/summer-develop-kit/blob/0161786a72528c5430ca662f63ff55b2407034d0/summer-develop-kit/src/org/bark/PersonBean.lark
https://github.com/zwgirl/summer-develop-kit/blob/0161786a72528c5430ca662f63ff55b2407034d0/summer-develop-kit/src/org/bark/RegisterService.lark
https://github.com/zwgirl/summer-develop-kit/blob/0161786a72528c5430ca662f63ff55b2407034d0/summer-develop-kit/src/org/bark/remoting/RemotingModel.lark
https://github.com/zwgirl/summer-develop-kit/blob/0161786a72528c5430ca662f63ff55b2407034d0/summer-develop-kit/src/org/bark/test/DD.lark
https://github.com/zwgirl/summer-develop-kit/blob/0161786a72528c5430ca662f63ff55b2407034d0/summer-develop-kit/src/org/bark/test/FirstService.lark
https://github.com/zwgirl/summer-develop-kit/blob/0161786a72528c5430ca662f63ff55b2407034d0/summer-develop-kit/src/org/bark/test/Result.lark
https://github.com/zwgirl/summer-develop-kit/blob/0161786a72528c5430ca662f63ff55b2407034d0/summer-develop-kit/src/org/w3c/canvas/canvas.lark
https://github.com/zwgirl/summer-develop-kit/blob/0161786a72528c5430ca662f63ff55b2407034d0/summer-develop-kit/src/org/w3c/css/StyleSheet.lark
https://github.com/zwgirl/summer-develop-kit/blob/0161786a72528c5430ca662f63ff55b2407034d0/summer-develop-kit/src/org/w3c/dom/css/css.lark
https://github.com/zwgirl/summer-develop-kit/blob/0161786a72528c5430ca662f63ff55b2407034d0/summer-develop-kit/src/org/w3c/dom/dom.lark
https://github.com/zwgirl/summer-develop-kit/blob/0161786a72528c5430ca662f63ff55b2407034d0/summer-develop-kit/src/org/w3c/event/event.lark
https://github.com/zwgirl/summer-develop-kit/blob/0161786a72528c5430ca662f63ff55b2407034d0/summer-develop-kit/src/org/w3c/file/FileAPI.lark
https://github.com/zwgirl/summer-develop-kit/blob/0161786a72528c5430ca662f63ff55b2407034d0/summer-develop-kit/src/org/w3c/html/html5.lark
https://github.com/zwgirl/summer-develop-kit/blob/0161786a72528c5430ca662f63ff55b2407034d0/summer-develop-kit/src/org/w3c/range/Range.lark
https://github.com/zwgirl/summer-develop-kit/blob/0161786a72528c5430ca662f63ff55b2407034d0/summer-develop-kit/src/org/w3c/svg/svg.lark
https://github.com/zwgirl/summer-develop-kit/blob/0161786a72528c5430ca662f63ff55b2407034d0/summer-develop-kit/src/org/w3c/views/views.lark
https://github.com/zwgirl/summer-develop-kit/blob/0161786a72528c5430ca662f63ff55b2407034d0/summer-develop-kit/src/org/w3c/webmessaging/webmessaging.lark
https://github.com/zwgirl/summer-develop-kit/blob/0161786a72528c5430ca662f63ff55b2407034d0/summer-develop-kit/src/org/w3c/x.lark
https://github.com/zwgirl/summer-develop-kit/blob/0161786a72528c5430ca662f63ff55b2407034d0/summer-develop-kit/src/Person.lark
https://github.com/zwgirl/summer-develop-kit/blob/0161786a72528c5430ca662f63ff55b2407034d0/summer-develop-kit/src/remoting/Person.lark
https://github.com/zwgirl/summer-develop-kit/blob/0161786a72528c5430ca662f63ff55b2407034d0/summer-develop-kit/src/remoting/PersonService.lark
https://github.com/zwgirl/summer-develop-kit/blob/0161786a72528c5430ca662f63ff55b2407034d0/summer-develop-kit/src/remoting/RemotingDemo.lark
https://github.com/zwgirl/summer-develop-kit/blob/0161786a72528c5430ca662f63ff55b2407034d0/summer-develop-kit/src/SelectTemplate.lark
https://github.com/zwgirl/summer-develop-kit/blob/0161786a72528c5430ca662f63ff55b2407034d0/summer-develop-kit/src/SelectTemplate1.lark
https://github.com/zwgirl/summer-develop-kit/blob/0161786a72528c5430ca662f63ff55b2407034d0/summer-develop-kit/src/table/TableDemo.lark
https://github.com/zwgirl/summer-develop-kit/blob/0161786a72528c5430ca662f63ff55b2407034d0/summer-develop-kit/src/table/TableRow.lark
https://github.com/zwgirl/summer-develop-kit/blob/0161786a72528c5430ca662f63ff55b2407034d0/summer-develop-kit/src/tabs/TabItemContent.lark
https://github.com/zwgirl/summer-develop-kit/blob/0161786a72528c5430ca662f63ff55b2407034d0/summer-develop-kit/src/tabs/TabItemHeader.lark
https://github.com/zwgirl/summer-develop-kit/blob/0161786a72528c5430ca662f63ff55b2407034d0/summer-develop-kit/src/tabs/TabsDemo.lark
https://github.com/zwgirl/summer-develop-kit/blob/0161786a72528c5430ca662f63ff55b2407034d0/summer-develop-kit/src/Test.lark
https://github.com/zwgirl/summer-develop-kit/blob/0161786a72528c5430ca662f63ff55b2407034d0/summer-develop-kit/src/TT.lark
https://github.com/zwgirl/summer-develop-kit/blob/0161786a72528c5430ca662f63ff55b2407034d0/summer-develop-kit/src/W3c.lark
