https://raw.githubusercontent.com/0nkery/tt-tutorials/26825e69640c3da708b39f6f52ad6cf5bb492aec/backpack/signature-merging/lib-bar/Siggy.hsig
https://raw.githubusercontent.com/0nkery/tt-tutorials/26825e69640c3da708b39f6f52ad6cf5bb492aec/backpack/signature-merging/lib-foo/Siggy.hsig
https://raw.githubusercontent.com/0nkery/tt-tutorials/26825e69640c3da708b39f6f52ad6cf5bb492aec/backpack/signature-thinning/lib-bar/Bar/Siggy.hsig
https://raw.githubusercontent.com/0nkery/tt-tutorials/26825e69640c3da708b39f6f52ad6cf5bb492aec/backpack/signature-thinning/lib-foo/Foo/Siggy.hsig
https://raw.githubusercontent.com/0nkery/tt-tutorials/26825e69640c3da708b39f6f52ad6cf5bb492aec/backpack/signature-thinning/lib-sig/Siggy.hsig
https://raw.githubusercontent.com/0nkery/tt-tutorials/7c68e4da7f8452d447c9db99125953e5914f94e4/backpack/signatures/lib/Str.hsig
https://raw.githubusercontent.com/Abhiroop/ghc/322b58f7a64df0ade969447a1f21392ae89f858e/testsuite/tests/backpack/cabal/bkpcabal01/p/H.hsig
https://raw.githubusercontent.com/Abhiroop/ghc/322b58f7a64df0ade969447a1f21392ae89f858e/testsuite/tests/backpack/cabal/bkpcabal01/q/I.hsig
https://raw.githubusercontent.com/Abhiroop/ghc/322b58f7a64df0ade969447a1f21392ae89f858e/testsuite/tests/backpack/cabal/bkpcabal02/q/H.hsig
https://raw.githubusercontent.com/Abhiroop/ghc/322b58f7a64df0ade969447a1f21392ae89f858e/testsuite/tests/backpack/cabal/bkpcabal03/asig1/A.hsig
https://raw.githubusercontent.com/Abhiroop/ghc/322b58f7a64df0ade969447a1f21392ae89f858e/testsuite/tests/backpack/cabal/bkpcabal03/asig2/A.hsig
https://raw.githubusercontent.com/Abhiroop/ghc/322b58f7a64df0ade969447a1f21392ae89f858e/testsuite/tests/backpack/cabal/bkpcabal04/p/A.hsig
https://raw.githubusercontent.com/Abhiroop/ghc/322b58f7a64df0ade969447a1f21392ae89f858e/testsuite/tests/backpack/cabal/bkpcabal06/sig/P.hsig
https://raw.githubusercontent.com/Abhiroop/ghc/322b58f7a64df0ade969447a1f21392ae89f858e/testsuite/tests/backpack/cabal/bkpcabal07/P.hsig
https://raw.githubusercontent.com/Abhiroop/ghc/322b58f7a64df0ade969447a1f21392ae89f858e/testsuite/tests/backpack/cabal/T14304/indef/Sig.hsig
https://raw.githubusercontent.com/Abhiroop/ghc/322b58f7a64df0ade969447a1f21392ae89f858e/testsuite/tests/cabal/sigcabal01/p/Map.hsig
https://raw.githubusercontent.com/Abhiroop/ghc/322b58f7a64df0ade969447a1f21392ae89f858e/testsuite/tests/driver/dynamicToo/dynamicToo005/A005.hsig
https://raw.githubusercontent.com/Abhiroop/ghc/322b58f7a64df0ade969447a1f21392ae89f858e/testsuite/tests/driver/T12955.hsig
https://raw.githubusercontent.com/Abhiroop/ghc2/4fc63c58fee55aa938f508f9d70c1798124f4caf/testsuite/tests/backpack/cabal/bkpcabal01/p/H.hsig
https://raw.githubusercontent.com/Abhiroop/ghc2/4fc63c58fee55aa938f508f9d70c1798124f4caf/testsuite/tests/backpack/cabal/bkpcabal01/q/I.hsig
https://raw.githubusercontent.com/Abhiroop/ghc2/4fc63c58fee55aa938f508f9d70c1798124f4caf/testsuite/tests/backpack/cabal/bkpcabal02/q/H.hsig
https://raw.githubusercontent.com/Abhiroop/ghc2/4fc63c58fee55aa938f508f9d70c1798124f4caf/testsuite/tests/backpack/cabal/bkpcabal03/asig1/A.hsig
https://raw.githubusercontent.com/Abhiroop/ghc2/4fc63c58fee55aa938f508f9d70c1798124f4caf/testsuite/tests/backpack/cabal/bkpcabal03/asig2/A.hsig
https://raw.githubusercontent.com/Abhiroop/ghc2/4fc63c58fee55aa938f508f9d70c1798124f4caf/testsuite/tests/backpack/cabal/bkpcabal04/p/A.hsig
https://raw.githubusercontent.com/Abhiroop/ghc2/4fc63c58fee55aa938f508f9d70c1798124f4caf/testsuite/tests/backpack/cabal/bkpcabal06/sig/P.hsig
https://raw.githubusercontent.com/Abhiroop/ghc2/4fc63c58fee55aa938f508f9d70c1798124f4caf/testsuite/tests/backpack/cabal/bkpcabal07/P.hsig
https://raw.githubusercontent.com/Abhiroop/ghc2/4fc63c58fee55aa938f508f9d70c1798124f4caf/testsuite/tests/backpack/cabal/T14304/indef/Sig.hsig
https://raw.githubusercontent.com/Abhiroop/ghc2/4fc63c58fee55aa938f508f9d70c1798124f4caf/testsuite/tests/cabal/sigcabal01/p/Map.hsig
https://raw.githubusercontent.com/Abhiroop/ghc2/4fc63c58fee55aa938f508f9d70c1798124f4caf/testsuite/tests/driver/dynamicToo/dynamicToo005/A005.hsig
https://raw.githubusercontent.com/Abhiroop/ghc2/4fc63c58fee55aa938f508f9d70c1798124f4caf/testsuite/tests/driver/T12955.hsig
https://raw.githubusercontent.com/alanasp/ghc-gsoc/904abd4e6922451a2d3c32e748207c94fc6ddc59/testsuite/tests/backpack/cabal/bkpcabal01/p/H.hsig
https://raw.githubusercontent.com/alanasp/ghc-gsoc/904abd4e6922451a2d3c32e748207c94fc6ddc59/testsuite/tests/backpack/cabal/bkpcabal01/q/I.hsig
https://raw.githubusercontent.com/alanasp/ghc-gsoc/904abd4e6922451a2d3c32e748207c94fc6ddc59/testsuite/tests/backpack/cabal/bkpcabal02/q/H.hsig
https://raw.githubusercontent.com/alanasp/ghc-gsoc/904abd4e6922451a2d3c32e748207c94fc6ddc59/testsuite/tests/backpack/cabal/bkpcabal03/asig1/A.hsig
https://raw.githubusercontent.com/alanasp/ghc-gsoc/904abd4e6922451a2d3c32e748207c94fc6ddc59/testsuite/tests/backpack/cabal/bkpcabal03/asig2/A.hsig
https://raw.githubusercontent.com/alanasp/ghc-gsoc/904abd4e6922451a2d3c32e748207c94fc6ddc59/testsuite/tests/backpack/cabal/bkpcabal04/p/A.hsig
https://raw.githubusercontent.com/alanasp/ghc-gsoc/904abd4e6922451a2d3c32e748207c94fc6ddc59/testsuite/tests/backpack/cabal/bkpcabal06/sig/P.hsig
https://raw.githubusercontent.com/alanasp/ghc-gsoc/904abd4e6922451a2d3c32e748207c94fc6ddc59/testsuite/tests/backpack/cabal/bkpcabal07/P.hsig
https://raw.githubusercontent.com/alanasp/ghc-gsoc/904abd4e6922451a2d3c32e748207c94fc6ddc59/testsuite/tests/backpack/cabal/T14304/indef/Sig.hsig
https://raw.githubusercontent.com/alanasp/ghc-gsoc/904abd4e6922451a2d3c32e748207c94fc6ddc59/testsuite/tests/cabal/sigcabal01/p/Map.hsig
https://raw.githubusercontent.com/alanasp/ghc-gsoc/904abd4e6922451a2d3c32e748207c94fc6ddc59/testsuite/tests/driver/dynamicToo/dynamicToo005/A005.hsig
https://raw.githubusercontent.com/alanasp/ghc-gsoc/904abd4e6922451a2d3c32e748207c94fc6ddc59/testsuite/tests/driver/T12955.hsig
https://raw.githubusercontent.com/AlexanderRaydan/proyecto-de-unity/6e410966e8b882d7d05491f388a693975848b989/scrips/probando.hsig
https://raw.githubusercontent.com/alexbiehl/cabal-backpack-register-repro/8641a25278ac5770025e95d00054446930f6f2ca/Sig.hsig
https://raw.githubusercontent.com/alexbiehl/ignite/bb28e2654c05f8f5f2878709c12b6c62a2569d8f/ignite-heap/Ignite/Heap.hsig
https://raw.githubusercontent.com/alexwl/haskell-code-explorer/f38daf67730fe31b865528eb972c619857e62a5c/vendor/cabal-helper-0.8.1.2/tests/bkpregex/regex-indef/Str.hsig
https://raw.githubusercontent.com/amcknight/scont/b154c92482208f3dca56c68748e5a6d116885517/testsuite/tests/backpack/cabal/bkpcabal01/p/H.hsig
https://raw.githubusercontent.com/amcknight/scont/b154c92482208f3dca56c68748e5a6d116885517/testsuite/tests/backpack/cabal/bkpcabal01/q/I.hsig
https://raw.githubusercontent.com/amcknight/scont/b154c92482208f3dca56c68748e5a6d116885517/testsuite/tests/backpack/cabal/bkpcabal02/q/H.hsig
https://raw.githubusercontent.com/amcknight/scont/b154c92482208f3dca56c68748e5a6d116885517/testsuite/tests/backpack/cabal/bkpcabal03/asig1/A.hsig
https://raw.githubusercontent.com/amcknight/scont/b154c92482208f3dca56c68748e5a6d116885517/testsuite/tests/backpack/cabal/bkpcabal03/asig2/A.hsig
https://raw.githubusercontent.com/amcknight/scont/b154c92482208f3dca56c68748e5a6d116885517/testsuite/tests/backpack/cabal/bkpcabal04/p/A.hsig
https://raw.githubusercontent.com/amcknight/scont/b154c92482208f3dca56c68748e5a6d116885517/testsuite/tests/backpack/cabal/bkpcabal06/sig/P.hsig
https://raw.githubusercontent.com/amcknight/scont/b154c92482208f3dca56c68748e5a6d116885517/testsuite/tests/backpack/cabal/bkpcabal07/P.hsig
https://raw.githubusercontent.com/amcknight/scont/b154c92482208f3dca56c68748e5a6d116885517/testsuite/tests/backpack/cabal/T14304/indef/Sig.hsig
https://raw.githubusercontent.com/amcknight/scont/b154c92482208f3dca56c68748e5a6d116885517/testsuite/tests/backpack/cabal/T15594/Sig.hsig
https://raw.githubusercontent.com/amcknight/scont/b154c92482208f3dca56c68748e5a6d116885517/testsuite/tests/backpack/cabal/T16219/library-a/A/Sig.hsig
https://raw.githubusercontent.com/amcknight/scont/b154c92482208f3dca56c68748e5a6d116885517/testsuite/tests/cabal/sigcabal01/p/Map.hsig
https://raw.githubusercontent.com/amcknight/scont/b154c92482208f3dca56c68748e5a6d116885517/testsuite/tests/driver/dynamicToo/dynamicToo005/A005.hsig
https://raw.githubusercontent.com/amcknight/scont/b154c92482208f3dca56c68748e5a6d116885517/testsuite/tests/driver/T12955.hsig
https://raw.githubusercontent.com/andrewthad/accordion/8e9c2cc5c7664029140f34924f1b54bdc39f4291/accordion-form/src/Accordion/Form/Signature.hsig
https://raw.githubusercontent.com/andrewthad/accordion/8e9c2cc5c7664029140f34924f1b54bdc39f4291/accordion-indefinite-vector-unsafe/src/Extra.hsig
https://raw.githubusercontent.com/andrewthad/accordion/c0b49a151adb745378b78c5b2b59e34a02bfbffc/accordion-json-combinators/src-indef/Builder.hsig
https://raw.githubusercontent.com/andrewthad/accordion/e2660029e274a5338abe35bc3e8db8057621b078/accordion-json/src/Accordion/Json/Signature.hsig
https://raw.githubusercontent.com/andrewthad/accordion/f09ba0be352ef200e8c5609e28499f1618c3134b/accordion-indefinite/Str.hsig
https://raw.githubusercontent.com/andrewthad/accordion/f3f770fe4024e6020f2fdc563321ff7a38f0e196/accordion-indefinite/src/Accordion/Universe.hsig
https://raw.githubusercontent.com/andrewthad/bytes-builder-shootout/80fd280c1b1f44cc3f41cb8946de53a4220c160b/src-indef/Builder.hsig
https://raw.githubusercontent.com/andrewthad/indexed-unboxed-array/dce44c450cd29871bdc387bbca25388a0f5e100f/src/Array.hsig
https://raw.githubusercontent.com/andrewthad/indexed-unboxed-array/dce44c450cd29871bdc387bbca25388a0f5e100f/src/Element.hsig
https://raw.githubusercontent.com/andrewthad/sockets/50fb55f296a732e807b3a7f72777246610c178da/src-datagram-send/Datagram/Destination.hsig
https://raw.githubusercontent.com/andrewthad/sockets/50fb55f296a732e807b3a7f72777246610c178da/src-datagram-send/Datagram/Send.hsig
https://raw.githubusercontent.com/andrewthad/sockets/50fb55f296a732e807b3a7f72777246610c178da/src-stream-bidirectional/Stream/Communication.hsig
https://raw.githubusercontent.com/andrewthad/sockets/50fb55f296a732e807b3a7f72777246610c178da/src-stream-receive/Stream/Receive.hsig
https://raw.githubusercontent.com/andrewthad/sockets/806b5763a225c0de4bf09476b21d23ebd599006b/src-stream-send-two/Stream/Send/B.hsig
https://raw.githubusercontent.com/andrewthad/sockets/806b5763a225c0de4bf09476b21d23ebd599006b/src-stream-send-two/Stream/Send/Buffer/A.hsig
https://raw.githubusercontent.com/andrewthad/sockets/806b5763a225c0de4bf09476b21d23ebd599006b/src-stream-send-two/Stream/Send/Buffer/B.hsig
https://raw.githubusercontent.com/andrewthad/sockets/806b5763a225c0de4bf09476b21d23ebd599006b/src-stream-send-two/Stream/Send/Two.hsig
https://raw.githubusercontent.com/andrewthad/sockets/806b5763a225c0de4bf09476b21d23ebd599006b/src-stream-send/Stream/Send.hsig
https://raw.githubusercontent.com/andrewthad/sockets/fd6341762bdec4a862fc167c053b7f0ff334510f/src-interrupt/Socket/Interrupt.hsig
https://raw.githubusercontent.com/AntonXue/ghc-8.2.2-base-dumper/ad62ae2c52fc44e0a88a24201c143a02560a4eca/libraries/Cabal/cabal-testsuite/PackageTests/Backpack/Fail3/UnfilledSig.hsig
https://raw.githubusercontent.com/AntonXue/ghc-8.2.2-base-dumper/ad62ae2c52fc44e0a88a24201c143a02560a4eca/libraries/Cabal/cabal-testsuite/PackageTests/Backpack/Includes2/mylib/Database.hsig
https://raw.githubusercontent.com/AntonXue/ghc-8.2.2-base-dumper/ad62ae2c52fc44e0a88a24201c143a02560a4eca/libraries/Cabal/cabal-testsuite/PackageTests/Backpack/Includes3/sigs/Data/Map.hsig
https://raw.githubusercontent.com/AntonXue/ghc-8.2.2-base-dumper/ad62ae2c52fc44e0a88a24201c143a02560a4eca/libraries/Cabal/cabal-testsuite/PackageTests/Backpack/Includes4/indef/A.hsig
https://raw.githubusercontent.com/AntonXue/ghc-8.2.2-base-dumper/ad62ae2c52fc44e0a88a24201c143a02560a4eca/libraries/Cabal/cabal-testsuite/PackageTests/Backpack/Includes4/indef/B.hsig
https://raw.githubusercontent.com/AntonXue/ghc-8.2.2-base-dumper/ad62ae2c52fc44e0a88a24201c143a02560a4eca/libraries/Cabal/cabal-testsuite/PackageTests/Backpack/Includes4/indef/Rec.hsig
https://raw.githubusercontent.com/AntonXue/ghc-8.2.2-base-dumper/ad62ae2c52fc44e0a88a24201c143a02560a4eca/libraries/Cabal/cabal-testsuite/PackageTests/Backpack/Indef1/Map.hsig
https://raw.githubusercontent.com/AntonXue/ghc-8.2.2-base-dumper/ad62ae2c52fc44e0a88a24201c143a02560a4eca/libraries/Cabal/cabal-testsuite/PackageTests/Backpack/Reexport2/Asdf.hsig
https://raw.githubusercontent.com/AntonXue/ghc-8.2.2-base-dumper/ad62ae2c52fc44e0a88a24201c143a02560a4eca/libraries/Cabal/cabal-testsuite/PackageTests/Backpack/T4754/Sig.hsig
https://raw.githubusercontent.com/AntonXue/ghc-8.2.2-base-dumper/ad62ae2c52fc44e0a88a24201c143a02560a4eca/libraries/Cabal/cabal-testsuite/PackageTests/Backpack/TemplateHaskell/A.hsig
https://raw.githubusercontent.com/AntonXue/ghc-8.2.2-base-dumper/ad62ae2c52fc44e0a88a24201c143a02560a4eca/testsuite/tests/backpack/cabal/bkpcabal01/p/H.hsig
https://raw.githubusercontent.com/AntonXue/ghc-8.2.2-base-dumper/ad62ae2c52fc44e0a88a24201c143a02560a4eca/testsuite/tests/backpack/cabal/bkpcabal01/q/I.hsig
https://raw.githubusercontent.com/AntonXue/ghc-8.2.2-base-dumper/ad62ae2c52fc44e0a88a24201c143a02560a4eca/testsuite/tests/backpack/cabal/bkpcabal02/q/H.hsig
https://raw.githubusercontent.com/AntonXue/ghc-8.2.2-base-dumper/ad62ae2c52fc44e0a88a24201c143a02560a4eca/testsuite/tests/backpack/cabal/bkpcabal03/asig1/A.hsig
https://raw.githubusercontent.com/AntonXue/ghc-8.2.2-base-dumper/ad62ae2c52fc44e0a88a24201c143a02560a4eca/testsuite/tests/backpack/cabal/bkpcabal03/asig2/A.hsig
https://raw.githubusercontent.com/AntonXue/ghc-8.2.2-base-dumper/ad62ae2c52fc44e0a88a24201c143a02560a4eca/testsuite/tests/backpack/cabal/bkpcabal04/p/A.hsig
https://raw.githubusercontent.com/AntonXue/ghc-8.2.2-base-dumper/ad62ae2c52fc44e0a88a24201c143a02560a4eca/testsuite/tests/backpack/cabal/bkpcabal06/sig/P.hsig
https://raw.githubusercontent.com/AntonXue/ghc-8.2.2-base-dumper/ad62ae2c52fc44e0a88a24201c143a02560a4eca/testsuite/tests/backpack/cabal/bkpcabal07/P.hsig
https://raw.githubusercontent.com/AntonXue/ghc-8.2.2-base-dumper/ad62ae2c52fc44e0a88a24201c143a02560a4eca/testsuite/tests/backpack/cabal/T14304/indef/Sig.hsig
https://raw.githubusercontent.com/AntonXue/ghc-8.2.2-base-dumper/ad62ae2c52fc44e0a88a24201c143a02560a4eca/testsuite/tests/cabal/sigcabal01/p/Map.hsig
https://raw.githubusercontent.com/AntonXue/ghc-8.2.2-base-dumper/ad62ae2c52fc44e0a88a24201c143a02560a4eca/testsuite/tests/driver/dynamicToo/dynamicToo005/A005.hsig
https://raw.githubusercontent.com/AntonXue/ghc-8.2.2-base-dumper/ad62ae2c52fc44e0a88a24201c143a02560a4eca/testsuite/tests/driver/T12955.hsig
https://raw.githubusercontent.com/bitemyapp/ghc/4f00a00df26f4cecc48ca7faf6b63cd7f468eaec/testsuite/tests/cabal/sigcabal01/p/Map.hsig
https://raw.githubusercontent.com/bitemyapp/ghc/4f00a00df26f4cecc48ca7faf6b63cd7f468eaec/testsuite/tests/driver/sigof01/B.hsig
https://raw.githubusercontent.com/bitemyapp/ghc/4f00a00df26f4cecc48ca7faf6b63cd7f468eaec/testsuite/tests/driver/sigof02/Map.hsig
https://raw.githubusercontent.com/bitemyapp/ghc/4f00a00df26f4cecc48ca7faf6b63cd7f468eaec/testsuite/tests/driver/sigof02/MapAsSet.hsig
https://raw.githubusercontent.com/bitemyapp/ghc/4f00a00df26f4cecc48ca7faf6b63cd7f468eaec/testsuite/tests/driver/sigof03/ASig1.hsig
https://raw.githubusercontent.com/bitemyapp/ghc/4f00a00df26f4cecc48ca7faf6b63cd7f468eaec/testsuite/tests/driver/sigof03/ASig2.hsig
https://raw.githubusercontent.com/bitemyapp/ghc/4f00a00df26f4cecc48ca7faf6b63cd7f468eaec/testsuite/tests/driver/sigof04/Sig.hsig
https://raw.githubusercontent.com/bitemyapp/ghc/4f00a00df26f4cecc48ca7faf6b63cd7f468eaec/testsuite/tests/typecheck/should_compile/tc264.hsig
https://raw.githubusercontent.com/bitemyapp/ghc/4f00a00df26f4cecc48ca7faf6b63cd7f468eaec/testsuite/tests/typecheck/should_fail/tcfail219.hsig
https://raw.githubusercontent.com/bitemyapp/ghc/4f00a00df26f4cecc48ca7faf6b63cd7f468eaec/testsuite/tests/typecheck/should_fail/tcfail220.hsig
https://raw.githubusercontent.com/bitemyapp/ghc/4f00a00df26f4cecc48ca7faf6b63cd7f468eaec/testsuite/tests/typecheck/should_fail/tcfail221.hsig
https://raw.githubusercontent.com/bitemyapp/ghc/4f00a00df26f4cecc48ca7faf6b63cd7f468eaec/testsuite/tests/typecheck/should_fail/tcfail222.hsig
https://raw.githubusercontent.com/bollu/ghc-asterius/841eb7e0534cb76dc5a2edc452cc9a5040d450c7/testsuite/tests/backpack/cabal/bkpcabal01/p/H.hsig
https://raw.githubusercontent.com/bollu/ghc-asterius/841eb7e0534cb76dc5a2edc452cc9a5040d450c7/testsuite/tests/backpack/cabal/bkpcabal01/q/I.hsig
https://raw.githubusercontent.com/bollu/ghc-asterius/841eb7e0534cb76dc5a2edc452cc9a5040d450c7/testsuite/tests/backpack/cabal/bkpcabal02/q/H.hsig
https://raw.githubusercontent.com/bollu/ghc-asterius/841eb7e0534cb76dc5a2edc452cc9a5040d450c7/testsuite/tests/backpack/cabal/bkpcabal03/asig1/A.hsig
https://raw.githubusercontent.com/bollu/ghc-asterius/841eb7e0534cb76dc5a2edc452cc9a5040d450c7/testsuite/tests/backpack/cabal/bkpcabal03/asig2/A.hsig
https://raw.githubusercontent.com/bollu/ghc-asterius/841eb7e0534cb76dc5a2edc452cc9a5040d450c7/testsuite/tests/backpack/cabal/bkpcabal04/p/A.hsig
https://raw.githubusercontent.com/bollu/ghc-asterius/841eb7e0534cb76dc5a2edc452cc9a5040d450c7/testsuite/tests/backpack/cabal/bkpcabal06/sig/P.hsig
https://raw.githubusercontent.com/bollu/ghc-asterius/841eb7e0534cb76dc5a2edc452cc9a5040d450c7/testsuite/tests/backpack/cabal/bkpcabal07/P.hsig
https://raw.githubusercontent.com/bollu/ghc-asterius/841eb7e0534cb76dc5a2edc452cc9a5040d450c7/testsuite/tests/backpack/cabal/T14304/indef/Sig.hsig
https://raw.githubusercontent.com/bollu/ghc-asterius/841eb7e0534cb76dc5a2edc452cc9a5040d450c7/testsuite/tests/backpack/cabal/T15594/Sig.hsig
https://raw.githubusercontent.com/bollu/ghc-asterius/841eb7e0534cb76dc5a2edc452cc9a5040d450c7/testsuite/tests/backpack/cabal/T16219/library-a/A/Sig.hsig
https://raw.githubusercontent.com/bollu/ghc-asterius/841eb7e0534cb76dc5a2edc452cc9a5040d450c7/testsuite/tests/cabal/sigcabal01/p/Map.hsig
https://raw.githubusercontent.com/bollu/ghc-asterius/841eb7e0534cb76dc5a2edc452cc9a5040d450c7/testsuite/tests/driver/dynamicToo/dynamicToo005/A005.hsig
https://raw.githubusercontent.com/bollu/ghc-asterius/841eb7e0534cb76dc5a2edc452cc9a5040d450c7/testsuite/tests/driver/T12955.hsig
https://raw.githubusercontent.com/ch1bo/backpack-integer/82b73f559e063c09d368cc83f9146ada4972edb1/integer-sig/GHCInteger.hsig
https://raw.githubusercontent.com/ChaiTRex/ghc/ff29fc84c03c800cfa04c2a00eb8edf6fa5f4183/testsuite/tests/backpack/cabal/T14304/indef/Sig.hsig
https://raw.githubusercontent.com/CIFASIS/ghc-cm/3e471981529054fa1a286daa6bb8f1ed1398a21a/testsuite/tests/backpack/cabal/bkpcabal01/p/H.hsig
https://raw.githubusercontent.com/CIFASIS/ghc-cm/3e471981529054fa1a286daa6bb8f1ed1398a21a/testsuite/tests/backpack/cabal/bkpcabal01/q/I.hsig
https://raw.githubusercontent.com/CIFASIS/ghc-cm/3e471981529054fa1a286daa6bb8f1ed1398a21a/testsuite/tests/backpack/cabal/bkpcabal02/q/H.hsig
https://raw.githubusercontent.com/CIFASIS/ghc-cm/3e471981529054fa1a286daa6bb8f1ed1398a21a/testsuite/tests/backpack/cabal/bkpcabal03/asig1/A.hsig
https://raw.githubusercontent.com/CIFASIS/ghc-cm/3e471981529054fa1a286daa6bb8f1ed1398a21a/testsuite/tests/backpack/cabal/bkpcabal03/asig2/A.hsig
https://raw.githubusercontent.com/CIFASIS/ghc-cm/3e471981529054fa1a286daa6bb8f1ed1398a21a/testsuite/tests/backpack/cabal/bkpcabal04/p/A.hsig
https://raw.githubusercontent.com/CIFASIS/ghc-cm/3e471981529054fa1a286daa6bb8f1ed1398a21a/testsuite/tests/backpack/cabal/bkpcabal06/sig/P.hsig
https://raw.githubusercontent.com/CIFASIS/ghc-cm/3e471981529054fa1a286daa6bb8f1ed1398a21a/testsuite/tests/backpack/cabal/bkpcabal07/P.hsig
https://raw.githubusercontent.com/CIFASIS/ghc-cm/3e471981529054fa1a286daa6bb8f1ed1398a21a/testsuite/tests/backpack/cabal/T14304/indef/Sig.hsig
https://raw.githubusercontent.com/CIFASIS/ghc-cm/3e471981529054fa1a286daa6bb8f1ed1398a21a/testsuite/tests/cabal/sigcabal01/p/Map.hsig
https://raw.githubusercontent.com/CIFASIS/ghc-cm/3e471981529054fa1a286daa6bb8f1ed1398a21a/testsuite/tests/driver/dynamicToo/dynamicToo005/A005.hsig
https://raw.githubusercontent.com/CIFASIS/ghc-cm/3e471981529054fa1a286daa6bb8f1ed1398a21a/testsuite/tests/driver/T12955.hsig
https://raw.githubusercontent.com/cmk/tensile/53c1e46c6b4e7ea8782600875ff3c063a1ce9639/tensile-signatures/lib/src/Numeric/Tensile/Operations/Linear/Internal.hsig
https://raw.githubusercontent.com/cmk/tensile/53c1e46c6b4e7ea8782600875ff3c063a1ce9639/tensile-signatures/lib/src/Numeric/Tensile/Operations/Quantization/Internal.hsig
https://raw.githubusercontent.com/cmk/tensile/53c1e46c6b4e7ea8782600875ff3c063a1ce9639/tensile-signatures/lib/src/Numeric/Tensile/Operations/Reduction/Internal.hsig
https://raw.githubusercontent.com/cmk/tensile/53c1e46c6b4e7ea8782600875ff3c063a1ce9639/tensile-signatures/lib/src/Numeric/Tensile/Tensor/Internal.hsig
https://raw.githubusercontent.com/cmk/tensile/53c1e46c6b4e7ea8782600875ff3c063a1ce9639/tensile-signatures/lib/test/Test/Numeric/Tensile/Tensor/Gen/Internal.hsig
https://raw.githubusercontent.com/cmk/tensile/53c1e46c6b4e7ea8782600875ff3c063a1ce9639/tensile/local/Numeric/Tensile/Operations/Quantization/Internal.hsig
https://raw.githubusercontent.com/danidiaz/really-small-backpack-example/3eac68f9e34381e2f42402817c7d6f60e319f688/lesson2-signatures/lib/Str.hsig
https://raw.githubusercontent.com/danidiaz/really-small-backpack-example/3eac68f9e34381e2f42402817c7d6f60e319f688/lesson3-signature-merging/lib-bar/Siggy.hsig
https://raw.githubusercontent.com/danidiaz/really-small-backpack-example/3eac68f9e34381e2f42402817c7d6f60e319f688/lesson3-signature-merging/lib-foo/Siggy.hsig
https://raw.githubusercontent.com/danidiaz/really-small-backpack-example/3eac68f9e34381e2f42402817c7d6f60e319f688/lesson4-signature-thinning/lib-bar/Bar/Siggy.hsig
https://raw.githubusercontent.com/danidiaz/really-small-backpack-example/3eac68f9e34381e2f42402817c7d6f60e319f688/lesson4-signature-thinning/lib-foo/Foo/Siggy.hsig
https://raw.githubusercontent.com/danidiaz/really-small-backpack-example/3eac68f9e34381e2f42402817c7d6f60e319f688/lesson4-signature-thinning/lib-sig/Siggy.hsig
https://raw.githubusercontent.com/danidiaz/streamy/2d167569f3a3ea82eeb1b664d444a5c637618859/streamy-bytes-sig/sig/Streamy/Bytes.hsig
https://raw.githubusercontent.com/danidiaz/streamy/2d167569f3a3ea82eeb1b664d444a5c637618859/streamy-sig/sig/Streamy.hsig
https://raw.githubusercontent.com/danidiaz/streamy/2d167569f3a3ea82eeb1b664d444a5c637618859/streamy-testsuite/lib/Test/Common/Streamy.hsig
https://raw.githubusercontent.com/danidiaz/streamy/2d167569f3a3ea82eeb1b664d444a5c637618859/streamy-testsuite/lib/Test/Common/Streamy/Bytes.hsig
https://raw.githubusercontent.com/danidiaz/streamy/2d167569f3a3ea82eeb1b664d444a5c637618859/streamy-testsuite/lib/Test/PipesStreaming/Streamy.hsig
https://raw.githubusercontent.com/danidiaz/streamy/2d167569f3a3ea82eeb1b664d444a5c637618859/streamy-testsuite/lib/Test/PipesStreaming/Streamy/Bytes.hsig
https://raw.githubusercontent.com/danidiaz/thrifty-sailor/2cb7cbf73493215f985c3b7003ed82f544ba9d38/network-sig/Thrifty/Network.hsig
https://raw.githubusercontent.com/danidiaz/write-you-a-haskell-follow/11e9e2a3e458f2e0c5e60255ff4e33be15bd13aa/indef/NanoStr.hsig
https://raw.githubusercontent.com/DanielG/cabal-helper/5e2eb803e82e663caa6cd1252a790ba4a1c43adb/tests/bkpregex/regex-indef/Str.hsig
https://raw.githubusercontent.com/digital-asset/ghc/557cfdc71beaead21cddfb21dc3eb5fe32cdb7b5/testsuite/tests/backpack/cabal/bkpcabal01/p/H.hsig
https://raw.githubusercontent.com/digital-asset/ghc/557cfdc71beaead21cddfb21dc3eb5fe32cdb7b5/testsuite/tests/backpack/cabal/bkpcabal01/q/I.hsig
https://raw.githubusercontent.com/digital-asset/ghc/557cfdc71beaead21cddfb21dc3eb5fe32cdb7b5/testsuite/tests/backpack/cabal/bkpcabal02/q/H.hsig
https://raw.githubusercontent.com/digital-asset/ghc/557cfdc71beaead21cddfb21dc3eb5fe32cdb7b5/testsuite/tests/backpack/cabal/bkpcabal03/asig1/A.hsig
https://raw.githubusercontent.com/digital-asset/ghc/557cfdc71beaead21cddfb21dc3eb5fe32cdb7b5/testsuite/tests/backpack/cabal/bkpcabal03/asig2/A.hsig
https://raw.githubusercontent.com/digital-asset/ghc/557cfdc71beaead21cddfb21dc3eb5fe32cdb7b5/testsuite/tests/backpack/cabal/bkpcabal04/p/A.hsig
https://raw.githubusercontent.com/digital-asset/ghc/557cfdc71beaead21cddfb21dc3eb5fe32cdb7b5/testsuite/tests/backpack/cabal/bkpcabal06/sig/P.hsig
https://raw.githubusercontent.com/digital-asset/ghc/557cfdc71beaead21cddfb21dc3eb5fe32cdb7b5/testsuite/tests/backpack/cabal/bkpcabal07/P.hsig
https://raw.githubusercontent.com/digital-asset/ghc/557cfdc71beaead21cddfb21dc3eb5fe32cdb7b5/testsuite/tests/backpack/cabal/T14304/indef/Sig.hsig
https://raw.githubusercontent.com/digital-asset/ghc/557cfdc71beaead21cddfb21dc3eb5fe32cdb7b5/testsuite/tests/backpack/cabal/T15594/Sig.hsig
https://raw.githubusercontent.com/digital-asset/ghc/557cfdc71beaead21cddfb21dc3eb5fe32cdb7b5/testsuite/tests/backpack/cabal/T16219/library-a/A/Sig.hsig
https://raw.githubusercontent.com/digital-asset/ghc/557cfdc71beaead21cddfb21dc3eb5fe32cdb7b5/testsuite/tests/cabal/sigcabal01/p/Map.hsig
https://raw.githubusercontent.com/digital-asset/ghc/557cfdc71beaead21cddfb21dc3eb5fe32cdb7b5/testsuite/tests/driver/dynamicToo/dynamicToo005/A005.hsig
https://raw.githubusercontent.com/digital-asset/ghc/557cfdc71beaead21cddfb21dc3eb5fe32cdb7b5/testsuite/tests/driver/T12955.hsig
https://raw.githubusercontent.com/edmundnoble/trees-from-bags/16de05fc7a1732cf409aadd0b2e050df7067205e/src/lam-tree/LamTreeS.hsig
https://raw.githubusercontent.com/edmundnoble/trees-from-bags/9288d6cb82f8b588cb6c40f707f51788834fe893/src/haskell/HaskellG.hsig
https://raw.githubusercontent.com/ekmett/auth/b20647e8d68609bb286d12cd0002aeddf5ce619b/old/auth/Auth.hsig
https://raw.githubusercontent.com/ekmett/coda/11af3261c3198d4fc4d20f04ffd78b8b3ab04f14/ref/ski/Term.hsig
https://raw.githubusercontent.com/ekmett/coda/11af3261c3198d4fc4d20f04ffd78b8b3ab04f14/ref/stream/Stream.hsig
https://raw.githubusercontent.com/ekmett/coda/11af3261c3198d4fc4d20f04ffd78b8b3ab04f14/ref/symantics/Symantics.hsig
https://raw.githubusercontent.com/ekmett/coda/328425098b1d8d8bcb1023162c774ee7282ca3fa/src/relative/Delta.hsig
https://raw.githubusercontent.com/ekmett/coda/4ba2cbe12dd9174857afe583e18e6328ec485982/src/rope/Dyck.hsig
https://raw.githubusercontent.com/ekmett/coda/4ba2cbe12dd9174857afe583e18e6328ec485982/src/rope/Lexer.hsig
https://raw.githubusercontent.com/ekmett/coda/4ba2cbe12dd9174857afe583e18e6328ec485982/src/rope/Summary.hsig
https://raw.githubusercontent.com/ekmett/coda/4ba2cbe12dd9174857afe583e18e6328ec485982/src/set/Elem.hsig
https://raw.githubusercontent.com/ekmett/coda/4ba2cbe12dd9174857afe583e18e6328ec485982/src/summary-unit/Dyck.hsig
https://raw.githubusercontent.com/ekmett/coda/ed8d853befbef81d565b18571487c2166cef4e78/src/dyck/Token.hsig
https://raw.githubusercontent.com/ekmett/coda/ed8d853befbef81d565b18571487c2166cef4e78/src/layout/Dyck.hsig
https://raw.githubusercontent.com/ekmett/coda/ed8d853befbef81d565b18571487c2166cef4e78/src/layout/Parser.hsig
https://raw.githubusercontent.com/ekmett/dense/c1ae5d937a1cd64c55310c253eb1745597a9bb9a/lib/dense-matrix/sig/T.hsig
https://raw.githubusercontent.com/ekmett/unpacked-containers/7dc56993a57511b58257b5d389473e638a7082d2/unpacked-containers/src/Key.hsig
https://raw.githubusercontent.com/ekmett/unpacked-containers/7dc56993a57511b58257b5d389473e638a7082d2/unpacked-unordered-containers/src/Key.hsig
https://raw.githubusercontent.com/ElementsProject/simplicity/b3a199ca9702ec55d59620755a8c9bd04a9a2d60/Haskell/Indef/Simplicity/Primitive.hsig
https://raw.githubusercontent.com/exordium/bool/49d9aa6c147d5b6769422d69fb091f2452547e4f/example/lib/Bool.hsig
https://raw.githubusercontent.com/exordium/bool/49d9aa6c147d5b6769422d69fb091f2452547e4f/sig/Bool.hsig
https://raw.githubusercontent.com/exordium/bool/49d9aa6c147d5b6769422d69fb091f2452547e4f/utils/Bool.hsig
https://raw.githubusercontent.com/exordium/list/eefe8108bd5be86268e7dd5ba4eee5087b6313e4/indef/Elt.hsig
https://raw.githubusercontent.com/exordium/option/2b4b23ba39ae16682349479d44794029c238de77/sig/Sig/Bool.hsig
https://raw.githubusercontent.com/exordium/option/2b4b23ba39ae16682349479d44794029c238de77/sig/Sig/Option.hsig
https://raw.githubusercontent.com/exordium/option/2b4b23ba39ae16682349479d44794029c238de77/utils/Sig/Bool.hsig
https://raw.githubusercontent.com/exordium/option/2b4b23ba39ae16682349479d44794029c238de77/utils/Sig/Option.hsig
https://raw.githubusercontent.com/ezyang/backpack-regex-example/d149bd4567eedfdec6e5651e60fc3fb052e8a30c/regex-indef/Str.hsig
https://raw.githubusercontent.com/ezyang/bake/f742891df5a0752a59a588e63583ae3059c9a3f8/p/Hole.hsig
https://raw.githubusercontent.com/ezyang/reflex-backpack/247898fde872d8909392ebe2539f4623c7449067/host/Reflex/Host/Sig.hsig
https://raw.githubusercontent.com/ezyang/reflex-backpack/247898fde872d8909392ebe2539f4623c7449067/indef/Reflex/Sig.hsig
https://raw.githubusercontent.com/fog-hs/rotate/0f75385ea713772507e145e23e918f87214293c5/src/src/Rotate.hsig
https://raw.githubusercontent.com/fog-hs/rotateDistributed/b61caf0e7d9273c63ffa3ad35c6786bb10209a29/rotateDistributed/rotate/src/Rotate.hsig
https://raw.githubusercontent.com/fog-hs/rotateExtended/1df698995b81fa18e0b7b884ca7351e8d2a1a5db/rotateExtended/rotate/rotate/Rotate.hsig
https://raw.githubusercontent.com/fog-hs/rotateExtended/1df698995b81fa18e0b7b884ca7351e8d2a1a5db/rotateExtended/rotatePlugin/rotatePlugin/RotatePlugin.hsig
https://raw.githubusercontent.com/fog-hs/rotatePlugin/fa49995aa56f01f88167d44f377ff256ea98b9f3/src/src/RotatePlugin.hsig
https://raw.githubusercontent.com/fog-hs/rotateRecombined/6fba668095a927897aba3cecea346074ff4408ad/rotateRecombined/rotate/rotate/src/Rotate.hsig
https://raw.githubusercontent.com/ghc/ghc-diffs/96ec98c0bc991d1f69cb6b3465975fc6b515bf80/testsuite/tests/backpack/cabal/bkpcabal01/p/H.hsig
https://raw.githubusercontent.com/ghc/ghc-diffs/96ec98c0bc991d1f69cb6b3465975fc6b515bf80/testsuite/tests/backpack/cabal/bkpcabal01/q/I.hsig
https://raw.githubusercontent.com/ghc/ghc-diffs/96ec98c0bc991d1f69cb6b3465975fc6b515bf80/testsuite/tests/backpack/cabal/bkpcabal02/q/H.hsig
https://raw.githubusercontent.com/ghc/ghc-diffs/96ec98c0bc991d1f69cb6b3465975fc6b515bf80/testsuite/tests/backpack/cabal/bkpcabal03/asig1/A.hsig
https://raw.githubusercontent.com/ghc/ghc-diffs/96ec98c0bc991d1f69cb6b3465975fc6b515bf80/testsuite/tests/backpack/cabal/bkpcabal03/asig2/A.hsig
https://raw.githubusercontent.com/ghc/ghc-diffs/96ec98c0bc991d1f69cb6b3465975fc6b515bf80/testsuite/tests/backpack/cabal/bkpcabal04/p/A.hsig
https://raw.githubusercontent.com/ghc/ghc-diffs/96ec98c0bc991d1f69cb6b3465975fc6b515bf80/testsuite/tests/backpack/cabal/bkpcabal06/sig/P.hsig
https://raw.githubusercontent.com/ghc/ghc-diffs/96ec98c0bc991d1f69cb6b3465975fc6b515bf80/testsuite/tests/backpack/cabal/bkpcabal07/P.hsig
https://raw.githubusercontent.com/ghc/ghc-diffs/96ec98c0bc991d1f69cb6b3465975fc6b515bf80/testsuite/tests/backpack/cabal/T14304/indef/Sig.hsig
https://raw.githubusercontent.com/ghc/ghc-diffs/96ec98c0bc991d1f69cb6b3465975fc6b515bf80/testsuite/tests/cabal/sigcabal01/p/Map.hsig
https://raw.githubusercontent.com/ghc/ghc-diffs/96ec98c0bc991d1f69cb6b3465975fc6b515bf80/testsuite/tests/driver/dynamicToo/dynamicToo005/A005.hsig
https://raw.githubusercontent.com/ghc/ghc-diffs/96ec98c0bc991d1f69cb6b3465975fc6b515bf80/testsuite/tests/driver/T12955.hsig
https://raw.githubusercontent.com/ghc/ghc/13ff0b7ced097286e0d7b054f050871effe07f86/testsuite/tests/backpack/cabal/T15594/Sig.hsig
https://raw.githubusercontent.com/ghc/ghc/1c2c2d3dfd4c36884b22163872feb87122b4528d/testsuite/tests/backpack/cabal/bkpcabal01/p/H.hsig
https://raw.githubusercontent.com/ghc/ghc/1c2c2d3dfd4c36884b22163872feb87122b4528d/testsuite/tests/backpack/cabal/bkpcabal01/q/I.hsig
https://raw.githubusercontent.com/ghc/ghc/1c2c2d3dfd4c36884b22163872feb87122b4528d/testsuite/tests/backpack/cabal/bkpcabal02/q/H.hsig
https://raw.githubusercontent.com/ghc/ghc/1c2c2d3dfd4c36884b22163872feb87122b4528d/testsuite/tests/backpack/cabal/bkpcabal03/asig1/A.hsig
https://raw.githubusercontent.com/ghc/ghc/1c2c2d3dfd4c36884b22163872feb87122b4528d/testsuite/tests/backpack/cabal/bkpcabal03/asig2/A.hsig
https://raw.githubusercontent.com/ghc/ghc/1c2c2d3dfd4c36884b22163872feb87122b4528d/testsuite/tests/backpack/cabal/bkpcabal04/p/A.hsig
https://raw.githubusercontent.com/ghc/ghc/1c2c2d3dfd4c36884b22163872feb87122b4528d/testsuite/tests/backpack/cabal/bkpcabal06/sig/P.hsig
https://raw.githubusercontent.com/ghc/ghc/1c2c2d3dfd4c36884b22163872feb87122b4528d/testsuite/tests/backpack/cabal/bkpcabal07/P.hsig
https://raw.githubusercontent.com/ghc/ghc/1c2c2d3dfd4c36884b22163872feb87122b4528d/testsuite/tests/backpack/cabal/T14304/indef/Sig.hsig
https://raw.githubusercontent.com/ghc/ghc/1c2c2d3dfd4c36884b22163872feb87122b4528d/testsuite/tests/cabal/sigcabal01/p/Map.hsig
https://raw.githubusercontent.com/ghc/ghc/1c2c2d3dfd4c36884b22163872feb87122b4528d/testsuite/tests/driver/dynamicToo/dynamicToo005/A005.hsig
https://raw.githubusercontent.com/ghc/ghc/1c2c2d3dfd4c36884b22163872feb87122b4528d/testsuite/tests/driver/T12955.hsig
https://raw.githubusercontent.com/ghc/ghc/f77229e3c30fa9e353c061dc038a5d0b2ee01c48/testsuite/tests/backpack/cabal/T16219/library-a/A/Sig.hsig
https://raw.githubusercontent.com/ghc/packages-Cabal/0c9792076b30257ff638bf6dd5a13b77ec7b22be/cabal-testsuite/PackageTests/Backpack/Fail3/UnfilledSig.hsig
https://raw.githubusercontent.com/ghc/packages-Cabal/0c9792076b30257ff638bf6dd5a13b77ec7b22be/cabal-testsuite/PackageTests/Backpack/Includes2/mylib/Database.hsig
https://raw.githubusercontent.com/ghc/packages-Cabal/0c9792076b30257ff638bf6dd5a13b77ec7b22be/cabal-testsuite/PackageTests/Backpack/Includes3/sigs/Data/Map.hsig
https://raw.githubusercontent.com/ghc/packages-Cabal/0c9792076b30257ff638bf6dd5a13b77ec7b22be/cabal-testsuite/PackageTests/Backpack/Includes4/indef/A.hsig
https://raw.githubusercontent.com/ghc/packages-Cabal/0c9792076b30257ff638bf6dd5a13b77ec7b22be/cabal-testsuite/PackageTests/Backpack/Includes4/indef/B.hsig
https://raw.githubusercontent.com/ghc/packages-Cabal/0c9792076b30257ff638bf6dd5a13b77ec7b22be/cabal-testsuite/PackageTests/Backpack/Includes4/indef/Rec.hsig
https://raw.githubusercontent.com/ghc/packages-Cabal/0c9792076b30257ff638bf6dd5a13b77ec7b22be/cabal-testsuite/PackageTests/Backpack/Indef1/Map.hsig
https://raw.githubusercontent.com/ghc/packages-Cabal/0c9792076b30257ff638bf6dd5a13b77ec7b22be/cabal-testsuite/PackageTests/Backpack/Reexport2/Asdf.hsig
https://raw.githubusercontent.com/ghc/packages-Cabal/0c9792076b30257ff638bf6dd5a13b77ec7b22be/cabal-testsuite/PackageTests/Backpack/T4447/foo-indef/A.hsig
https://raw.githubusercontent.com/ghc/packages-Cabal/0c9792076b30257ff638bf6dd5a13b77ec7b22be/cabal-testsuite/PackageTests/Backpack/T4754/Sig.hsig
https://raw.githubusercontent.com/ghc/packages-Cabal/0c9792076b30257ff638bf6dd5a13b77ec7b22be/cabal-testsuite/PackageTests/Backpack/TemplateHaskell/A.hsig
https://raw.githubusercontent.com/ghc/packages-Cabal/897a2fb5351ac57fc40f7a0573aca254de5a91d6/cabal-testsuite/PackageTests/Backpack/T5634/sig-with-th/Sig.hsig
https://raw.githubusercontent.com/ghc/packages-Cabal/897a2fb5351ac57fc40f7a0573aca254de5a91d6/cabal-testsuite/PackageTests/Backpack/T5634/Unused.hsig
https://raw.githubusercontent.com/ghc/packages-Cabal/e23d8d1bccd593505483580b47d0593a42b37674/cabal-testsuite/PackageTests/Backpack/bkpcabal01/p/H.hsig
https://raw.githubusercontent.com/ghc/packages-Cabal/e23d8d1bccd593505483580b47d0593a42b37674/cabal-testsuite/PackageTests/Backpack/bkpcabal01/q/I.hsig
https://raw.githubusercontent.com/ghc/packages-Cabal/f2c3025aeeb56213b736f658a5f688831d94037d/cabal-testsuite/PackageTests/Regression/T5677/sig/Sig.hsig
https://raw.githubusercontent.com/gingerhot/haskell-base/dbd1c3f0cf64e8c76c945530a805f7637dcdf777/testsuite/tests/backpack/cabal/bkpcabal01/p/H.hsig
https://raw.githubusercontent.com/gingerhot/haskell-base/dbd1c3f0cf64e8c76c945530a805f7637dcdf777/testsuite/tests/backpack/cabal/bkpcabal01/q/I.hsig
https://raw.githubusercontent.com/gingerhot/haskell-base/dbd1c3f0cf64e8c76c945530a805f7637dcdf777/testsuite/tests/backpack/cabal/bkpcabal02/q/H.hsig
https://raw.githubusercontent.com/gingerhot/haskell-base/dbd1c3f0cf64e8c76c945530a805f7637dcdf777/testsuite/tests/backpack/cabal/bkpcabal03/asig1/A.hsig
https://raw.githubusercontent.com/gingerhot/haskell-base/dbd1c3f0cf64e8c76c945530a805f7637dcdf777/testsuite/tests/backpack/cabal/bkpcabal03/asig2/A.hsig
https://raw.githubusercontent.com/gingerhot/haskell-base/dbd1c3f0cf64e8c76c945530a805f7637dcdf777/testsuite/tests/backpack/cabal/bkpcabal04/p/A.hsig
https://raw.githubusercontent.com/gingerhot/haskell-base/dbd1c3f0cf64e8c76c945530a805f7637dcdf777/testsuite/tests/backpack/cabal/bkpcabal06/sig/P.hsig
https://raw.githubusercontent.com/gingerhot/haskell-base/dbd1c3f0cf64e8c76c945530a805f7637dcdf777/testsuite/tests/backpack/cabal/bkpcabal07/P.hsig
https://raw.githubusercontent.com/gingerhot/haskell-base/dbd1c3f0cf64e8c76c945530a805f7637dcdf777/testsuite/tests/cabal/sigcabal01/p/Map.hsig
https://raw.githubusercontent.com/gingerhot/haskell-base/dbd1c3f0cf64e8c76c945530a805f7637dcdf777/testsuite/tests/driver/dynamicToo/dynamicToo005/A005.hsig
https://raw.githubusercontent.com/gingerhot/haskell-base/dbd1c3f0cf64e8c76c945530a805f7637dcdf777/testsuite/tests/driver/T12955.hsig
https://raw.githubusercontent.com/gjz010/ghc/a0cab873b592290b2b389f88069ee03a89f32291/testsuite/tests/backpack/cabal/bkpcabal01/p/H.hsig
https://raw.githubusercontent.com/gjz010/ghc/a0cab873b592290b2b389f88069ee03a89f32291/testsuite/tests/backpack/cabal/bkpcabal01/q/I.hsig
https://raw.githubusercontent.com/gjz010/ghc/a0cab873b592290b2b389f88069ee03a89f32291/testsuite/tests/backpack/cabal/bkpcabal02/q/H.hsig
https://raw.githubusercontent.com/gjz010/ghc/a0cab873b592290b2b389f88069ee03a89f32291/testsuite/tests/backpack/cabal/bkpcabal03/asig1/A.hsig
https://raw.githubusercontent.com/gjz010/ghc/a0cab873b592290b2b389f88069ee03a89f32291/testsuite/tests/backpack/cabal/bkpcabal03/asig2/A.hsig
https://raw.githubusercontent.com/gjz010/ghc/a0cab873b592290b2b389f88069ee03a89f32291/testsuite/tests/backpack/cabal/bkpcabal04/p/A.hsig
https://raw.githubusercontent.com/gjz010/ghc/a0cab873b592290b2b389f88069ee03a89f32291/testsuite/tests/backpack/cabal/bkpcabal06/sig/P.hsig
https://raw.githubusercontent.com/gjz010/ghc/a0cab873b592290b2b389f88069ee03a89f32291/testsuite/tests/backpack/cabal/bkpcabal07/P.hsig
https://raw.githubusercontent.com/gjz010/ghc/a0cab873b592290b2b389f88069ee03a89f32291/testsuite/tests/backpack/cabal/T14304/indef/Sig.hsig
https://raw.githubusercontent.com/gjz010/ghc/a0cab873b592290b2b389f88069ee03a89f32291/testsuite/tests/backpack/cabal/T15594/Sig.hsig
https://raw.githubusercontent.com/gjz010/ghc/a0cab873b592290b2b389f88069ee03a89f32291/testsuite/tests/backpack/cabal/T16219/library-a/A/Sig.hsig
https://raw.githubusercontent.com/gjz010/ghc/a0cab873b592290b2b389f88069ee03a89f32291/testsuite/tests/cabal/sigcabal01/p/Map.hsig
https://raw.githubusercontent.com/gjz010/ghc/a0cab873b592290b2b389f88069ee03a89f32291/testsuite/tests/driver/dynamicToo/dynamicToo005/A005.hsig
https://raw.githubusercontent.com/gjz010/ghc/a0cab873b592290b2b389f88069ee03a89f32291/testsuite/tests/driver/T12955.hsig
https://raw.githubusercontent.com/graham-at-target/ghc/b6c7aebc5bf8164e7b27489bb8cf2ba7811b6d7b/testsuite/tests/backpack/cabal/bkpcabal01/p/H.hsig
https://raw.githubusercontent.com/graham-at-target/ghc/b6c7aebc5bf8164e7b27489bb8cf2ba7811b6d7b/testsuite/tests/backpack/cabal/bkpcabal01/q/I.hsig
https://raw.githubusercontent.com/graham-at-target/ghc/b6c7aebc5bf8164e7b27489bb8cf2ba7811b6d7b/testsuite/tests/backpack/cabal/bkpcabal02/q/H.hsig
https://raw.githubusercontent.com/graham-at-target/ghc/b6c7aebc5bf8164e7b27489bb8cf2ba7811b6d7b/testsuite/tests/backpack/cabal/bkpcabal03/asig1/A.hsig
https://raw.githubusercontent.com/graham-at-target/ghc/b6c7aebc5bf8164e7b27489bb8cf2ba7811b6d7b/testsuite/tests/backpack/cabal/bkpcabal03/asig2/A.hsig
https://raw.githubusercontent.com/graham-at-target/ghc/b6c7aebc5bf8164e7b27489bb8cf2ba7811b6d7b/testsuite/tests/backpack/cabal/bkpcabal04/p/A.hsig
https://raw.githubusercontent.com/graham-at-target/ghc/b6c7aebc5bf8164e7b27489bb8cf2ba7811b6d7b/testsuite/tests/backpack/cabal/bkpcabal06/sig/P.hsig
https://raw.githubusercontent.com/graham-at-target/ghc/b6c7aebc5bf8164e7b27489bb8cf2ba7811b6d7b/testsuite/tests/backpack/cabal/bkpcabal07/P.hsig
https://raw.githubusercontent.com/graham-at-target/ghc/b6c7aebc5bf8164e7b27489bb8cf2ba7811b6d7b/testsuite/tests/backpack/cabal/T14304/indef/Sig.hsig
https://raw.githubusercontent.com/graham-at-target/ghc/b6c7aebc5bf8164e7b27489bb8cf2ba7811b6d7b/testsuite/tests/cabal/sigcabal01/p/Map.hsig
https://raw.githubusercontent.com/graham-at-target/ghc/b6c7aebc5bf8164e7b27489bb8cf2ba7811b6d7b/testsuite/tests/driver/dynamicToo/dynamicToo005/A005.hsig
https://raw.githubusercontent.com/graham-at-target/ghc/b6c7aebc5bf8164e7b27489bb8cf2ba7811b6d7b/testsuite/tests/driver/T12955.hsig
https://raw.githubusercontent.com/grin-compiler/ghc-grin/69c1cfe2cb000faf3b6269e0316f5887e4c4419f/ghc-8.6.2/libraries/Cabal/cabal-testsuite/PackageTests/Backpack/Fail3/UnfilledSig.hsig
https://raw.githubusercontent.com/grin-compiler/ghc-grin/69c1cfe2cb000faf3b6269e0316f5887e4c4419f/ghc-8.6.2/libraries/Cabal/cabal-testsuite/PackageTests/Backpack/Includes2/mylib/Database.hsig
https://raw.githubusercontent.com/grin-compiler/ghc-grin/69c1cfe2cb000faf3b6269e0316f5887e4c4419f/ghc-8.6.2/libraries/Cabal/cabal-testsuite/PackageTests/Backpack/Includes3/sigs/Data/Map.hsig
https://raw.githubusercontent.com/grin-compiler/ghc-grin/69c1cfe2cb000faf3b6269e0316f5887e4c4419f/ghc-8.6.2/libraries/Cabal/cabal-testsuite/PackageTests/Backpack/Includes4/indef/A.hsig
https://raw.githubusercontent.com/grin-compiler/ghc-grin/69c1cfe2cb000faf3b6269e0316f5887e4c4419f/ghc-8.6.2/libraries/Cabal/cabal-testsuite/PackageTests/Backpack/Includes4/indef/B.hsig
https://raw.githubusercontent.com/grin-compiler/ghc-grin/69c1cfe2cb000faf3b6269e0316f5887e4c4419f/ghc-8.6.2/libraries/Cabal/cabal-testsuite/PackageTests/Backpack/Includes4/indef/Rec.hsig
https://raw.githubusercontent.com/grin-compiler/ghc-grin/69c1cfe2cb000faf3b6269e0316f5887e4c4419f/ghc-8.6.2/libraries/Cabal/cabal-testsuite/PackageTests/Backpack/Indef1/Map.hsig
https://raw.githubusercontent.com/grin-compiler/ghc-grin/69c1cfe2cb000faf3b6269e0316f5887e4c4419f/ghc-8.6.2/libraries/Cabal/cabal-testsuite/PackageTests/Backpack/Reexport2/Asdf.hsig
https://raw.githubusercontent.com/grin-compiler/ghc-grin/69c1cfe2cb000faf3b6269e0316f5887e4c4419f/ghc-8.6.2/libraries/Cabal/cabal-testsuite/PackageTests/Backpack/T4447/foo-indef/A.hsig
https://raw.githubusercontent.com/grin-compiler/ghc-grin/69c1cfe2cb000faf3b6269e0316f5887e4c4419f/ghc-8.6.2/libraries/Cabal/cabal-testsuite/PackageTests/Backpack/T4754/Sig.hsig
https://raw.githubusercontent.com/grin-compiler/ghc-grin/69c1cfe2cb000faf3b6269e0316f5887e4c4419f/ghc-8.6.2/libraries/Cabal/cabal-testsuite/PackageTests/Backpack/TemplateHaskell/A.hsig
https://raw.githubusercontent.com/Guang1234567/ghc-8.6.5-release/cd43e9e9dcd4c9d0b36434954082326b377968b4/testsuite/tests/backpack/cabal/bkpcabal01/p/H.hsig
https://raw.githubusercontent.com/Guang1234567/ghc-8.6.5-release/cd43e9e9dcd4c9d0b36434954082326b377968b4/testsuite/tests/backpack/cabal/bkpcabal01/q/I.hsig
https://raw.githubusercontent.com/Guang1234567/ghc-8.6.5-release/cd43e9e9dcd4c9d0b36434954082326b377968b4/testsuite/tests/backpack/cabal/bkpcabal02/q/H.hsig
https://raw.githubusercontent.com/Guang1234567/ghc-8.6.5-release/cd43e9e9dcd4c9d0b36434954082326b377968b4/testsuite/tests/backpack/cabal/bkpcabal03/asig1/A.hsig
https://raw.githubusercontent.com/Guang1234567/ghc-8.6.5-release/cd43e9e9dcd4c9d0b36434954082326b377968b4/testsuite/tests/backpack/cabal/bkpcabal03/asig2/A.hsig
https://raw.githubusercontent.com/Guang1234567/ghc-8.6.5-release/cd43e9e9dcd4c9d0b36434954082326b377968b4/testsuite/tests/backpack/cabal/bkpcabal04/p/A.hsig
https://raw.githubusercontent.com/Guang1234567/ghc-8.6.5-release/cd43e9e9dcd4c9d0b36434954082326b377968b4/testsuite/tests/backpack/cabal/bkpcabal06/sig/P.hsig
https://raw.githubusercontent.com/Guang1234567/ghc-8.6.5-release/cd43e9e9dcd4c9d0b36434954082326b377968b4/testsuite/tests/backpack/cabal/bkpcabal07/P.hsig
https://raw.githubusercontent.com/Guang1234567/ghc-8.6.5-release/cd43e9e9dcd4c9d0b36434954082326b377968b4/testsuite/tests/backpack/cabal/T14304/indef/Sig.hsig
https://raw.githubusercontent.com/Guang1234567/ghc-8.6.5-release/cd43e9e9dcd4c9d0b36434954082326b377968b4/testsuite/tests/backpack/cabal/T16219/library-a/A/Sig.hsig
https://raw.githubusercontent.com/Guang1234567/ghc-8.6.5-release/cd43e9e9dcd4c9d0b36434954082326b377968b4/testsuite/tests/cabal/sigcabal01/p/Map.hsig
https://raw.githubusercontent.com/Guang1234567/ghc-8.6.5-release/cd43e9e9dcd4c9d0b36434954082326b377968b4/testsuite/tests/driver/dynamicToo/dynamicToo005/A005.hsig
https://raw.githubusercontent.com/Guang1234567/ghc-8.6.5-release/cd43e9e9dcd4c9d0b36434954082326b377968b4/testsuite/tests/driver/T12955.hsig
https://raw.githubusercontent.com/Guang1234567/ghc-cross-compiler-for-android/0d80a6f40ac79d86e9b7c2ad08eba8a405d0526e/testsuite/tests/backpack/cabal/bkpcabal01/p/H.hsig
https://raw.githubusercontent.com/Guang1234567/ghc-cross-compiler-for-android/0d80a6f40ac79d86e9b7c2ad08eba8a405d0526e/testsuite/tests/backpack/cabal/bkpcabal01/q/I.hsig
https://raw.githubusercontent.com/Guang1234567/ghc-cross-compiler-for-android/0d80a6f40ac79d86e9b7c2ad08eba8a405d0526e/testsuite/tests/backpack/cabal/bkpcabal02/q/H.hsig
https://raw.githubusercontent.com/Guang1234567/ghc-cross-compiler-for-android/0d80a6f40ac79d86e9b7c2ad08eba8a405d0526e/testsuite/tests/backpack/cabal/bkpcabal03/asig1/A.hsig
https://raw.githubusercontent.com/Guang1234567/ghc-cross-compiler-for-android/0d80a6f40ac79d86e9b7c2ad08eba8a405d0526e/testsuite/tests/backpack/cabal/bkpcabal03/asig2/A.hsig
https://raw.githubusercontent.com/Guang1234567/ghc-cross-compiler-for-android/0d80a6f40ac79d86e9b7c2ad08eba8a405d0526e/testsuite/tests/backpack/cabal/bkpcabal04/p/A.hsig
https://raw.githubusercontent.com/Guang1234567/ghc-cross-compiler-for-android/0d80a6f40ac79d86e9b7c2ad08eba8a405d0526e/testsuite/tests/backpack/cabal/bkpcabal06/sig/P.hsig
https://raw.githubusercontent.com/Guang1234567/ghc-cross-compiler-for-android/0d80a6f40ac79d86e9b7c2ad08eba8a405d0526e/testsuite/tests/backpack/cabal/bkpcabal07/P.hsig
https://raw.githubusercontent.com/Guang1234567/ghc-cross-compiler-for-android/0d80a6f40ac79d86e9b7c2ad08eba8a405d0526e/testsuite/tests/backpack/cabal/T14304/indef/Sig.hsig
https://raw.githubusercontent.com/Guang1234567/ghc-cross-compiler-for-android/0d80a6f40ac79d86e9b7c2ad08eba8a405d0526e/testsuite/tests/backpack/cabal/T16219/library-a/A/Sig.hsig
https://raw.githubusercontent.com/Guang1234567/ghc-cross-compiler-for-android/0d80a6f40ac79d86e9b7c2ad08eba8a405d0526e/testsuite/tests/cabal/sigcabal01/p/Map.hsig
https://raw.githubusercontent.com/Guang1234567/ghc-cross-compiler-for-android/0d80a6f40ac79d86e9b7c2ad08eba8a405d0526e/testsuite/tests/driver/dynamicToo/dynamicToo005/A005.hsig
https://raw.githubusercontent.com/Guang1234567/ghc-cross-compiler-for-android/0d80a6f40ac79d86e9b7c2ad08eba8a405d0526e/testsuite/tests/driver/T12955.hsig
https://raw.githubusercontent.com/haskell-backpack/backpack-str/18c070d3b434593446f20d4206f0b607385a8acf/str-sig/Str.hsig
https://raw.githubusercontent.com/haskell-backpack/backpack-str/18c070d3b434593446f20d4206f0b607385a8acf/str-tests-compare/AStr.hsig
https://raw.githubusercontent.com/haskell-backpack/backpack-str/18c070d3b434593446f20d4206f0b607385a8acf/str-tests-compare/BStr.hsig
https://raw.githubusercontent.com/haskell-backpack/backpack-str/18c070d3b434593446f20d4206f0b607385a8acf/str-tests-compare/Instances.hsig
https://raw.githubusercontent.com/haskell-backpack/backpack-str/18c070d3b434593446f20d4206f0b607385a8acf/str-undefined/Str.hsig
https://raw.githubusercontent.com/haskell/cabal/0c9792076b30257ff638bf6dd5a13b77ec7b22be/cabal-testsuite/PackageTests/Backpack/Fail3/UnfilledSig.hsig
https://raw.githubusercontent.com/haskell/cabal/0c9792076b30257ff638bf6dd5a13b77ec7b22be/cabal-testsuite/PackageTests/Backpack/Includes2/mylib/Database.hsig
https://raw.githubusercontent.com/haskell/cabal/0c9792076b30257ff638bf6dd5a13b77ec7b22be/cabal-testsuite/PackageTests/Backpack/Includes3/sigs/Data/Map.hsig
https://raw.githubusercontent.com/haskell/cabal/0c9792076b30257ff638bf6dd5a13b77ec7b22be/cabal-testsuite/PackageTests/Backpack/Includes4/indef/A.hsig
https://raw.githubusercontent.com/haskell/cabal/0c9792076b30257ff638bf6dd5a13b77ec7b22be/cabal-testsuite/PackageTests/Backpack/Includes4/indef/B.hsig
https://raw.githubusercontent.com/haskell/cabal/0c9792076b30257ff638bf6dd5a13b77ec7b22be/cabal-testsuite/PackageTests/Backpack/Includes4/indef/Rec.hsig
https://raw.githubusercontent.com/haskell/cabal/0c9792076b30257ff638bf6dd5a13b77ec7b22be/cabal-testsuite/PackageTests/Backpack/Indef1/Map.hsig
https://raw.githubusercontent.com/haskell/cabal/0c9792076b30257ff638bf6dd5a13b77ec7b22be/cabal-testsuite/PackageTests/Backpack/Reexport2/Asdf.hsig
https://raw.githubusercontent.com/haskell/cabal/0c9792076b30257ff638bf6dd5a13b77ec7b22be/cabal-testsuite/PackageTests/Backpack/T4447/foo-indef/A.hsig
https://raw.githubusercontent.com/haskell/cabal/0c9792076b30257ff638bf6dd5a13b77ec7b22be/cabal-testsuite/PackageTests/Backpack/T4754/Sig.hsig
https://raw.githubusercontent.com/haskell/cabal/0c9792076b30257ff638bf6dd5a13b77ec7b22be/cabal-testsuite/PackageTests/Backpack/TemplateHaskell/A.hsig
https://raw.githubusercontent.com/haskell/cabal/14ebc936e749d7683584114de914d17a8b6df7a8/cabal-testsuite/PackageTests/Backpack/T5634/sig-with-th/Sig.hsig
https://raw.githubusercontent.com/haskell/cabal/14ebc936e749d7683584114de914d17a8b6df7a8/cabal-testsuite/PackageTests/Backpack/T5634/Unused.hsig
https://raw.githubusercontent.com/haskell/cabal/e23d8d1bccd593505483580b47d0593a42b37674/cabal-testsuite/PackageTests/Backpack/bkpcabal01/p/H.hsig
https://raw.githubusercontent.com/haskell/cabal/e23d8d1bccd593505483580b47d0593a42b37674/cabal-testsuite/PackageTests/Backpack/bkpcabal01/q/I.hsig
https://raw.githubusercontent.com/haskell/cabal/f2c3025aeeb56213b736f658a5f688831d94037d/cabal-testsuite/PackageTests/Regression/T5677/sig/Sig.hsig
https://raw.githubusercontent.com/hasktorch/backpack-example/5e76a77d1ca107e65f1cc7b9213dcfa347c888f0/raw-signatures/src/TensorCopy.hsig
https://raw.githubusercontent.com/hsyl20/ghc/99adcc8804e91161b35ff1d0e5f718d18fcaa66a/testsuite/tests/backpack/cabal/bkpcabal01/p/H.hsig
https://raw.githubusercontent.com/hsyl20/ghc/99adcc8804e91161b35ff1d0e5f718d18fcaa66a/testsuite/tests/backpack/cabal/bkpcabal01/q/I.hsig
https://raw.githubusercontent.com/hsyl20/ghc/99adcc8804e91161b35ff1d0e5f718d18fcaa66a/testsuite/tests/backpack/cabal/bkpcabal02/q/H.hsig
https://raw.githubusercontent.com/hsyl20/ghc/99adcc8804e91161b35ff1d0e5f718d18fcaa66a/testsuite/tests/backpack/cabal/bkpcabal03/asig1/A.hsig
https://raw.githubusercontent.com/hsyl20/ghc/99adcc8804e91161b35ff1d0e5f718d18fcaa66a/testsuite/tests/backpack/cabal/bkpcabal03/asig2/A.hsig
https://raw.githubusercontent.com/hsyl20/ghc/99adcc8804e91161b35ff1d0e5f718d18fcaa66a/testsuite/tests/backpack/cabal/bkpcabal04/p/A.hsig
https://raw.githubusercontent.com/hsyl20/ghc/99adcc8804e91161b35ff1d0e5f718d18fcaa66a/testsuite/tests/backpack/cabal/bkpcabal06/sig/P.hsig
https://raw.githubusercontent.com/hsyl20/ghc/99adcc8804e91161b35ff1d0e5f718d18fcaa66a/testsuite/tests/backpack/cabal/bkpcabal07/P.hsig
https://raw.githubusercontent.com/hsyl20/ghc/99adcc8804e91161b35ff1d0e5f718d18fcaa66a/testsuite/tests/cabal/sigcabal01/p/Map.hsig
https://raw.githubusercontent.com/hsyl20/ghc/99adcc8804e91161b35ff1d0e5f718d18fcaa66a/testsuite/tests/driver/dynamicToo/dynamicToo005/A005.hsig
https://raw.githubusercontent.com/hsyl20/ghc/99adcc8804e91161b35ff1d0e5f718d18fcaa66a/testsuite/tests/driver/T12955.hsig
https://raw.githubusercontent.com/idontgetoutmuch/gcc-redux/47509230f3539bc4a9a0322233772c923ad4b380/testsuite/tests/backpack/cabal/bkpcabal01/p/H.hsig
https://raw.githubusercontent.com/idontgetoutmuch/gcc-redux/47509230f3539bc4a9a0322233772c923ad4b380/testsuite/tests/backpack/cabal/bkpcabal01/q/I.hsig
https://raw.githubusercontent.com/idontgetoutmuch/gcc-redux/47509230f3539bc4a9a0322233772c923ad4b380/testsuite/tests/backpack/cabal/bkpcabal02/q/H.hsig
https://raw.githubusercontent.com/idontgetoutmuch/gcc-redux/47509230f3539bc4a9a0322233772c923ad4b380/testsuite/tests/backpack/cabal/bkpcabal03/asig1/A.hsig
https://raw.githubusercontent.com/idontgetoutmuch/gcc-redux/47509230f3539bc4a9a0322233772c923ad4b380/testsuite/tests/backpack/cabal/bkpcabal03/asig2/A.hsig
https://raw.githubusercontent.com/idontgetoutmuch/gcc-redux/47509230f3539bc4a9a0322233772c923ad4b380/testsuite/tests/backpack/cabal/bkpcabal04/p/A.hsig
https://raw.githubusercontent.com/idontgetoutmuch/gcc-redux/47509230f3539bc4a9a0322233772c923ad4b380/testsuite/tests/cabal/sigcabal01/p/Map.hsig
https://raw.githubusercontent.com/idontgetoutmuch/gcc-redux/47509230f3539bc4a9a0322233772c923ad4b380/testsuite/tests/driver/dynamicToo/dynamicToo005/A005.hsig
https://raw.githubusercontent.com/idontgetoutmuch/gcc-redux/47509230f3539bc4a9a0322233772c923ad4b380/testsuite/tests/driver/T12955.hsig
https://raw.githubusercontent.com/ipfs-haskell/multiformats/b65db927a64ab8d9e83ac510290ce2249bda4d19/multibase-indef/src/Str.hsig
https://raw.githubusercontent.com/Jonathas-Conceicao/ghc-transactional-boosting/af893b19749b0dbbbb840d1155bae16900aa5a28/testsuite/tests/cabal/sigcabal01/p/Map.hsig
https://raw.githubusercontent.com/Jonathas-Conceicao/ghc-transactional-boosting/af893b19749b0dbbbb840d1155bae16900aa5a28/testsuite/tests/driver/dynamicToo/dynamicToo005/A005.hsig
https://raw.githubusercontent.com/Jonathas-Conceicao/ghc-transactional-boosting/af893b19749b0dbbbb840d1155bae16900aa5a28/testsuite/tests/driver/dynamicToo/dynamicToo006/A.hsig
https://raw.githubusercontent.com/Jonathas-Conceicao/ghc-transactional-boosting/af893b19749b0dbbbb840d1155bae16900aa5a28/testsuite/tests/driver/sigof01/B.hsig
https://raw.githubusercontent.com/Jonathas-Conceicao/ghc-transactional-boosting/af893b19749b0dbbbb840d1155bae16900aa5a28/testsuite/tests/driver/sigof02/Map.hsig
https://raw.githubusercontent.com/Jonathas-Conceicao/ghc-transactional-boosting/af893b19749b0dbbbb840d1155bae16900aa5a28/testsuite/tests/driver/sigof02/MapAsSet.hsig
https://raw.githubusercontent.com/Jonathas-Conceicao/ghc-transactional-boosting/af893b19749b0dbbbb840d1155bae16900aa5a28/testsuite/tests/driver/sigof03/ASig1.hsig
https://raw.githubusercontent.com/Jonathas-Conceicao/ghc-transactional-boosting/af893b19749b0dbbbb840d1155bae16900aa5a28/testsuite/tests/driver/sigof03/ASig2.hsig
https://raw.githubusercontent.com/Jonathas-Conceicao/ghc-transactional-boosting/af893b19749b0dbbbb840d1155bae16900aa5a28/testsuite/tests/driver/sigof04/Sig.hsig
https://raw.githubusercontent.com/Jonathas-Conceicao/ghc-transactional-boosting/af893b19749b0dbbbb840d1155bae16900aa5a28/testsuite/tests/typecheck/should_compile/tc264.hsig
https://raw.githubusercontent.com/Jonathas-Conceicao/ghc-transactional-boosting/af893b19749b0dbbbb840d1155bae16900aa5a28/testsuite/tests/typecheck/should_fail/tcfail219.hsig
https://raw.githubusercontent.com/Jonathas-Conceicao/ghc-transactional-boosting/af893b19749b0dbbbb840d1155bae16900aa5a28/testsuite/tests/typecheck/should_fail/tcfail220.hsig
https://raw.githubusercontent.com/Jonathas-Conceicao/ghc-transactional-boosting/af893b19749b0dbbbb840d1155bae16900aa5a28/testsuite/tests/typecheck/should_fail/tcfail221.hsig
https://raw.githubusercontent.com/Jonathas-Conceicao/ghc-transactional-boosting/af893b19749b0dbbbb840d1155bae16900aa5a28/testsuite/tests/typecheck/should_fail/tcfail222.hsig
https://raw.githubusercontent.com/justinlynn/ghc/d6ae40d502a7335900af4df5ccf6986f958908b8/testsuite/tests/backpack/cabal/bkpcabal01/p/H.hsig
https://raw.githubusercontent.com/justinlynn/ghc/d6ae40d502a7335900af4df5ccf6986f958908b8/testsuite/tests/backpack/cabal/bkpcabal01/q/I.hsig
https://raw.githubusercontent.com/justinlynn/ghc/d6ae40d502a7335900af4df5ccf6986f958908b8/testsuite/tests/backpack/cabal/bkpcabal02/q/H.hsig
https://raw.githubusercontent.com/justinlynn/ghc/d6ae40d502a7335900af4df5ccf6986f958908b8/testsuite/tests/backpack/cabal/bkpcabal03/asig1/A.hsig
https://raw.githubusercontent.com/justinlynn/ghc/d6ae40d502a7335900af4df5ccf6986f958908b8/testsuite/tests/backpack/cabal/bkpcabal03/asig2/A.hsig
https://raw.githubusercontent.com/justinlynn/ghc/d6ae40d502a7335900af4df5ccf6986f958908b8/testsuite/tests/backpack/cabal/bkpcabal04/p/A.hsig
https://raw.githubusercontent.com/justinlynn/ghc/d6ae40d502a7335900af4df5ccf6986f958908b8/testsuite/tests/backpack/cabal/bkpcabal06/sig/P.hsig
https://raw.githubusercontent.com/justinlynn/ghc/d6ae40d502a7335900af4df5ccf6986f958908b8/testsuite/tests/backpack/cabal/bkpcabal07/P.hsig
https://raw.githubusercontent.com/justinlynn/ghc/d6ae40d502a7335900af4df5ccf6986f958908b8/testsuite/tests/backpack/cabal/T14304/indef/Sig.hsig
https://raw.githubusercontent.com/justinlynn/ghc/d6ae40d502a7335900af4df5ccf6986f958908b8/testsuite/tests/backpack/cabal/T15594/Sig.hsig
https://raw.githubusercontent.com/justinlynn/ghc/d6ae40d502a7335900af4df5ccf6986f958908b8/testsuite/tests/cabal/sigcabal01/p/Map.hsig
https://raw.githubusercontent.com/justinlynn/ghc/d6ae40d502a7335900af4df5ccf6986f958908b8/testsuite/tests/driver/dynamicToo/dynamicToo005/A005.hsig
https://raw.githubusercontent.com/justinlynn/ghc/d6ae40d502a7335900af4df5ccf6986f958908b8/testsuite/tests/driver/T12955.hsig
https://raw.githubusercontent.com/JustusAdam/language-haskell/54641bc49b244dd463a7f34fdc2ed944cee454f6/test/syntax-examples/backpack.hsig
https://raw.githubusercontent.com/kcsongor/lens-backpack/01d438fcc1ab10119ef4fa11e22997072e8fe9aa/lens-indef/Lens.hsig
https://raw.githubusercontent.com/konn/backpack-seq/9730178c5425fcbcf128d5f9360f022b175336e6/seq-sig/src/Data/Sequential.hsig
https://raw.githubusercontent.com/konn/backpack-seq/9730178c5425fcbcf128d5f9360f022b175336e6/sized-seq/src/Data/Sequential.hsig
https://raw.githubusercontent.com/konn/backpack-typenats/ae54f63082e5ab02aa898f16e38f676a35e73b67/typenats-sig/src/Type/Natural.hsig
https://raw.githubusercontent.com/kowainik/containers-backpack/3bbd0ccd753652e0508cbc3fe7e08a22d1cc968a/containers-sig/src/Map.hsig
https://raw.githubusercontent.com/kowainik/containers-backpack/f47ef4e006546ae0702ee97b8a7575b9bc83115f/containers-sig-readonly/src/Map.hsig
https://raw.githubusercontent.com/lawrencebell/optics-regexp/c54ce06d37aaddd9d09a944ab060e6e5e1b4cee7/aux-skeleton/Aux/StrMat.hsig
https://raw.githubusercontent.com/lawrencebell/optics-regexp/c54ce06d37aaddd9d09a944ab060e6e5e1b4cee7/lib-skeleton/StrBldr.hsig
https://raw.githubusercontent.com/leonschoorl/ghc/ade90f3c71e5e18d86585460c97a3cb5a2f865bf/testsuite/tests/backpack/cabal/bkpcabal01/p/H.hsig
https://raw.githubusercontent.com/leonschoorl/ghc/ade90f3c71e5e18d86585460c97a3cb5a2f865bf/testsuite/tests/backpack/cabal/bkpcabal01/q/I.hsig
https://raw.githubusercontent.com/leonschoorl/ghc/ade90f3c71e5e18d86585460c97a3cb5a2f865bf/testsuite/tests/backpack/cabal/bkpcabal02/q/H.hsig
https://raw.githubusercontent.com/leonschoorl/ghc/ade90f3c71e5e18d86585460c97a3cb5a2f865bf/testsuite/tests/backpack/cabal/bkpcabal03/asig1/A.hsig
https://raw.githubusercontent.com/leonschoorl/ghc/ade90f3c71e5e18d86585460c97a3cb5a2f865bf/testsuite/tests/backpack/cabal/bkpcabal03/asig2/A.hsig
https://raw.githubusercontent.com/leonschoorl/ghc/ade90f3c71e5e18d86585460c97a3cb5a2f865bf/testsuite/tests/backpack/cabal/bkpcabal04/p/A.hsig
https://raw.githubusercontent.com/leonschoorl/ghc/ade90f3c71e5e18d86585460c97a3cb5a2f865bf/testsuite/tests/backpack/cabal/bkpcabal06/sig/P.hsig
https://raw.githubusercontent.com/leonschoorl/ghc/ade90f3c71e5e18d86585460c97a3cb5a2f865bf/testsuite/tests/backpack/cabal/bkpcabal07/P.hsig
https://raw.githubusercontent.com/leonschoorl/ghc/ade90f3c71e5e18d86585460c97a3cb5a2f865bf/testsuite/tests/backpack/cabal/T14304/indef/Sig.hsig
https://raw.githubusercontent.com/leonschoorl/ghc/ade90f3c71e5e18d86585460c97a3cb5a2f865bf/testsuite/tests/cabal/sigcabal01/p/Map.hsig
https://raw.githubusercontent.com/leonschoorl/ghc/ade90f3c71e5e18d86585460c97a3cb5a2f865bf/testsuite/tests/driver/dynamicToo/dynamicToo005/A005.hsig
https://raw.githubusercontent.com/leonschoorl/ghc/ade90f3c71e5e18d86585460c97a3cb5a2f865bf/testsuite/tests/driver/T12955.hsig
https://raw.githubusercontent.com/leroux/ghc/3222b7ae347be092bdd414f7b43bee18861b0e1e/testsuite/tests/driver/sigof01/B.hsig
https://raw.githubusercontent.com/leroux/ghc/3222b7ae347be092bdd414f7b43bee18861b0e1e/testsuite/tests/driver/sigof02/Map.hsig
https://raw.githubusercontent.com/leroux/ghc/3222b7ae347be092bdd414f7b43bee18861b0e1e/testsuite/tests/driver/sigof02/MapAsSet.hsig
https://raw.githubusercontent.com/leroux/ghc/3222b7ae347be092bdd414f7b43bee18861b0e1e/testsuite/tests/driver/sigof03/ASig1.hsig
https://raw.githubusercontent.com/leroux/ghc/3222b7ae347be092bdd414f7b43bee18861b0e1e/testsuite/tests/driver/sigof03/ASig2.hsig
https://raw.githubusercontent.com/leroux/ghc/3222b7ae347be092bdd414f7b43bee18861b0e1e/testsuite/tests/driver/sigof04/Sig.hsig
https://raw.githubusercontent.com/leroux/ghc/3222b7ae347be092bdd414f7b43bee18861b0e1e/testsuite/tests/typecheck/should_compile/tc264.hsig
https://raw.githubusercontent.com/leroux/ghc/3222b7ae347be092bdd414f7b43bee18861b0e1e/testsuite/tests/typecheck/should_fail/tcfail219.hsig
https://raw.githubusercontent.com/leroux/ghc/3222b7ae347be092bdd414f7b43bee18861b0e1e/testsuite/tests/typecheck/should_fail/tcfail220.hsig
https://raw.githubusercontent.com/leroux/ghc/3222b7ae347be092bdd414f7b43bee18861b0e1e/testsuite/tests/typecheck/should_fail/tcfail221.hsig
https://raw.githubusercontent.com/leroux/ghc/3222b7ae347be092bdd414f7b43bee18861b0e1e/testsuite/tests/typecheck/should_fail/tcfail222.hsig
https://raw.githubusercontent.com/LightAndLight/backpack-test/f4b9e610bb9470c84c0c6ee49d9387a43f81a507/library-a/A/Sig.hsig
https://raw.githubusercontent.com/LightAndLight/classy-lc/5cbf5bc4cf52c0fce75de53970aa0b6e75c6ef4b/lambda-abs-debruijn-sig/Lambda/Abs/Debruijn/Indef.hsig
https://raw.githubusercontent.com/LightAndLight/classy-lc/5cbf5bc4cf52c0fce75de53970aa0b6e75c6ef4b/lambda-abs-named-sig/Lambda/Abs/Named/Indef.hsig
https://raw.githubusercontent.com/LightAndLight/classy-lc/5cbf5bc4cf52c0fce75de53970aa0b6e75c6ef4b/lambda-app-sig/Lambda/App/Indef.hsig
https://raw.githubusercontent.com/LightAndLight/classy-lc/5cbf5bc4cf52c0fce75de53970aa0b6e75c6ef4b/lambda-term-sig/Lambda/Term/Indef.hsig
https://raw.githubusercontent.com/LightAndLight/classy-lc/5cbf5bc4cf52c0fce75de53970aa0b6e75c6ef4b/lambda-var-sig/Lambda/Var/Indef.hsig
https://raw.githubusercontent.com/LightAndLight/eden/8b5168eb899d99c83dd46d03affae8b0dafd1480/eden-core/Eden/Core/AST.hsig
https://raw.githubusercontent.com/LightAndLight/eden/8b5168eb899d99c83dd46d03affae8b0dafd1480/eden-core/Eden/Core/Expr.hsig
https://raw.githubusercontent.com/LightAndLight/eden/8b5168eb899d99c83dd46d03affae8b0dafd1480/eden-core/Eden/Core/Expr/Printer.hsig
https://raw.githubusercontent.com/LightAndLight/eden/8b5168eb899d99c83dd46d03affae8b0dafd1480/eden-core/Eden/Core/Identifier.hsig
https://raw.githubusercontent.com/LightAndLight/eden/8b5168eb899d99c83dd46d03affae8b0dafd1480/eden-core/Eden/Core/Printer.hsig
https://raw.githubusercontent.com/LightAndLight/eden/8b5168eb899d99c83dd46d03affae8b0dafd1480/eden-core/Eden/Core/Program.hsig
https://raw.githubusercontent.com/LightAndLight/eden/8b5168eb899d99c83dd46d03affae8b0dafd1480/eden-core/Eden/Core/Program/Printer.hsig
https://raw.githubusercontent.com/LightAndLight/eden/8b5168eb899d99c83dd46d03affae8b0dafd1480/eden-core/Eden/Core/Statement.hsig
https://raw.githubusercontent.com/LightAndLight/eden/8b5168eb899d99c83dd46d03affae8b0dafd1480/eden-core/Eden/Core/Statement/Printer.hsig
https://raw.githubusercontent.com/LightAndLight/eden/8b5168eb899d99c83dd46d03affae8b0dafd1480/eden-lambda-calculus-indef/Eden/LambdaCalculus/Prisms.hsig
https://raw.githubusercontent.com/LightAndLight/haddock-backpack-issue/9536f40109f6ba182673b1afc3e3fb478c1928cd/internal-sig/B/Sig.hsig
https://raw.githubusercontent.com/LightAndLight/subst/d3d42f0f3aba29c9c8e37332242e1a30caecc747/subst/src/Language/Subst/Indef.hsig
https://raw.githubusercontent.com/liyili2/haskell-semantics/6f28e59df18973325826f60fc190811e0a3bb7f4/tests/backpack/cabal/bkpcabal01/p/H.hsig
https://raw.githubusercontent.com/liyili2/haskell-semantics/6f28e59df18973325826f60fc190811e0a3bb7f4/tests/backpack/cabal/bkpcabal01/q/I.hsig
https://raw.githubusercontent.com/liyili2/haskell-semantics/6f28e59df18973325826f60fc190811e0a3bb7f4/tests/backpack/cabal/bkpcabal02/q/H.hsig
https://raw.githubusercontent.com/liyili2/haskell-semantics/6f28e59df18973325826f60fc190811e0a3bb7f4/tests/backpack/cabal/bkpcabal03/asig1/A.hsig
https://raw.githubusercontent.com/liyili2/haskell-semantics/6f28e59df18973325826f60fc190811e0a3bb7f4/tests/backpack/cabal/bkpcabal03/asig2/A.hsig
https://raw.githubusercontent.com/liyili2/haskell-semantics/6f28e59df18973325826f60fc190811e0a3bb7f4/tests/backpack/cabal/bkpcabal04/p/A.hsig
https://raw.githubusercontent.com/liyili2/haskell-semantics/6f28e59df18973325826f60fc190811e0a3bb7f4/tests/backpack/cabal/bkpcabal06/sig/P.hsig
https://raw.githubusercontent.com/liyili2/haskell-semantics/6f28e59df18973325826f60fc190811e0a3bb7f4/tests/backpack/cabal/bkpcabal07/P.hsig
https://raw.githubusercontent.com/liyili2/haskell-semantics/6f28e59df18973325826f60fc190811e0a3bb7f4/tests/backpack/cabal/T14304/indef/Sig.hsig
https://raw.githubusercontent.com/liyili2/haskell-semantics/6f28e59df18973325826f60fc190811e0a3bb7f4/tests/cabal/sigcabal01/p/Map.hsig
https://raw.githubusercontent.com/liyili2/haskell-semantics/6f28e59df18973325826f60fc190811e0a3bb7f4/tests/driver/dynamicToo/dynamicToo005/A005.hsig
https://raw.githubusercontent.com/liyili2/haskell-semantics/6f28e59df18973325826f60fc190811e0a3bb7f4/tests/driver/T12955.hsig
https://raw.githubusercontent.com/lolotp/ghc/1bc30fefe95ef09d57dff62dc74492ae28a82710/testsuite/tests/backpack/cabal/bkpcabal01/p/H.hsig
https://raw.githubusercontent.com/lolotp/ghc/1bc30fefe95ef09d57dff62dc74492ae28a82710/testsuite/tests/backpack/cabal/bkpcabal01/q/I.hsig
https://raw.githubusercontent.com/lolotp/ghc/1bc30fefe95ef09d57dff62dc74492ae28a82710/testsuite/tests/backpack/cabal/bkpcabal02/q/H.hsig
https://raw.githubusercontent.com/lolotp/ghc/1bc30fefe95ef09d57dff62dc74492ae28a82710/testsuite/tests/backpack/cabal/bkpcabal03/asig1/A.hsig
https://raw.githubusercontent.com/lolotp/ghc/1bc30fefe95ef09d57dff62dc74492ae28a82710/testsuite/tests/backpack/cabal/bkpcabal03/asig2/A.hsig
https://raw.githubusercontent.com/lolotp/ghc/1bc30fefe95ef09d57dff62dc74492ae28a82710/testsuite/tests/backpack/cabal/bkpcabal04/p/A.hsig
https://raw.githubusercontent.com/lolotp/ghc/1bc30fefe95ef09d57dff62dc74492ae28a82710/testsuite/tests/backpack/cabal/bkpcabal06/sig/P.hsig
https://raw.githubusercontent.com/lolotp/ghc/1bc30fefe95ef09d57dff62dc74492ae28a82710/testsuite/tests/backpack/cabal/bkpcabal07/P.hsig
https://raw.githubusercontent.com/lolotp/ghc/1bc30fefe95ef09d57dff62dc74492ae28a82710/testsuite/tests/backpack/cabal/T14304/indef/Sig.hsig
https://raw.githubusercontent.com/lolotp/ghc/1bc30fefe95ef09d57dff62dc74492ae28a82710/testsuite/tests/cabal/sigcabal01/p/Map.hsig
https://raw.githubusercontent.com/lolotp/ghc/1bc30fefe95ef09d57dff62dc74492ae28a82710/testsuite/tests/driver/dynamicToo/dynamicToo005/A005.hsig
https://raw.githubusercontent.com/lolotp/ghc/1bc30fefe95ef09d57dff62dc74492ae28a82710/testsuite/tests/driver/T12955.hsig
https://raw.githubusercontent.com/mgattozzi/ghc-static-8.2.2/f69b670f25a68b6182a7d8eebfe3c58883878250/libraries/Cabal/cabal-testsuite/PackageTests/Backpack/Fail3/UnfilledSig.hsig
https://raw.githubusercontent.com/mgattozzi/ghc-static-8.2.2/f69b670f25a68b6182a7d8eebfe3c58883878250/libraries/Cabal/cabal-testsuite/PackageTests/Backpack/Includes2/mylib/Database.hsig
https://raw.githubusercontent.com/mgattozzi/ghc-static-8.2.2/f69b670f25a68b6182a7d8eebfe3c58883878250/libraries/Cabal/cabal-testsuite/PackageTests/Backpack/Includes3/sigs/Data/Map.hsig
https://raw.githubusercontent.com/mgattozzi/ghc-static-8.2.2/f69b670f25a68b6182a7d8eebfe3c58883878250/libraries/Cabal/cabal-testsuite/PackageTests/Backpack/Includes4/indef/A.hsig
https://raw.githubusercontent.com/mgattozzi/ghc-static-8.2.2/f69b670f25a68b6182a7d8eebfe3c58883878250/libraries/Cabal/cabal-testsuite/PackageTests/Backpack/Includes4/indef/B.hsig
https://raw.githubusercontent.com/mgattozzi/ghc-static-8.2.2/f69b670f25a68b6182a7d8eebfe3c58883878250/libraries/Cabal/cabal-testsuite/PackageTests/Backpack/Includes4/indef/Rec.hsig
https://raw.githubusercontent.com/mgattozzi/ghc-static-8.2.2/f69b670f25a68b6182a7d8eebfe3c58883878250/libraries/Cabal/cabal-testsuite/PackageTests/Backpack/Indef1/Map.hsig
https://raw.githubusercontent.com/mgattozzi/ghc-static-8.2.2/f69b670f25a68b6182a7d8eebfe3c58883878250/libraries/Cabal/cabal-testsuite/PackageTests/Backpack/Reexport2/Asdf.hsig
https://raw.githubusercontent.com/mgattozzi/ghc-static-8.2.2/f69b670f25a68b6182a7d8eebfe3c58883878250/libraries/Cabal/cabal-testsuite/PackageTests/Backpack/T4754/Sig.hsig
https://raw.githubusercontent.com/mgattozzi/ghc-static-8.2.2/f69b670f25a68b6182a7d8eebfe3c58883878250/libraries/Cabal/cabal-testsuite/PackageTests/Backpack/TemplateHaskell/A.hsig
https://raw.githubusercontent.com/mitchellwrosen/fast-murmurhash3/abebb7960dbc0088257f65dba064c66b4e895531/src/fast-murmurhash3-indef/WordArray.hsig
https://raw.githubusercontent.com/mrkkrp/lightning/6e12680f8cc28813a7d481fd5e5215a3156b9cde/src/Lightning/Error/Custom.hsig
https://raw.githubusercontent.com/mrkkrp/lightning/6e12680f8cc28813a7d481fd5e5215a3156b9cde/src/Lightning/State/Custom.hsig
https://raw.githubusercontent.com/mrkkrp/lightning/6e12680f8cc28813a7d481fd5e5215a3156b9cde/src/Lightning/Stream.hsig
https://raw.githubusercontent.com/mstksg/backpack-tensor/4447bdcfa5bc8a631dbdb0fe14e894f52940a9c8/tensor-sig/src/Tensor/Core.hsig
https://raw.githubusercontent.com/muskops/Haskell/3bde7005500d286e042575f3781c20218b57883b/TODOS%20EJERCICIOS%20HASKELL.hsig
https://raw.githubusercontent.com/myuon/failed-to-load-interface/a8e9652e6de59d98bfa1460dd62374a66730a84b/src/Foo.hsig
https://raw.githubusercontent.com/nushio3/ghc/648b8006a8873815659f2b5d3df9fdfb3aad1723/testsuite/tests/cabal/sigcabal01/p/Map.hsig
https://raw.githubusercontent.com/nushio3/ghc/648b8006a8873815659f2b5d3df9fdfb3aad1723/testsuite/tests/driver/dynamicToo/dynamicToo005/A005.hsig
https://raw.githubusercontent.com/nushio3/ghc/648b8006a8873815659f2b5d3df9fdfb3aad1723/testsuite/tests/driver/dynamicToo/dynamicToo006/A.hsig
https://raw.githubusercontent.com/nushio3/ghc/648b8006a8873815659f2b5d3df9fdfb3aad1723/testsuite/tests/driver/sigof01/B.hsig
https://raw.githubusercontent.com/nushio3/ghc/648b8006a8873815659f2b5d3df9fdfb3aad1723/testsuite/tests/driver/sigof02/Map.hsig
https://raw.githubusercontent.com/nushio3/ghc/648b8006a8873815659f2b5d3df9fdfb3aad1723/testsuite/tests/driver/sigof02/MapAsSet.hsig
https://raw.githubusercontent.com/nushio3/ghc/648b8006a8873815659f2b5d3df9fdfb3aad1723/testsuite/tests/driver/sigof03/ASig1.hsig
https://raw.githubusercontent.com/nushio3/ghc/648b8006a8873815659f2b5d3df9fdfb3aad1723/testsuite/tests/driver/sigof03/ASig2.hsig
https://raw.githubusercontent.com/nushio3/ghc/648b8006a8873815659f2b5d3df9fdfb3aad1723/testsuite/tests/driver/sigof04/Sig.hsig
https://raw.githubusercontent.com/nushio3/ghc/648b8006a8873815659f2b5d3df9fdfb3aad1723/testsuite/tests/typecheck/should_compile/tc264.hsig
https://raw.githubusercontent.com/nushio3/ghc/648b8006a8873815659f2b5d3df9fdfb3aad1723/testsuite/tests/typecheck/should_fail/tcfail219.hsig
https://raw.githubusercontent.com/nushio3/ghc/648b8006a8873815659f2b5d3df9fdfb3aad1723/testsuite/tests/typecheck/should_fail/tcfail220.hsig
https://raw.githubusercontent.com/nushio3/ghc/648b8006a8873815659f2b5d3df9fdfb3aad1723/testsuite/tests/typecheck/should_fail/tcfail221.hsig
https://raw.githubusercontent.com/nushio3/ghc/648b8006a8873815659f2b5d3df9fdfb3aad1723/testsuite/tests/typecheck/should_fail/tcfail222.hsig
https://raw.githubusercontent.com/ocharles/haskell-opentracing/8466a47b12fd5dbb7e9293c404c87e5f0222b285/opentracing-client/src/OpenTracing.hsig
https://raw.githubusercontent.com/ocharles/haskell-opentracing/8466a47b12fd5dbb7e9293c404c87e5f0222b285/opentracing-client/src/OpenTracing/Tag.hsig
https://raw.githubusercontent.com/omelkonian/ghc-fork/12f56797f71ce2c5f3435724b55a58f540e17737/testsuite/tests/backpack/cabal/bkpcabal01/p/H.hsig
https://raw.githubusercontent.com/omelkonian/ghc-fork/12f56797f71ce2c5f3435724b55a58f540e17737/testsuite/tests/backpack/cabal/bkpcabal01/q/I.hsig
https://raw.githubusercontent.com/omelkonian/ghc-fork/12f56797f71ce2c5f3435724b55a58f540e17737/testsuite/tests/backpack/cabal/bkpcabal02/q/H.hsig
https://raw.githubusercontent.com/omelkonian/ghc-fork/12f56797f71ce2c5f3435724b55a58f540e17737/testsuite/tests/backpack/cabal/bkpcabal03/asig1/A.hsig
https://raw.githubusercontent.com/omelkonian/ghc-fork/12f56797f71ce2c5f3435724b55a58f540e17737/testsuite/tests/backpack/cabal/bkpcabal03/asig2/A.hsig
https://raw.githubusercontent.com/omelkonian/ghc-fork/12f56797f71ce2c5f3435724b55a58f540e17737/testsuite/tests/backpack/cabal/bkpcabal04/p/A.hsig
https://raw.githubusercontent.com/omelkonian/ghc-fork/12f56797f71ce2c5f3435724b55a58f540e17737/testsuite/tests/backpack/cabal/bkpcabal06/sig/P.hsig
https://raw.githubusercontent.com/omelkonian/ghc-fork/12f56797f71ce2c5f3435724b55a58f540e17737/testsuite/tests/backpack/cabal/bkpcabal07/P.hsig
https://raw.githubusercontent.com/omelkonian/ghc-fork/12f56797f71ce2c5f3435724b55a58f540e17737/testsuite/tests/backpack/cabal/T14304/indef/Sig.hsig
https://raw.githubusercontent.com/omelkonian/ghc-fork/12f56797f71ce2c5f3435724b55a58f540e17737/testsuite/tests/cabal/sigcabal01/p/Map.hsig
https://raw.githubusercontent.com/omelkonian/ghc-fork/12f56797f71ce2c5f3435724b55a58f540e17737/testsuite/tests/driver/dynamicToo/dynamicToo005/A005.hsig
https://raw.githubusercontent.com/omelkonian/ghc-fork/12f56797f71ce2c5f3435724b55a58f540e17737/testsuite/tests/driver/T12955.hsig
https://raw.githubusercontent.com/patrickt/effects-benchmarks/2fca639c8ee4fac1e393e6e2b81ac1a51e403567/src/Bench/Signature/HTTP.hsig
https://raw.githubusercontent.com/patrickt/effects-benchmarks/2fca639c8ee4fac1e393e6e2b81ac1a51e403567/src/Bench/Signature/Stateful.hsig
https://raw.githubusercontent.com/patrickt/effects-benchmarks/2fca639c8ee4fac1e393e6e2b81ac1a51e403567/src/Bench/Signature/StatefulExcept.hsig
https://raw.githubusercontent.com/pdep-sm/implementar-doble-y-cuadruple-usando-doble-Frank115/bd14bd1ebcdb0f6c3f41a861c315fd548e38d73c/dobleycuadruple.hsig
https://raw.githubusercontent.com/phadej/vec-backpack/45fea23f6b926096fcaf9e5344501bda74a1e117/src-cons/In.hsig
https://raw.githubusercontent.com/piyush-kurur/backpack-nat/eef18dcd5f0bb628d146a435e62cd7dc08c20d95/as-package/indef/Abstract.hsig
https://raw.githubusercontent.com/piyush-kurur/trying-backpack/7ce1b29ea2f548ba31c2fc9624028edb4895d2d4/testcases/indef/Foo.hsig
https://raw.githubusercontent.com/piyush-kurur/trying-backpack/7ce1b29ea2f548ba31c2fc9624028edb4895d2d4/whitespace/indef/Abstract.hsig
https://raw.githubusercontent.com/qfpl/initial-final/e817c7ccc13d50eb3e48b87700f6e11861a75908/final-bp/final-bp-base-sig/Base.hsig
https://raw.githubusercontent.com/qfpl/initial-final/e817c7ccc13d50eb3e48b87700f6e11861a75908/final-bp/final-bp-mul-sig/Mul.hsig
https://raw.githubusercontent.com/qfpl/initial-final/e817c7ccc13d50eb3e48b87700f6e11861a75908/final-bp/final-bp-repr-sig/Repr.hsig
https://raw.githubusercontent.com/qfpl/initial-final/e817c7ccc13d50eb3e48b87700f6e11861a75908/final-gadt/final-bp-base-sig/Base.hsig
https://raw.githubusercontent.com/qfpl/initial-final/e817c7ccc13d50eb3e48b87700f6e11861a75908/final-gadt/final-bp-mul-sig/Mul.hsig
https://raw.githubusercontent.com/qfpl/initial-final/e817c7ccc13d50eb3e48b87700f6e11861a75908/final-gadt/final-bp-repr-sig/Repr.hsig
https://raw.githubusercontent.com/qfpl/initial-final/e817c7ccc13d50eb3e48b87700f6e11861a75908/initial-bp/initial-bp-base-sig/Base/Type.hsig
https://raw.githubusercontent.com/qfpl/initial-final/e817c7ccc13d50eb3e48b87700f6e11861a75908/initial-bp/initial-bp-mul-sig/Mul/Type.hsig
https://raw.githubusercontent.com/qfpl/initial-final/e817c7ccc13d50eb3e48b87700f6e11861a75908/initial-bp/initial-bp-term-sig/Term/Type.hsig
https://raw.githubusercontent.com/quasicomputational/cabal-backpack-export-list/7be0b8e0a47b3d72c634fc8a5e29bb511e9fd130/sig/Sig.hsig
https://raw.githubusercontent.com/raaz-crypto/raaz/1de75cf1aca9bc327c43f9fce0686179300260b3/indef/digest/hash/Implementation.hsig
https://raw.githubusercontent.com/raaz-crypto/raaz/1de75cf1aca9bc327c43f9fce0686179300260b3/indef/Implementation.hsig
https://raw.githubusercontent.com/raaz-crypto/raaz/1de75cf1aca9bc327c43f9fce0686179300260b3/indef/keyed/Implementation.hsig
https://raw.githubusercontent.com/raaz-crypto/raaz/3edb0fa17d2552f763bd69e7dd0a09f7876a290c/indef/blake2/Blake2b/Implementation.hsig
https://raw.githubusercontent.com/raaz-crypto/raaz/3edb0fa17d2552f763bd69e7dd0a09f7876a290c/indef/blake2/Blake2s/Implementation.hsig
https://raw.githubusercontent.com/raaz-crypto/raaz/3edb0fa17d2552f763bd69e7dd0a09f7876a290c/indef/sha2/Sha256/Implementation.hsig
https://raw.githubusercontent.com/raaz-crypto/raaz/3edb0fa17d2552f763bd69e7dd0a09f7876a290c/indef/sha2/Sha512/Implementation.hsig
https://raw.githubusercontent.com/raaz-crypto/raaz/8f906d9a58689cdd6fd479a5ad1f0a3648d61b97/indef/random/Entropy.hsig
https://raw.githubusercontent.com/raaz-crypto/raaz/8f906d9a58689cdd6fd479a5ad1f0a3648d61b97/indef/random/Implementation.hsig
https://raw.githubusercontent.com/raaz-crypto/raaz/ade1318980e554165e233f86ce00de036b8a00c5/indef/keyed/hash/Implementation.hsig
https://raw.githubusercontent.com/raaz-crypto/raaz/d248eead119299000aed5d4a7d904fb861929dcd/indef/digest/Implementation.hsig
https://raw.githubusercontent.com/sapi69/cabal/e9996fc00d3b1b987650c59ce484872c340d1f5a/cabal-testsuite/PackageTests/Backpack/Fail3/UnfilledSig.hsig
https://raw.githubusercontent.com/sapi69/cabal/e9996fc00d3b1b987650c59ce484872c340d1f5a/cabal-testsuite/PackageTests/Backpack/Includes2/mylib/Database.hsig
https://raw.githubusercontent.com/sapi69/cabal/e9996fc00d3b1b987650c59ce484872c340d1f5a/cabal-testsuite/PackageTests/Backpack/Includes3/sigs/Data/Map.hsig
https://raw.githubusercontent.com/sapi69/cabal/e9996fc00d3b1b987650c59ce484872c340d1f5a/cabal-testsuite/PackageTests/Backpack/Includes4/indef/A.hsig
https://raw.githubusercontent.com/sapi69/cabal/e9996fc00d3b1b987650c59ce484872c340d1f5a/cabal-testsuite/PackageTests/Backpack/Includes4/indef/B.hsig
https://raw.githubusercontent.com/sapi69/cabal/e9996fc00d3b1b987650c59ce484872c340d1f5a/cabal-testsuite/PackageTests/Backpack/Includes4/indef/Rec.hsig
https://raw.githubusercontent.com/sapi69/cabal/e9996fc00d3b1b987650c59ce484872c340d1f5a/cabal-testsuite/PackageTests/Backpack/Indef1/Map.hsig
https://raw.githubusercontent.com/sapi69/cabal/e9996fc00d3b1b987650c59ce484872c340d1f5a/cabal-testsuite/PackageTests/Backpack/Reexport2/Asdf.hsig
https://raw.githubusercontent.com/sapi69/cabal/e9996fc00d3b1b987650c59ce484872c340d1f5a/cabal-testsuite/PackageTests/Backpack/T4447/foo-indef/A.hsig
https://raw.githubusercontent.com/sapi69/cabal/e9996fc00d3b1b987650c59ce484872c340d1f5a/cabal-testsuite/PackageTests/Backpack/T4754/Sig.hsig
https://raw.githubusercontent.com/sapi69/cabal/e9996fc00d3b1b987650c59ce484872c340d1f5a/cabal-testsuite/PackageTests/Backpack/TemplateHaskell/A.hsig
https://raw.githubusercontent.com/sboosali/automation/a491c56d860a04e1653cb105d2660cff316d42e8/automation-signatures/signatures/AUDIO/MICROPHONE.hsig
https://raw.githubusercontent.com/sboosali/automation/a491c56d860a04e1653cb105d2660cff316d42e8/automation-signatures/signatures/AUDIO/SPEAKERS.hsig
https://raw.githubusercontent.com/sboosali/automation/a491c56d860a04e1653cb105d2660cff316d42e8/automation-signatures/signatures/AUTOMATION/STACK.hsig
https://raw.githubusercontent.com/sboosali/automation/a491c56d860a04e1653cb105d2660cff316d42e8/automation-signatures/signatures/AUTOMATION/TEXT.hsig
https://raw.githubusercontent.com/sboosali/automation/a491c56d860a04e1653cb105d2660cff316d42e8/automation-signatures/signatures/CLIPBOARD.hsig
https://raw.githubusercontent.com/sboosali/automation/a491c56d860a04e1653cb105d2660cff316d42e8/automation-signatures/signatures/DESKTOP.hsig
https://raw.githubusercontent.com/sboosali/automation/a491c56d860a04e1653cb105d2660cff316d42e8/automation-signatures/signatures/DESKTOP/APPLICATION.hsig
https://raw.githubusercontent.com/sboosali/automation/a491c56d860a04e1653cb105d2660cff316d42e8/automation-signatures/signatures/DESKTOP/PROCESS.hsig
https://raw.githubusercontent.com/sboosali/automation/a491c56d860a04e1653cb105d2660cff316d42e8/automation-signatures/signatures/DESKTOP/WINDOW.hsig
https://raw.githubusercontent.com/sboosali/automation/a491c56d860a04e1653cb105d2660cff316d42e8/automation-signatures/signatures/DESKTOP/WORKSPACE.hsig
https://raw.githubusercontent.com/sboosali/automation/a491c56d860a04e1653cb105d2660cff316d42e8/automation-signatures/signatures/KEYBOARD.hsig
https://raw.githubusercontent.com/sboosali/automation/a491c56d860a04e1653cb105d2660cff316d42e8/automation-signatures/signatures/MOUSE.hsig
https://raw.githubusercontent.com/sboosali/automation/a491c56d860a04e1653cb105d2660cff316d42e8/automation-signatures/signatures/VIDEO/SCREEN.hsig
https://raw.githubusercontent.com/sboosali/kbd/4df663c4f2ab8549e421d3b127812d72fd43bfcc/kbd/signatures/KEYBOARD.hsig
https://raw.githubusercontent.com/ScottMelero/UCSC_School_Work/e21792a9bc671404737290ae07e6283c876b154c/CMPS%20112/test.hsig
https://raw.githubusercontent.com/shayan-najd/GrowableGHC/d7e3b6162b506ef9348a4b0af6f8d55213a8d7ef/testsuite/tests/backpack/cabal/bkpcabal01/p/H.hsig
https://raw.githubusercontent.com/shayan-najd/GrowableGHC/d7e3b6162b506ef9348a4b0af6f8d55213a8d7ef/testsuite/tests/backpack/cabal/bkpcabal01/q/I.hsig
https://raw.githubusercontent.com/shayan-najd/GrowableGHC/d7e3b6162b506ef9348a4b0af6f8d55213a8d7ef/testsuite/tests/backpack/cabal/bkpcabal02/q/H.hsig
https://raw.githubusercontent.com/shayan-najd/GrowableGHC/d7e3b6162b506ef9348a4b0af6f8d55213a8d7ef/testsuite/tests/backpack/cabal/bkpcabal03/asig1/A.hsig
https://raw.githubusercontent.com/shayan-najd/GrowableGHC/d7e3b6162b506ef9348a4b0af6f8d55213a8d7ef/testsuite/tests/backpack/cabal/bkpcabal03/asig2/A.hsig
https://raw.githubusercontent.com/shayan-najd/GrowableGHC/d7e3b6162b506ef9348a4b0af6f8d55213a8d7ef/testsuite/tests/backpack/cabal/bkpcabal04/p/A.hsig
https://raw.githubusercontent.com/shayan-najd/GrowableGHC/d7e3b6162b506ef9348a4b0af6f8d55213a8d7ef/testsuite/tests/backpack/cabal/bkpcabal06/sig/P.hsig
https://raw.githubusercontent.com/shayan-najd/GrowableGHC/d7e3b6162b506ef9348a4b0af6f8d55213a8d7ef/testsuite/tests/backpack/cabal/bkpcabal07/P.hsig
https://raw.githubusercontent.com/shayan-najd/GrowableGHC/d7e3b6162b506ef9348a4b0af6f8d55213a8d7ef/testsuite/tests/cabal/sigcabal01/p/Map.hsig
https://raw.githubusercontent.com/shayan-najd/GrowableGHC/d7e3b6162b506ef9348a4b0af6f8d55213a8d7ef/testsuite/tests/driver/dynamicToo/dynamicToo005/A005.hsig
https://raw.githubusercontent.com/shayan-najd/GrowableGHC/d7e3b6162b506ef9348a4b0af6f8d55213a8d7ef/testsuite/tests/driver/T12955.hsig
https://raw.githubusercontent.com/shayan-najd/NativeMetaprogramming/24e5f85990642d3f0b0044be4327b8f52fce2ba3/testsuite/tests/cabal/sigcabal01/p/Map.hsig
https://raw.githubusercontent.com/shayan-najd/NativeMetaprogramming/24e5f85990642d3f0b0044be4327b8f52fce2ba3/testsuite/tests/driver/dynamicToo/dynamicToo005/A005.hsig
https://raw.githubusercontent.com/shayan-najd/NativeMetaprogramming/24e5f85990642d3f0b0044be4327b8f52fce2ba3/testsuite/tests/driver/dynamicToo/dynamicToo006/A.hsig
https://raw.githubusercontent.com/shayan-najd/NativeMetaprogramming/24e5f85990642d3f0b0044be4327b8f52fce2ba3/testsuite/tests/driver/sigof01/B.hsig
https://raw.githubusercontent.com/shayan-najd/NativeMetaprogramming/24e5f85990642d3f0b0044be4327b8f52fce2ba3/testsuite/tests/driver/sigof02/Map.hsig
https://raw.githubusercontent.com/shayan-najd/NativeMetaprogramming/24e5f85990642d3f0b0044be4327b8f52fce2ba3/testsuite/tests/driver/sigof02/MapAsSet.hsig
https://raw.githubusercontent.com/shayan-najd/NativeMetaprogramming/24e5f85990642d3f0b0044be4327b8f52fce2ba3/testsuite/tests/driver/sigof03/ASig1.hsig
https://raw.githubusercontent.com/shayan-najd/NativeMetaprogramming/24e5f85990642d3f0b0044be4327b8f52fce2ba3/testsuite/tests/driver/sigof03/ASig2.hsig
https://raw.githubusercontent.com/shayan-najd/NativeMetaprogramming/24e5f85990642d3f0b0044be4327b8f52fce2ba3/testsuite/tests/driver/sigof04/Sig.hsig
https://raw.githubusercontent.com/shayan-najd/NativeMetaprogramming/24e5f85990642d3f0b0044be4327b8f52fce2ba3/testsuite/tests/typecheck/should_compile/tc264.hsig
https://raw.githubusercontent.com/shayan-najd/NativeMetaprogramming/24e5f85990642d3f0b0044be4327b8f52fce2ba3/testsuite/tests/typecheck/should_fail/tcfail219.hsig
https://raw.githubusercontent.com/shayan-najd/NativeMetaprogramming/24e5f85990642d3f0b0044be4327b8f52fce2ba3/testsuite/tests/typecheck/should_fail/tcfail220.hsig
https://raw.githubusercontent.com/shayan-najd/NativeMetaprogramming/24e5f85990642d3f0b0044be4327b8f52fce2ba3/testsuite/tests/typecheck/should_fail/tcfail221.hsig
https://raw.githubusercontent.com/shayan-najd/NativeMetaprogramming/24e5f85990642d3f0b0044be4327b8f52fce2ba3/testsuite/tests/typecheck/should_fail/tcfail222.hsig
https://raw.githubusercontent.com/shlevy/ghc/d987f71aa3200ce0c94bc57c43b4fcc92eaccf76/testsuite/tests/backpack/cabal/bkpcabal01/p/H.hsig
https://raw.githubusercontent.com/shlevy/ghc/d987f71aa3200ce0c94bc57c43b4fcc92eaccf76/testsuite/tests/backpack/cabal/bkpcabal01/q/I.hsig
https://raw.githubusercontent.com/shlevy/ghc/d987f71aa3200ce0c94bc57c43b4fcc92eaccf76/testsuite/tests/backpack/cabal/bkpcabal02/q/H.hsig
https://raw.githubusercontent.com/shlevy/ghc/d987f71aa3200ce0c94bc57c43b4fcc92eaccf76/testsuite/tests/backpack/cabal/bkpcabal03/asig1/A.hsig
https://raw.githubusercontent.com/shlevy/ghc/d987f71aa3200ce0c94bc57c43b4fcc92eaccf76/testsuite/tests/backpack/cabal/bkpcabal03/asig2/A.hsig
https://raw.githubusercontent.com/shlevy/ghc/d987f71aa3200ce0c94bc57c43b4fcc92eaccf76/testsuite/tests/backpack/cabal/bkpcabal04/p/A.hsig
https://raw.githubusercontent.com/shlevy/ghc/d987f71aa3200ce0c94bc57c43b4fcc92eaccf76/testsuite/tests/backpack/cabal/bkpcabal06/sig/P.hsig
https://raw.githubusercontent.com/shlevy/ghc/d987f71aa3200ce0c94bc57c43b4fcc92eaccf76/testsuite/tests/backpack/cabal/bkpcabal07/P.hsig
https://raw.githubusercontent.com/shlevy/ghc/d987f71aa3200ce0c94bc57c43b4fcc92eaccf76/testsuite/tests/backpack/cabal/T14304/indef/Sig.hsig
https://raw.githubusercontent.com/shlevy/ghc/d987f71aa3200ce0c94bc57c43b4fcc92eaccf76/testsuite/tests/cabal/sigcabal01/p/Map.hsig
https://raw.githubusercontent.com/shlevy/ghc/d987f71aa3200ce0c94bc57c43b4fcc92eaccf76/testsuite/tests/driver/dynamicToo/dynamicToo005/A005.hsig
https://raw.githubusercontent.com/shlevy/ghc/d987f71aa3200ce0c94bc57c43b4fcc92eaccf76/testsuite/tests/driver/T12955.hsig
https://raw.githubusercontent.com/spinda/liquid-base/0d02c4d266e8c87f3676e22f75b1ccccb5e4985a/src/Liquid/GHC/Base.hsig
https://raw.githubusercontent.com/spinda/liquid-base/0d02c4d266e8c87f3676e22f75b1ccccb5e4985a/src/Liquid/GHC/Num.hsig
https://raw.githubusercontent.com/spinda/liquid-base/0d02c4d266e8c87f3676e22f75b1ccccb5e4985a/src/Liquid/GHC/Real.hsig
https://raw.githubusercontent.com/spinda/liquid-base/0d02c4d266e8c87f3676e22f75b1ccccb5e4985a/src/Liquid/Prelude.hsig
https://raw.githubusercontent.com/spinda/liquid-ghc-prim/15835aa0a69250ad7499a49f528703cd6e515ebe/src/Liquid/GHC/Prim.hsig
https://raw.githubusercontent.com/spinda/liquid-ghc-prim/15835aa0a69250ad7499a49f528703cd6e515ebe/src/Liquid/GHC/Types.hsig
https://raw.githubusercontent.com/spinda/liquidhaskell-std/6915b8b02261ee492c91e07b1b9f0190ae1f409b/src/Liquid/Control/Exception.hsig
https://raw.githubusercontent.com/spinda/liquidhaskell-std/6915b8b02261ee492c91e07b1b9f0190ae1f409b/src/Liquid/Data/Bits.hsig
https://raw.githubusercontent.com/spinda/liquidhaskell-std/6915b8b02261ee492c91e07b1b9f0190ae1f409b/src/Liquid/Data/Foldable.hsig
https://raw.githubusercontent.com/spinda/liquidhaskell-std/6915b8b02261ee492c91e07b1b9f0190ae1f409b/src/Liquid/Data/Traversable.hsig
https://raw.githubusercontent.com/spinda/liquidhaskell-std/6915b8b02261ee492c91e07b1b9f0190ae1f409b/src/Liquid/GHC/Base.hsig
https://raw.githubusercontent.com/spinda/liquidhaskell-std/6915b8b02261ee492c91e07b1b9f0190ae1f409b/src/Liquid/GHC/Classes.hsig
https://raw.githubusercontent.com/spinda/liquidhaskell-std/6915b8b02261ee492c91e07b1b9f0190ae1f409b/src/Liquid/GHC/Integer.hsig
https://raw.githubusercontent.com/spinda/liquidhaskell-std/6915b8b02261ee492c91e07b1b9f0190ae1f409b/src/Liquid/GHC/Integer/Type.hsig
https://raw.githubusercontent.com/spinda/liquidhaskell-std/6915b8b02261ee492c91e07b1b9f0190ae1f409b/src/Liquid/GHC/Num.hsig
https://raw.githubusercontent.com/spinda/liquidhaskell-std/6915b8b02261ee492c91e07b1b9f0190ae1f409b/src/Liquid/GHC/Prim.hsig
https://raw.githubusercontent.com/spinda/liquidhaskell-std/6915b8b02261ee492c91e07b1b9f0190ae1f409b/src/Liquid/GHC/Real.hsig
https://raw.githubusercontent.com/spinda/liquidhaskell-std/6915b8b02261ee492c91e07b1b9f0190ae1f409b/src/Liquid/GHC/Types.hsig
https://raw.githubusercontent.com/spinda/liquidhaskell-std/6915b8b02261ee492c91e07b1b9f0190ae1f409b/src/Liquid/Prelude.hsig
https://raw.githubusercontent.com/thoughtpolice/regalloc-bkp/05c51129be34e131edaa64486e23d9afb83dc085/regalloc-impl/RegAlloc/Impl.hsig
https://raw.githubusercontent.com/thoughtpolice/regalloc-bkp/05c51129be34e131edaa64486e23d9afb83dc085/regalloc-ir/RegAlloc/IR.hsig
https://raw.githubusercontent.com/tjakway/ghcjvm/8c33cd4fde89a367e427116b7c5dda019b5bf813/testsuite/tests/cabal/sigcabal01/p/Map.hsig
https://raw.githubusercontent.com/tjakway/ghcjvm/8c33cd4fde89a367e427116b7c5dda019b5bf813/testsuite/tests/driver/dynamicToo/dynamicToo005/A005.hsig
https://raw.githubusercontent.com/tjakway/ghcjvm/8c33cd4fde89a367e427116b7c5dda019b5bf813/testsuite/tests/driver/dynamicToo/dynamicToo006/A.hsig
https://raw.githubusercontent.com/tjakway/ghcjvm/8c33cd4fde89a367e427116b7c5dda019b5bf813/testsuite/tests/driver/sigof01/B.hsig
https://raw.githubusercontent.com/tjakway/ghcjvm/8c33cd4fde89a367e427116b7c5dda019b5bf813/testsuite/tests/driver/sigof02/Map.hsig
https://raw.githubusercontent.com/tjakway/ghcjvm/8c33cd4fde89a367e427116b7c5dda019b5bf813/testsuite/tests/driver/sigof02/MapAsSet.hsig
https://raw.githubusercontent.com/tjakway/ghcjvm/8c33cd4fde89a367e427116b7c5dda019b5bf813/testsuite/tests/driver/sigof03/ASig1.hsig
https://raw.githubusercontent.com/tjakway/ghcjvm/8c33cd4fde89a367e427116b7c5dda019b5bf813/testsuite/tests/driver/sigof03/ASig2.hsig
https://raw.githubusercontent.com/tjakway/ghcjvm/8c33cd4fde89a367e427116b7c5dda019b5bf813/testsuite/tests/driver/sigof04/Sig.hsig
https://raw.githubusercontent.com/tjakway/ghcjvm/8c33cd4fde89a367e427116b7c5dda019b5bf813/testsuite/tests/typecheck/should_compile/tc264.hsig
https://raw.githubusercontent.com/tjakway/ghcjvm/8c33cd4fde89a367e427116b7c5dda019b5bf813/testsuite/tests/typecheck/should_fail/tcfail219.hsig
https://raw.githubusercontent.com/tjakway/ghcjvm/8c33cd4fde89a367e427116b7c5dda019b5bf813/testsuite/tests/typecheck/should_fail/tcfail220.hsig
https://raw.githubusercontent.com/tjakway/ghcjvm/8c33cd4fde89a367e427116b7c5dda019b5bf813/testsuite/tests/typecheck/should_fail/tcfail221.hsig
https://raw.githubusercontent.com/tjakway/ghcjvm/8c33cd4fde89a367e427116b7c5dda019b5bf813/testsuite/tests/typecheck/should_fail/tcfail222.hsig
https://raw.githubusercontent.com/TomMD/ghc/254b438eff30dcdbef4bfad22c0300275c627ccc/testsuite/tests/cabal/sigcabal01/p/Map.hsig
https://raw.githubusercontent.com/TomMD/ghc/254b438eff30dcdbef4bfad22c0300275c627ccc/testsuite/tests/cabal/sigcabal02/p/Map.hsig
https://raw.githubusercontent.com/TomMD/ghc/254b438eff30dcdbef4bfad22c0300275c627ccc/testsuite/tests/cabal/sigcabal02/p/Set.hsig
https://raw.githubusercontent.com/TomMD/ghc/254b438eff30dcdbef4bfad22c0300275c627ccc/testsuite/tests/cabal/sigcabal02/q/Map.hsig
https://raw.githubusercontent.com/TomMD/ghc/254b438eff30dcdbef4bfad22c0300275c627ccc/testsuite/tests/driver/dynamicToo/dynamicToo005/A005.hsig
https://raw.githubusercontent.com/TomMD/ghc/254b438eff30dcdbef4bfad22c0300275c627ccc/testsuite/tests/driver/dynamicToo/dynamicToo006/A.hsig
https://raw.githubusercontent.com/TomMD/ghc/254b438eff30dcdbef4bfad22c0300275c627ccc/testsuite/tests/driver/sigof01/B.hsig
https://raw.githubusercontent.com/TomMD/ghc/254b438eff30dcdbef4bfad22c0300275c627ccc/testsuite/tests/driver/sigof02/Map.hsig
https://raw.githubusercontent.com/TomMD/ghc/254b438eff30dcdbef4bfad22c0300275c627ccc/testsuite/tests/driver/sigof02/MapAsSet.hsig
https://raw.githubusercontent.com/TomMD/ghc/254b438eff30dcdbef4bfad22c0300275c627ccc/testsuite/tests/driver/sigof03/ASig1.hsig
https://raw.githubusercontent.com/TomMD/ghc/254b438eff30dcdbef4bfad22c0300275c627ccc/testsuite/tests/driver/sigof03/ASig2.hsig
https://raw.githubusercontent.com/TomMD/ghc/254b438eff30dcdbef4bfad22c0300275c627ccc/testsuite/tests/driver/sigof04/Sig.hsig
https://raw.githubusercontent.com/TomMD/ghc/254b438eff30dcdbef4bfad22c0300275c627ccc/testsuite/tests/typecheck/should_compile/tc264.hsig
https://raw.githubusercontent.com/TomMD/ghc/254b438eff30dcdbef4bfad22c0300275c627ccc/testsuite/tests/typecheck/should_fail/tcfail219.hsig
https://raw.githubusercontent.com/TomMD/ghc/254b438eff30dcdbef4bfad22c0300275c627ccc/testsuite/tests/typecheck/should_fail/tcfail220.hsig
https://raw.githubusercontent.com/TomMD/ghc/254b438eff30dcdbef4bfad22c0300275c627ccc/testsuite/tests/typecheck/should_fail/tcfail221.hsig
https://raw.githubusercontent.com/TomMD/ghc/254b438eff30dcdbef4bfad22c0300275c627ccc/testsuite/tests/typecheck/should_fail/tcfail222.hsig
https://raw.githubusercontent.com/typelead/eta/9502740a3d7f024b9b8ff2d792c8344673f116b8/tests/suite/backpack/compile/T14304/indef/Sig.hsig
https://raw.githubusercontent.com/vmchale/archive-backpack/512e13f9921ea346c01476a7a67c66e87330c5c9/archive-sig/src/Archive.hsig
https://raw.githubusercontent.com/vmchale/hask-replace/bc0188e40ee4caa28cc192f6d71cac6c136dd4e3/data/sum/Sig.hsig
https://raw.githubusercontent.com/wk-j/learn-haskell/e58c6b0f5fa82a56ba66972c1d8c8e6e5b244ef5/Single/ModuleSignature/A.hsig
https://raw.githubusercontent.com/YoshikuniJujo/ghc-reading/2b6694a5368297c1c0c254eee3721f329ec69fc6/testsuite/tests/backpack/cabal/bkpcabal01/p/H.hsig
https://raw.githubusercontent.com/YoshikuniJujo/ghc-reading/2b6694a5368297c1c0c254eee3721f329ec69fc6/testsuite/tests/backpack/cabal/bkpcabal01/q/I.hsig
https://raw.githubusercontent.com/YoshikuniJujo/ghc-reading/2b6694a5368297c1c0c254eee3721f329ec69fc6/testsuite/tests/backpack/cabal/bkpcabal02/q/H.hsig
https://raw.githubusercontent.com/YoshikuniJujo/ghc-reading/2b6694a5368297c1c0c254eee3721f329ec69fc6/testsuite/tests/backpack/cabal/bkpcabal03/asig1/A.hsig
https://raw.githubusercontent.com/YoshikuniJujo/ghc-reading/2b6694a5368297c1c0c254eee3721f329ec69fc6/testsuite/tests/backpack/cabal/bkpcabal03/asig2/A.hsig
https://raw.githubusercontent.com/YoshikuniJujo/ghc-reading/2b6694a5368297c1c0c254eee3721f329ec69fc6/testsuite/tests/backpack/cabal/bkpcabal04/p/A.hsig
https://raw.githubusercontent.com/YoshikuniJujo/ghc-reading/2b6694a5368297c1c0c254eee3721f329ec69fc6/testsuite/tests/backpack/cabal/bkpcabal06/sig/P.hsig
https://raw.githubusercontent.com/YoshikuniJujo/ghc-reading/2b6694a5368297c1c0c254eee3721f329ec69fc6/testsuite/tests/backpack/cabal/bkpcabal07/P.hsig
https://raw.githubusercontent.com/YoshikuniJujo/ghc-reading/2b6694a5368297c1c0c254eee3721f329ec69fc6/testsuite/tests/backpack/cabal/T14304/indef/Sig.hsig
https://raw.githubusercontent.com/YoshikuniJujo/ghc-reading/2b6694a5368297c1c0c254eee3721f329ec69fc6/testsuite/tests/cabal/sigcabal01/p/Map.hsig
https://raw.githubusercontent.com/YoshikuniJujo/ghc-reading/2b6694a5368297c1c0c254eee3721f329ec69fc6/testsuite/tests/driver/dynamicToo/dynamicToo005/A005.hsig
https://raw.githubusercontent.com/YoshikuniJujo/ghc-reading/2b6694a5368297c1c0c254eee3721f329ec69fc6/testsuite/tests/driver/T12955.hsig
