13266764646
183090792
AaltoScienceIT
acslocum
ajaykumarkoduru
AlviAhmed
amitvashist7
andrefsp
azsatti
badri
bartuer
bizen-srl
browsk
Chonli
datl
djpnewton
dudeani007
eimantaslilia
elebetsamer
felipe-dibernardi
fredyadriano90
gamiskolczi
Garridovic
genghuiluo
GowerStreet
gragusa
HowHai
inf0rmer
IslandViewPTA
jamesgolick
jcamiloradamesa
jilank
jlefrique
jpace121
kirankumarshetty
krthknb
leiiiooo
lennertderyck
linkinpark342
Lombiq
madeleinedaly
manuel-guilbault
mattholland0202
mingmingl233666
mmoussa1982
ModiiMedia
mt830813
mythwei
Nancy-Magali
nandha030
nobitagamer
OpenElectionData
pbylina
pjpardo
platanus
prajapatibhagwat
puyo
red1k
remerci
ronysinha55
Sagar1711
Sar-Kerson
scrooloose
SemiClickbait
skammer
skmohanbe
smita14-git
SonSeungWoo
sorachan
stefanbirkner
swegener
sxlsjf
tamouse
testcsmonaliuserb
thuai
trichmond-IS
vatsals
Waginator
xinghun61
