0xLeo
3badguys
5081
53JIlLenWe11
96hoshi
9rq
a-schaefers
a-wasilewski
aah
AAlakkad
aalexx-S
aar015
AaronBecker
aaronharnly
abassel
AbeVos
Acedio
Achifaifa
actualeyes
acuervoa
adam8157
adambossy
adambraimbridge
adambyrtek
adamhadani
adamjstewart
adammalinowski
adaptee
addumb
adlaius
adorabletechguy
adragomir
Aerex
Aerlinger
afrozalm
agaw
agg1
agjacome
agomezl
agvim
aholic
airblade
ajashton
ajdehel
ajmendez
ajsharp
ajtritt
aki2o
akorobov
al-the-x
alan
alanbarnett
alandipert
alanf
alangwansui
albertb
albertoperdomo
alcaeus
alecthomas
aleksandrguzhyk
alekseyd
AlexanderKvamme
alexandru-dinu
alexbardas
alexdnn11
alexgraehl
alexisquintero
alexkay
alexko
alexmi
alexwalterbos
alfredodeza
Alhadis
alihansungu
aliilgimdemirel
allanclloyds
alpha-eric
amb26
amhankin
amisha2016
ammario
ammmir
amundhov
an146
anatol
and3rson
andlrc
AndLydakis
Andr0id88
andrew
andrewberls
AndrewRadev
AndrewRayCode
andrewschleifer
andrewwatts
Androidrik
andyzhau
angelcarballo
annata83
anowlcalledjosh
anthonydb
AnthonyWharton
antmd
antoine-levitt
antonrogov
anttisalonen
anupdhml
anuragpallaprolu
apanju
ApollonGT
apoxa
approximate
aprawl
arafaeli
archbang
archbung
arcnmx
arecarn
arendsee
argherna
Arghnews
ariananggada
ArifRoktim
arist0cles
aromanovich
arsenepoutsi
Arsukeey
artberri
artemave
Artemigos
arthropodSeven
arthurfurlan
arthurmillergitmybaby
ArthurN
articuluxe
artushin
arupmet
arusso
ary31415
aryakgupta
asenchi
ashang
ashleydev
ashleyh
asosa
AtomToast
auderer
augensalat
august782
avalonv
avar
avdgaag
AVerm
aw1621107
awcator
awdeorio
ayamada
azahi
azenakhi
azuline
b4ndziorno
BackupTheBerlios
baisong
Bankole2000
banyan
bartfrenk
BastianBerndsen
bbborisk
bbli
bcdy23
bcmertz
bdefore
BeaudanBrown
bedhanger
benbp
benhoskings
Benjyskan
benmezger
benrr101
bertoldia
bertoMelgar
beverlyguillermo
bfung
bgould
bgrimes
bibliophw
bieron
bigH
bingohuang
bioe007
bitemyapp
bitkeen
bitwombat
bjornars
blackrobot
blackvolga
blalop
blumzi
boennemann
borgwang
boxnos
bradyisom
bradyoch
brandon-rhodes
brandonmenc
brannon
branweb1
breemts
breggles
brentbaum
bretthoerner
brianconcannon
brodie
brontosaurusrex
brow
brush701
bryansmi
bsmith89
btaba
budu
bugthing
bwgroff
byplayer
c-okelly
c00kiemon5ter
c3-hoge-fuga-piyo
caconka
calm0815
caravot
carlmorton
carlosipe
carno
carver
casaria
castor4bit
catzybluphish
cbracco
cburroughs
cep21
cfree3
chaingng
challendy
chapmanjacobd
charlietanksley
ChawalitK
chenkaie
ches
chinnkarahoi
chisei
chrisburnor
chriseskow
christophgysin
christosc
chrisvanpatten
ChrisWachter
chriswmann
chron
chrootRISCassembler
chunhualiao
cjreynol
cjwelborn
ckyony
ckyou
clacrone-github
clairvy
claus
claytron
cldwalker
clime
clowder
cltest02
clvv
cmicheledelaney
cndreisbach
cnnrrss
code4real
codekiln
coder-zsy
coderholic
cogoo
colincarr
colinclement
compor
con-f-use
contrun
coolersport
cooljl31
coord-e
coreylista
coxjonc
cpence
crazyminecuber
cristianradu
cristibalan
Crosse
cswoodruff
cvarner
cwebbdesign
cyrus-and
cyu
czoczo
d18s
dablak
dacbarbos
daemianmack
Daenyth
dag
damncabbage
dancmeyers
dang
danielpops
danniel3
dannycolin
dansmithhome
danverbraganza
danvratil
daragh
darlanalves
darrelclute
dassi
dat9uy
davekaufman
davetron5000
davi-souza
davidlove
davidtrogers
davidwilemski
davorao
dawud
dazz22
dbeecham
dbrinegar
dcantrell
dcuddeback
ddanielr
ddelnano
Dea1993
dealforest
deedsTraining
deepakjois
defeated
defndaines
deg4uss3r
delan
delor
delphinus
demersdesigns
deno2
denversc
derduher
Derekisinternet
derele
derwiki
designgrill
devdazed
devexpat
devloop0
dewe
dexmo007
DexterShepherd
dganoff
dgoncharov
dgoodlad
dharnett
dieggsy
diegoholiveira
dimdang
diodechain
diogoteles08
divad12
divideby0
djbender
djm
djoyner
DKaos
dkong
dlimeb
dln
dm3
dmac
dmhenry
dmitriyK1
dngthe93
do0g
Dobefu
dol3y
dolinsky
dongshengmu
DonkeyPeanuts
dopefishh
Doscaal
dotancohen
dpflug
dpicken
dpickett
dqgthb
dragon-riverlei
dragonmaus
drakeguan
drewish
drmason13
drodriguez
DronaAviation
dropkick
drot
drubin
ds-gurukandhamoorthi
dsclementsen
dting
duanwujie
Dubhead
dundalkian
dunolie
dunstontc
durcor
durdn
dustinchang
DustVoice
dvdbng
dyfrgi
e-dang
e3krisztian
eabderh
ealeksandrov
eanderle
ebellefontaine
edblancas
eduncan911
edurand
eentzel
eheestermans
ehudkaldor
eisnerd
ejaury
ekfriis
ekiefl
ekryski
elaird
electriceel1985
elhanarinc
elikoga
elliotholden
Emanon-web
emanuel2718
EMarkODell
emerose
emersonrp
Emrys-Hong
endocrimes
ennorehling
ennoweichert
ensonmj
epidemian
ereckers
ericandrewlewis
erithmetic
ermhawi
Eros
erroneousboat
errose28
erszcz
erszk
erthalion
esauvisky
escalate
ethomas2
etimecowboy
etodd
EurusBeCool
Evanlec
evgenyshulman
eweissge
ex-nerd
exhaustin
exhuma
expectedbehavior
fablab-ka
fakeyakuza
Falkor
farisachugthai
farktronix
felipec
fhemberger
fieryjoy
Fiki80
filcab
finbarrocallaghan
fitzterra
fkmclane
floering
flokoe
FlorentE96
flores
flyingoctopus
FND
fnichol
fniessen
FokinAleksandr
fomichev
Foo-x
FrancescoXX
franckv
fredlawl
FredMougel
fredrik
freepiratebay
frosas
fryz
fsicardir
FuelledByCoffee
Fulmene
fumihumi
fumimaron9
fumiyas
furbon
fusion94
fuzza
fx-kirin
fxthomas
g-s-k
galvanic
Gan0k
ganshuyu
garatma
garretzou
gary
garymcwilliams
gavrie
gbjhax
gdumitrescu
gearson
geier1993
geirda
gene9
Geraint
gergelyerdelyi
gerner
gertloterman
gfx
ggarm
GGLucas
ghthor
gi-el
git2samus
gizmomogwai
GlenCoakley
glhc
globalundo
gmarik
gmnr
gmoothart
gnidan
gocom
godfat
gogonkt
goldeneggg
golubitsky
gone26
gonzaloeats
Goos
gorauskas
goude
gpenghe
grant-humphries
gray
graywh
grimpy
grzesiekdawid
gs1293
gslin
gsvitins
Gueckmooh
gufranco
GuilhermeBento
guillaumeportes
gustavaum
gvangool
gvnwlt
gwena
gzheyts
h3rald
Haargeeel
hadley
hadyelzayady
halhen
hanahana0201
hangingman
hannni
harshvchawla
hashhar
hattwj
heitorpolidoro
hekar
hekt
helloquat
helmingstay
henriqar
henryouly
herocodemaster
hexing
heyZeus
hinrik
hipoglucido
hirafoo
hiroga-cc
his-ishi
Hoboneer
holene
hollingberry
holsta
houstil
howardad
hrishi045
hsarun
HU-A-U
huitseeker
humitos
huntie
hxuanhung
hypereng
hyz
i0b
iamvukasin
iankronquist
ichuan
ict
icyphox
idbrii
idcrook
ifdattic
ifohancroft
igorapa
igouss
igstan
ikeikeikeike
IkokObi
ilikepi
iluvatar1
ImFeelingDucky
InCogNiTo124
Inconditus
inup441
ion1
ipod825
irmiller22
irvinshandy
isaacmorneau
isaacs
isaacwhanson
israellevin
Israr
itayd
ithcy
ithinkihaveacat
ittegrat
ivanwills
ixpectus
izelnakri
j16r
jackfletch
jackguo380
Jackojc
jackyzhai
jacobmischka
jacobrose
jakkritz
jakubguzek
jamesboehmer
jamesbrink
jamesperng
jamespwilliams
jamesthoughton
jameswilson
janne
japanrock
jaramir
jason-to
jasonhansel
jasonmorganson
jaua
javier-lopez
jawang35
jaybuff
jaypmueller
jayrobin
jbalogh
jbaum98
jbiatek
jbradaric
jcayzac
jdanecki
jdehnert
jdpeek74
Jeanhwea
jeenuv
jeffkreeftmeijer
jeffleeismyhero
jeffrey-xiao
jepp2078
jessfraz
jfjhh
JGMEYER
jhujhiti
Jimmie00x0000
jimmylai
jiMuBao
jinzhu
jiska
jjgod
jjiege
jjo
jk983294
JKatzwinkel
jkremser
jkuan
jlangston
jlau78
jm3
jmparis
joaoponceleao
joaqo
jodie-kane
joerghaubrichs
JoeyFrank
jof
johanmagnusson
johngodlee
johnko
johnmcase
johnmcdowall
JohnnyGOX17
johnsyweb
jollheef
jonasmorwing
jonco29
jonmaim
jonny-clark
jonshea
jordansissel
jorgsk
joseaanton
josephcarmello
josephfrazier
josephgrossberg
JosephPecoraro
joshenders
joshgordon
JoshuaJWilborn
jozsefDevs
jpablobr
jparise
jpgleg
jpoon
jr-minnaar
jramos
jrodl3r
jsaporta
jsartor7
jsribeiro
jstepien
jsundquist
jtemplet
jtmchorse
juananruiz
JuanKman94
julianwilke
juliushaertl
junish
junxie6
justinabrahms
justinludwig
jweslley
jwilner
jwllee
jzacsh
jzhang621
jzinn
jzlou
k28
kafiry
kalibora
kalj
kamipo
kap-odoo
kapilks11
KaptajnKold
karb94
karel1980
karlzheng
karpfen
kashyapp
katiesangpark
kbd
kceejp
kcolford
kcrum
kdex
kdi
kdmarrett
kebairia
kenguest
kennyluu123
kenorb
kenyon
keolo
Kesin11
kevinushey
keyurgolani
kezabelle
Khaless
kianmeng
kiennt
killercup
kiltum
kimoto
kingcons
kingparra
KishanPala556
kitofr
kjgrahn
kkhan01
kkovacs
kmalinich
ko102ki
kodx
kogonia
kolbe
kopfing
koreymacdougall
kott
kovalyshyn
krddr
krf
kronn
krsmanovic
krues8dr
kshramt
kuaileboy1989
kubosho
kuozumijp
kurone-kito
kurtlachmann
kwgoodman
kylerjohnston
kyrisu
kzwkt
l0b0
lacygoill
lahcim8
lai3d
laktek
lalopmak
laujonat
laurentb
lawangel
lbarrios
lbolla
LCTPalmer
ldhandley
leolannenmaki
lexicalunit
lfaren
lfont
lhoangan
lhokktyn
lifez
Limegrass
lin-zz
linfan
linsong
linusboyle
linux4hach
LiuJianxun
liuzhaowei55
lkwg82
llibra
lljbash
loadingnow
lockheedmartian
logaritmisk
logostream
LongChampion
lotterfriends
louiscpalma
lucasnramos
LucHermitte
luciano073
ludwig
luisbelloch
lukas-tr
lukasjoc
lukebiggerstaff
lukemarsden
lurker
lxk1170
lzmartinico
m-renaud
m0r1
M4GiK
M4R7iNP
madKuchenbaecker
maedana
maguri
makovich
man7a
mancereus
manzyuk
mapitman
maptracker
marchdown
Marco-Isarel
marcobaldelli
marea
MariaLatif
MarianoGigli
MarkBorcherding
markus-wa
marshnmedia
martell
martimorta
martin-walsh
martinclason
martinmake
martintang
maskedw
MaskRay
maskwang
mathieue
MatiasDiAg
matsuhav
MatteoManzoni
mattfox
mattgmg1990
MatthewDiamant
matthewrankin
mattmartineau
mattscilipoti
mattt-b
maulayyacyber
mauriciomb3018
mavam
MaximCoppieters
mbertheau
mbudde
mburrows
mcclurem
mchyll
mckellyln
mdengler
mdomke
mdulaney
meagar
meet
meinside
Mektub
menzenski
MervanA
mesartwell
mfukusim
mfussenegger
mgirouard
Mheaton92
mhiro2
mhp77
michaelficarra
MichaelXavier
micrometre
miguelsm
MikaelElkiaer
mike-cb3
mikekaminsky
mikepruett3
mikrostew
milano
minhajuddin
miron
MitMaro
miyuchina
mj
mk-95
mkataigi
mkrl
mlisicki
mlliou112
mmKALLL
mmrobins
mnl
mnmpdadish
mocpp
molok
monkpow
mooow
moortimis
morganp
morgengc
Morriz
moses-palmer
MostAwesomeDude
motomizuki
mpapierski
mpnsk
mraghavan
mrcrille
MrEaten
mrksu
mrshoe
mrsimonfletcher
msanders
mschober
msuriar
MTBorg
mudge
mudphone
mudrii
muemo
muennich
mukul-shaunik
musoke
mwleeds
mxpiotrowski
mychan24
mye
myriasofo
myshov
mytoh
N0s3n
nagi125
Nago1980
nak5124
nalabelle
NapoleonWils0n
narugit
nasusan
nathanscott
nazgu1
nebez
neerajsh
neerajsharma
nenitf
netj
nevesnunes
NGeorgescu
nghiat
nickjer
nickkaczmarek
NicolaiSoeborg
niklas
Niluge-KiWi
nitool
Nitron
niveK77pur
NiXXeD
njdove
njkaiser
nkcraddock
nl253
nm777
nmahoney
noah
noahrichards
noahzaozao
nomadium
nonrational
noonat
noperator
noriy
nowells
npinto
nshenry03
NTHINGs
ntk
Nudin
numidiasoft
nurmd2
octabaka
odoo
odoope
olablt
olanmatt
oleshch
OliverLew
oliverzheng
omad
omakoto
omarnassar-school
omeid
OndraX
ootput
openSUSE
oprearocks
optmzr
ornitier84
oryxr
oscarwcl
oschrenk
osdakira
oskarols
osmanbaskaya
osteele
othree
otokunaga2
otter-in-a-suit
otterpro
outan
oyvindio
PabloScolpino
paddygord
pagetribe
palaga
palasangha
palsivertsen
Pance
paradoxxxzero
parchment
pardom
pasberth
patadune
patrickmacarthur
paul
paulcarey
paulpostel
pbsinclair42
Peaker
perarnau
perchten
peterhellberg
peterschussheim
pezhore
pflouret
phcorp
phette23
philgagnon12
PhilHarnish
philm
philoye
phua
phuctranerp
pickfire
piKolin
pineapplegiant
piotr-regula
piotrlechowicz
pippos44
pirafrank
pjg
pjh
pkokp8
plamolinux
pmb-btw
pmdaly
podkovyrin-sergey
podocarp
pointfourone
polotek
potzenheimer
prithwi
programmablereya
ProxiBlue
ps-jay
psacawa
pscohn
pstrum
puyo
pyamsoft
pylrichard
qeatzy
qfjp
qjcg
quidame
quinn-stp
QuinnTran
RadikalJin
rafaelchiti
raganw
raimon49
rainux
RamilHinshaw
rampion
ramunas-peleckas
rapidgrps
raymond-w-ko
rbotafogo
rbright
rcpoison
rdark
rduplain
reckbo
reflexions
regen100
reinecke
rekhubs
renatocf
retiman
rgant
rhgenius
RhysU
Riatre
ricardooo1998
richardzhang121
ricky155030
rickypc
ricobl
Riksu9000
rileyje
Rincevent76
rishabh-ranjan
RishabhRD
rj00a
rm0rr1s
rmaunu
robcarney
robdmc
robmoggach
RodgerOliver
rohanisaac
rojnwa
roman-verchikov
ronin13
RorroS
rosenbergdm
rosessp
rosscg
rosston
RowanMcDonald
royish
roylez
royprotim
rtfeldman
rubyconsumer
runningskull
rvanbutselaar
ryanc
ryanfreeth
ryanjpodonnell
RyanMillerC
ryanmoran
ryanorr
s3thi
sajadtorkamani
salizzar
saltlakeryan
samc
samn
sams25
samueldg
samullen
sandeepkapase
sandertammesoo
SandroGauna
sangeet
sasuseso
sausageandeggs
sbdchd
sbhal
scentoni
schecko
SchuylerM
scriada
sdelafond
seadog007
seamustuohy
seanlane
sebgod
seenaburns
seiji
seltsam
senooken
sensorflo
sente
sergii-bond
sghimi3
sgraham
sgronblo
ShadowHawk07
ShadowKyogre
ShaheenHossain
shajinazaar
shangxiao
shazi7804
shedd
shi2wei3
ShiGuangzhao
shinnya
shk3bq4d
shoeffner
showa-yojyo
shurane
sickill
sierxue
silentdigit
simon-andrews
sirupsen
sisarolo
SixArm
sj26
sj2tpgk
sjrosen
skangas
skip86
skrueger
skryl
sky-dolphin
skyaiolos
skybert
slayer
slmoby
slnc
sloboste
smalnha
smathy
smazhara
smee-dee
smemsh
SmoothMaverick
smwahl
sneak
snizovtsev
soh
Solanar
solb
solipet
solj
sousk
southly
spacez320
spelufo
spicycode
spookypeanut
srsutherland
ssokolow
sstanfield
standthis
StarStuffSteve
staticlibs
StavNoy
stdword
steelalive
stefan-peng
stefan-vatov
stefankolb
stefanoberri
stefanooldeman
step-artur87
stephanfriedrich
stephenroller
stevearc
stevenbeales
stevenwilkin
steveplasko
Stizzl
strange
stubs
styutnev
suderio
sudish
sugiharakenta
sunaku
superbeario
surki
Sutto
svenstaro
swaption2009
sweitzma
sysu-change
tadashi-aikawa
taitulism
taka1068
takker
tamerobots
tammersaleh
tamsky
tanabe
tanish-kr
tartley
tasuki
TaylorMonacelli
tcreech
tdivis
tdowg1
tdro
tdw26
tekipaki
tempxla
teohm
termin
tetrider
tetsujin
tfwright
ThaJay
thanthese
thatguyhex
thayerwilliams
TheBay0r
theicfire
themightyoarfish
theskumar
TheWorm
thibmaek
ThinkBuildOrg
thobit
thomamason
thomasf
ThomasFeher
thomasgohard
Thomazella
thompn
thyms
tianhuil
tiger-xzp
Tigteam
tilljoel
timdawborn
timdonegan
timgreen
timgws
TimMoore
tischwa
TiynGER
tiziano88
tjarvstrand
tjkirch
TjlHope
tkareine
tkshimada0912
TonnamP
tony-liao
tony4d
tonyduckles
torkildr
tpope
travis-south
trentm
ts310
tsankuanglee
tscheffe
tsukasa-au
ttecon
tuanva
tune
turmon
tusnolobov
tutoriusio
tuxcfg
tvaughan
twksky
tylerhunt
tzurita
ubolonton
uggedal
ulrikdem
umaumax
unmarshal
uridium
usr4423
ustun
utylee
uziela
v-slava
VarunBohara
vazzfixer
vctrshn
vegerot
venkat6699
vgaudard
vhquang
victory-sokolov
VictorYing
vieko
vikeshkhanna
VikramTiwari
viktor-mitin
vilvadot
viniciusmarangoni
vivi870123
viziblydiffrnt
vlki
vlucas
voldikss
voodooGQ
vorburger
voskresenie
vpetkov
vtorica
vvv
vyshane
w0ng
wachd
walafc0
wallacegibbon
walokra
wandermyz
warantesbr
washingtoneg
watsonar
watysay
waysaku
wbbradley
wboxx1
wcorrigan
wcrosmun
weasellin
wesclemens
wh5a
whilp
whit2333
wikieden
wikimedia
willhardy
willsheffler
wincent
wjam
wkirschbaum
wolli2710
wolodin
wrags
wrlee
wsxq2
wwalker
X1011
XaheenA
xalgorithm
xdroff
xfire
xftroxgpx
xiaoxiaoyi
xuancong84
xuxiaodong
xwh123807
xwl
y0shinari
yamazu
yano3
Yaroslav-95
YasushiKobayashi
yasuyuki
Yatty1
yaunj
yejingchen
yetao93
yfedoruck
yikkai95
yinkyweb
ykawamot
ypei92
yto60
yuhc
yuriy0
yurutaso
ywen4git
z-engine
z0mbix
zacharyvoase
zachriggle
ZahFox
zanothis
Zathrus
Zavoky
ZethJack
zfogg
zhijianli88
zhuyanjiang
zioroboco
zioufang
zmack
Zutatensuppe
zxj5470
zy
zysm
