0xLeo/dotfiles
3badguys/Linux_tips
5081/galley
5081/loops
53JIlLenWe11/dotfiles
96hoshi/dotfiles
9rq/dotfiles
a-schaefers/dotfiles
a-wasilewski/linux-dotfiles
aah/dotfiles
AAlakkad/dotfiles
aalexx-S/dotfile
aar015/config-repo
AaronBecker/environment
aaronharnly/dotfiles-public
abassel/dotfiles
AbeVos/dotfiles
Acedio/dotfiles
Achifaifa/config
actualeyes/configs
acuervoa/dotfiles
adam8157/dotfiles
adambossy/Toolbox
adambraimbridge/shellfiles
adambyrtek/dotfiles
adamhadani/adamhadani-rcfiles
adamjstewart/dotfiles
adammalinowski/dotfiles
adaptee/dotfiles
addumb/dotfiles
adlaius/nix-configs
adorabletechguy/dotfiles
adragomir/dotfiles
Aerex/dotfiles
Aerlinger/dotfiles
afrozalm/dotfiles
agaw/rcfiles
agg1/autobuild
agjacome/dotfiles
agomezl/.conf
agvim/cfg-bash
aholic/my-config
airblade/dotfiles
ajashton/dotfiles
ajdehel/terminal-config
ajmendez/mainframe
ajsharp/dotfiles
ajtritt/ajtritt
aki2o/dotfiles
akorobov/dotfiles
al-the-x/dotfiles
alan/dotfiles
alanbarnett/ptheme
alandipert/dotfiles
alanf/dotfiles
alangwansui/tyre
albertb/dotfiles
albertoperdomo/dotfiles
alcaeus/dotfiles
alecthomas/dotfiles
aleksandrguzhyk/aleksandrguzhyk.github.io
alekseyd/configs
AlexanderKvamme/dotfiles
alexandru-dinu/gizmos
alexbardas/dotfiles
alexdnn11/rollet
alexgraehl/TimeForScience
alexisquintero/dotfiles
alexkay/dotfiles
alexko/dotfiles
alexmi/dotfiles
alexwalterbos/.linux-config
alfredodeza/dotfiles
Alhadis/.files
Alhadis/language-etc
alihansungu/depo
aliilgimdemirel/my_vimrc
allanclloyds/.dotfiles
alpha-eric/vimrc
amb26/home
amhankin/mac_config
amisha2016/vim-config
ammario/dotfiles
ammmir/dot-files
amundhov/dotfiles
an146/dotfiles
an146/dots
anatol/dotfiles
and3rson/dotfiles
andlrc/dw
AndLydakis/BashAliases
Andr0id88/.dotfiles
andrew/dotfiles
andrewberls/dotfiles
AndrewRadev/dotfiles
AndrewRayCode/configs
andrewschleifer/.dotfiles
andrewwatts/dotfiles
Androidrik/bottelri
andyzhau/vim
angelcarballo/dotfiles
annata83/arch_Tilling
anowlcalledjosh/dotfiles
anthonydb/dotfiles
AnthonyWharton/dotfiles
antmd/rcfiles
antoine-levitt/perso
antonrogov/dotfiles
anttisalonen/dotfiles
anupdhml/dotfiles
anuragpallaprolu/verilog
apanju/GMIO_Odoo
ApollonGT/dotfiles
apoxa/dotfiles
approximate/dotfiles
aprawl/BasicRallyGrid
arafaeli/dotfiles
archbang/ArchBang
archbung/dotfiles
arcnmx/dotfiles
arecarn/dotfiles
arendsee/dotfiles
argherna/Dotfiles
Arghnews/bashrc
ariananggada/dotfiles
ArifRoktim/dotfiles
arist0cles/dotfiles
aromanovich/dotfiles
arsenepoutsi/Test_Odoo
Arsukeey/dotfiles
artberri/devenv
artemave/myrcs
Artemigos/Dotfiles
arthropodSeven/dotfiles
arthurfurlan/personal
arthurmillergitmybaby/dotfiles
ArthurN/dotfiles
articuluxe/harmsway
artushin/macfiles
arupmet/krice
arusso/dotfiles
ary31415/environment
aryakgupta/reconcile
asenchi/dotfiles
ashang/dotfiles
ashleydev/web1-home
ashleyh/dotfiles
asosa/dot_files
AtomToast/dotfiles
auderer/dotfiles
augensalat/dotfiles
august782/dotfiles
avalonv/dotfiles
avar/leech
avdgaag/dotfiles
AVerm/dotfiles
aw1621107/dotfiles
awcator/MyDots
awdeorio/dotfiles
ayamada/copy-of-svn.tir.jp
azahi/dotfiles
azenakhi/envlinux
azuline/dotfiles
b4ndziorno/dotfiles
BackupTheBerlios/grouter-svn
baisong/dotfiles
Bankole2000/batch-scripts
banyan/config
bartfrenk/config
BastianBerndsen/myDotFiles
bbborisk/my_dotfiles
bbli/docker-neovim
bcdy23/dotfiles
bcmertz/dotfiles
bdefore/dotfiles
BeaudanBrown/dotarch
bedhanger/mwe
benbp/dotfiles
benhoskings/dot-files
Benjyskan/.config_bare
benmezger/dotfiles
benrr101/config
bertoldia/dotfiles
bertoMelgar/amelgarconfig
beverlyguillermo/dotfiles
bfung/personal-settings
bgould/dotfiles
bgrimes/dotfiles
bibliophw/gitpractice
bieron/env
bigH/dotfiles
bingohuang/docker-labs
bioe007/bioe007configs
bitemyapp/dotfiles
bitkeen/dotfiles
bitwombat/unix_configs
bjornars/config
blackrobot/dotfiles
blackvolga/blackvolga.github.io
blalop/dotfiles
blumzi/dotfiles
boennemann/dotfiles
borgwang/dotfiles
boxnos/dotfiles
bradyisom/dotfiles
bradyoch/configs
brandon-rhodes/homedir
brandonmenc/dotfiles
brannon/dotfiles
branweb1/dotfiles_updated
breemts/LinuxConfig
breggles/config-files
brentbaum/dotfiles
bretthoerner/dotfiles
brianconcannon/dotfiles
brodie/dotfiles
brontosaurusrex/bucentaur
brontosaurusrex/stretchbang
brow/dotfiles
brush701/dotfiles
bryansmi/.dotfiles
bsmith89/dotfiles
btaba/dotfiles
budu/configuration-files
bugthing/dotfiles
bwgroff/og_data
byplayer/dotfiles
c-okelly/Config_files
c00kiemon5ter/dotfiles
c3-hoge-fuga-piyo/dotfiles
caconka/dotfiles
calm0815/dotfiles
caravot/dotfiles
carlmorton/slimski-dotfiles
carlosipe/dotfiles
carno/dotfiles
carver/dot-files
casaria/nextday-newdoo
castor4bit/dotfiles
catzybluphish/manual-configuration
cbracco/dotfiles
cburroughs/dotfiles
cep21/jackbash
cfree3/config
chaingng/dotfiles
challendy/vim_bash_setup
chapmanjacobd/dotfiles
charlietanksley/dotfiles
ChawalitK/odoo
chenkaie/DotFiles
ches/dotfiles
chinnkarahoi/settings
chisei/dotfiles
chrisburnor/Terminal-Awesome
chriseskow/dotfiles
christophgysin/dotfiles
christosc/dotfiles
chrisvanpatten/dotfiles
ChrisWachter/basicConfig
chriswmann/keras-applications-gpu-stress-test
chron/dotfiles
chrootRISCassembler/dotfiles
chunhualiao/freeCompilerCamp
cjreynol/dotfiles
cjwelborn/config
ckyony/sample_app
ckyou/dotfiles
clacrone-github/dotfiles
clairvy/localenv
claus/dotfiles
claytron/dotfiles
cldwalker/dotfiles
clime/home
clowder/dotfiles
cltest02/bitwalker-dotfiles-NoScript
cltest02/Script_install_symlinked
clvv/dotfiles
cmicheledelaney/dotfiles
cndreisbach/dotfiles
cnnrrss/dotfiles
code4real/dotfiles
codekiln/dotfiles
coder-zsy/iOSCollection
coderholic/config
cogoo/.dotfiles
colincarr/home
colinclement/dotfiles
compor/dotfiles
con-f-use/yadmdotfiles
contrun/dotfiles
coolersport/docker-jenkins-slave
cooljl31/jl_dotfile
coord-e/dotfiles
coreylista/dotfiles
coxjonc/atlanta-precinct-map
cpence/dotfiles
crazyminecuber/Dotfiles
cristianradu/dotfiles
cristibalan/dotfiles
Crosse/dotfiles
cswoodruff/dotfiles
cvarner/bash-environment
cwebbdesign/dotfiles
cyrus-and/dotfiles
cyu/dotfiles
czoczo/dotman-example-repo
d18s/dotfiles
dablak/dotfiles
dacbarbos/dotfiles
daemianmack/dotfiles
Daenyth/dotfiles
dag/dotfiles
damncabbage/dotfiles
dancmeyers/homedir-skel
dang/scripts
danielpops/dotfiles
danniel3/basearch
dannycolin/dotfiles
dansmithhome/dot_files
danverbraganza/dotfiles
danvratil/scripts
daragh/dotfiles
darlanalves/bash-files
darrelclute/dotfiles
dassi/seashell
dat9uy/dotfiles
davekaufman/dotfiles
davetron5000/dotfiles
davi-souza/dot_files
davidlove/dotfiles
davidtrogers/dotfiles
davidwilemski/dotfiles
davorao/dotfiles
dawud/base-files
dazz22/homedir
dbeecham/dotfiles
dbrinegar/dotfiles
dcantrell/.dotfiles
dcuddeback/dotfiles
ddanielr/dotfiles
ddelnano/dotfiles
Dea1993/homedir
dealforest/dotfile
deedsTraining/dotfiles
deepakjois/yadm
defeated/dotfiles
defndaines/env
deg4uss3r/dotfiles
delan/config
delor/config
delphinus/dotfiles
demersdesigns/dotfiles
deno2/dotfiles
denversc/misc
derduher/configs
Derekisinternet/dotfiles
derele/dotfiles
derwiki/dotfiles
designgrill/dotfiles
devdazed/home
devexpat/nonameproject
devloop0/dotfiles
dewe/dotfiles
dexmo007/ubuntu-scripts
DexterShepherd/dotfiles
dganoff/dotfiles
dgoncharov/dotfiles
dgoodlad/dotfiles
dharnett/dotfiles
dieggsy/dotfiles
diegoholiveira/dotfiles
dimdang/libra
diodechain/diode_server_ex
diogoteles08/mySetup
divad12/dotfiles
divideby0/dotfiles
djbender/dotfiles-old
djm/dotfiles
djoyner/dotfiles
DKaos/dotfiles
dkong/config
dlimeb/dotfiles
dln/dotfiles
dm3/cygwin-config
dmac/dotfiles
dmhenry/dotfiles
dmitriyK1/configs
dngthe93/my_linux_settings
do0g/dotfiles
Dobefu/dotfiles
dol3y/cygsetup
dolinsky/dotfiles
dongshengmu/dotfiles
DonkeyPeanuts/dotfiles
dopefishh/dotfiles
Doscaal/personnal
dotancohen/dotfiles
dpflug/dotfiles
dpicken/dotfiles
dpickett/config_files
dqgthb/runtime_config
dragon-riverlei/cygwin-user-home
dragonmaus/home-2018-07-21
drakeguan/myhub
drewish/dotfiles
drmason13/dotfiles
drodriguez/dotfiles
DronaAviation/PlutoBlocks
dropkick/dotfiles
drot/dotfiles
drubin/dotfiles
ds-gurukandhamoorthi/dotfiles
dsclementsen/dotfiles
dting/dotfiles
duanwujie/china-odoo
Dubhead/dotfiles
dundalkian/dotfiles
dunolie/dunolie-dotfiles
dunstontc/dark-plus-syntax
durcor/friedrice
durdn/cfg
dustinchang/dot_files
DustVoice/dotfiles
dvdbng/youwotma-home
dyfrgi/dotfiles
e-dang/dotfiles
e3krisztian/dot-files
eabderh/dot
ealeksandrov/dotfiles
eanderle/config
ebellefontaine/what-the-zsh
edblancas/dotfiles-castle
eduncan911/dotfiles
edurand/dot-files
eentzel/dotfiles
eheestermans/dotfiles
ehudkaldor/dotfiles
eisnerd/profile
ejaury/settings
ekfriis/dotfiles
ekiefl/dotfiles
ekryski/dotfiles
elaird/home
electriceel1985/dotfiles
elhanarinc/dotfiles
elikoga/dotfiles
elliotholden/configs
Emanon-web/Dotfiles
emanuel2718/DotFiles
EMarkODell/emark
emerose/dotfiles
emersonrp/homedir
Emrys-Hong/dotfiles
endocrimes/dotfiles
ennorehling/dotfiles
ennoweichert/scraps
ensonmj/dotfiles
epidemian/dotfiles
ereckers/dotfiles
ericandrewlewis/dotfiles-linux-mint
erithmetic/dotfiles
ermhawi/mytools
Eros/Particle
erroneousboat/dotfiles
errose28/dotfiles
erszcz/dotfiles
erszk/dotfiles
erthalion/dotfiles
esauvisky/arch-install
escalate/dotfiles
ethomas2/dotfiles
etimecowboy/DotFiles-Linux
etodd/dotfiles
EurusBeCool/PROMAX
Evanlec/config
evgenyshulman/dotfiles
eweissge/.dotfiles
ex-nerd/scripts
exhaustin/.dotfiles
exhuma/dotfiles
expectedbehavior/common-files
fablab-ka/odoo_addons
fakeyakuza/config
Falkor/dotfiles
farisachugthai/dotfiles
farktronix/configs
felipec/dotfiles
fhemberger/dotfiles
fieryjoy/dotfiles
Fiki80/dotfiles
filcab/Dot-files
finbarrocallaghan/dotfiles
fitzterra/easyEnv
fkmclane/dotfiles
floering/shell-env
flokoe/dotfiles
FlorentE96/MSYS2_home
flores/dotfiles
flyingoctopus/cephalolibs
FND/homedir
fnichol/dotfiles
fniessen/dotfiles
FokinAleksandr/dotfiles
fomichev/dotfiles
Foo-x/dotfiles
FrancescoXX/devRx
franckv/config
fredlawl/bash-config
FredMougel/dots
fredrik/home
freepiratebay/tvstudy-windows
frosas/dotfiles
fryz/dotfiles
fsicardir/config
FuelledByCoffee/dotfiles
Fulmene/dotfiles
fumihumi/dotfiles
fumimaron9/dotfiles
fumiyas/home-dot-files
furbon/gitconfig
fusion94/dotfiles
fuzza/dotfiles
fx-kirin/rc_files
fxthomas/dotfiles
g-s-k/bourne-again
galvanic/dotfiles
Gan0k/dotfiles
ganshuyu/leeco_flash_tool
garatma/sync
garretzou/config_files
gary/dotfiles
garymcwilliams/gary-shell
gavrie/config
gbjhax/zsh-bootstrap
gdumitrescu/dotfiles
gearson/dotfiles
geier1993/dotfiles
geirda/OpenBSD
gene9/andrey-dotfiles
Geraint/dot-files
gergelyerdelyi/dotfiles
gerner/environment
gertloterman/vim
gfx/dotfiles
ggarm/dotfiles
GGLucas/configs
ghthor/bashrc
gi-el/dotfiles
git2samus/rcfiles
gizmomogwai/desktop
GlenCoakley/shell-env
glhc/dotfiles
globalundo/dotfiles
gmarik/dotfiles
gmnr/.dotfiles
gmoothart/.dotfiles
gnidan/dotfiles
gocom/dotfiles
godfat/dev-tool
godfat/dot-rc
gogonkt/dotrc
goldeneggg/dotfiles
golubitsky/dotfiles
gone26/nas4free
gonzaloeats/dot_files
Goos/dotfiles
gorauskas/dotfiles
goude/runcom
gpenghe/linuxconfig
grant-humphries/dotfiles
gray/dotfiles
graywh/dotfiles
grimpy/homeconfig
grzesiekdawid/dotfiles
gs1293/dotfiles
gslin/config
gsvitins/dotfiles
Gueckmooh/dotfiles
gufranco/dotfiles
GuilhermeBento/dotfiles
guillaumeportes/bash
gustavaum/gstv-dotfiles
gvangool/dotfiles
gvnwlt/configurations
gwena/dotfiles
gzheyts/dotfiles
h3rald/stash
Haargeeel/dotfiles
hadley/stat405-resources
hadyelzayady/Dotfiles_arch
halhen/dotfiles
hanahana0201/dotfiles
hangingman/SettingFiles
hannni/dotfiles
harshvchawla/scripts
hashhar/dotfiles
hattwj/dot_files
heitorpolidoro/linux
hekar/gcc68k
hekt/dotfiles
helloquat/dots
helmingstay/admin
henriqar/dotfiles
henryouly/dotfiles
herocodemaster/gpsd-4-wi
hexing/hxLinux
heyZeus/machine-conf
hinrik/dotfiles
hinrik/failo
hipoglucido/Hierarchical-DRL-Tensorflow
hirafoo/dotfiles
hiroga-cc/dotfiles
his-ishi/dotfiles
Hoboneer/.dotfiles
holene/dotfiles
hollingberry/dotfiles
holsta/dotfiles
houstil/linux-conf
howardad/dotfiles
hrishi045/dots
hsarun/My_Work_Env
HU-A-U/my_odoo_dev
huitseeker/dotfiles
humitos/dotfiles
huntie/dotfiles
hxuanhung/dotfiles
hypereng/dotfiles
hyz/dotfiles
i0b/configs
iamvukasin/dotfiles
iankronquist/dotfiles
ichuan/yc-lib
ict/dotfiles
icyphox/dotfiles
idbrii/daveconfig
idcrook/i-dotfiles
ifdattic/dotfiles
ifohancroft/.dotfiles
igorapa/dotfiles
igouss/dotfiles
igstan/dotfiles
ikeikeikeike/dotfiles
IkokObi/dotfiles
ilikepi/dotfiles-raw
iluvatar1/dotfiles
ImFeelingDucky/dots
InCogNiTo124/dotfiles
Inconditus/vimbashrc
inup441/dotfiles
ion1/dotconfig
ipod825/dotfiles
irmiller22/dotfiles
irvinshandy/dotfiles
isaacmorneau/dotfiles
isaacs/dotfiles
isaacwhanson/dotfiles
israellevin/dotfiles
Israr/dotfiles
itayd/hh
ithcy/dotfiles
ithinkihaveacat/dotfiles
ittegrat/DotFiles
ivanwills/home-config
ixpectus/dotfiles
izelnakri/.dotfiles
j16r/dotfiles
jackfletch/dotfiles
jackguo380/dotfiles
Jackojc/dots
jackyzhai/jack-snippet
jacobmischka/dotfiles
jacobrose/dotfiles
jakkritz/jumbodoo
jakubguzek/arch.dotfiles
jamesboehmer/dotfiles
jamesbrink/dotfiles
jamesperng/dotfiles
jamespwilliams/dotfiles
jamesthoughton/dot-files
jameswilson/dotfiles
janne/dotfiles
japanrock/dotfiles
jaramir/dotfiles
jason-to/dotfiles
jasonhansel/ussfiles
jasonmorganson/dotfiles
jaua/odoo-v9-personal
javier-lopez/dotfiles
jawang35/.dotfiles
jaybuff/home_dir
jaypmueller/home
jayrobin/dotfiles
jbalogh/dotfiles
jbaum98/dotfiles-2.0
jbiatek/dotfiles
jbradaric/config_files
jcayzac/dotfiles
jdanecki/kanapi-apps
jdanecki/kanapi-sbs
jdehnert/old-dotfiles
jdpeek74/dotfiles
Jeanhwea/dotfiles
jeenuv/jeenu-rep
jeffkreeftmeijer/dotfiles
jeffleeismyhero/dotfiles
jeffrey-xiao/dotfiles
jepp2078/dotfiles
jessfraz/dotfiles
jfjhh/dotfiles
JGMEYER/dotfiles
jhujhiti/dotfiles
Jimmie00x0000/dotfiles
jimmylai/config
jiMuBao/dots
jinzhu/configure
jiska/dotfiles
jjgod/my-rc-files
jjiege/odoo
jjo/config
jk983294/CommonScript
JKatzwinkel/dotfiles
jkremser/dotfiles
jkuan/config
jlangston/dotfiles
jlau78/config
jm3/dotfiles
jmparis/dotfiles
joaoponceleao/dotfiles
joaqo/.dotfiles
jodie-kane/dotfiles
joerghaubrichs/dotfiles
JoeyFrank/Config-Files
jof/dotfiles
johanmagnusson/home
johngodlee/dotfiles
johnko/homedir
johnmcase/cygwin-dotfiles
johnmcdowall/dotfiles
JohnnyGOX17/configs
johnsyweb/dotfiles
jollheef/main
jonasmorwing/configs
jonco29/dotfiles
jonmaim/dot-files
jonny-clark/dotfiles
jonshea/config-files
jordansissel/dotfiles
jorgsk/xfce_rcfiles
joseaanton/local-config
josephcarmello/dotfiles
josephfrazier/dotfiles
josephgrossberg/dotfiles-for-portable-configuration
JosephPecoraro/dotfiles
joshenders/dotfiles
joshgordon/dotfiles
JoshuaJWilborn/vim
jozsefDevs/dotfiles
jpablobr/mp
jparise/dotfiles
jpgleg/dotfiles
jpoon/dotfiles.linux
jr-minnaar/goeie-hoop
jramos/dev-env
jrodl3r/dotfiles
jsaporta/dotfiles
jsartor7/bashrc
jsribeiro/dotfiles
jstepien/dotfiles
jsundquist/dotfiles
jtemplet/dotfiles
jtmchorse/dots
juananruiz/dotfiles
JuanKman94/dotfiles
julianwilke/dotfiles
juliushaertl/dotfiles
junish/dotfiles
junxie6/config_centos_v2
justinabrahms/jlilly-bashy-dotfiles
justinludwig/dotfiles
jweslley/dotfiles
jwilner/dotfiles
jwllee/dotfiles
jzacsh/dotfiles
jzhang621/dotfiles
jzinn/dotfiles
jzlou/env
k28/dotfiles
kafiry/dotfiles
kalibora/environment
kalj/dotfiles
kamipo/dotfiles
kap-odoo/Functional_Training
kapilks11/archinstall
KaptajnKold/dot-files
karb94/dotfiles
karel1980/myhome
karlzheng/bashrc
karpfen/ubuntu-setup
kashyapp/the-kitchen-sink
katiesangpark/first_app
kbd/setup
kceejp/dotfiles
kcolford/setup
kcrum/dotfiles
kdex/dotfiles
kdi/dotfiles
kdmarrett/dotfiles
kebairia/zkrice
kenguest/dotfiles
kennyluu123/cygwin_ltt
kenorb/dotfiles
kenyon/dotfiles
keolo/box_of_rocks
Kesin11/dotfiles
kevinushey/etc
keyurgolani/dotfiles-old
kezabelle/dotfiles
Khaless/dotfiles
kianmeng/dotfiles
kiennt/dotfile
killercup/pascastle
kiltum/linuxdot
kimoto/dotfiles
kingcons/dotfiles
kingparra/dotfiles
KishanPala556/EV-charger
kitofr/dotfiles
kjgrahn/dotfiles
kkhan01/dotfiles
kkovacs/kkrc
kmalinich/kdm-bash-env
ko102ki/dotfiles
kodx/dotfiles
kogonia/dotfiles
kolbe/environment
kopfing/i3dotfiles
koreymacdougall/config_files
kott/dotfiles
kovalyshyn/home
krddr/dotfiles
krf/dotfiles
kronn/dotfiles
krsmanovic/dotfiles
krues8dr/dotfiles
kshramt/dotfile_w
kuaileboy1989/yuanda
kubosho/dotfiles
kuozumijp/Dotfiles
kurone-kito/dotfiles
kurtlachmann/dotfiles
kwgoodman/config
kylerjohnston/dot-files
kyrisu/dotfiles
kzwkt/dotfiles-9
l0b0/tilde
lacygoill/config
lahcim8/dotfiles
lai3d/cygwin64_config
laktek/dotfiles
lalopmak/lalopmak-mappings
laujonat/bash
laujonat/dotfiles
laurentb/public-dotfiles
lawangel/test
lbarrios/dotfiles
lbolla/dotfiles
LCTPalmer/dotfiles
ldhandley/QuestionGame
leolannenmaki/dotfiles
lexicalunit/dotfiles
lfaren/configs
lfont/dotfiles
lhoangan/dot
lhokktyn/dotfiles
lifez/dotfile
Limegrass/configs
lin-zz/home
linfan/FreyrConfigures
linsong/dailyconfig
linusboyle/dotfiles
linux4hach/dotFiles
LiuJianxun/work-profile
liuzhaowei55/ansible
lkwg82/rc.files
llibra/dotfiles
lljbash/configs
loadingnow/dotfiles
lockheedmartian/dots
logaritmisk/dot-files
logostream/home_config
LongChampion/i3
lotterfriends/dotfiles
louiscpalma/dotfiles
lucasnramos/dotfiles
LucHermitte/Bash-scripts
luciano073/scripts
ludwig/examples
luisbelloch/dotfiles
lukas-tr/dotfiles
lukasjoc/envm
lukebiggerstaff/simpledots
lukemarsden/luke-vimrc
lurker/dotfiles
lxk1170/Arch-Configs
lzmartinico/dotfiles
m-renaud/dotfiles
m0r1/dotfiles
M4GiK/kamserp-v10
M4R7iNP/dotfiles
madKuchenbaecker/config
maedana/dotfiles
maguri/rcfiles
makovich/dotfiles
man7a/bash_config
mancereus/home
manzyuk/dotfiles
mapitman/dotfiles
maptracker/confFiles
marchdown/crossconf
Marco-Isarel/MIS_BUILD
marcobaldelli/dotfiles
marea/dotfiles
MariaLatif/Rosol-Odoo
MarianoGigli/dotfiles
MarkBorcherding/dotfiles
markus-wa/dotfiles
marshnmedia/dotfiles
martell/MSYS2-Base
martimorta/config-linux
martin-walsh/utilities
martinclason/mconfig
martinmake/dotfiles
martintang/linux_config
maskedw/dotfiles
MaskRay/Config
maskwang/dots-mac
mathieue/RC-Files
MatiasDiAg/bash-vim
matsuhav/dotfiles
MatteoManzoni/dotfiles
mattfox/dotfiles
mattgmg1990/dotfiles
MatthewDiamant/dotfiles
matthewrankin/dotfiles
mattmartineau/configs
mattscilipoti/castello-di-comune
mattt-b/.dotfiles
maulayyacyber/dotfiles
mauriciomb3018/lazyfy
mavam/dotfiles
MaximCoppieters/LinuxFiles
mbertheau/dotfiles
mbudde/homedir
mburrows/devbox
mcclurem/configs
mchyll/user-config
mckellyln/dotfiles
mdengler/alienhome
mdomke/dots
mdulaney/env
meagar/dotfiles
meet/config-solarize-debian-squeeze
meinside/rpi-configs
Mektub/hconfig
menzenski/dotfiles-old
MervanA/dotfiles
mesartwell/sysconfig
mfukusim/dotfiles
mfussenegger/dotfiles
mgirouard/tilde
Mheaton92/DE
mhiro2/dotfiles
mhp77/config
michaelficarra/home-configuration-files
MichaelXavier/dawtfiles
micrometre/dotfiles
miguelsm/dotfiles
MikaelElkiaer/config-files
mike-cb3/gallium3-setup
mikekaminsky/dotfiles
mikepruett3/dotfiles
mikrostew/dotfiles
milano/dotfiles
minhajuddin/archiveddotfiles
minhajuddin/dotfiles2
miron/dotfiles
MitMaro/dotprofile
miyuchina/dotfiles
mj/dotfiles
mk-95/dotfiles
mkataigi/devenv
mkrl/.dotfiles
mlisicki/linux_config
mlliou112/dotfiles
mmKALLL/shell-snippets
mmrobins/config-files
mnl/conf
mnmpdadish/dotfiles
mocpp/HerdersUnity5
molok/config
monkpow/dotfiles
mooow/cygwin-kit
moortimis/.config
morganp/dotfiles
morgengc/dotfiles
Morriz/dotfiles
moses-palmer/dotfiles
MostAwesomeDude/madrc
motomizuki/dotfiles
mpapierski/dotfiles
mpnsk/dotfiles
mraghavan/env-setup
mrcrille/dotfiles
MrEaten/dotfiles
mrksu/dotfiles
mrshoe/dotfiles
mrsimonfletcher/dotfiles
msanders/dotfiles
mschober/bash-config
msuriar/dotfiles
MTBorg/configs
mudge/dotfiles
mudphone/hbase-runner
mudrii/.files
muemo/starting_scripts
muennich/dotfiles
mukul-shaunik/play-with-docker
musoke/dotfiles
mwleeds/dotfiles
mxpiotrowski/basic-dotfiles
mychan24/dotfiles
mye/dotfiles
myriasofo/dotfiles
myshov/dotfiles
mytoh/dotfiles
N0s3n/home
nagi125/itamae_amazon_linux_base
Nago1980/dotfiles
nak5124/build_env
nalabelle/dotfiles
NapoleonWils0n/ubuntu-dotfiles
narugit/dotfiles
nasusan/dotfiles
nathanscott/dot-files
nazgu1/dotfiles
nebez/home
neerajsh/home
neerajsharma/neerajs-home
nenitf/dotfiles
netj/dotfiles
nevesnunes/env
NGeorgescu/dotfiles
nghiat/myconfig
nickjer/dotfiles
nickkaczmarek/dotfiles
NicolaiSoeborg/dotfiles
niklas/dotfiles
Niluge-KiWi/dotfiles
nitool/dotfiles
Nitron/dotfiles
niveK77pur/.cfg
NiXXeD/dotfiles
njdove/dotfiles
njkaiser/configs
nkcraddock/dotfiles-full
nl253/Dotfiles-Win
nm777/dotfiles
nmahoney/dotfiles
noah/dotfiles
noahrichards/home
noahzaozao/odoo_OCB
nomadium/home
nonrational/dotfiles
noonat/dotfiles
noperator/dotfiles
noriy/dotfiles
nowells/terminal
npinto/dotfiles
nshenry03/ansible-role-bash
NTHINGs/cfdi-api
ntk/configs
Nudin/betterbash
numidiasoft/dotfiles
nurmd2/nurmd
octabaka/dotfiles
odoo/odoo
odoope/odoopruebas
olablt/.dotfiles
olanmatt/dotfiles
oleshch/dotfiles
OliverLew/dotfiles
oliverzheng/configs
omad/dotfiles
omakoto/zenlog
omarnassar-school/cplusplus
omeid/configs
OndraX/l-autiste
ootput/dotfiles
openSUSE/aaa_base
oprearocks/dotfiles
optmzr/dotfiles
ornitier84/burmecia
oryxr/config-perso
oscarwcl/dotfiles
oschrenk/dotfiles
osdakira/dotfiles
oskarols/dotfiles
osmanbaskaya/dotfiles
osteele/dotfiles
othree/rc
otokunaga2/dotfiles
otter-in-a-suit/debian-scripts
otterpro/dotfiles
outan/dotfiles
oyvindio/dotfiles
PabloScolpino/terminalrc
paddygord/.dotfiles
pagetribe/dot-files
palaga/dotfiles
palasangha/Flectra-ERP-and-CRM
palsivertsen/iusearchbtw
Pance/dotfiles
paradoxxxzero/zerorc
parchment/terminstall
pardom/dotfiles
pasberth/dotfiles
patadune/dotfiles
patrickmacarthur/dotfiles
paul/dotfiles
paulcarey/dotfiles
paulpostel/init-files
pbsinclair42/configs
Peaker/hh
perarnau/dotfiles
perchten/vagrant-bootstrap
peterhellberg/dotfiles
peterschussheim/dotfiles
pezhore/AnsibleSourceFiles
pflouret/dotfiles
phcorp/dotfiles
phette23/my-dotfiles
philgagnon12/dotfiles
PhilHarnish/forge
philm/dotfiles
philoye/dotfiles
phua/dotfiles
phuctranerp/odoo13
pickfire/dotfiles
piKolin/PortableARMCompiler
pineapplegiant/dotfiles
piotr-regula/bashrc
piotrlechowicz/craft
pippos44/dotfiles
pirafrank/dotfiles
pjg/dotfiles
pjh/dotfiles
pkokp8/myscript
plamolinux/Plamo-src
pmb-btw/cfg-bash
pmdaly/dotfiles
podkovyrin-sergey/dotfiles
podocarp/riceDumpling
pointfourone/dotfiles
polotek/dotfiles
potzenheimer/dotfiles
prithwi/dot-files
programmablereya/common-configs
ProxiBlue/vagrant_m2_vuestorefront
ps-jay/dotfiles
psacawa/.dotpliki
psacawa/config_files
pscohn/dotfiles
pstrum/.dotfiles
puyo/config
pyamsoft/dots
pylrichard/soft_config
qeatzy/rc
qfjp/dotfiles
qjcg/dotfiles
quidame/dotfiles
quinn-stp/conf
QuinnTran/CAB202-MicroprocessorsAndDigitalSystems
RadikalJin/unix
rafaelchiti/dotfiles
raganw/homedir
raimon49/dotfiles
rainux/home
RamilHinshaw/dotfiles
rampion/rc-files
ramunas-peleckas/dotfiles
rapidgrps/eagle-12.3
raymond-w-ko/dot
rbotafogo/cygwin
rbright/dotfiles
rcpoison/thePerfectDotfiles
rdark/dotfiles-linux
rduplain/home
reckbo/dotfiles
reflexions/docker-laravel
regen100/dotfiles
reinecke/configs
rekhubs/my-configs
renatocf/dotfiles
retiman/dotfiles
rgant/homedir
rhgenius/play-with-docker-master
RhysU/dotfiles
Riatre/dotfilez
ricardooo1998/vagrant
richardzhang121/Palindrome
ricky155030/configuration
rickypc/dotfiles
ricobl/dotfiles
Riksu9000/dotfiles
rileyje/dotfiles
Rincevent76/homeconfigfiles
rishabh-ranjan/dotfiles
RishabhRD/archrice
rj00a/shared
rm0rr1s/workstation_setup
rmaunu/dotfiles
robcarney/dotRC
robdmc/easyenv
robmoggach/dotfiles
RodgerOliver/dot-files
rohanisaac/dotfiles
rojnwa/dotfilesArch
roman-verchikov/home_configs
ronin13/seed
RorroS/dotfiles
rosenbergdm/dotfiles
rosessp/Odoo11initial
rosscg/microsnes
rosston/dotfiles
RowanMcDonald/.cfg
royish/my
roylez/dotfiles
royprotim/erpnextTestMypaper
rtfeldman/dotfiles
rubyconsumer/dotfiles
runningskull/dotfiles
rvanbutselaar/ansible-macos
ryanc/dotfiles
ryanfreeth/dotfiles
ryanjpodonnell/dotfiles
RyanMillerC/env
ryanmoran/workspace
ryanorr/dotfiles
s3thi/dotfiles
sajadtorkamani/dotfiles
salizzar/dotfiles
saltlakeryan/dotfiles
samc/dotfiles
samn/dotfiles
sams25/dotfiles
samueldg/dotfiles
samullen/dotfiles
sandeepkapase/config_utils
sandertammesoo/olddotfiles
SandroGauna/ocb
sangeet/dotfiles
sasuseso/dotfiles
sausageandeggs/Sausageandeggs
sbdchd/.dotfiles
sbhal/dotfiles
scentoni/dotfiles
schecko/scottrc
SchuylerM/dotfiles
scriada/dotfiles
sdelafond/config
seadog007/dot-files
seamustuohy/dotfiles
seanlane/dotfiles
sebgod/userscripts
seenaburns/dotfiles
seiji/dotfiles
seltsam/config
senooken/dotfile
sensorflo/config
sente/dotfiles
sergii-bond/env
sghimi3/configs
sgraham/sgraham
sgronblo/linuxfiles
ShadowHawk07/.dotfiles
ShadowKyogre/dotfiles
ShaheenHossain/eagle-backup
shajinazaar/Myo-Gesture-Talk
shangxiao/dotfiles
shazi7804/dotfiles
shedd/profile
shi2wei3/dotfiles
ShiGuangzhao/program
shinnya/dotfiles
shk3bq4d/stdenv
shk3bq4d/stdhome
shoeffner/dotfiles
showa-yojyo/dotfiles
shurane/dotfiles
sickill/dotfiles
sierxue/cpdfd
silentdigit/dotfiles
simon-andrews/dotfiles
sirupsen/dotfiles
sisarolo/dotfiles
SixArm/sixarm_unix_dot_files
sj26/home
sj2tpgk/dot
sjrosen/config-readline
skangas/dot-bash
skip86/skip86-workspace
skrueger/dotfiles
skryl/dot
sky-dolphin/dotfiles
skyaiolos/python.performence.optimize
skybert/my-little-friends
slayer/dotfiles
slmoby/gentoo-rice
slnc/dotfiles
sloboste/dotfiles
smalnha/dhome
smathy/.dotfiles
smazhara/.dotfiles
smee-dee/dotfiles
smemsh/.bash
SmoothMaverick/dotfiles
smwahl/terminal_prefs
sneak/osximage
snizovtsev/yadm-dotfiles
soh/profile
Solanar/Configs
solb/dotfiles
solipet/dots
solj/dotfiles
sousk/tokuhirom-dotfiles
southly/junk.dotfiles
spacez320/dots
spelufo/bin
spicycode/bash-your-head-in
spookypeanut/configfiles
srsutherland/bashrc
ssokolow/profile
sstanfield/dotfiles
standthis/dots
StarStuffSteve/debian-home-config
staticlibs/tools_windows_cygwin
StavNoy/DotFiles
stdword/work-env
steelalive/dot
stefan-peng/dotfiles-arch
stefan-vatov/dotfiles
stefankolb/dotfiles
stefanoberri/dotfiles
stefanooldeman/dotfiles
step-artur87/scripts
stephanfriedrich/shell_config
stephenroller/dotfiles
stevearc/dotfiles
stevenbeales/.dotfiles
stevenwilkin/dotfiles
steveplasko/odoo
Stizzl/dotfiles
strange/dotfiles
stubs/.dotfiles
styutnev/dotfiles
suderio/dotfiles
sudish/dotfiles
sugiharakenta/shell_config
sunaku/home
superbeario/linux-confg
surki/homedir
Sutto/dot-files
svenstaro/dotfiles
swaption2009/odoo-todo
sweitzma/dotfiles
sysu-change/Dashboard
tadashi-aikawa/owl-playbook
taitulism/take-me-home
taka1068/dot-bash_profile
takker/dotfiles
tamerobots/dotfiles
tammersaleh/dotfiles-public
tamsky/mac
tanabe/dotfiles
tanish-kr/dotfiles
tartley/dotfiles
tasuki/dotrc
TaylorMonacelli/dotfiles
tcreech/dotfiles
tdivis/.dotfiles
tdowg1/dotfiles
tdro/dotfiles
tdw26/SteganographyDiscography
tekipaki/dotfiles
tempxla/dotfiles
teohm/dotfiles
termin/dotfiles
tetrider/dotfiles
tetsujin/dotfiles
tfwright/dotfiles
ThaJay/unix-conf
thanthese/dotfiles
thatguyhex/dotfiles
thayerwilliams/msi-dotfiles
TheBay0r/dotfiles
theicfire/dotfiles
themightyoarfish/dotfiles
theskumar/dotfiles
TheWorm/dotfiles
thibmaek/linux-confs
ThinkBuildOrg/tbt-erp
thobit/dotfiles
thomamason/dedustfiles
thomasf/dotfiles-thomasf-base
ThomasFeher/config
thomasgohard/dotfiles
Thomazella/interface
thompn/dotfiles
thyms/Code-Base
tianhuil/dotfiles
tiger-xzp/myfile
Tigteam/DotFiles
tilljoel/dotfiles
timdawborn/dotfiles
timdonegan/dotfiles
timgreen/HomeConfig
timgws/server-config
TimMoore/dotfiles
tischwa/dotfiles
TiynGER/.dotfiles
tiziano88/dotfiles
tjarvstrand/config-files
tjkirch/dotfiles
TjlHope/dotfiles
tkareine/dotfiles
tkshimada0912/dotfiles
TonnamP/markdown
tony-liao/dotfiles
tony4d/dotfiles
tonyduckles/dotfiles
torkildr/config
tpope/tpope
travis-south/dotfiles
trentm/dotfiles
ts310/dotfiles
tsankuanglee/dotfiles
tscheffe/dotfiles
tsukasa-au/dotfiles-generic
ttecon/dotfiles
tuanva/dotfiles
tune/dotfiles
turmon/vcsh-shell
tusnolobov/.dotfiles
tutoriusio/libplayground
tuxcfg/home
tvaughan/dotfiles
twksky/GoodDoctor
tylerhunt/dot-bash
tzurita/archrice
ubolonton/dotfiles
uggedal/dotfiles
uggedal/mac
ulrikdem/dotfiles
umaumax/dotfiles
unmarshal/dotfiles
uridium/dotfiles
usr4423/history
ustun/bashconfiguration
utylee/dotfiles-pi2
uziela/conf_files
v-slava/dotrc
VarunBohara/ODOO
vazzfixer/dotfiles
vctrshn/dotfiles
vegerot/bin
venkat6699/odoo
vgaudard/dotfiles
vhquang/dotfiles
victory-sokolov/dotfiles
VictorYing/dotfiles
vieko/2017-dotfiles
vikeshkhanna/dotfiles
VikramTiwari/dotfiles
viktor-mitin/configs
vilvadot/dotfiles
viniciusmarangoni/dotfiles
vivi870123/dotfiles
viziblydiffrnt/dotfiles
vlki/mac-init
vlucas/dotfiles-old
voldikss/dotfiles
voodooGQ/dotfiles
vorburger/vorburger-dotfiles-bin-etc
voskresenie/dotfiles
vpetkov/Terminal
vtorica/dotfiles
vvv/dotfiles
vyshane/dotfiles
w0ng/dotfiles
wachd/dotfiles
walafc0/dotfiles_linux
wallacegibbon/unixfiles
walokra/dotfiles
wandermyz/dotfiles
warantesbr/dotfiles
washingtoneg/dotfiles
watsonar/octo-lamp
watysay/dotfiles
waysaku/mac-playbook
wbbradley/dotfiles
wboxx1/dot-files
wcorrigan/dotfiles-old
wcrosmun/initscripts
weasellin/dotfile
wesclemens/cli_profile
wh5a/arch
whilp/dotfiles-old
whit2333/dots
wikieden/bash-toolkit
wikimedia/operations-docker-images-toollabs-images
wikimedia/puppet
willhardy/dotfiles
willsheffler/env
wincent/wincent
wjam/dotfiles
wkirschbaum/dotfiles
wolli2710/dotfiles
wolodin/portfolio
wrags/Work-Environment
wrlee/_nix-scripts
wsxq2/MyProfile
wwalker/dot-files
X1011/.files
XaheenA/dotfiles
xalgorithm/dofiles-revamp
xalgorithm/gnu-dotfiles
xdroff/.dotfiles
xfire/dotfiles
xftroxgpx/a3
xiaoxiaoyi/homedir
xuancong84/linux-home
xuxiaodong/dotfiles
xwh123807/odoo-13
xwl/xwl-emacs-config
y0shinari/OdooDev
yamazu/dotfiles
yano3/dotfiles
Yaroslav-95/i3rice
YasushiKobayashi/dotfiles
yasuyuki/cygwin-dotfiles
Yatty1/dotfiles
yaunj/dotfiles
yejingchen/dotfiles
yetao93/JavaNote
yfedoruck/sh
yikkai95/dotfiles
yinkyweb/dot_files
ykawamot/dotfiles
ypei92/homeconfig
yto60/ISUCON-setup
yuhc/linux-conf
yuriy0/homedir
yurutaso/dotfiles
ywen4git/config
z-engine/dotfiles
z0mbix/dotfiles
zacharyvoase/dotfiles
zachriggle/config
ZahFox/linux-toolbox
zanothis/dotfiles
Zathrus/dotfiles
Zavoky/dotfiles
ZethJack/voidrice
zfogg/dotfiles
zhijianli88/dev-setup
zhuyanjiang/config
zioroboco/dot
zioufang/dotfiles
zmack/dotfiles
Zutatensuppe/dots
zxj5470/personal-bashrc
zy/zy-fvwm
zysm/pytrading
